TN:
SF:/home/kuzz/ImageMagickFuzzing/delegate_libraries/libwebp-1.3.2/sharpyuv/sharpyuv.c
FN:100,121,UpdateChroma
FN:123,129,StoreGray
FN:133,135,Filter2
FN:140,141,Shift
FN:144,174,ImportOneRow
FN:176,211,InterpolateTwoRows
FN:213,218,RGBToYUVComponent
FN:221,276,ConvertWRGBToYUV
FN:282,286,SafeMalloc
FN:29,30,SharpYuvGetVersion
FN:290,419,DoSharpArgbToYuv
FN:445,463,SharpYuvInit
FN:45,49,GetPrecisionShift
FN:465,525,SharpYuvConvert
FN:57,58,clip_8b
FN:61,62,clip
FN:65,67,clip_bit_depth
FN:72,74,RGBToGray
FN:77,84,ScaleDown
FN:87,98,UpdateW
FNDA:0,UpdateChroma
FNDA:0,StoreGray
FNDA:0,Filter2
FNDA:0,Shift
FNDA:0,ImportOneRow
FNDA:0,InterpolateTwoRows
FNDA:0,RGBToYUVComponent
FNDA:0,ConvertWRGBToYUV
FNDA:0,SafeMalloc
FNDA:0,SharpYuvGetVersion
FNDA:0,DoSharpArgbToYuv
FNDA:0,SharpYuvInit
FNDA:0,GetPrecisionShift
FNDA:0,SharpYuvConvert
FNDA:0,clip_8b
FNDA:0,clip
FNDA:0,clip_bit_depth
FNDA:0,RGBToGray
FNDA:0,ScaleDown
FNDA:0,UpdateW
FNF:20
FNH:0
DA:29,0
DA:30,0
DA:45,0
DA:48,0
DA:49,0
DA:57,0
DA:58,0
DA:61,0
DA:62,0
DA:65,0
DA:66,0
DA:67,0
DA:72,0
DA:73,0
DA:74,0
DA:77,0
DA:79,0
DA:80,0
DA:81,0
DA:82,0
DA:83,0
DA:84,0
DA:87,0
DA:89,0
DA:91,0
DA:92,0
DA:93,0
DA:94,0
DA:95,0
DA:96,0
DA:97,0
DA:98,0
DA:100,0
DA:103,0
DA:104,0
DA:105,0
DA:106,0
DA:107,0
DA:108,0
DA:109,0
DA:110,0
DA:111,0
DA:112,0
DA:113,0
DA:114,0
DA:115,0
DA:116,0
DA:117,0
DA:118,0
DA:119,0
DA:120,0
DA:121,0
DA:123,0
DA:126,0
DA:127,0
DA:128,0
DA:129,0
DA:133,0
DA:134,0
DA:135,0
DA:140,0
DA:141,0
DA:144,0
DA:153,0
DA:155,0
DA:156,0
DA:157,0
DA:158,0
DA:159,0
DA:160,0
DA:161,0
DA:162,0
DA:163,0
DA:164,0
DA:165,0
DA:166,0
DA:168,0
DA:169,0
DA:170,0
DA:171,0
DA:172,0
DA:173,0
DA:174,0
DA:176,0
DA:184,0
DA:185,0
DA:186,0
DA:187,0
DA:188,0
DA:190,0
DA:191,0
DA:193,0
DA:194,0
DA:195,0
DA:196,0
DA:199,0
DA:200,0
DA:201,0
DA:202,0
DA:203,0
DA:204,0
DA:205,0
DA:206,0
DA:207,0
DA:208,0
DA:209,0
DA:211,0
DA:213,0
DA:215,0
DA:216,0
DA:217,0
DA:218,0
DA:221,0
DA:228,0
DA:229,0
DA:230,0
DA:231,0
DA:232,0
DA:233,0
DA:234,0
DA:236,0
DA:237,0
DA:238,0
DA:239,0
DA:240,0
DA:241,0
DA:242,0
DA:243,0
DA:244,0
DA:245,0
DA:246,0
DA:247,0
DA:249,0
DA:250,0
DA:251,0
DA:252,0
DA:253,0
DA:254,0
DA:255,0
DA:256,0
DA:259,0
DA:260,0
DA:261,0
DA:262,0
DA:263,0
DA:264,0
DA:265,0
DA:266,0
DA:267,0
DA:268,0
DA:269,0
DA:271,0
DA:272,0
DA:273,0
DA:274,0
DA:275,0
DA:276,0
DA:282,0
DA:283,0
DA:284,0
DA:285,0
DA:286,0
DA:290,0
DA:298,0
DA:299,0
DA:300,0
DA:301,0
DA:302,0
DA:307,0
DA:308,0
DA:309,0
DA:310,0
DA:311,0
DA:312,0
DA:313,0
DA:314,0
DA:315,0
DA:316,0
DA:317,0
DA:318,0
DA:323,0
DA:324,0
DA:325,0
DA:326,0
DA:327,0
DA:328,0
DA:332,0
DA:333,0
DA:334,0
DA:335,0
DA:338,0
DA:339,0
DA:340,0
DA:341,0
DA:342,0
DA:343,0
DA:344,0
DA:346,0
DA:347,0
DA:349,0
DA:350,0
DA:351,0
DA:352,0
DA:353,0
DA:354,0
DA:355,0
DA:356,0
DA:357,0
DA:358,0
DA:359,0
DA:360,0
DA:363,0
DA:364,0
DA:365,0
DA:366,0
DA:368,0
DA:369,0
DA:370,0
DA:371,0
DA:372,0
DA:373,0
DA:374,0
DA:376,0
DA:377,0
DA:378,0
DA:379,0
DA:380,0
DA:383,0
DA:384,0
DA:385,0
DA:388,0
DA:389,0
DA:390,0
DA:391,0
DA:393,0
DA:394,0
DA:395,0
DA:396,0
DA:397,0
DA:399,0
DA:400,0
DA:401,0
DA:402,0
DA:403,0
DA:404,0
DA:407,0
DA:408,0
DA:409,0
DA:412,0
DA:413,0
DA:414,0
DA:415,0
DA:416,0
DA:417,0
DA:418,0
DA:419,0
DA:445,0
DA:448,0
DA:451,0
DA:452,0
DA:453,0
DA:454,0
DA:455,0
DA:458,0
DA:459,0
DA:461,0
DA:462,0
DA:463,0
DA:465,0
DA:472,0
DA:473,0
DA:474,0
DA:475,0
DA:477,0
DA:478,0
DA:479,0
DA:480,0
DA:482,0
DA:483,0
DA:484,0
DA:486,0
DA:487,0
DA:489,0
DA:491,0
DA:493,0
DA:494,0
DA:496,0
DA:499,0
DA:503,0
DA:504,0
DA:505,0
DA:507,0
DA:508,0
DA:509,0
DA:510,0
DA:511,0
DA:512,0
DA:513,0
DA:514,0
DA:517,0
DA:518,0
DA:519,0
DA:521,0
DA:522,0
DA:523,0
DA:525,0
LF:306
LH:0
end_of_record
TN:
SF:/home/kuzz/ImageMagickFuzzing/delegate_libraries/libwebp-1.3.2/sharpyuv/sharpyuv_csp.c
FN:18,18,ToFixed16
FN:20,59,SharpYuvComputeConversionMatrix
FN:93,110,SharpYuvGetConversionMatrix
FNDA:0,ToFixed16
FNDA:0,SharpYuvComputeConversionMatrix
FNDA:0,SharpYuvGetConversionMatrix
FNF:3
FNH:0
DA:18,0
DA:20,0
DA:22,0
DA:23,0
DA:24,0
DA:25,0
DA:26,0
DA:28,0
DA:30,0
DA:31,0
DA:32,0
DA:33,0
DA:34,0
DA:35,0
DA:38,0
DA:39,0
DA:40,0
DA:41,0
DA:42,0
DA:43,0
DA:45,0
DA:46,0
DA:47,0
DA:48,0
DA:50,0
DA:51,0
DA:52,0
DA:53,0
DA:55,0
DA:56,0
DA:57,0
DA:58,0
DA:59,0
DA:93,0
DA:95,0
DA:97,0
DA:99,0
DA:101,0
DA:103,0
DA:105,0
DA:107,0
DA:109,0
DA:110,0
LF:43
LH:0
end_of_record
TN:
SF:/home/kuzz/ImageMagickFuzzing/delegate_libraries/libwebp-1.3.2/sharpyuv/sharpyuv_dsp.c
FN:24,25,clip
FN:28,39,SharpYuvUpdateY_C
FN:42,49,SharpYuvUpdateRGB_C
FN:51,62,SharpYuvFilterRow_C
FN:79,104,SharpYuvInitDsp
FNDA:0,clip
FNDA:0,SharpYuvUpdateY_C
FNDA:0,SharpYuvUpdateRGB_C
FNDA:0,SharpYuvFilterRow_C
FNDA:0,SharpYuvInitDsp
FNF:5
FNH:0
DA:24,0
DA:25,0
DA:28,0
DA:30,0
DA:32,0
DA:33,0
DA:34,0
DA:35,0
DA:36,0
DA:37,0
DA:38,0
DA:39,0
DA:42,0
DA:45,0
DA:46,0
DA:47,0
DA:48,0
DA:49,0
DA:51,0
DA:55,0
DA:56,0
DA:57,0
DA:58,0
DA:59,0
DA:60,0
DA:61,0
DA:62,0
DA:79,0
DA:81,0
DA:82,0
DA:83,0
DA:86,0
DA:88,0
DA:89,0
DA:90,0
DA:92,0
DA:104,0
LF:37
LH:0
end_of_record
TN:
SF:/home/kuzz/ImageMagickFuzzing/delegate_libraries/libwebp-1.3.2/sharpyuv/sharpyuv_gamma.c
FN:100,106,SharpYuvGammaToLinear
FN:108,112,SharpYuvLinearToGamma
FN:32,77,SharpYuvInitGammaTables
FN:79,80,Shift
FN:83,97,FixedPointInterpolation
FNDA:0,SharpYuvGammaToLinear
FNDA:0,SharpYuvLinearToGamma
FNDA:0,SharpYuvInitGammaTables
FNDA:0,Shift
FNDA:0,FixedPointInterpolation
FNF:5
FNH:0
DA:32,0
DA:34,0
DA:36,0
DA:37,0
DA:38,0
DA:41,0
DA:42,0
DA:43,0
DA:44,0
DA:46,0
DA:47,0
DA:48,0
DA:49,0
DA:51,0
DA:52,0
DA:54,0
DA:55,0
DA:59,0
DA:60,0
DA:61,0
DA:63,0
DA:64,0
DA:65,0
DA:66,0
DA:68,0
DA:69,0
DA:70,0
DA:72,0
DA:73,0
DA:75,0
DA:76,0
DA:77,0
DA:79,0
DA:80,0
DA:83,0
DA:86,0
DA:88,0
DA:90,0
DA:91,0
DA:93,0
DA:94,0
DA:95,0
DA:96,0
DA:97,0
DA:100,0
DA:101,0
DA:102,0
DA:103,0
DA:105,0
DA:106,0
DA:108,0
DA:109,0
DA:110,0
DA:112,0
LF:54
LH:0
end_of_record
TN:
SF:/home/kuzz/ImageMagickFuzzing/delegate_libraries/libwebp-1.3.2/sharpyuv/sharpyuv_neon.c
FN:179,179,InitSharpYuvNEON
FNDA:0,InitSharpYuvNEON
FNF:1
FNH:0
DA:179,0
LF:1
LH:0
end_of_record
TN:
SF:/home/kuzz/ImageMagickFuzzing/delegate_libraries/libwebp-1.3.2/sharpyuv/sharpyuv_sse2.c
FN:126,127,s16_to_s32
FN:130,174,SharpYuvFilterRow32_SSE2
FN:176,184,SharpYuvFilterRow_SSE2
FN:190,194,InitSharpYuvSSE2
FN:20,21,clip_SSE2
FN:24,56,SharpYuvUpdateY_SSE2
FN:59,74,SharpYuvUpdateRGB_SSE2
FN:76,124,SharpYuvFilterRow16_SSE2
FNDA:0,s16_to_s32
FNDA:0,SharpYuvFilterRow32_SSE2
FNDA:0,SharpYuvFilterRow_SSE2
FNDA:0,InitSharpYuvSSE2
FNDA:0,clip_SSE2
FNDA:0,SharpYuvUpdateY_SSE2
FNDA:0,SharpYuvUpdateRGB_SSE2
FNDA:0,SharpYuvFilterRow16_SSE2
FNF:8
FNH:0
DA:20,0
DA:21,0
DA:24,0
DA:26,0
DA:27,0
DA:30,0
DA:31,0
DA:32,0
DA:33,0
DA:35,0
DA:36,0
DA:37,0
DA:38,0
DA:39,0
DA:40,0
DA:41,0
DA:42,0
DA:43,0
DA:44,0
DA:45,0
DA:46,0
DA:47,0
DA:48,0
DA:49,0
DA:50,0
DA:51,0
DA:52,0
DA:53,0
DA:54,0
DA:55,0
DA:56,0
DA:59,0
DA:61,0
DA:62,0
DA:63,0
DA:64,0
DA:65,0
DA:66,0
DA:67,0
DA:68,0
DA:69,0
DA:70,0
DA:71,0
DA:72,0
DA:73,0
DA:74,0
DA:76,0
DA:79,0
DA:81,0
DA:82,0
DA:83,0
DA:84,0
DA:85,0
DA:86,0
DA:87,0
DA:88,0
DA:89,0
DA:90,0
DA:91,0
DA:92,0
DA:93,0
DA:94,0
DA:95,0
DA:96,0
DA:97,0
DA:98,0
DA:99,0
DA:100,0
DA:101,0
DA:102,0
DA:103,0
DA:104,0
DA:105,0
DA:106,0
DA:107,0
DA:108,0
DA:109,0
DA:110,0
DA:111,0
DA:112,0
DA:116,0
DA:117,0
DA:118,0
DA:119,0
DA:120,0
DA:121,0
DA:122,0
DA:123,0
DA:124,0
DA:126,0
DA:127,0
DA:130,0
DA:133,0
DA:135,0
DA:136,0
DA:137,0
DA:138,0
DA:139,0
DA:140,0
DA:141,0
DA:142,0
DA:143,0
DA:144,0
DA:145,0
DA:146,0
DA:147,0
DA:148,0
DA:149,0
DA:150,0
DA:151,0
DA:152,0
DA:153,0
DA:154,0
DA:155,0
DA:156,0
DA:157,0
DA:158,0
DA:159,0
DA:160,0
DA:161,0
DA:162,0
DA:166,0
DA:167,0
DA:168,0
DA:169,0
DA:170,0
DA:171,0
DA:172,0
DA:173,0
DA:174,0
DA:176,0
DA:179,0
DA:180,0
DA:181,0
DA:182,0
DA:184,0
DA:190,0
DA:191,0
DA:192,0
DA:193,0
DA:194,0
LF:141
LH:0
end_of_record
TN:
SF:/home/kuzz/ImageMagickFuzzing/delegate_libraries/libwebp-1.3.2/src/dec/alpha_dec.c
FN:110,148,ALPHDecode
FN:150,163,AllocateAlphaPlane
FN:165,172,WebPDeallocateAlphaMemory
FN:177,232,VP8DecompressAlphaRows
FN:27,29,ALPHNew
FN:33,39,ALPHDelete
FN:48,104,ALPHInit
FNDA:0,ALPHDecode
FNDA:0,AllocateAlphaPlane
FNDA:0,WebPDeallocateAlphaMemory
FNDA:0,VP8DecompressAlphaRows
FNDA:0,ALPHNew
FNDA:0,ALPHDelete
FNDA:0,ALPHInit
FNF:7
FNH:0
DA:27,0
DA:28,0
DA:29,0
DA:33,0
DA:34,0
DA:35,0
DA:36,0
DA:37,0
DA:38,0
DA:39,0
DA:48,0
DA:51,0
DA:52,0
DA:53,0
DA:55,0
DA:59,0
DA:60,0
DA:61,0
DA:62,0
DA:65,0
DA:66,0
DA:69,0
DA:70,0
DA:71,0
DA:72,0
DA:73,0
DA:74,0
DA:75,0
DA:76,0
DA:77,0
DA:78,0
DA:82,0
DA:83,0
DA:84,0
DA:85,0
DA:86,0
DA:88,0
DA:89,0
DA:90,0
DA:91,0
DA:92,0
DA:95,0
DA:96,0
DA:97,0
DA:98,0
DA:100,0
DA:103,0
DA:104,0
DA:110,0
DA:111,0
DA:112,0
DA:113,0
DA:114,0
DA:116,0
DA:117,0
DA:118,0
DA:120,0
DA:122,0
DA:123,0
DA:124,0
DA:125,0
DA:126,0
DA:127,0
DA:128,0
DA:129,0
DA:130,0
DA:131,0
DA:132,0
DA:133,0
DA:134,0
DA:136,0
DA:137,0
DA:139,0
DA:140,0
DA:144,0
DA:145,0
DA:146,0
DA:147,0
DA:148,0
DA:150,0
DA:151,0
DA:152,0
DA:153,0
DA:155,0
DA:156,0
DA:157,0
DA:158,0
DA:160,0
DA:161,0
DA:162,0
DA:163,0
DA:165,0
DA:167,0
DA:168,0
DA:169,0
DA:170,0
DA:171,0
DA:172,0
DA:177,0
DA:180,0
DA:181,0
DA:185,0
DA:186,0
DA:189,0
DA:190,0
DA:191,0
DA:192,0
DA:193,0
DA:194,0
DA:195,0
DA:196,0
DA:199,0
DA:200,0
DA:201,0
DA:202,0
DA:204,0
DA:208,0
DA:210,0
DA:211,0
DA:212,0
DA:213,0
DA:214,0
DA:215,0
DA:216,0
DA:217,0
DA:218,0
DA:219,0
DA:220,0
DA:222,0
DA:223,0
DA:224,0
DA:227,0
DA:230,0
DA:231,0
DA:232,0
LF:135
LH:0
end_of_record
TN:
SF:/home/kuzz/ImageMagickFuzzing/delegate_libraries/libwebp-1.3.2/src/dec/buffer_dec.c
FN:152,175,WebPFlipBuffer
FN:177,224,WebPAllocateDecBuffer
FN:229,236,WebPInitDecBufferInternal
FN:238,245,WebPFreeDecBuffer
FN:247,256,WebPCopyDecBuffer
FN:259,267,WebPGrabDecBuffer
FN:269,300,WebPCopyDecBufferPixels
FN:302,307,WebPAvoidSlowMemory
FN:32,33,IsValidColorspace
FN:41,83,CheckDecBuffer
FN:87,150,AllocateBuffer
FNDA:0,WebPFlipBuffer
FNDA:436,WebPAllocateDecBuffer
FNDA:611,WebPInitDecBufferInternal
FNDA:775,WebPFreeDecBuffer
FNDA:0,WebPCopyDecBuffer
FNDA:0,WebPGrabDecBuffer
FNDA:0,WebPCopyDecBufferPixels
FNDA:595,WebPAvoidSlowMemory
FNDA:872,IsValidColorspace
FNDA:436,CheckDecBuffer
FNDA:436,AllocateBuffer
FNF:11
FNH:7
DA:32,872
DA:33,872
DA:41,436
DA:42,436
DA:43,436
DA:44,436
DA:45,436
DA:46,436
DA:47,0
DA:48,436
DA:49,0
DA:50,0
DA:51,0
DA:52,0
DA:53,0
DA:54,0
DA:55,0
DA:56,0
DA:57,0
DA:58,0
DA:59,0
DA:60,0
DA:61,0
DA:62,0
DA:63,0
DA:64,0
DA:65,0
DA:66,0
DA:67,0
DA:68,0
DA:69,0
DA:70,0
DA:71,0
DA:72,0
DA:73,0
DA:74,0
DA:75,436
DA:76,436
DA:77,436
DA:78,436
DA:79,436
DA:80,436
DA:81,436
DA:83,436
DA:87,436
DA:88,436
DA:89,436
DA:90,436
DA:92,436
DA:93,0
DA:96,436
DA:98,436
DA:99,436
DA:105,436
DA:106,0
DA:108,436
DA:109,436
DA:110,436
DA:111,0
DA:112,0
DA:113,0
DA:114,0
DA:115,0
DA:116,0
DA:117,0
DA:118,436
DA:120,436
DA:121,436
DA:122,0
DA:124,436
DA:126,436
DA:127,0
DA:128,0
DA:129,0
DA:130,0
DA:131,0
DA:132,0
DA:133,0
DA:134,0
DA:135,0
DA:136,0
DA:137,0
DA:138,0
DA:139,0
DA:140,0
DA:141,0
DA:142,0
DA:143,436
DA:144,436
DA:145,436
DA:146,436
DA:148,436
DA:149,436
DA:150,436
DA:152,0
DA:153,0
DA:154,0
DA:156,0
DA:157,0
DA:158,0
DA:159,0
DA:160,0
DA:161,0
DA:162,0
DA:163,0
DA:164,0
DA:165,0
DA:166,0
DA:167,0
DA:168,0
DA:169,0
DA:170,0
DA:171,0
DA:172,0
DA:174,0
DA:175,0
DA:177,436
DA:181,436
DA:182,0
DA:184,436
DA:185,436
DA:186,0
DA:187,0
DA:188,0
DA:189,0
DA:190,0
DA:191,0
DA:193,0
DA:194,0
DA:195,0
DA:197,436
DA:199,0
DA:200,0
DA:201,0
DA:202,0
DA:203,0
DA:205,0
DA:206,0
DA:210,0
DA:211,436
DA:212,436
DA:213,436
DA:216,436
DA:217,436
DA:220,436
DA:221,0
DA:222,0
DA:223,436
DA:224,436
DA:229,611
DA:230,611
DA:231,0
DA:233,611
DA:234,611
DA:235,611
DA:236,611
DA:238,775
DA:239,775
DA:240,775
DA:241,775
DA:242,775
DA:243,775
DA:244,775
DA:245,775
DA:247,0
DA:249,0
DA:250,0
DA:251,0
DA:252,0
DA:253,0
DA:254,0
DA:255,0
DA:256,0
DA:259,0
DA:260,0
DA:261,0
DA:262,0
DA:263,0
DA:264,0
DA:265,0
DA:266,0
DA:267,0
DA:269,0
DA:274,0
DA:275,0
DA:276,0
DA:277,0
DA:279,0
DA:280,0
DA:281,0
DA:282,0
DA:283,0
DA:284,0
DA:285,0
DA:286,0
DA:287,0
DA:288,0
DA:289,0
DA:290,0
DA:291,0
DA:292,0
DA:293,0
DA:294,0
DA:295,0
DA:296,0
DA:297,0
DA:299,0
DA:300,0
DA:302,595
DA:305,595
DA:306,595
DA:307,0
LF:212
LH:71
end_of_record
TN:
SF:/home/kuzz/ImageMagickFuzzing/delegate_libraries/libwebp-1.3.2/src/dec/frame_dec.c
FN:203,250,DoFilter
FN:253,260,FilterRow
FN:265,314,PrecomputeFilterStrengths
FN:28,37,CheckMode
FN:328,359,VP8InitDithering
FN:362,369,Dither8x8
FN:371,386,DitherRow
FN:39,41,Copy32b
FN:402,495,FinishRow
FN:43,58,DoTransform
FN:501,543,VP8ProcessRow
FN:549,599,VP8EnterCritical
FN:60,69,DoUVTransform
FN:601,610,VP8ExitCritical
FN:641,658,InitThreadContext
FN:660,674,VP8GetThreadMethod
FN:682,782,AllocateMemory
FN:71,191,ReconstructRow
FN:784,793,InitIo
FN:795,801,VP8InitFrame
FNDA:0,DoFilter
FNDA:0,FilterRow
FNDA:0,PrecomputeFilterStrengths
FNDA:0,CheckMode
FNDA:0,VP8InitDithering
FNDA:0,Dither8x8
FNDA:0,DitherRow
FNDA:0,Copy32b
FNDA:0,FinishRow
FNDA:0,DoTransform
FNDA:0,VP8ProcessRow
FNDA:0,VP8EnterCritical
FNDA:0,DoUVTransform
FNDA:0,VP8ExitCritical
FNDA:0,InitThreadContext
FNDA:0,VP8GetThreadMethod
FNDA:0,AllocateMemory
FNDA:0,ReconstructRow
FNDA:0,InitIo
FNDA:0,VP8InitFrame
FNF:20
FNH:0
DA:28,0
DA:29,0
DA:30,0
DA:31,0
DA:33,0
DA:36,0
DA:37,0
DA:39,0
DA:40,0
DA:41,0
DA:43,0
DA:45,0
DA:47,0
DA:48,0
DA:50,0
DA:51,0
DA:53,0
DA:54,0
DA:56,0
DA:58,0
DA:60,0
DA:62,0
DA:63,0
DA:64,0
DA:65,0
DA:66,0
DA:68,0
DA:69,0
DA:71,0
DA:75,0
DA:76,0
DA:77,0
DA:78,0
DA:79,0
DA:82,0
DA:83,0
DA:84,0
DA:85,0
DA:86,0
DA:87,0
DA:88,0
DA:91,0
DA:92,0
DA:93,0
DA:96,0
DA:97,0
DA:98,0
DA:102,0
DA:103,0
DA:107,0
DA:108,0
DA:109,0
DA:110,0
DA:111,0
DA:112,0
DA:113,0
DA:114,0
DA:115,0
DA:118,0
DA:119,0
DA:120,0
DA:123,0
DA:124,0
DA:125,0
DA:126,0
DA:127,0
DA:130,0
DA:131,0
DA:133,0
DA:134,0
DA:135,0
DA:136,0
DA:137,0
DA:139,0
DA:141,0
DA:144,0
DA:145,0
DA:146,0
DA:147,0
DA:148,0
DA:149,0
DA:150,0
DA:151,0
DA:152,0
DA:153,0
DA:154,0
DA:155,0
DA:156,0
DA:160,0
DA:161,0
DA:162,0
DA:163,0
DA:164,0
DA:165,0
DA:169,0
DA:170,0
DA:171,0
DA:172,0
DA:173,0
DA:177,0
DA:178,0
DA:179,0
DA:180,0
DA:181,0
DA:182,0
DA:183,0
DA:184,0
DA:185,0
DA:186,0
DA:187,0
DA:188,0
DA:190,0
DA:191,0
DA:203,0
DA:204,0
DA:205,0
DA:206,0
DA:207,0
DA:208,0
DA:209,0
DA:210,0
DA:211,0
DA:212,0
DA:215,0
DA:216,0
DA:217,0
DA:218,0
DA:219,0
DA:220,0
DA:221,0
DA:222,0
DA:223,0
DA:224,0
DA:225,0
DA:226,0
DA:227,0
DA:228,0
DA:229,0
DA:230,0
DA:231,0
DA:232,0
DA:233,0
DA:234,0
DA:235,0
DA:236,0
DA:237,0
DA:238,0
DA:239,0
DA:240,0
DA:241,0
DA:242,0
DA:243,0
DA:244,0
DA:245,0
DA:246,0
DA:247,0
DA:248,0
DA:250,0
DA:253,0
DA:255,0
DA:257,0
DA:258,0
DA:259,0
DA:260,0
DA:265,0
DA:266,0
DA:268,0
DA:269,0
DA:273,0
DA:274,0
DA:275,0
DA:276,0
DA:277,0
DA:278,0
DA:279,0
DA:281,0
DA:282,0
DA:283,0
DA:284,0
DA:285,0
DA:286,0
DA:287,0
DA:288,0
DA:289,0
DA:290,0
DA:291,0
DA:292,0
DA:293,0
DA:294,0
DA:295,0
DA:296,0
DA:297,0
DA:299,0
DA:300,0
DA:301,0
DA:302,0
DA:303,0
DA:304,0
DA:305,0
DA:306,0
DA:307,0
DA:308,0
DA:310,0
DA:311,0
DA:312,0
DA:313,0
DA:314,0
DA:328,0
DA:331,0
DA:332,0
DA:333,0
DA:334,0
DA:335,0
DA:337,0
DA:338,0
DA:339,0
DA:340,0
DA:341,0
DA:342,0
DA:343,0
DA:344,0
DA:345,0
DA:346,0
DA:347,0
DA:348,0
DA:349,0
DA:350,0
DA:352,0
DA:353,0
DA:354,0
DA:355,0
DA:356,0
DA:357,0
DA:358,0
DA:359,0
DA:362,0
DA:365,0
DA:366,0
DA:367,0
DA:368,0
DA:369,0
DA:371,0
DA:374,0
DA:375,0
DA:376,0
DA:377,0
DA:378,0
DA:379,0
DA:380,0
DA:381,0
DA:382,0
DA:383,0
DA:384,0
DA:385,0
DA:386,0
DA:402,0
DA:403,0
DA:404,0
DA:405,0
DA:406,0
DA:407,0
DA:408,0
DA:409,0
DA:410,0
DA:411,0
DA:412,0
DA:413,0
DA:414,0
DA:415,0
DA:416,0
DA:417,0
DA:418,0
DA:420,0
DA:421,0
DA:422,0
DA:424,0
DA:425,0
DA:426,0
DA:428,0
DA:429,0
DA:430,0
DA:432,0
DA:433,0
DA:434,0
DA:435,0
DA:436,0
DA:437,0
DA:438,0
DA:439,0
DA:440,0
DA:441,0
DA:442,0
DA:443,0
DA:446,0
DA:447,0
DA:448,0
DA:449,0
DA:450,0
DA:451,0
DA:453,0
DA:454,0
DA:455,0
DA:456,0
DA:457,0
DA:460,0
DA:461,0
DA:462,0
DA:463,0
DA:465,0
DA:466,0
DA:467,0
DA:468,0
DA:469,0
DA:470,0
DA:471,0
DA:472,0
DA:473,0
DA:474,0
DA:475,0
DA:476,0
DA:477,0
DA:478,0
DA:479,0
DA:480,0
DA:481,0
DA:482,0
DA:483,0
DA:484,0
DA:486,0
DA:487,0
DA:488,0
DA:489,0
DA:490,0
DA:491,0
DA:492,0
DA:494,0
DA:495,0
DA:501,0
DA:502,0
DA:503,0
DA:504,0
DA:505,0
DA:506,0
DA:507,0
DA:509,0
DA:510,0
DA:511,0
DA:512,0
DA:513,0
DA:514,0
DA:516,0
DA:518,0
DA:519,0
DA:520,0
DA:521,0
DA:522,0
DA:523,0
DA:524,0
DA:525,0
DA:526,0
DA:527,0
DA:529,0
DA:531,0
DA:532,0
DA:533,0
DA:534,0
DA:535,0
DA:537,0
DA:538,0
DA:539,0
DA:540,0
DA:541,0
DA:543,0
DA:549,0
DA:552,0
DA:553,0
DA:554,0
DA:558,0
DA:559,0
DA:560,0
DA:572,0
DA:573,0
DA:575,0
DA:576,0
DA:577,0
DA:582,0
DA:583,0
DA:584,0
DA:585,0
DA:588,0
DA:589,0
DA:590,0
DA:591,0
DA:592,0
DA:593,0
DA:594,0
DA:595,0
DA:597,0
DA:598,0
DA:599,0
DA:601,0
DA:602,0
DA:603,0
DA:604,0
DA:605,0
DA:607,0
DA:608,0
DA:609,0
DA:610,0
DA:641,0
DA:642,0
DA:643,0
DA:644,0
DA:645,0
DA:646,0
DA:649,0
DA:650,0
DA:651,0
DA:652,0
DA:653,0
DA:654,0
DA:655,0
DA:657,0
DA:658,0
DA:660,0
DA:663,0
DA:664,0
DA:666,0
DA:667,0
DA:668,0
DA:673,0
DA:674,0
DA:682,0
DA:683,0
DA:684,0
DA:686,0
DA:687,0
DA:688,0
DA:689,0
DA:690,0
DA:691,0
DA:693,0
DA:694,0
DA:695,0
DA:696,0
DA:697,0
DA:698,0
DA:700,0
DA:701,0
DA:702,0
DA:703,0
DA:704,0
DA:705,0
DA:708,0
DA:709,0
DA:710,0
DA:711,0
DA:712,0
DA:713,0
DA:714,0
DA:718,0
DA:719,0
DA:721,0
DA:722,0
DA:723,0
DA:725,0
DA:726,0
DA:728,0
DA:729,0
DA:731,0
DA:732,0
DA:733,0
DA:734,0
DA:735,0
DA:739,0
DA:740,0
DA:742,0
DA:744,0
DA:745,0
DA:747,0
DA:748,0
DA:749,0
DA:750,0
DA:751,0
DA:752,0
DA:754,0
DA:755,0
DA:757,0
DA:758,0
DA:759,0
DA:760,0
DA:761,0
DA:762,0
DA:763,0
DA:764,0
DA:765,0
DA:767,0
DA:770,0
DA:771,0
DA:775,0
DA:776,0
DA:779,0
DA:781,0
DA:782,0
DA:784,0
DA:786,0
DA:787,0
DA:788,0
DA:789,0
DA:790,0
DA:791,0
DA:792,0
DA:793,0
DA:795,0
DA:796,0
DA:797,0
DA:798,0
DA:799,0
DA:800,0
DA:801,0
LF:520
LH:0
end_of_record
TN:
SF:/home/kuzz/ImageMagickFuzzing/delegate_libraries/libwebp-1.3.2/src/dec/idec_dec.c
FN:112,160,DoRemap
FN:164,204,AppendToMemBuffer
FN:206,222,RemapMemBuffer
FN:224,230,InitMemBuffer
FN:232,238,ClearMemBuffer
FN:240,248,CheckMemBufferMode
FN:251,267,FinishDecoding
FN:272,277,SaveContext
FN:279,284,RestoreContext
FN:288,294,IDecError
FN:297,305,ChangeState
FN:308,345,DecodeWebPHeaders
FN:347,368,DecodeVP8FrameHeader
FN:371,397,CopyParts0Data
FN:399,449,DecodePartition0
FN:452,510,DecodeRemaining
FN:512,518,ErrorStatusLossless
FN:520,550,DecodeVP8LHeader
FN:552,566,DecodeVP8LData
FN:569,599,IDecode
FN:604,634,NewDecoder
FN:639,640,WebPINewDecoder
FN:643,669,WebPIDecode
FN:671,687,WebPIDelete
FN:692,714,WebPINewRGB
FN:716,757,WebPINewYUVA
FN:759,764,WebPINewYUV
FN:770,779,IDecCheckStatus
FN:781,800,WebPIAppend
FN:802,821,WebPIUpdate
FN:825,836,GetOutputBuffer
FN:838,851,WebPIDecodedArea
FN:854,868,WebPIDecGetRGB
FN:870,891,WebPIDecGetYUVA
FN:893,908,WebPISetIOHooks
FN:91,92,MemDataSize
FN:97,110,NeedCompressedAlpha
FNDA:0,DoRemap
FNDA:0,AppendToMemBuffer
FNDA:0,RemapMemBuffer
FNDA:0,InitMemBuffer
FNDA:0,ClearMemBuffer
FNDA:0,CheckMemBufferMode
FNDA:0,FinishDecoding
FNDA:0,SaveContext
FNDA:0,RestoreContext
FNDA:0,IDecError
FNDA:0,ChangeState
FNDA:0,DecodeWebPHeaders
FNDA:0,DecodeVP8FrameHeader
FNDA:0,CopyParts0Data
FNDA:0,DecodePartition0
FNDA:0,DecodeRemaining
FNDA:0,ErrorStatusLossless
FNDA:0,DecodeVP8LHeader
FNDA:0,DecodeVP8LData
FNDA:0,IDecode
FNDA:0,NewDecoder
FNDA:0,WebPINewDecoder
FNDA:0,WebPIDecode
FNDA:0,WebPIDelete
FNDA:0,WebPINewRGB
FNDA:0,WebPINewYUVA
FNDA:0,WebPINewYUV
FNDA:0,IDecCheckStatus
FNDA:0,WebPIAppend
FNDA:0,WebPIUpdate
FNDA:0,GetOutputBuffer
FNDA:0,WebPIDecodedArea
FNDA:0,WebPIDecGetRGB
FNDA:0,WebPIDecGetYUVA
FNDA:0,WebPISetIOHooks
FNDA:0,MemDataSize
FNDA:0,NeedCompressedAlpha
FNF:37
FNH:0
DA:91,0
DA:92,0
DA:97,0
DA:98,0
DA:101,0
DA:103,0
DA:104,0
DA:106,0
DA:108,0
DA:110,0
DA:112,0
DA:113,0
DA:114,0
DA:117,0
DA:118,0
DA:120,0
DA:121,0
DA:122,0
DA:123,0
DA:124,0
DA:126,0
DA:127,0
DA:128,0
DA:131,0
DA:132,0
DA:133,0
DA:134,0
DA:136,0
DA:137,0
DA:138,0
DA:140,0
DA:141,0
DA:142,0
DA:143,0
DA:144,0
DA:145,0
DA:147,0
DA:148,0
DA:149,0
DA:150,0
DA:153,0
DA:154,0
DA:155,0
DA:156,0
DA:157,0
DA:159,0
DA:160,0
DA:164,0
DA:166,0
DA:167,0
DA:168,0
DA:169,0
DA:170,0
DA:171,0
DA:172,0
DA:175,0
DA:178,0
DA:181,0
DA:182,0
DA:183,0
DA:184,0
DA:185,0
DA:186,0
DA:187,0
DA:188,0
DA:189,0
DA:190,0
DA:191,0
DA:192,0
DA:193,0
DA:194,0
DA:195,0
DA:198,0
DA:199,0
DA:202,0
DA:203,0
DA:204,0
DA:206,0
DA:208,0
DA:209,0
DA:210,0
DA:211,0
DA:215,0
DA:217,0
DA:218,0
DA:220,0
DA:221,0
DA:222,0
DA:224,0
DA:225,0
DA:226,0
DA:227,0
DA:228,0
DA:229,0
DA:230,0
DA:232,0
DA:234,0
DA:235,0
DA:236,0
DA:237,0
DA:238,0
DA:240,0
DA:241,0
DA:242,0
DA:243,0
DA:244,0
DA:247,0
DA:248,0
DA:251,0
DA:252,0
DA:253,0
DA:255,0
DA:256,0
DA:257,0
DA:258,0
DA:259,0
DA:260,0
DA:261,0
DA:262,0
DA:263,0
DA:264,0
DA:265,0
DA:266,0
DA:267,0
DA:272,0
DA:274,0
DA:275,0
DA:276,0
DA:277,0
DA:279,0
DA:281,0
DA:282,0
DA:283,0
DA:284,0
DA:288,0
DA:289,0
DA:291,0
DA:292,0
DA:293,0
DA:294,0
DA:297,0
DA:299,0
DA:300,0
DA:301,0
DA:303,0
DA:304,0
DA:305,0
DA:308,0
DA:309,0
DA:310,0
DA:311,0
DA:315,0
DA:316,0
DA:317,0
DA:318,0
DA:319,0
DA:320,0
DA:321,0
DA:322,0
DA:325,0
DA:326,0
DA:327,0
DA:328,0
DA:329,0
DA:330,0
DA:332,0
DA:333,0
DA:334,0
DA:335,0
DA:336,0
DA:337,0
DA:338,0
DA:339,0
DA:341,0
DA:342,0
DA:344,0
DA:345,0
DA:347,0
DA:348,0
DA:349,0
DA:353,0
DA:355,0
DA:357,0
DA:358,0
DA:361,0
DA:362,0
DA:364,0
DA:365,0
DA:366,0
DA:367,0
DA:368,0
DA:371,0
DA:372,0
DA:373,0
DA:374,0
DA:375,0
DA:380,0
DA:381,0
DA:383,0
DA:385,0
DA:386,0
DA:387,0
DA:389,0
DA:390,0
DA:391,0
DA:392,0
DA:395,0
DA:396,0
DA:397,0
DA:399,0
DA:400,0
DA:401,0
DA:402,0
DA:403,0
DA:406,0
DA:407,0
DA:410,0
DA:411,0
DA:412,0
DA:413,0
DA:415,0
DA:417,0
DA:421,0
DA:422,0
DA:423,0
DA:424,0
DA:427,0
DA:428,0
DA:429,0
DA:431,0
DA:432,0
DA:433,0
DA:437,0
DA:438,0
DA:443,0
DA:445,0
DA:446,0
DA:448,0
DA:449,0
DA:452,0
DA:453,0
DA:454,0
DA:457,0
DA:458,0
DA:460,0
DA:461,0
DA:462,0
DA:466,0
DA:468,0
DA:469,0
DA:470,0
DA:471,0
DA:472,0
DA:474,0
DA:475,0
DA:477,0
DA:478,0
DA:479,0
DA:482,0
DA:483,0
DA:484,0
DA:486,0
DA:487,0
DA:488,0
DA:491,0
DA:492,0
DA:494,0
DA:495,0
DA:496,0
DA:499,0
DA:500,0
DA:502,0
DA:504,0
DA:505,0
DA:506,0
DA:508,0
DA:509,0
DA:510,0
DA:512,0
DA:514,0
DA:515,0
DA:517,0
DA:518,0
DA:520,0
DA:521,0
DA:522,0
DA:523,0
DA:524,0
DA:525,0
DA:529,0
DA:530,0
DA:531,0
DA:534,0
DA:535,0
DA:536,0
DA:537,0
DA:538,0
DA:539,0
DA:542,0
DA:543,0
DA:544,0
DA:545,0
DA:548,0
DA:549,0
DA:550,0
DA:552,0
DA:553,0
DA:554,0
DA:558,0
DA:560,0
DA:561,0
DA:564,0
DA:565,0
DA:566,0
DA:569,0
DA:570,0
DA:572,0
DA:573,0
DA:574,0
DA:575,0
DA:576,0
DA:579,0
DA:580,0
DA:581,0
DA:582,0
DA:583,0
DA:584,0
DA:585,0
DA:586,0
DA:587,0
DA:588,0
DA:590,0
DA:591,0
DA:592,0
DA:593,0
DA:594,0
DA:595,0
DA:596,0
DA:597,0
DA:598,0
DA:599,0
DA:604,0
DA:606,0
DA:607,0
DA:608,0
DA:611,0
DA:612,0
DA:614,0
DA:616,0
DA:617,0
DA:618,0
DA:620,0
DA:621,0
DA:622,0
DA:623,0
DA:624,0
DA:625,0
DA:626,0
DA:627,0
DA:628,0
DA:629,0
DA:631,0
DA:633,0
DA:634,0
DA:639,0
DA:640,0
DA:643,0
DA:647,0
DA:648,0
DA:649,0
DA:652,0
DA:653,0
DA:654,0
DA:656,0
DA:659,0
DA:660,0
DA:661,0
DA:662,0
DA:665,0
DA:666,0
DA:667,0
DA:668,0
DA:669,0
DA:671,0
DA:672,0
DA:673,0
DA:674,0
DA:675,0
DA:677,0
DA:678,0
DA:679,0
DA:680,0
DA:681,0
DA:683,0
DA:684,0
DA:685,0
DA:686,0
DA:687,0
DA:692,0
DA:694,0
DA:697,0
DA:698,0
DA:699,0
DA:700,0
DA:701,0
DA:702,0
DA:703,0
DA:706,0
DA:707,0
DA:708,0
DA:709,0
DA:710,0
DA:711,0
DA:712,0
DA:713,0
DA:714,0
DA:716,0
DA:720,0
DA:724,0
DA:725,0
DA:726,0
DA:727,0
DA:728,0
DA:729,0
DA:730,0
DA:731,0
DA:732,0
DA:733,0
DA:734,0
DA:735,0
DA:736,0
DA:739,0
DA:740,0
DA:742,0
DA:743,0
DA:744,0
DA:745,0
DA:746,0
DA:747,0
DA:748,0
DA:749,0
DA:750,0
DA:751,0
DA:752,0
DA:753,0
DA:754,0
DA:755,0
DA:756,0
DA:757,0
DA:759,0
DA:762,0
DA:763,0
DA:764,0
DA:770,0
DA:772,0
DA:773,0
DA:775,0
DA:776,0
DA:778,0
DA:779,0
DA:781,0
DA:784,0
DA:785,0
DA:787,0
DA:788,0
DA:789,0
DA:792,0
DA:793,0
DA:796,0
DA:797,0
DA:799,0
DA:800,0
DA:802,0
DA:805,0
DA:806,0
DA:808,0
DA:809,0
DA:810,0
DA:813,0
DA:814,0
DA:817,0
DA:818,0
DA:820,0
DA:821,0
DA:825,0
DA:826,0
DA:827,0
DA:829,0
DA:830,0
DA:832,0
DA:833,0
DA:835,0
DA:836,0
DA:838,0
DA:841,0
DA:842,0
DA:843,0
DA:844,0
DA:845,0
DA:846,0
DA:847,0
DA:848,0
DA:849,0
DA:851,0
DA:854,0
DA:856,0
DA:857,0
DA:858,0
DA:859,0
DA:862,0
DA:863,0
DA:864,0
DA:865,0
DA:867,0
DA:868,0
DA:870,0
DA:874,0
DA:875,0
DA:876,0
DA:877,0
DA:880,0
DA:881,0
DA:882,0
DA:883,0
DA:884,0
DA:885,0
DA:886,0
DA:887,0
DA:888,0
DA:890,0
DA:891,0
DA:893,0
DA:898,0
DA:899,0
DA:902,0
DA:903,0
DA:904,0
DA:905,0
DA:907,0
DA:908,0
LF:540
LH:0
end_of_record
TN:
SF:/home/kuzz/ImageMagickFuzzing/delegate_libraries/libwebp-1.3.2/src/dec/io_dec.c
FN:117,123,FillAlphaPlane
FN:125,145,EmitAlphaYUV
FN:148,171,GetAlphaSourceRow
FN:174,197,EmitAlphaRGB
FN:200,233,EmitAlphaRGBA4444
FN:240,249,Rescale
FN:25,38,EmitYUV
FN:252,268,EmitRescaledYUV
FN:271,289,EmitRescaledAlphaYUV
FN:292,356,InitYUVRescaler
FN:361,381,ExportRGB
FN:384,407,EmitRescaledRGB
FN:410,434,ExportAlpha
FN:42,50,EmitSampledRGB
FN:437,469,ExportAlphaRGBA4444
FN:472,485,EmitRescaledAlphaRGB
FN:488,556,InitRGBRescaler
FN:563,622,CustomSetup
FN:57,110,EmitFancyRGB
FN:626,642,CustomPut
FN:646,650,CustomTeardown
FN:655,660,WebPInitCustomIo
FNDA:0,FillAlphaPlane
FNDA:0,EmitAlphaYUV
FNDA:0,GetAlphaSourceRow
FNDA:0,EmitAlphaRGB
FNDA:0,EmitAlphaRGBA4444
FNDA:0,Rescale
FNDA:0,EmitYUV
FNDA:0,EmitRescaledYUV
FNDA:0,EmitRescaledAlphaYUV
FNDA:0,InitYUVRescaler
FNDA:0,ExportRGB
FNDA:0,EmitRescaledRGB
FNDA:0,ExportAlpha
FNDA:0,EmitSampledRGB
FNDA:0,ExportAlphaRGBA4444
FNDA:0,EmitRescaledAlphaRGB
FNDA:0,InitRGBRescaler
FNDA:0,CustomSetup
FNDA:0,EmitFancyRGB
FNDA:0,CustomPut
FNDA:0,CustomTeardown
FNDA:595,WebPInitCustomIo
FNF:22
FNH:1
DA:25,0
DA:26,0
DA:27,0
DA:28,0
DA:29,0
DA:30,0
DA:31,0
DA:32,0
DA:33,0
DA:34,0
DA:35,0
DA:36,0
DA:37,0
DA:38,0
DA:42,0
DA:43,0
DA:44,0
DA:45,0
DA:46,0
DA:47,0
DA:48,0
DA:49,0
DA:50,0
DA:57,0
DA:58,0
DA:59,0
DA:60,0
DA:61,0
DA:62,0
DA:63,0
DA:64,0
DA:65,0
DA:66,0
DA:67,0
DA:68,0
DA:69,0
DA:70,0
DA:72,0
DA:74,0
DA:75,0
DA:77,0
DA:78,0
DA:79,0
DA:82,0
DA:83,0
DA:84,0
DA:85,0
DA:86,0
DA:87,0
DA:88,0
DA:89,0
DA:90,0
DA:91,0
DA:92,0
DA:94,0
DA:95,0
DA:97,0
DA:98,0
DA:99,0
DA:102,0
DA:103,0
DA:105,0
DA:106,0
DA:107,0
DA:108,0
DA:110,0
DA:117,0
DA:119,0
DA:120,0
DA:121,0
DA:122,0
DA:123,0
DA:125,0
DA:127,0
DA:128,0
DA:129,0
DA:130,0
DA:131,0
DA:133,0
DA:135,0
DA:136,0
DA:137,0
DA:138,0
DA:139,0
DA:140,0
DA:141,0
DA:143,0
DA:144,0
DA:145,0
DA:148,0
DA:150,0
DA:151,0
DA:155,0
DA:156,0
DA:158,0
DA:159,0
DA:160,0
DA:164,0
DA:166,0
DA:168,0
DA:169,0
DA:170,0
DA:171,0
DA:174,0
DA:176,0
DA:177,0
DA:178,0
DA:179,0
DA:180,0
DA:181,0
DA:182,0
DA:184,0
DA:185,0
DA:186,0
DA:187,0
DA:188,0
DA:189,0
DA:192,0
DA:193,0
DA:194,0
DA:195,0
DA:196,0
DA:197,0
DA:200,0
DA:202,0
DA:203,0
DA:204,0
DA:205,0
DA:206,0
DA:208,0
DA:209,0
DA:213,0
DA:215,0
DA:217,0
DA:218,0
DA:220,0
DA:221,0
DA:222,0
DA:223,0
DA:224,0
DA:225,0
DA:226,0
DA:227,0
DA:229,0
DA:230,0
DA:231,0
DA:232,0
DA:233,0
DA:240,0
DA:242,0
DA:243,0
DA:244,0
DA:245,0
DA:246,0
DA:247,0
DA:249,0
DA:252,0
DA:253,0
DA:254,0
DA:255,0
DA:256,0
DA:257,0
DA:262,0
DA:263,0
DA:264,0
DA:265,0
DA:266,0
DA:267,0
DA:268,0
DA:271,0
DA:273,0
DA:274,0
DA:275,0
DA:276,0
DA:277,0
DA:279,0
DA:280,0
DA:281,0
DA:282,0
DA:283,0
DA:286,0
DA:287,0
DA:288,0
DA:289,0
DA:292,0
DA:293,0
DA:294,0
DA:295,0
DA:296,0
DA:297,0
DA:298,0
DA:299,0
DA:300,0
DA:302,0
DA:303,0
DA:308,0
DA:310,0
DA:311,0
DA:312,0
DA:313,0
DA:314,0
DA:315,0
DA:316,0
DA:317,0
DA:320,0
DA:321,0
DA:322,0
DA:324,0
DA:326,0
DA:328,0
DA:329,0
DA:330,0
DA:331,0
DA:333,0
DA:334,0
DA:335,0
DA:336,0
DA:337,0
DA:338,0
DA:339,0
DA:340,0
DA:341,0
DA:342,0
DA:344,0
DA:346,0
DA:347,0
DA:348,0
DA:349,0
DA:350,0
DA:352,0
DA:353,0
DA:354,0
DA:355,0
DA:356,0
DA:361,0
DA:362,0
DA:363,0
DA:364,0
DA:365,0
DA:366,0
DA:369,0
DA:370,0
DA:373,0
DA:374,0
DA:375,0
DA:376,0
DA:377,0
DA:378,0
DA:379,0
DA:381,0
DA:384,0
DA:385,0
DA:386,0
DA:387,0
DA:388,0
DA:389,0
DA:390,0
DA:391,0
DA:392,0
DA:393,0
DA:394,0
DA:395,0
DA:396,0
DA:397,0
DA:398,0
DA:399,0
DA:400,0
DA:401,0
DA:403,0
DA:404,0
DA:405,0
DA:407,0
DA:410,0
DA:411,0
DA:412,0
DA:413,0
DA:414,0
DA:415,0
DA:416,0
DA:417,0
DA:418,0
DA:419,0
DA:420,0
DA:422,0
DA:423,0
DA:425,0
DA:426,0
DA:427,0
DA:428,0
DA:430,0
DA:431,0
DA:432,0
DA:433,0
DA:434,0
DA:437,0
DA:439,0
DA:440,0
DA:444,0
DA:446,0
DA:447,0
DA:448,0
DA:449,0
DA:450,0
DA:452,0
DA:453,0
DA:456,0
DA:457,0
DA:459,0
DA:460,0
DA:461,0
DA:462,0
DA:463,0
DA:464,0
DA:466,0
DA:467,0
DA:468,0
DA:469,0
DA:472,0
DA:474,0
DA:475,0
DA:476,0
DA:477,0
DA:478,0
DA:479,0
DA:480,0
DA:481,0
DA:482,0
DA:484,0
DA:485,0
DA:488,0
DA:489,0
DA:490,0
DA:491,0
DA:492,0
DA:493,0
DA:495,0
DA:501,0
DA:503,0
DA:504,0
DA:505,0
DA:506,0
DA:507,0
DA:508,0
DA:509,0
DA:512,0
DA:513,0
DA:514,0
DA:516,0
DA:517,0
DA:519,0
DA:521,0
DA:522,0
DA:523,0
DA:524,0
DA:526,0
DA:527,0
DA:528,0
DA:529,0
DA:530,0
DA:531,0
DA:532,0
DA:533,0
DA:534,0
DA:535,0
DA:537,0
DA:538,0
DA:540,0
DA:541,0
DA:542,0
DA:543,0
DA:544,0
DA:546,0
DA:547,0
DA:548,0
DA:549,0
DA:550,0
DA:551,0
DA:553,0
DA:554,0
DA:555,0
DA:556,0
DA:563,0
DA:564,0
DA:565,0
DA:566,0
DA:567,0
DA:569,0
DA:570,0
DA:571,0
DA:572,0
DA:573,0
DA:574,0
DA:576,0
DA:577,0
DA:578,0
DA:579,0
DA:581,0
DA:582,0
DA:583,0
DA:588,0
DA:589,0
DA:590,0
DA:591,0
DA:592,0
DA:594,0
DA:595,0
DA:596,0
DA:597,0
DA:599,0
DA:600,0
DA:601,0
DA:602,0
DA:603,0
DA:605,0
DA:606,0
DA:607,0
DA:609,0
DA:610,0
DA:611,0
DA:613,0
DA:615,0
DA:616,0
DA:617,0
DA:618,0
DA:621,0
DA:622,0
DA:626,0
DA:627,0
DA:628,0
DA:629,0
DA:633,0
DA:634,0
DA:636,0
DA:637,0
DA:638,0
DA:639,0
DA:640,0
DA:641,0
DA:642,0
DA:646,0
DA:647,0
DA:648,0
DA:649,0
DA:650,0
DA:655,595
DA:656,595
DA:657,595
DA:658,595
DA:659,595
DA:660,595
LF:450
LH:6
end_of_record
TN:
SF:/home/kuzz/ImageMagickFuzzing/delegate_libraries/libwebp-1.3.2/src/dec/quant_dec.c
FN:16,17,clip
FN:62,112,VP8ParseQuant
FNDA:0,clip
FNDA:0,VP8ParseQuant
FNF:2
FNH:0
DA:16,0
DA:17,0
DA:62,0
DA:63,0
DA:64,0
DA:65,0
DA:66,0
DA:67,0
DA:68,0
DA:69,0
DA:70,0
DA:71,0
DA:72,0
DA:73,0
DA:74,0
DA:76,0
DA:79,0
DA:81,0
DA:82,0
DA:83,0
DA:84,0
DA:85,0
DA:86,0
DA:87,0
DA:88,0
DA:89,0
DA:91,0
DA:95,0
DA:96,0
DA:97,0
DA:99,0
DA:103,0
DA:104,0
DA:106,0
DA:107,0
DA:109,0
DA:111,0
DA:112,0
LF:38
LH:0
end_of_record
TN:
SF:/home/kuzz/ImageMagickFuzzing/delegate_libraries/libwebp-1.3.2/src/dec/tree_dec.c
FN:285,288,VP8ResetProba
FN:290,359,ParseIntraMode
FN:361,366,VP8ParseIntraModeRow
FN:515,538,VP8ParseProba
FNDA:0,VP8ResetProba
FNDA:0,ParseIntraMode
FNDA:0,VP8ParseIntraModeRow
FNDA:0,VP8ParseProba
FNF:4
FNH:0
DA:285,0
DA:286,0
DA:288,0
DA:290,0
DA:292,0
DA:293,0
DA:294,0
DA:298,0
DA:300,0
DA:301,0
DA:302,0
DA:303,0
DA:304,0
DA:306,0
DA:308,0
DA:309,0
DA:311,0
DA:312,0
DA:313,0
DA:314,0
DA:315,0
DA:316,0
DA:317,0
DA:318,0
DA:319,0
DA:321,0
DA:322,0
DA:324,0
DA:325,0
DA:328,0
DA:329,0
DA:330,0
DA:332,0
DA:348,0
DA:349,0
DA:350,0
DA:351,0
DA:352,0
DA:353,0
DA:356,0
DA:357,0
DA:358,0
DA:359,0
DA:361,0
DA:363,0
DA:364,0
DA:365,0
DA:366,0
DA:515,0
DA:516,0
DA:518,0
DA:519,0
DA:520,0
DA:521,0
DA:522,0
DA:523,0
DA:524,0
DA:525,0
DA:526,0
DA:527,0
DA:528,0
DA:529,0
DA:530,0
DA:531,0
DA:532,0
DA:533,0
DA:534,0
DA:535,0
DA:536,0
DA:537,0
DA:538,0
LF:71
LH:0
end_of_record
TN:
SF:/home/kuzz/ImageMagickFuzzing/delegate_libraries/libwebp-1.3.2/src/dec/vp8_dec.c
FN:100,102,VP8CheckSignature
FN:105,145,VP8GetInfo
FN:150,157,ResetSegmentHeader
FN:160,189,ParseSegmentHeader
FN:201,230,ParsePartitions
FN:233,255,ParseFilterHeader
FN:25,26,WebPGetDecoderVersion
FN:259,391,VP8GetHeaders
FN:407,435,GetLargeValue
FN:42,45,SetOk
FN:439,465,GetCoeffsFast
FN:469,495,GetCoeffsAlt
FN:47,55,VP8InitIoInternal
FN:499,505,InitGetCoeffs
FN:499,505,InitGetCoeffs_body
FN:507,510,NzCodeBits
FN:513,601,ParseResiduals
FN:57,66,VP8New
FN:607,631,VP8DecodeMB
FN:634,640,VP8InitScanline
FN:642,669,ParseFrame
FN:672,709,VP8Decode
FN:69,72,VP8Status
FN:711,722,VP8Clear
FN:74,78,VP8StatusMessage
FN:80,85,VP8Delete
FN:87,95,VP8SetError
FNDA:4,VP8CheckSignature
FNDA:4,VP8GetInfo
FNDA:0,ResetSegmentHeader
FNDA:0,ParseSegmentHeader
FNDA:0,ParsePartitions
FNDA:0,ParseFilterHeader
FNDA:0,WebPGetDecoderVersion
FNDA:0,VP8GetHeaders
FNDA:0,GetLargeValue
FNDA:0,SetOk
FNDA:0,GetCoeffsFast
FNDA:0,GetCoeffsAlt
FNDA:595,VP8InitIoInternal
FNDA:0,InitGetCoeffs
FNDA:0,InitGetCoeffs_body
FNDA:0,NzCodeBits
FNDA:0,ParseResiduals
FNDA:0,VP8New
FNDA:0,VP8DecodeMB
FNDA:0,VP8InitScanline
FNDA:0,ParseFrame
FNDA:0,VP8Decode
FNDA:0,VP8Status
FNDA:0,VP8Clear
FNDA:0,VP8StatusMessage
FNDA:0,VP8Delete
FNDA:0,VP8SetError
FNF:27
FNH:3
DA:25,0
DA:26,0
DA:42,0
DA:43,0
DA:44,0
DA:45,0
DA:47,595
DA:48,595
DA:49,0
DA:51,595
DA:52,595
DA:53,595
DA:54,595
DA:55,595
DA:57,0
DA:58,0
DA:59,0
DA:60,0
DA:61,0
DA:62,0
DA:63,0
DA:64,0
DA:65,0
DA:66,0
DA:69,0
DA:70,0
DA:71,0
DA:72,0
DA:74,0
DA:75,0
DA:76,0
DA:77,0
DA:78,0
DA:80,0
DA:81,0
DA:82,0
DA:83,0
DA:84,0
DA:85,0
DA:87,0
DA:90,0
DA:91,0
DA:92,0
DA:93,0
DA:94,0
DA:95,0
DA:100,4
DA:101,8
DA:102,4
DA:105,4
DA:107,4
DA:108,0
DA:111,4
DA:112,4
DA:114,0
DA:115,0
DA:116,0
DA:117,0
DA:119,0
DA:120,0
DA:123,0
DA:124,0
DA:126,0
DA:127,0
DA:129,0
DA:130,0
DA:132,0
DA:133,0
DA:136,0
DA:137,0
DA:138,0
DA:139,0
DA:140,0
DA:141,0
DA:143,0
DA:145,4
DA:150,0
DA:152,0
DA:153,0
DA:154,0
DA:155,0
DA:156,0
DA:157,0
DA:160,0
DA:164,0
DA:165,0
DA:166,0
DA:167,0
DA:169,0
DA:170,0
DA:171,0
DA:172,0
DA:173,0
DA:174,0
DA:175,0
DA:176,0
DA:177,0
DA:178,0
DA:179,0
DA:181,0
DA:182,0
DA:183,0
DA:184,0
DA:185,0
DA:186,0
DA:187,0
DA:189,0
DA:201,0
DA:203,0
DA:204,0
DA:205,0
DA:207,0
DA:211,0
DA:212,0
DA:213,0
DA:215,0
DA:217,0
DA:218,0
DA:219,0
DA:220,0
DA:221,0
DA:222,0
DA:223,0
DA:224,0
DA:225,0
DA:226,0
DA:227,0
DA:228,0
DA:230,0
DA:233,0
DA:234,0
DA:235,0
DA:236,0
DA:237,0
DA:238,0
DA:239,0
DA:240,0
DA:242,0
DA:243,0
DA:244,0
DA:245,0
DA:246,0
DA:247,0
DA:248,0
DA:249,0
DA:250,0
DA:251,0
DA:252,0
DA:253,0
DA:254,0
DA:255,0
DA:259,0
DA:267,0
DA:268,0
DA:270,0
DA:271,0
DA:272,0
DA:275,0
DA:276,0
DA:277,0
DA:278,0
DA:284,0
DA:285,0
DA:286,0
DA:287,0
DA:288,0
DA:289,0
DA:290,0
DA:291,0
DA:294,0
DA:295,0
DA:298,0
DA:299,0
DA:302,0
DA:303,0
DA:305,0
DA:306,0
DA:309,0
DA:310,0
DA:313,0
DA:314,0
DA:315,0
DA:316,0
DA:317,0
DA:318,0
DA:320,0
DA:321,0
DA:324,0
DA:325,0
DA:329,0
DA:330,0
DA:331,0
DA:332,0
DA:333,0
DA:334,0
DA:335,0
DA:336,0
DA:338,0
DA:339,0
DA:341,0
DA:342,0
DA:343,0
DA:347,0
DA:348,0
DA:352,0
DA:353,0
DA:354,0
DA:355,0
DA:357,0
DA:358,0
DA:359,0
DA:360,0
DA:361,0
DA:362,0
DA:366,0
DA:367,0
DA:370,0
DA:371,0
DA:372,0
DA:376,0
DA:379,0
DA:380,0
DA:384,0
DA:386,0
DA:389,0
DA:390,0
DA:391,0
DA:407,0
DA:409,0
DA:410,0
DA:411,0
DA:412,0
DA:413,0
DA:415,0
DA:416,0
DA:417,0
DA:418,0
DA:419,0
DA:420,0
DA:421,0
DA:423,0
DA:425,0
DA:426,0
DA:427,0
DA:428,0
DA:429,0
DA:430,0
DA:431,0
DA:432,0
DA:435,0
DA:439,0
DA:442,0
DA:443,0
DA:444,0
DA:445,0
DA:447,0
DA:448,0
DA:449,0
DA:452,0
DA:454,0
DA:455,0
DA:456,0
DA:457,0
DA:458,0
DA:459,0
DA:461,0
DA:463,0
DA:464,0
DA:465,0
DA:469,0
DA:472,0
DA:473,0
DA:474,0
DA:475,0
DA:477,0
DA:478,0
DA:479,0
DA:482,0
DA:484,0
DA:485,0
DA:486,0
DA:487,0
DA:488,0
DA:489,0
DA:491,0
DA:493,0
DA:494,0
DA:495,0
DA:499,0
DA:500,0
DA:501,0
DA:502,0
DA:503,0
DA:505,0
DA:507,0
DA:508,0
DA:509,0
DA:510,0
DA:513,0
DA:515,0
DA:517,0
DA:518,0
DA:519,0
DA:520,0
DA:522,0
DA:523,0
DA:528,0
DA:529,0
DA:530,0
DA:531,0
DA:532,0
DA:533,0
DA:534,0
DA:535,0
DA:536,0
DA:538,0
DA:539,0
DA:541,0
DA:542,0
DA:543,0
DA:544,0
DA:545,0
DA:548,0
DA:549,0
DA:550,0
DA:551,0
DA:552,0
DA:553,0
DA:554,0
DA:555,0
DA:556,0
DA:557,0
DA:558,0
DA:559,0
DA:560,0
DA:561,0
DA:562,0
DA:563,0
DA:564,0
DA:565,0
DA:566,0
DA:568,0
DA:569,0
DA:570,0
DA:571,0
DA:572,0
DA:573,0
DA:574,0
DA:575,0
DA:576,0
DA:577,0
DA:578,0
DA:579,0
DA:580,0
DA:581,0
DA:582,0
DA:583,0
DA:584,0
DA:586,0
DA:587,0
DA:588,0
DA:589,0
DA:590,0
DA:591,0
DA:593,0
DA:594,0
DA:599,0
DA:601,0
DA:607,0
DA:608,0
DA:609,0
DA:610,0
DA:611,0
DA:613,0
DA:614,0
DA:615,0
DA:616,0
DA:617,0
DA:618,0
DA:619,0
DA:620,0
DA:621,0
DA:622,0
DA:625,0
DA:626,0
DA:627,0
DA:628,0
DA:629,0
DA:631,0
DA:634,0
DA:635,0
DA:636,0
DA:637,0
DA:638,0
DA:639,0
DA:640,0
DA:642,0
DA:643,0
DA:645,0
DA:646,0
DA:647,0
DA:648,0
DA:651,0
DA:652,0
DA:653,0
DA:656,0
DA:657,0
DA:660,0
DA:661,0
DA:663,0
DA:664,0
DA:665,0
DA:666,0
DA:668,0
DA:669,0
DA:672,0
DA:673,0
DA:674,0
DA:675,0
DA:677,0
DA:678,0
DA:682,0
DA:683,0
DA:684,0
DA:686,0
DA:690,0
DA:691,0
DA:693,0
DA:696,0
DA:699,0
DA:700,0
DA:702,0
DA:703,0
DA:704,0
DA:707,0
DA:708,0
DA:709,0
DA:711,0
DA:712,0
DA:713,0
DA:715,0
DA:716,0
DA:717,0
DA:718,0
DA:719,0
DA:720,0
DA:721,0
DA:722,0
LF:448
LH:15
end_of_record
TN:
SF:/home/kuzz/ImageMagickFuzzing/delegate_libraries/libwebp-1.3.2/src/dec/vp8_dec.h
FN:131,132,VP8InitIo
FNDA:595,VP8InitIo
FNF:1
FNH:1
DA:131,595
DA:132,595
LF:2
LH:2
end_of_record
TN:
SF:/home/kuzz/ImageMagickFuzzing/delegate_libraries/libwebp-1.3.2/src/dec/vp8l_dec.c
FN:1013,1095,DecodeAlphaData
FN:1098,1105,SaveState
FN:1107,1115,RestoreState
FN:111,114,VP8LCheckSignature
FN:1118,1263,DecodeImageData
FN:117,126,ReadImageInfo
FN:1268,1271,ClearTransform
FN:1275,1298,ExpandColorMap
FN:128,146,VP8LGetInfo
FN:1300,1351,ReadTransform
FN:1356,1359,InitMetadata
FN:1361,1370,ClearMetadata
FN:1375,1384,VP8LNew
FN:1386,1403,VP8LClear
FN:1405,1410,VP8LDelete
FN:1412,1420,UpdateDecoder
FN:1422,1508,DecodeImageStream
FN:150,159,GetCopyDistance
FN:1513,1532,AllocateInternalBuffers32b
FN:1534,1543,AllocateInternalBuffers8b
FN:1548,1574,ExtractAlphaRows
FN:1576,1622,VP8LDecodeAlphaHeader
FN:161,164,GetCopyLength
FN:1624,1641,VP8LDecodeAlphaImageStream
FN:1645,1672,VP8LDecodeHeader
FN:167,177,PlaneCodeToDistance
FN:1674,1744,VP8LDecodeImage
FN:183,196,ReadSymbol
FN:202,217,ReadPackedSymbols
FN:219,224,AccumulateHCode
FN:227,246,BuildPackedTable
FN:248,305,ReadHuffmanCodeLengths
FN:310,358,ReadHuffmanCode
FN:360,532,ReadHuffmanCodes
FN:539,572,AllocateAndInitRescaler
FN:581,594,Export
FN:598,619,EmitRescaledRowsRGBA
FN:625,636,EmitRows
FN:642,666,ConvertToYUVA
FN:668,680,ExportYUVA
FN:683,699,EmitRescaledRowsYUVA
FN:702,711,EmitRowsYUVA
FN:722,742,SetCropWindow
FN:746,750,GetMetaIndex
FN:752,757,GetHtreeGroupForPos
FN:765,784,ApplyInverseTransforms
FN:788,831,ProcessRows
FN:835,847,Is8bOptimizable
FN:849,863,AlphaApplyFilter
FN:865,889,ExtractPalettedAlphaRows
FN:895,899,Rotate8b
FN:904,922,CopySmallPattern8b
FN:924,970,CopyBlock8b
FN:973,989,CopySmallPattern32b
FN:991,1009,CopyBlock32b
FNDA:0,DecodeAlphaData
FNDA:0,SaveState
FNDA:0,RestoreState
FNDA:4765,VP8LCheckSignature
FNDA:956,DecodeImageData
FNDA:2975,ReadImageInfo
FNDA:658,ClearTransform
FNDA:103,ExpandColorMap
FNDA:2381,VP8LGetInfo
FNDA:662,ReadTransform
FNDA:1488,InitMetadata
FNDA:1488,ClearMetadata
FNDA:595,VP8LNew
FNDA:759,VP8LClear
FNDA:595,VP8LDelete
FNDA:956,UpdateDecoder
FNDA:1165,DecodeImageStream
FNDA:0,GetCopyDistance
FNDA:436,AllocateInternalBuffers32b
FNDA:0,AllocateInternalBuffers8b
FNDA:0,ExtractAlphaRows
FNDA:0,VP8LDecodeAlphaHeader
FNDA:0,GetCopyLength
FNDA:0,VP8LDecodeAlphaImageStream
FNDA:595,VP8LDecodeHeader
FNDA:0,PlaneCodeToDistance
FNDA:436,VP8LDecodeImage
FNDA:1356,ReadSymbol
FNDA:15950,ReadPackedSymbols
FNDA:348928,AccumulateHCode
FNDA:1363,BuildPackedTable
FNDA:142,ReadHuffmanCodeLengths
FNDA:15296,ReadHuffmanCode
FNDA:1123,ReadHuffmanCodes
FNDA:0,AllocateAndInitRescaler
FNDA:0,Export
FNDA:0,EmitRescaledRowsRGBA
FNDA:10565,EmitRows
FNDA:0,ConvertToYUVA
FNDA:0,ExportYUVA
FNDA:0,EmitRescaledRowsYUVA
FNDA:0,EmitRowsYUVA
FNDA:10565,SetCropWindow
FNDA:372087,GetMetaIndex
FNDA:372087,GetHtreeGroupForPos
FNDA:10565,ApplyInverseTransforms
FNDA:10643,ProcessRows
FNDA:0,Is8bOptimizable
FNDA:0,AlphaApplyFilter
FNDA:0,ExtractPalettedAlphaRows
FNDA:0,Rotate8b
FNDA:0,CopySmallPattern8b
FNDA:0,CopyBlock8b
FNDA:0,CopySmallPattern32b
FNDA:0,CopyBlock32b
FNF:55
FNH:30
DA:111,4765
DA:112,9530
DA:113,9526
DA:114,4761
DA:117,2975
DA:120,2975
DA:121,2975
DA:122,2975
DA:123,2975
DA:124,2975
DA:125,2975
DA:126,2975
DA:128,2381
DA:130,2381
DA:131,0
DA:132,2381
DA:133,1
DA:137,2380
DA:138,2380
DA:139,0
DA:141,2380
DA:142,2380
DA:143,2380
DA:144,2380
DA:146,2381
DA:150,0
DA:153,0
DA:154,0
DA:156,0
DA:157,0
DA:158,0
DA:159,0
DA:161,0
DA:164,0
DA:167,0
DA:168,0
DA:169,0
DA:171,0
DA:172,0
DA:173,0
DA:174,0
DA:175,0
DA:177,0
DA:183,1356
DA:186,1356
DA:187,1356
DA:188,1356
DA:189,1356
DA:190,0
DA:191,0
DA:192,0
DA:193,0
DA:194,0
DA:195,1356
DA:196,1356
DA:202,15950
DA:205,15950
DA:206,15950
DA:208,15950
DA:209,15950
DA:210,15950
DA:211,15950
DA:213,0
DA:215,0
DA:217,15950
DA:219,348928
DA:221,348928
DA:222,348928
DA:224,348928
DA:227,1363
DA:229,88595
DA:230,87232
DA:231,87232
DA:232,87232
DA:233,87232
DA:234,0
DA:235,0
DA:236,0
DA:237,87232
DA:238,87232
DA:239,87232
DA:240,87232
DA:241,87232
DA:242,87232
DA:243,87232
DA:245,87232
DA:246,1363
DA:248,142
DA:251,142
DA:252,142
DA:255,142
DA:258,142
DA:259,142
DA:260,142
DA:261,56
DA:264,86
DA:265,23
DA:266,23
DA:267,23
DA:268,1
DA:270,22
DA:271,63
DA:274,85
DA:275,20286
DA:278,20238
DA:279,20216
DA:280,20216
DA:281,20216
DA:282,20216
DA:283,20216
DA:284,18910
DA:285,18910
DA:286,18910
DA:287,1306
DA:288,1306
DA:289,1306
DA:290,1306
DA:291,1306
DA:292,1306
DA:293,15
DA:295,1291
DA:296,9988
DA:300,70
DA:303,142
DA:304,142
DA:305,142
DA:310,15296
DA:313,15296
DA:314,15296
DA:315,15296
DA:316,15296
DA:318,15296
DA:320,15296
DA:321,15154
DA:322,15154
DA:324,15154
DA:325,15154
DA:327,15154
DA:328,4108
DA:329,4108
DA:330,4108
DA:331,15154
DA:332,15154
DA:334,142
DA:335,142
DA:336,142
DA:337,0
DA:338,0
DA:341,1597
DA:342,1455
DA:343,1455
DA:344,284
DA:345,142
DA:348,15296
DA:349,15296
DA:350,30390
DA:351,15195
DA:352,15195
DA:353,15296
DA:354,141
DA:355,141
DA:357,15155
DA:358,15296
DA:360,1123
DA:363,1123
DA:364,1123
DA:365,1123
DA:366,1123
DA:367,1123
DA:368,1123
DA:369,1123
DA:370,1123
DA:371,1123
DA:372,1123
DA:373,1123
DA:374,1123
DA:380,1123
DA:382,97
DA:383,97
DA:384,97
DA:385,97
DA:386,97
DA:388,25
DA:390,72
DA:391,39913
DA:393,39841
DA:394,39841
DA:395,39841
DA:396,81
DA:397,81
DA:398,39841
DA:405,72
DA:408,31
DA:409,31
DA:410,0
DA:411,0
DA:415,31
DA:416,4261
DA:418,4230
DA:419,4230
DA:420,4230
DA:421,4230
DA:422,31
DA:423,41
DA:425,72
DA:427,1098
DA:430,6582
DA:431,5485
DA:432,5485
DA:433,330
DA:434,330
DA:435,5485
DA:436,1097
DA:437,1097
DA:438,5485
DA:440,1097
DA:442,1097
DA:444,1097
DA:445,2194
DA:446,1097
DA:447,0
DA:448,0
DA:451,4097
DA:454,3141
DA:455,2935
DA:456,2456
DA:457,2456
DA:458,11
DA:459,11
DA:461,2456
DA:462,28
DA:464,2428
DA:465,479
DA:466,2634
DA:467,2634
DA:468,2634
DA:470,2634
DA:471,2634
DA:472,2634
DA:473,15361
DA:474,12840
DA:475,12840
DA:476,392
DA:477,392
DA:478,12840
DA:479,12840
DA:480,12840
DA:481,12840
DA:482,113
DA:484,12727
DA:485,6039
DA:486,6039
DA:487,12727
DA:488,12727
DA:489,12727
DA:490,10206
DA:492,2775340
DA:493,2765134
DA:494,5428
DA:495,5428
DA:496,2765134
DA:497,10206
DA:498,10206
DA:499,12727
DA:500,2521
DA:501,2521
DA:502,2521
DA:503,1151
DA:504,1151
DA:505,1151
DA:506,1151
DA:507,1151
DA:508,1145
DA:509,1145
DA:510,1145
DA:511,1151
DA:512,2521
DA:513,2521
DA:514,2521
DA:516,3000
DA:517,956
DA:520,956
DA:521,956
DA:522,956
DA:525,1123
DA:526,1123
DA:527,1123
DA:528,167
DA:529,167
DA:530,167
DA:531,167
DA:532,1123
DA:539,0
DA:540,0
DA:541,0
DA:542,0
DA:543,0
DA:544,0
DA:545,0
DA:547,0
DA:549,0
DA:550,0
DA:551,0
DA:552,0
DA:553,0
DA:554,0
DA:555,0
DA:558,0
DA:560,0
DA:561,0
DA:562,0
DA:563,0
DA:564,0
DA:566,0
DA:567,0
DA:568,0
DA:569,0
DA:571,0
DA:572,0
DA:581,0
DA:583,0
DA:584,0
DA:585,0
DA:586,0
DA:587,0
DA:588,0
DA:589,0
DA:590,0
DA:591,0
DA:592,0
DA:594,0
DA:598,0
DA:601,0
DA:602,0
DA:603,0
DA:604,0
DA:605,0
DA:606,0
DA:607,0
DA:608,0
DA:611,0
DA:612,0
DA:613,0
DA:614,0
DA:616,0
DA:617,0
DA:619,0
DA:625,10565
DA:629,10565
DA:630,10565
DA:631,175883
DA:632,165318
DA:633,165318
DA:634,165318
DA:636,10565
DA:642,0
DA:644,0
DA:647,0
DA:651,0
DA:652,0
DA:655,0
DA:658,0
DA:659,0
DA:663,0
DA:665,0
DA:666,0
DA:668,0
DA:669,0
DA:670,0
DA:671,0
DA:672,0
DA:673,0
DA:674,0
DA:675,0
DA:676,0
DA:677,0
DA:678,0
DA:680,0
DA:683,0
DA:685,0
DA:686,0
DA:687,0
DA:688,0
DA:689,0
DA:691,0
DA:692,0
DA:693,0
DA:695,0
DA:696,0
DA:697,0
DA:699,0
DA:702,0
DA:705,0
DA:706,0
DA:707,0
DA:708,0
DA:709,0
DA:711,0
DA:722,10565
DA:726,10565
DA:727,0
DA:728,0
DA:729,10565
DA:730,0
DA:731,0
DA:732,0
DA:733,0
DA:734,10565
DA:736,10565
DA:738,10565
DA:739,10565
DA:740,10565
DA:741,10565
DA:742,10565
DA:746,372087
DA:748,372087
DA:749,228215
DA:750,372087
DA:752,372087
DA:754,744174
DA:755,372087
DA:757,372087
DA:765,10565
DA:768,10565
DA:769,10565
DA:770,10565
DA:771,10565
DA:772,10565
DA:775,21644
DA:776,11079
DA:777,11079
DA:778,11079
DA:780,10565
DA:782,812
DA:783,812
DA:784,10565
DA:788,10643
DA:789,10643
DA:790,10643
DA:796,10643
DA:797,10565
DA:798,10565
DA:799,10565
DA:800,10565
DA:801,10565
DA:803,0
DA:804,10565
DA:805,10565
DA:806,10565
DA:807,10565
DA:808,10565
DA:809,10565
DA:811,10565
DA:812,0
DA:813,0
DA:815,21130
DA:816,10565
DA:818,10565
DA:819,10565
DA:820,0
DA:821,0
DA:822,0
DA:826,10565
DA:829,10643
DA:831,10643
DA:835,0
DA:837,0
DA:840,0
DA:841,0
DA:842,0
DA:843,0
DA:844,0
DA:845,0
DA:846,0
DA:847,0
DA:849,0
DA:852,0
DA:854,0
DA:856,0
DA:857,0
DA:858,0
DA:859,0
DA:860,0
DA:861,0
DA:862,0
DA:863,0
DA:865,0
DA:868,0
DA:869,0
DA:870,0
DA:871,0
DA:872,0
DA:873,0
DA:875,0
DA:877,0
DA:878,0
DA:879,0
DA:880,0
DA:881,0
DA:884,0
DA:885,0
DA:886,0
DA:887,0
DA:888,0
DA:889,0
DA:895,0
DA:899,0
DA:904,0
DA:908,0
DA:909,0
DA:910,0
DA:911,0
DA:914,0
DA:915,0
DA:916,0
DA:919,0
DA:920,0
DA:921,0
DA:922,0
DA:924,0
DA:925,0
DA:926,0
DA:927,0
DA:928,0
DA:930,0
DA:937,0
DA:939,0
DA:942,0
DA:951,0
DA:953,0
DA:955,0
DA:956,0
DA:958,0
DA:960,0
DA:961,0
DA:964,0
DA:965,0
DA:966,0
DA:968,0
DA:970,0
DA:973,0
DA:977,0
DA:978,0
DA:979,0
DA:980,0
DA:981,0
DA:983,0
DA:984,0
DA:985,0
DA:986,0
DA:987,0
DA:988,0
DA:989,0
DA:991,0
DA:993,0
DA:994,0
DA:996,0
DA:997,0
DA:998,0
DA:999,0
DA:1000,0
DA:1002,0
DA:1003,0
DA:1004,0
DA:1005,0
DA:1007,0
DA:1009,0
DA:1013,0
DA:1015,0
DA:1016,0
DA:1017,0
DA:1018,0
DA:1019,0
DA:1020,0
DA:1021,0
DA:1022,0
DA:1023,0
DA:1024,0
DA:1025,0
DA:1026,0
DA:1031,0
DA:1034,0
DA:1035,0
DA:1036,0
DA:1038,0
DA:1039,0
DA:1040,0
DA:1041,0
DA:1042,0
DA:1043,0
DA:1044,0
DA:1045,0
DA:1046,0
DA:1047,0
DA:1048,0
DA:1049,0
DA:1050,0
DA:1051,0
DA:1053,0
DA:1054,0
DA:1055,0
DA:1056,0
DA:1057,0
DA:1058,0
DA:1059,0
DA:1060,0
DA:1061,0
DA:1062,0
DA:1063,0
DA:1065,0
DA:1066,0
DA:1067,0
DA:1068,0
DA:1069,0
DA:1070,0
DA:1071,0
DA:1072,0
DA:1074,0
DA:1075,0
DA:1076,0
DA:1077,0
DA:1078,0
DA:1079,0
DA:1081,0
DA:1084,0
DA:1087,0
DA:1088,0
DA:1089,0
DA:1090,0
DA:1092,0
DA:1093,0
DA:1095,0
DA:1098,0
DA:1100,0
DA:1101,0
DA:1102,0
DA:1103,0
DA:1104,0
DA:1105,0
DA:1107,0
DA:1109,0
DA:1110,0
DA:1111,0
DA:1112,0
DA:1113,0
DA:1114,0
DA:1115,0
DA:1118,956
DA:1121,956
DA:1122,956
DA:1123,956
DA:1124,956
DA:1125,956
DA:1126,956
DA:1127,956
DA:1128,956
DA:1129,956
DA:1130,956
DA:1131,956
DA:1132,956
DA:1133,956
DA:1134,956
DA:1135,956
DA:1136,956
DA:1140,12738542
DA:1142,12737603
DA:1143,0
DA:1144,0
DA:1145,0
DA:1149,12737603
DA:1150,371131
DA:1151,371131
DA:1153,12737603
DA:1154,12721314
DA:1155,12721314
DA:1157,16289
DA:1158,16289
DA:1159,15950
DA:1160,15950
DA:1161,15942
DA:1162,0
DA:1163,339
DA:1165,339
DA:1166,339
DA:1167,669
DA:1168,0
DA:1169,0
DA:1171,339
DA:1172,339
DA:1173,339
DA:1174,339
DA:1175,339
DA:1176,330
DA:1179,12737586
DA:1180,12737586
DA:1181,12737586
DA:1182,174452
DA:1183,174452
DA:1184,174452
DA:1185,165344
DA:1186,10212
DA:1187,10212
DA:1188,165344
DA:1189,174452
DA:1190,1822820
DA:1191,1778754
DA:1193,44066
DA:1194,174452
DA:1195,12737586
DA:1197,0
DA:1198,0
DA:1199,0
DA:1200,0
DA:1201,0
DA:1202,0
DA:1204,0
DA:1205,0
DA:1206,0
DA:1208,0
DA:1210,0
DA:1211,0
DA:1212,0
DA:1213,0
DA:1214,0
DA:1215,0
DA:1216,0
DA:1217,0
DA:1218,0
DA:1219,0
DA:1224,0
DA:1225,0
DA:1226,0
DA:1227,0
DA:1229,0
DA:1230,0
DA:1231,0
DA:1233,0
DA:1234,0
DA:1236,0
DA:1237,0
DA:1239,0
DA:1243,956
DA:1244,956
DA:1245,0
DA:1246,956
DA:1248,939
DA:1249,431
DA:1250,431
DA:1251,939
DA:1252,939
DA:1253,939
DA:1256,17
DA:1258,939
DA:1261,17
DA:1262,17
DA:1263,956
DA:1268,658
DA:1269,658
DA:1270,658
DA:1271,658
DA:1275,103
DA:1277,103
DA:1278,103
DA:1279,103
DA:1281,103
DA:1282,0
DA:1284,103
DA:1285,103
DA:1286,103
DA:1287,7315
DA:1289,7212
DA:1290,7212
DA:1291,35303
DA:1292,35200
DA:1293,35200
DA:1294,103
DA:1295,103
DA:1297,103
DA:1298,103
DA:1300,662
DA:1302,662
DA:1303,662
DA:1304,662
DA:1305,662
DA:1306,662
DA:1309,662
DA:1310,4
DA:1312,658
DA:1314,658
DA:1315,658
DA:1316,658
DA:1317,658
DA:1318,658
DA:1321,658
DA:1324,355
DA:1325,1065
DA:1326,355
DA:1327,710
DA:1328,355
DA:1329,355
DA:1330,355
DA:1332,118
DA:1333,192
DA:1334,74
DA:1335,41
DA:1337,118
DA:1338,118
DA:1339,118
DA:1340,118
DA:1341,118
DA:1344,185
DA:1347,0
DA:1350,658
DA:1351,662
DA:1356,1488
DA:1358,1488
DA:1359,1488
DA:1361,1488
DA:1364,1488
DA:1365,1488
DA:1366,1488
DA:1367,1488
DA:1368,1488
DA:1369,1488
DA:1370,1488
DA:1375,595
DA:1376,595
DA:1377,595
DA:1378,595
DA:1379,595
DA:1381,595
DA:1383,595
DA:1384,595
DA:1386,759
DA:1388,759
DA:1389,759
DA:1391,759
DA:1392,759
DA:1393,1417
DA:1394,658
DA:1395,658
DA:1396,759
DA:1397,759
DA:1399,759
DA:1400,759
DA:1402,759
DA:1403,759
DA:1405,595
DA:1406,595
DA:1407,595
DA:1408,595
DA:1409,595
DA:1410,595
DA:1412,956
DA:1413,956
DA:1414,956
DA:1415,956
DA:1416,956
DA:1418,956
DA:1419,956
DA:1420,956
DA:1422,1165
DA:1426,1165
DA:1427,1165
DA:1428,1165
DA:1429,1165
DA:1430,1165
DA:1431,1165
DA:1432,1165
DA:1435,1165
DA:1436,1257
DA:1437,662
DA:1439,595
DA:1442,1165
DA:1443,348
DA:1444,348
DA:1445,348
DA:1446,1
DA:1447,1
DA:1449,347
DA:1452,1164
DA:1453,1123
DA:1454,1164
DA:1455,208
DA:1456,208
DA:1460,956
DA:1461,284
DA:1462,284
DA:1463,0
DA:1464,0
DA:1465,0
DA:1467,284
DA:1468,672
DA:1470,956
DA:1472,956
DA:1473,436
DA:1474,436
DA:1478,520
DA:1479,520
DA:1480,520
DA:1481,0
DA:1482,0
DA:1483,0
DA:1488,1040
DA:1489,520
DA:1490,520
DA:1493,1165
DA:1494,221
DA:1495,221
DA:1496,221
DA:1497,944
DA:1498,508
DA:1499,508
DA:1505,944
DA:1506,944
DA:1508,1165
DA:1513,436
DA:1514,436
DA:1517,436
DA:1519,436
DA:1520,436
DA:1521,436
DA:1524,436
DA:1525,436
DA:1526,0
DA:1527,0
DA:1528,0
DA:1530,436
DA:1531,436
DA:1532,436
DA:1534,0
DA:1535,0
DA:1536,0
DA:1537,0
DA:1538,0
DA:1539,0
DA:1540,0
DA:1542,0
DA:1543,0
DA:1548,0
DA:1549,0
DA:1550,0
DA:1551,0
DA:1554,0
DA:1555,0
DA:1556,0
DA:1558,0
DA:1559,0
DA:1560,0
DA:1561,0
DA:1562,0
DA:1563,0
DA:1564,0
DA:1565,0
DA:1566,0
DA:1567,0
DA:1568,0
DA:1569,0
DA:1570,0
DA:1573,0
DA:1574,0
DA:1576,0
DA:1578,0
DA:1579,0
DA:1581,0
DA:1585,0
DA:1586,0
DA:1587,0
DA:1588,0
DA:1589,0
DA:1590,0
DA:1592,0
DA:1593,0
DA:1595,0
DA:1596,0
DA:1602,0
DA:1603,0
DA:1604,0
DA:1605,0
DA:1606,0
DA:1607,0
DA:1609,0
DA:1610,0
DA:1613,0
DA:1616,0
DA:1617,0
DA:1620,0
DA:1621,0
DA:1622,0
DA:1624,0
DA:1625,0
DA:1629,0
DA:1630,0
DA:1633,0
DA:1636,0
DA:1637,0
DA:1638,0
DA:1639,0
DA:1640,0
DA:1641,0
DA:1645,595
DA:1648,595
DA:1649,595
DA:1650,0
DA:1651,0
DA:1654,595
DA:1655,595
DA:1656,595
DA:1657,595
DA:1658,0
DA:1659,0
DA:1661,595
DA:1662,595
DA:1663,595
DA:1665,595
DA:1666,436
DA:1669,159
DA:1671,159
DA:1672,595
DA:1674,436
DA:1675,436
DA:1676,436
DA:1678,436
DA:1684,436
DA:1686,436
DA:1690,436
DA:1691,436
DA:1694,436
DA:1695,0
DA:1696,0
DA:1699,436
DA:1702,436
DA:1709,436
DA:1711,0
DA:1712,0
DA:1714,436
DA:1715,0
DA:1716,0
DA:1717,0
DA:1718,436
DA:1719,0
DA:1720,0
DA:1721,0
DA:1722,0
DA:1723,0
DA:1724,0
DA:1726,0
DA:1727,0
DA:1728,436
DA:1729,436
DA:1732,872
DA:1733,436
DA:1734,5
DA:1737,431
DA:1738,431
DA:1741,5
DA:1743,5
DA:1744,436
LF:1058
LH:591
end_of_record
TN:
SF:/home/kuzz/ImageMagickFuzzing/delegate_libraries/libwebp-1.3.2/src/dec/webp_dec.c
FN:146,212,ParseOptionalChunks
FN:222,262,ParseVP8Header
FN:277,412,ParseHeadersInternal
FN:414,431,WebPParseHeaders
FN:437,441,WebPResetDecParams
FN:447,523,DecodeInto
FN:526,548,DecodeIntoRGBABuffer
FN:54,84,ParseRIFF
FN:550,552,WebPDecodeRGBInto
FN:555,557,WebPDecodeRGBAInto
FN:560,562,WebPDecodeARGBInto
FN:565,567,WebPDecodeBGRInto
FN:570,572,WebPDecodeBGRAInto
FN:575,600,WebPDecodeYUVInto
FN:604,631,Decode
FN:633,635,WebPDecodeRGB
FN:638,640,WebPDecodeRGBA
FN:643,645,WebPDecodeARGB
FN:648,650,WebPDecodeBGR
FN:653,655,WebPDecodeBGRA
FN:658,681,WebPDecodeYUV
FN:683,686,DefaultFeatures
FN:688,700,GetFeatures
FN:705,721,WebPGetInfo
FN:726,738,WebPInitDecoderConfigInternal
FN:740,750,WebPGetFeaturesInternal
FN:752,790,WebPDecode
FN:795,799,WebPCheckCropDimensions
FN:802,857,WebPIoInitFromOptions
FN:93,137,ParseVP8X
FNDA:2,ParseOptionalChunks
FNDA:2388,ParseVP8Header
FNDA:2394,ParseHeadersInternal
FNDA:595,WebPParseHeaders
FNDA:595,WebPResetDecParams
FNDA:595,DecodeInto
FNDA:0,DecodeIntoRGBABuffer
FNDA:2394,ParseRIFF
FNDA:0,WebPDecodeRGBInto
FNDA:0,WebPDecodeRGBAInto
FNDA:0,WebPDecodeARGBInto
FNDA:0,WebPDecodeBGRInto
FNDA:0,WebPDecodeBGRAInto
FNDA:0,WebPDecodeYUVInto
FNDA:0,Decode
FNDA:0,WebPDecodeRGB
FNDA:0,WebPDecodeRGBA
FNDA:0,WebPDecodeARGB
FNDA:0,WebPDecodeBGR
FNDA:0,WebPDecodeBGRA
FNDA:0,WebPDecodeYUV
FNDA:2410,DefaultFeatures
FNDA:1799,GetFeatures
FNDA:0,WebPGetInfo
FNDA:611,WebPInitDecoderConfigInternal
FNDA:1204,WebPGetFeaturesInternal
FNDA:595,WebPDecode
FNDA:0,WebPCheckCropDimensions
FNDA:436,WebPIoInitFromOptions
FNDA:2393,ParseVP8X
FNF:30
FNH:14
DA:54,2394
DA:61,2394
DA:62,2394
DA:63,2322
DA:64,0
DA:66,2322
DA:68,2322
DA:69,1
DA:71,2321
DA:72,0
DA:74,2321
DA:75,0
DA:78,2321
DA:79,2321
DA:80,2321
DA:82,2321
DA:83,2393
DA:84,2394
DA:93,2393
DA:98,2393
DA:103,2393
DA:105,2393
DA:106,0
DA:109,2393
DA:112,3
DA:113,3
DA:114,1
DA:118,2
DA:119,0
DA:121,2
DA:122,2
DA:123,2
DA:124,2
DA:125,1
DA:128,1
DA:129,1
DA:130,1
DA:132,1
DA:133,1
DA:134,1
DA:135,1
DA:136,2391
DA:137,2393
DA:146,2
DA:153,2
DA:158,2
DA:159,2
DA:163,2
DA:164,2
DA:166,3
DA:170,3
DA:171,3
DA:173,3
DA:174,1
DA:177,2
DA:178,2
DA:179,0
DA:182,2
DA:183,2
DA:186,2
DA:187,0
DA:194,2
DA:195,2
DA:196,0
DA:199,2
DA:200,1
DA:203,1
DA:204,1
DA:205,1
DA:206,1
DA:209,1
DA:210,1
DA:212,2
DA:222,2388
DA:226,2388
DA:227,2388
DA:228,2388
DA:229,2388
DA:237,2388
DA:238,0
DA:241,2388
DA:243,4
DA:244,4
DA:245,1
DA:247,3
DA:248,0
DA:251,3
DA:252,3
DA:253,3
DA:254,3
DA:255,3
DA:257,2384
DA:258,2384
DA:261,2387
DA:262,2388
DA:277,2394
DA:285,2394
DA:286,2394
DA:287,2394
DA:288,2394
DA:289,2394
DA:290,2394
DA:291,2394
DA:292,2394
DA:297,2394
DA:298,0
DA:300,2394
DA:301,2394
DA:302,2394
DA:305,2394
DA:306,2394
DA:307,1
DA:309,2393
DA:313,2393
DA:314,2393
DA:316,2393
DA:317,2
DA:319,2391
DA:320,2391
DA:323,1
DA:325,2390
DA:326,2390
DA:327,2390
DA:329,2390
DA:330,2390
DA:331,2390
DA:332,0
DA:333,0
DA:337,2390
DA:338,0
DA:339,0
DA:343,2459
DA:344,2388
DA:345,4
DA:346,2
DA:347,2
DA:348,2
DA:350,0
DA:353,4776
DA:354,2388
DA:355,2388
DA:356,1
DA:358,2387
DA:359,0
DA:362,2387
DA:363,1792
DA:364,1792
DA:366,2387
DA:367,5
DA:368,1
DA:369,1
DA:372,4
DA:374,4
DA:376,0
DA:377,2382
DA:378,1
DA:379,1
DA:382,2381
DA:383,1
DA:387,2380
DA:388,0
DA:389,0
DA:391,0
DA:392,2975
DA:393,595
DA:394,595
DA:397,595
DA:399,2385
DA:400,5
DA:401,2380
DA:404,1785
DA:405,1785
DA:406,2380
DA:407,2380
DA:408,2380
DA:410,5
DA:412,2394
DA:414,595
DA:417,595
DA:420,1190
DA:422,595
DA:423,595
DA:427,595
DA:428,0
DA:429,0
DA:430,595
DA:431,595
DA:437,595
DA:438,595
DA:439,595
DA:440,595
DA:441,595
DA:447,595
DA:453,595
DA:454,595
DA:455,595
DA:456,595
DA:457,595
DA:458,0
DA:462,595
DA:463,595
DA:464,595
DA:465,595
DA:467,595
DA:468,0
DA:469,0
DA:470,0
DA:472,0
DA:473,0
DA:476,0
DA:477,0
DA:478,0
DA:480,0
DA:481,0
DA:482,0
DA:484,0
DA:485,0
DA:486,0
DA:487,0
DA:488,0
DA:489,0
DA:490,0
DA:492,0
DA:493,0
DA:494,595
DA:495,595
DA:496,0
DA:498,595
DA:499,159
DA:500,159
DA:502,872
DA:503,436
DA:504,436
DA:505,436
DA:506,5
DA:507,5
DA:508,436
DA:510,595
DA:513,595
DA:514,164
DA:515,164
DA:516,431
DA:519,0
DA:520,0
DA:522,595
DA:523,595
DA:526,0
DA:533,0
DA:534,0
DA:536,0
DA:537,0
DA:538,0
DA:539,0
DA:540,0
DA:541,0
DA:542,0
DA:543,0
DA:544,0
DA:545,0
DA:547,0
DA:548,0
DA:550,0
DA:552,0
DA:555,0
DA:557,0
DA:560,0
DA:562,0
DA:565,0
DA:567,0
DA:570,0
DA:572,0
DA:575,0
DA:581,0
DA:582,0
DA:583,0
DA:584,0
DA:585,0
DA:586,0
DA:587,0
DA:588,0
DA:589,0
DA:590,0
DA:591,0
DA:592,0
DA:593,0
DA:594,0
DA:595,0
DA:596,0
DA:597,0
DA:599,0
DA:600,0
DA:604,0
DA:610,0
DA:611,0
DA:612,0
DA:613,0
DA:616,0
DA:617,0
DA:619,0
DA:620,0
DA:623,0
DA:624,0
DA:626,0
DA:627,0
DA:628,0
DA:630,0
DA:631,0
DA:633,0
DA:635,0
DA:638,0
DA:640,0
DA:643,0
DA:645,0
DA:648,0
DA:650,0
DA:653,0
DA:655,0
DA:658,0
DA:662,0
DA:663,0
DA:668,0
DA:669,0
DA:671,0
DA:672,0
DA:673,0
DA:674,0
DA:675,0
DA:676,0
DA:678,0
DA:679,0
DA:681,0
DA:683,2410
DA:685,2410
DA:686,2410
DA:688,1799
DA:690,1799
DA:691,0
DA:693,1799
DA:696,3598
DA:697,1799
DA:698,1799
DA:699,1799
DA:700,1799
DA:705,0
DA:709,0
DA:710,0
DA:713,0
DA:714,0
DA:715,0
DA:716,0
DA:717,0
DA:718,0
DA:720,0
DA:721,0
DA:726,611
DA:728,611
DA:729,0
DA:731,611
DA:732,0
DA:734,611
DA:735,611
DA:736,611
DA:737,611
DA:738,611
DA:740,1204
DA:743,1204
DA:744,0
DA:746,1204
DA:747,0
DA:749,1204
DA:750,1204
DA:752,595
DA:757,595
DA:758,0
DA:761,595
DA:762,595
DA:763,0
DA:764,0
DA:766,0
DA:769,595
DA:770,595
DA:771,595
DA:772,595
DA:775,0
DA:776,0
DA:777,0
DA:778,0
DA:779,0
DA:780,0
DA:781,0
DA:782,0
DA:783,0
DA:784,0
DA:785,0
DA:786,595
DA:789,595
DA:790,595
DA:795,0
DA:797,0
DA:798,0
DA:799,0
DA:802,436
DA:804,436
DA:805,436
DA:806,436
DA:809,436
DA:810,436
DA:811,0
DA:812,0
DA:813,0
DA:814,0
DA:815,0
DA:816,0
DA:817,0
DA:818,0
DA:819,0
DA:820,0
DA:822,0
DA:823,436
DA:824,436
DA:825,436
DA:826,436
DA:827,436
DA:828,436
DA:831,436
DA:832,436
DA:833,0
DA:834,0
DA:835,0
DA:836,0
DA:838,0
DA:839,0
DA:840,0
DA:843,436
DA:847,436
DA:850,436
DA:852,0
DA:853,0
DA:854,0
DA:855,0
DA:856,436
DA:857,436
LF:442
LH:253
end_of_record
TN:
SF:/home/kuzz/ImageMagickFuzzing/delegate_libraries/libwebp-1.3.2/src/demux/anim_decode.c
FN:147,151,WebPAnimDecoderGetInfo
FN:154,156,IsFullFrame
FN:160,167,ZeroFillCanvas
FN:170,179,ZeroFillFrameRect
FN:182,189,CopyCanvas
FN:192,208,IsKeyFrame
FN:213,220,BlendChannelNonPremult
FN:224,250,BlendPixelNonPremult
FN:254,263,BlendPixelRowNonPremult
FN:266,270,ChannelwiseMultiply
FN:274,276,BlendPixelPremult
FN:281,290,BlendPixelRowPremult
FN:294,323,FindBlendRangeAtRow
FN:325,443,WebPAnimDecoderGetNext
FN:445,448,WebPAnimDecoderHasMoreFrames
FN:450,458,WebPAnimDecoderReset
FN:460,463,WebPAnimDecoderGetDemuxer
FN:465,473,WebPAnimDecoderDelete
FN:56,59,DefaultDecoderOptions
FN:61,69,WebPAnimDecoderOptionsInitInternal
FN:71,91,ApplyDecoderOptions
FN:93,145,WebPAnimDecoderNewInternal
FNDA:0,WebPAnimDecoderGetInfo
FNDA:0,IsFullFrame
FNDA:0,ZeroFillCanvas
FNDA:0,ZeroFillFrameRect
FNDA:0,CopyCanvas
FNDA:0,IsKeyFrame
FNDA:0,BlendChannelNonPremult
FNDA:0,BlendPixelNonPremult
FNDA:0,BlendPixelRowNonPremult
FNDA:0,ChannelwiseMultiply
FNDA:0,BlendPixelPremult
FNDA:0,BlendPixelRowPremult
FNDA:0,FindBlendRangeAtRow
FNDA:0,WebPAnimDecoderGetNext
FNDA:0,WebPAnimDecoderHasMoreFrames
FNDA:0,WebPAnimDecoderReset
FNDA:0,WebPAnimDecoderGetDemuxer
FNDA:0,WebPAnimDecoderDelete
FNDA:0,DefaultDecoderOptions
FNDA:0,WebPAnimDecoderOptionsInitInternal
FNDA:0,ApplyDecoderOptions
FNDA:0,WebPAnimDecoderNewInternal
FNF:22
FNH:0
DA:56,0
DA:57,0
DA:58,0
DA:59,0
DA:61,0
DA:63,0
DA:64,0
DA:65,0
DA:67,0
DA:68,0
DA:69,0
DA:71,0
DA:74,0
DA:77,0
DA:78,0
DA:79,0
DA:80,0
DA:82,0
DA:85,0
DA:86,0
DA:87,0
DA:88,0
DA:90,0
DA:91,0
DA:93,0
DA:97,0
DA:99,0
DA:100,0
DA:101,0
DA:106,0
DA:108,0
DA:112,0
DA:113,0
DA:115,0
DA:116,0
DA:117,0
DA:118,0
DA:120,0
DA:122,0
DA:123,0
DA:125,0
DA:126,0
DA:127,0
DA:128,0
DA:129,0
DA:132,0
DA:133,0
DA:134,0
DA:135,0
DA:136,0
DA:137,0
DA:139,0
DA:140,0
DA:143,0
DA:144,0
DA:145,0
DA:147,0
DA:148,0
DA:149,0
DA:150,0
DA:151,0
DA:154,0
DA:156,0
DA:160,0
DA:162,0
DA:163,0
DA:164,0
DA:165,0
DA:166,0
DA:167,0
DA:170,0
DA:174,0
DA:175,0
DA:176,0
DA:177,0
DA:178,0
DA:179,0
DA:182,0
DA:184,0
DA:185,0
DA:187,0
DA:188,0
DA:189,0
DA:192,0
DA:196,0
DA:197,0
DA:198,0
DA:199,0
DA:200,0
DA:201,0
DA:203,0
DA:204,0
DA:205,0
DA:206,0
DA:208,0
DA:213,0
DA:216,0
DA:217,0
DA:218,0
DA:220,0
DA:224,0
DA:225,0
DA:227,0
DA:228,0
DA:230,0
DA:233,0
DA:234,0
DA:235,0
DA:237,0
DA:238,0
DA:239,0
DA:240,0
DA:241,0
DA:242,0
DA:245,0
DA:246,0
DA:247,0
DA:248,0
DA:250,0
DA:254,0
DA:257,0
DA:258,0
DA:259,0
DA:260,0
DA:261,0
DA:262,0
DA:263,0
DA:266,0
DA:267,0
DA:268,0
DA:269,0
DA:270,0
DA:274,0
DA:275,0
DA:276,0
DA:281,0
DA:284,0
DA:285,0
DA:286,0
DA:287,0
DA:288,0
DA:289,0
DA:290,0
DA:294,0
DA:298,0
DA:299,0
DA:300,0
DA:302,0
DA:303,0
DA:304,0
DA:305,0
DA:307,0
DA:308,0
DA:309,0
DA:310,0
DA:311,0
DA:314,0
DA:315,0
DA:316,0
DA:317,0
DA:319,0
DA:320,0
DA:321,0
DA:322,0
DA:323,0
DA:325,0
DA:334,0
DA:335,0
DA:337,0
DA:338,0
DA:339,0
DA:342,0
DA:343,0
DA:345,0
DA:348,0
DA:349,0
DA:350,0
DA:351,0
DA:352,0
DA:354,0
DA:355,0
DA:356,0
DA:357,0
DA:363,0
DA:364,0
DA:365,0
DA:366,0
DA:367,0
DA:368,0
DA:369,0
DA:370,0
DA:371,0
DA:372,0
DA:373,0
DA:374,0
DA:376,0
DA:377,0
DA:385,0
DA:386,0
DA:387,0
DA:390,0
DA:391,0
DA:392,0
DA:393,0
DA:394,0
DA:395,0
DA:396,0
DA:403,0
DA:404,0
DA:406,0
DA:408,0
DA:409,0
DA:410,0
DA:411,0
DA:412,0
DA:413,0
DA:414,0
DA:415,0
DA:416,0
DA:417,0
DA:418,0
DA:420,0
DA:423,0
DA:424,0
DA:425,0
DA:426,0
DA:427,0
DA:428,0
DA:429,0
DA:430,0
DA:431,0
DA:432,0
DA:433,0
DA:436,0
DA:437,0
DA:438,0
DA:441,0
DA:442,0
DA:443,0
DA:445,0
DA:446,0
DA:447,0
DA:448,0
DA:450,0
DA:451,0
DA:452,0
DA:453,0
DA:454,0
DA:455,0
DA:456,0
DA:457,0
DA:458,0
DA:460,0
DA:461,0
DA:462,0
DA:463,0
DA:465,0
DA:466,0
DA:467,0
DA:468,0
DA:469,0
DA:470,0
DA:471,0
DA:472,0
DA:473,0
LF:265
LH:0
end_of_record
TN:
SF:/home/kuzz/ImageMagickFuzzing/delegate_libraries/libwebp-1.3.2/src/demux/demux.c
FN:102,103,WebPGetDemuxVersion
FN:109,116,RemapMemBuffer
FN:118,121,InitMemBuffer
FN:125,126,MemDataSize
FN:130,131,SizeIsInvalid
FN:134,136,Skip
FN:138,140,Rewind
FN:142,143,GetBuffer
FN:147,150,ReadByte
FN:153,157,ReadLE16s
FN:160,164,ReadLE24s
FN:167,171,ReadLE32
FN:177,181,AddChunk
FN:185,193,AddFrame
FN:195,206,SetFrameInfo
FN:210,292,StoreFrame
FN:298,307,NewFrame
FN:311,356,ParseAnimationFrame
FN:362,371,StoreChunk
FN:376,399,ReadHeader
FN:401,445,ParseSingleImage
FN:447,538,ParseVP8XChunks
FN:540,569,ParseVP8X
FN:574,583,IsValidSimpleFormat
FN:587,602,CheckFrameBounds
FN:604,654,IsValidExtendedFormat
FN:659,668,InitDemux
FN:670,703,CreateRawImageDemuxer
FN:705,762,WebPDemuxInternal
FN:764,780,WebPDemuxDelete
FN:784,796,WebPDemuxGetI
FN:801,806,GetFrame
FN:809,831,GetFramePayload
FN:834,857,SynthesizeFrame
FN:859,870,SetFrame
FN:872,878,WebPDemuxGetFrame
FN:880,883,WebPDemuxNextFrame
FN:885,889,WebPDemuxPrevFrame
FN:891,893,WebPDemuxReleaseIterator
FN:898,906,ChunkCount
FN:909,919,GetChunk
FN:922,942,SetChunk
FN:944,952,WebPDemuxGetChunk
FN:954,961,WebPDemuxNextChunk
FN:963,970,WebPDemuxPrevChunk
FN:972,974,WebPDemuxReleaseChunkIterator
FNDA:0,WebPGetDemuxVersion
FNDA:0,RemapMemBuffer
FNDA:0,InitMemBuffer
FNDA:0,MemDataSize
FNDA:0,SizeIsInvalid
FNDA:0,Skip
FNDA:0,Rewind
FNDA:0,GetBuffer
FNDA:0,ReadByte
FNDA:0,ReadLE16s
FNDA:0,ReadLE24s
FNDA:0,ReadLE32
FNDA:0,AddChunk
FNDA:0,AddFrame
FNDA:0,SetFrameInfo
FNDA:0,StoreFrame
FNDA:0,NewFrame
FNDA:0,ParseAnimationFrame
FNDA:0,StoreChunk
FNDA:0,ReadHeader
FNDA:0,ParseSingleImage
FNDA:0,ParseVP8XChunks
FNDA:0,ParseVP8X
FNDA:0,IsValidSimpleFormat
FNDA:0,CheckFrameBounds
FNDA:0,IsValidExtendedFormat
FNDA:0,InitDemux
FNDA:0,CreateRawImageDemuxer
FNDA:0,WebPDemuxInternal
FNDA:0,WebPDemuxDelete
FNDA:0,WebPDemuxGetI
FNDA:0,GetFrame
FNDA:0,GetFramePayload
FNDA:0,SynthesizeFrame
FNDA:0,SetFrame
FNDA:0,WebPDemuxGetFrame
FNDA:0,WebPDemuxNextFrame
FNDA:0,WebPDemuxPrevFrame
FNDA:0,WebPDemuxReleaseIterator
FNDA:0,ChunkCount
FNDA:0,GetChunk
FNDA:0,SetChunk
FNDA:0,WebPDemuxGetChunk
FNDA:0,WebPDemuxNextChunk
FNDA:0,WebPDemuxPrevChunk
FNDA:0,WebPDemuxReleaseChunkIterator
FNF:46
FNH:0
DA:102,0
DA:103,0
DA:109,0
DA:111,0
DA:113,0
DA:114,0
DA:115,0
DA:116,0
DA:118,0
DA:120,0
DA:121,0
DA:125,0
DA:126,0
DA:130,0
DA:131,0
DA:134,0
DA:135,0
DA:136,0
DA:138,0
DA:139,0
DA:140,0
DA:142,0
DA:143,0
DA:147,0
DA:148,0
DA:149,0
DA:150,0
DA:153,0
DA:154,0
DA:155,0
DA:156,0
DA:157,0
DA:160,0
DA:161,0
DA:162,0
DA:163,0
DA:164,0
DA:167,0
DA:168,0
DA:169,0
DA:170,0
DA:171,0
DA:177,0
DA:178,0
DA:179,0
DA:180,0
DA:181,0
DA:185,0
DA:186,0
DA:187,0
DA:189,0
DA:190,0
DA:191,0
DA:192,0
DA:193,0
DA:195,0
DA:199,0
DA:200,0
DA:201,0
DA:202,0
DA:203,0
DA:204,0
DA:205,0
DA:206,0
DA:210,0
DA:212,0
DA:213,0
DA:214,0
DA:215,0
DA:216,0
DA:218,0
DA:220,0
DA:221,0
DA:222,0
DA:223,0
DA:228,0
DA:230,0
DA:231,0
DA:232,0
DA:233,0
DA:234,0
DA:235,0
DA:237,0
DA:239,0
DA:240,0
DA:241,0
DA:242,0
DA:243,0
DA:244,0
DA:245,0
DA:246,0
DA:247,0
DA:249,0
DA:251,0
DA:254,0
DA:258,0
DA:259,0
DA:261,0
DA:262,0
DA:263,0
DA:264,0
DA:266,0
DA:268,0
DA:269,0
DA:270,0
DA:271,0
DA:272,0
DA:273,0
DA:275,0
DA:279,0
DA:280,0
DA:281,0
DA:284,0
DA:285,0
DA:286,0
DA:287,0
DA:288,0
DA:289,0
DA:291,0
DA:292,0
DA:298,0
DA:301,0
DA:302,0
DA:303,0
DA:305,0
DA:306,0
DA:307,0
DA:311,0
DA:313,0
DA:314,0
DA:315,0
DA:317,0
DA:320,0
DA:321,0
DA:322,0
DA:324,0
DA:325,0
DA:326,0
DA:327,0
DA:328,0
DA:329,0
DA:330,0
DA:331,0
DA:332,0
DA:333,0
DA:334,0
DA:335,0
DA:340,0
DA:341,0
DA:342,0
DA:343,0
DA:344,0
DA:345,0
DA:346,0
DA:347,0
DA:348,0
DA:349,0
DA:350,0
DA:352,0
DA:354,0
DA:355,0
DA:356,0
DA:362,0
DA:364,0
DA:365,0
DA:367,0
DA:368,0
DA:369,0
DA:370,0
DA:371,0
DA:376,0
DA:377,0
DA:381,0
DA:382,0
DA:383,0
DA:384,0
DA:387,0
DA:388,0
DA:389,0
DA:392,0
DA:393,0
DA:394,0
DA:395,0
DA:397,0
DA:398,0
DA:399,0
DA:401,0
DA:402,0
DA:403,0
DA:406,0
DA:408,0
DA:409,0
DA:410,0
DA:412,0
DA:413,0
DA:417,0
DA:418,0
DA:419,0
DA:421,0
DA:422,0
DA:423,0
DA:424,0
DA:425,0
DA:429,0
DA:430,0
DA:431,0
DA:432,0
DA:433,0
DA:434,0
DA:435,0
DA:436,0
DA:437,0
DA:438,0
DA:439,0
DA:441,0
DA:443,0
DA:444,0
DA:445,0
DA:447,0
DA:448,0
DA:449,0
DA:450,0
DA:451,0
DA:453,0
DA:454,0
DA:455,0
DA:456,0
DA:457,0
DA:460,0
DA:462,0
DA:463,0
DA:465,0
DA:467,0
DA:473,0
DA:475,0
DA:476,0
DA:477,0
DA:480,0
DA:482,0
DA:483,0
DA:484,0
DA:485,0
DA:486,0
DA:487,0
DA:488,0
DA:489,0
DA:490,0
DA:491,0
DA:493,0
DA:496,0
DA:497,0
DA:498,0
DA:501,0
DA:502,0
DA:505,0
DA:506,0
DA:509,0
DA:510,0
DA:511,0
DA:514,0
DA:515,0
DA:518,0
DA:519,0
DA:520,0
DA:522,0
DA:523,0
DA:524,0
DA:525,0
DA:528,0
DA:530,0
DA:531,0
DA:532,0
DA:533,0
DA:534,0
DA:535,0
DA:537,0
DA:538,0
DA:540,0
DA:541,0
DA:544,0
DA:546,0
DA:547,0
DA:548,0
DA:549,0
DA:550,0
DA:551,0
DA:552,0
DA:553,0
DA:555,0
DA:556,0
DA:557,0
DA:558,0
DA:559,0
DA:560,0
DA:562,0
DA:563,0
DA:565,0
DA:566,0
DA:568,0
DA:569,0
DA:574,0
DA:575,0
DA:576,0
DA:578,0
DA:579,0
DA:581,0
DA:582,0
DA:583,0
DA:587,0
DA:589,0
DA:590,0
DA:591,0
DA:593,0
DA:594,0
DA:596,0
DA:597,0
DA:598,0
DA:599,0
DA:601,0
DA:602,0
DA:604,0
DA:605,0
DA:606,0
DA:608,0
DA:610,0
DA:611,0
DA:612,0
DA:613,0
DA:615,0
DA:616,0
DA:619,0
DA:620,0
DA:621,0
DA:623,0
DA:625,0
DA:626,0
DA:628,0
DA:629,0
DA:632,0
DA:633,0
DA:635,0
DA:638,0
DA:639,0
DA:640,0
DA:643,0
DA:646,0
DA:647,0
DA:648,0
DA:649,0
DA:651,0
DA:653,0
DA:654,0
DA:659,0
DA:660,0
DA:661,0
DA:662,0
DA:663,0
DA:664,0
DA:665,0
DA:666,0
DA:667,0
DA:668,0
DA:670,0
DA:673,0
DA:674,0
DA:675,0
DA:676,0
DA:677,0
DA:682,0
DA:683,0
DA:684,0
DA:685,0
DA:686,0
DA:687,0
DA:688,0
DA:689,0
DA:690,0
DA:691,0
DA:692,0
DA:693,0
DA:695,0
DA:696,0
DA:699,0
DA:700,0
DA:701,0
DA:703,0
DA:705,0
DA:709,0
DA:713,0
DA:715,0
DA:716,0
DA:718,0
DA:719,0
DA:720,0
DA:723,0
DA:724,0
DA:725,0
DA:726,0
DA:727,0
DA:729,0
DA:730,0
DA:731,0
DA:733,0
DA:734,0
DA:737,0
DA:738,0
DA:740,0
DA:741,0
DA:742,0
DA:744,0
DA:745,0
DA:746,0
DA:747,0
DA:748,0
DA:749,0
DA:750,0
DA:751,0
DA:752,0
DA:754,0
DA:755,0
DA:757,0
DA:758,0
DA:759,0
DA:761,0
DA:762,0
DA:764,0
DA:767,0
DA:769,0
DA:770,0
DA:771,0
DA:772,0
DA:774,0
DA:775,0
DA:776,0
DA:777,0
DA:779,0
DA:780,0
DA:784,0
DA:785,0
DA:787,0
DA:788,0
DA:789,0
DA:790,0
DA:791,0
DA:792,0
DA:793,0
DA:795,0
DA:796,0
DA:801,0
DA:803,0
DA:804,0
DA:805,0
DA:806,0
DA:809,0
DA:812,0
DA:813,0
DA:814,0
DA:815,0
DA:816,0
DA:817,0
DA:821,0
DA:822,0
DA:823,0
DA:825,0
DA:826,0
DA:827,0
DA:828,0
DA:830,0
DA:831,0
DA:834,0
DA:837,0
DA:838,0
DA:839,0
DA:840,0
DA:843,0
DA:844,0
DA:845,0
DA:846,0
DA:847,0
DA:848,0
DA:849,0
DA:850,0
DA:851,0
DA:852,0
DA:853,0
DA:854,0
DA:855,0
DA:856,0
DA:857,0
DA:859,0
DA:861,0
DA:862,0
DA:863,0
DA:864,0
DA:866,0
DA:867,0
DA:869,0
DA:870,0
DA:872,0
DA:873,0
DA:875,0
DA:876,0
DA:877,0
DA:878,0
DA:880,0
DA:881,0
DA:882,0
DA:883,0
DA:885,0
DA:886,0
DA:887,0
DA:888,0
DA:889,0
DA:891,0
DA:892,0
DA:893,0
DA:898,0
DA:899,0
DA:901,0
DA:902,0
DA:903,0
DA:904,0
DA:905,0
DA:906,0
DA:909,0
DA:911,0
DA:913,0
DA:914,0
DA:915,0
DA:916,0
DA:917,0
DA:918,0
DA:919,0
DA:922,0
DA:924,0
DA:927,0
DA:928,0
DA:929,0
DA:930,0
DA:932,0
DA:933,0
DA:934,0
DA:935,0
DA:936,0
DA:937,0
DA:938,0
DA:939,0
DA:941,0
DA:942,0
DA:944,0
DA:947,0
DA:949,0
DA:950,0
DA:951,0
DA:952,0
DA:954,0
DA:955,0
DA:956,0
DA:957,0
DA:958,0
DA:960,0
DA:961,0
DA:963,0
DA:964,0
DA:965,0
DA:966,0
DA:967,0
DA:969,0
DA:970,0
DA:972,0
DA:973,0
DA:974,0
LF:572
LH:0
end_of_record
TN:
SF:/home/kuzz/ImageMagickFuzzing/delegate_libraries/libwebp-1.3.2/src/dsp/alpha_processing.c
FN:134,135,GetScale
FN:140,158,WebPMultARGBRow_C
FN:160,175,WebPMultRow_C
FN:189,196,WebPMultARGBRows
FN:198,207,WebPMultRows
FN:226,243,ApplyAlphaMultiply_C
FN:252,253,dither_hi
FN:256,257,dither_lo
FN:260,261,multiply
FN:264,282,ApplyAlphaMultiply4444_C
FN:285,292,ApplyAlphaMultiply_16b_C
FN:29,32,Mult
FN:295,311,DispatchAlpha_C
FN:314,326,DispatchAlphaToGreen_C
FN:328,343,ExtractAlpha_C
FN:346,350,ExtractGreen_C
FN:355,358,HasAlpha8b_C
FN:360,364,HasAlpha32b_C
FN:366,369,AlphaReplace_C
FN:374,375,MakeARGB32
FN:391,400,PackRGB_C
FN:434,496,WebPInitAlphaProcessing
FN:434,496,WebPInitAlphaProcessing_body
FNDA:0,GetScale
FNDA:0,WebPMultARGBRow_C
FNDA:0,WebPMultRow_C
FNDA:0,WebPMultARGBRows
FNDA:0,WebPMultRows
FNDA:0,ApplyAlphaMultiply_C
FNDA:0,dither_hi
FNDA:0,dither_lo
FNDA:0,multiply
FNDA:0,ApplyAlphaMultiply4444_C
FNDA:0,ApplyAlphaMultiply_16b_C
FNDA:0,Mult
FNDA:0,DispatchAlpha_C
FNDA:0,DispatchAlphaToGreen_C
FNDA:0,ExtractAlpha_C
FNDA:0,ExtractGreen_C
FNDA:0,HasAlpha8b_C
FNDA:0,HasAlpha32b_C
FNDA:0,AlphaReplace_C
FNDA:0,MakeARGB32
FNDA:0,PackRGB_C
FNDA:0,WebPInitAlphaProcessing
FNDA:0,WebPInitAlphaProcessing_body
FNF:23
FNH:0
DA:29,0
DA:30,0
DA:32,0
DA:134,0
DA:135,0
DA:140,0
DA:142,0
DA:143,0
DA:144,0
DA:145,0
DA:146,0
DA:147,0
DA:148,0
DA:149,0
DA:150,0
DA:151,0
DA:152,0
DA:153,0
DA:154,0
DA:156,0
DA:157,0
DA:158,0
DA:160,0
DA:164,0
DA:165,0
DA:166,0
DA:167,0
DA:168,0
DA:169,0
DA:170,0
DA:171,0
DA:173,0
DA:174,0
DA:175,0
DA:189,0
DA:192,0
DA:193,0
DA:194,0
DA:195,0
DA:196,0
DA:198,0
DA:202,0
DA:203,0
DA:204,0
DA:205,0
DA:206,0
DA:207,0
DA:226,0
DA:228,0
DA:229,0
DA:230,0
DA:232,0
DA:233,0
DA:234,0
DA:235,0
DA:236,0
DA:237,0
DA:238,0
DA:239,0
DA:240,0
DA:241,0
DA:243,0
DA:252,0
DA:253,0
DA:256,0
DA:257,0
DA:260,0
DA:261,0
DA:264,0
DA:267,0
DA:269,0
DA:270,0
DA:271,0
DA:272,0
DA:273,0
DA:274,0
DA:275,0
DA:276,0
DA:277,0
DA:278,0
DA:279,0
DA:280,0
DA:282,0
DA:285,0
DA:290,0
DA:292,0
DA:295,0
DA:298,0
DA:301,0
DA:302,0
DA:303,0
DA:304,0
DA:305,0
DA:306,0
DA:307,0
DA:308,0
DA:309,0
DA:311,0
DA:314,0
DA:319,0
DA:320,0
DA:321,0
DA:322,0
DA:323,0
DA:324,0
DA:325,0
DA:326,0
DA:328,0
DA:331,0
DA:334,0
DA:335,0
DA:336,0
DA:337,0
DA:338,0
DA:339,0
DA:340,0
DA:341,0
DA:342,0
DA:343,0
DA:346,0
DA:349,0
DA:350,0
DA:355,0
DA:356,0
DA:357,0
DA:358,0
DA:360,0
DA:362,0
DA:363,0
DA:364,0
DA:366,0
DA:368,0
DA:369,0
DA:374,0
DA:375,0
DA:391,0
DA:395,0
DA:396,0
DA:397,0
DA:398,0
DA:399,0
DA:400,0
DA:434,0
DA:435,0
DA:436,0
DA:437,0
DA:442,0
DA:444,0
DA:445,0
DA:446,0
DA:447,0
DA:448,0
DA:451,0
DA:452,0
DA:453,0
DA:456,0
DA:458,0
DA:459,0
DA:461,0
DA:462,0
DA:463,0
DA:465,0
DA:472,0
DA:496,0
LF:164
LH:0
end_of_record
TN:
SF:/home/kuzz/ImageMagickFuzzing/delegate_libraries/libwebp-1.3.2/src/dsp/alpha_processing_mips_dsp_r2.c
FN:226,226,WebPInitAlphaProcessingMIPSdspR2
FNDA:0,WebPInitAlphaProcessingMIPSdspR2
FNF:1
FNH:0
DA:226,0
LF:1
LH:0
end_of_record
TN:
SF:/home/kuzz/ImageMagickFuzzing/delegate_libraries/libwebp-1.3.2/src/dsp/alpha_processing_neon.c
FN:192,192,WebPInitAlphaProcessingNEON
FNDA:0,WebPInitAlphaProcessingNEON
FNF:1
FNH:0
DA:192,0
LF:1
LH:0
end_of_record
TN:
SF:/home/kuzz/ImageMagickFuzzing/delegate_libraries/libwebp-1.3.2/src/dsp/alpha_processing_sse2.c
FN:102,144,ExtractAlpha_SSE2
FN:178,210,ApplyAlphaMultiply_SSE2
FN:21,72,DispatchAlpha_SSE2
FN:217,228,HasAlpha8b_SSE2
FN:230,267,HasAlpha32b_SSE2
FN:269,288,AlphaReplace_SSE2
FN:293,319,MultARGBRow_SSE2
FN:321,343,MultRow_SSE2
FN:350,361,WebPInitAlphaProcessingSSE2
FN:75,100,DispatchAlphaToGreen_SSE2
FNDA:0,ExtractAlpha_SSE2
FNDA:0,ApplyAlphaMultiply_SSE2
FNDA:0,DispatchAlpha_SSE2
FNDA:0,HasAlpha8b_SSE2
FNDA:0,HasAlpha32b_SSE2
FNDA:0,AlphaReplace_SSE2
FNDA:0,MultARGBRow_SSE2
FNDA:0,MultRow_SSE2
FNDA:0,WebPInitAlphaProcessingSSE2
FNDA:0,DispatchAlphaToGreen_SSE2
FNF:10
FNH:0
DA:21,0
DA:26,0
DA:28,0
DA:29,0
DA:30,0
DA:31,0
DA:36,0
DA:38,0
DA:39,0
DA:40,0
DA:42,0
DA:43,0
DA:44,0
DA:45,0
DA:47,0
DA:48,0
DA:50,0
DA:51,0
DA:53,0
DA:54,0
DA:56,0
DA:57,0
DA:59,0
DA:60,0
DA:61,0
DA:62,0
DA:63,0
DA:64,0
DA:65,0
DA:66,0
DA:67,0
DA:68,0
DA:69,0
DA:71,0
DA:72,0
DA:75,0
DA:80,0
DA:81,0
DA:82,0
DA:83,0
DA:84,0
DA:85,0
DA:86,0
DA:87,0
DA:88,0
DA:89,0
DA:90,0
DA:91,0
DA:92,0
DA:93,0
DA:94,0
DA:95,0
DA:96,0
DA:97,0
DA:98,0
DA:99,0
DA:100,0
DA:102,0
DA:107,0
DA:109,0
DA:110,0
DA:111,0
DA:116,0
DA:118,0
DA:119,0
DA:120,0
DA:122,0
DA:123,0
DA:124,0
DA:125,0
DA:126,0
DA:127,0
DA:129,0
DA:131,0
DA:132,0
DA:133,0
DA:134,0
DA:135,0
DA:136,0
DA:137,0
DA:138,0
DA:139,0
DA:140,0
DA:141,0
DA:143,0
DA:144,0
DA:178,0
DA:180,0
DA:181,0
DA:182,0
DA:183,0
DA:184,0
DA:185,0
DA:187,0
DA:188,0
DA:189,0
DA:190,0
DA:191,0
DA:192,0
DA:193,0
DA:194,0
DA:197,0
DA:198,0
DA:199,0
DA:200,0
DA:201,0
DA:202,0
DA:203,0
DA:204,0
DA:205,0
DA:206,0
DA:207,0
DA:208,0
DA:210,0
DA:217,0
DA:218,0
DA:219,0
DA:220,0
DA:221,0
DA:222,0
DA:223,0
DA:224,0
DA:225,0
DA:226,0
DA:227,0
DA:228,0
DA:230,0
DA:231,0
DA:232,0
DA:233,0
DA:237,0
DA:238,0
DA:239,0
DA:240,0
DA:241,0
DA:242,0
DA:243,0
DA:244,0
DA:245,0
DA:246,0
DA:247,0
DA:248,0
DA:249,0
DA:250,0
DA:251,0
DA:252,0
DA:253,0
DA:254,0
DA:255,0
DA:256,0
DA:257,0
DA:258,0
DA:259,0
DA:260,0
DA:261,0
DA:262,0
DA:263,0
DA:264,0
DA:265,0
DA:266,0
DA:267,0
DA:269,0
DA:270,0
DA:271,0
DA:272,0
DA:273,0
DA:274,0
DA:275,0
DA:276,0
DA:277,0
DA:278,0
DA:279,0
DA:280,0
DA:281,0
DA:282,0
DA:283,0
DA:284,0
DA:285,0
DA:286,0
DA:287,0
DA:288,0
DA:293,0
DA:294,0
DA:295,0
DA:296,0
DA:297,0
DA:298,0
DA:299,0
DA:300,0
DA:301,0
DA:304,0
DA:305,0
DA:306,0
DA:307,0
DA:308,0
DA:310,0
DA:311,0
DA:312,0
DA:313,0
DA:314,0
DA:315,0
DA:316,0
DA:317,0
DA:318,0
DA:319,0
DA:321,0
DA:324,0
DA:325,0
DA:326,0
DA:327,0
DA:328,0
DA:329,0
DA:330,0
DA:331,0
DA:332,0
DA:333,0
DA:334,0
DA:335,0
DA:336,0
DA:337,0
DA:338,0
DA:339,0
DA:340,0
DA:341,0
DA:342,0
DA:343,0
DA:350,0
DA:351,0
DA:352,0
DA:353,0
DA:354,0
DA:355,0
DA:356,0
DA:358,0
DA:359,0
DA:360,0
DA:361,0
LF:237
LH:0
end_of_record
TN:
SF:/home/kuzz/ImageMagickFuzzing/delegate_libraries/libwebp-1.3.2/src/dsp/alpha_processing_sse41.c
FN:22,76,ExtractAlpha_SSE41
FN:84,86,WebPInitAlphaProcessingSSE41
FNDA:0,ExtractAlpha_SSE41
FNDA:0,WebPInitAlphaProcessingSSE41
FNF:2
FNH:0
DA:22,0
DA:27,0
DA:29,0
DA:30,0
DA:35,0
DA:36,0
DA:38,0
DA:40,0
DA:42,0
DA:44,0
DA:45,0
DA:46,0
DA:48,0
DA:49,0
DA:50,0
DA:51,0
DA:52,0
DA:53,0
DA:54,0
DA:55,0
DA:56,0
DA:57,0
DA:58,0
DA:60,0
DA:62,0
DA:63,0
DA:64,0
DA:65,0
DA:66,0
DA:67,0
DA:68,0
DA:69,0
DA:70,0
DA:71,0
DA:72,0
DA:74,0
DA:75,0
DA:76,0
DA:84,0
DA:85,0
DA:86,0
LF:41
LH:0
end_of_record
TN:
SF:/home/kuzz/ImageMagickFuzzing/delegate_libraries/libwebp-1.3.2/src/dsp/common_sse2.h
FN:131,156,VP8PlanarTo24b_SSE2
FN:162,186,VP8L32bToPlanar_SSE2
FN:59,64,VP8HorizontalAdd8b
FN:68,101,VP8Transpose_2_4x4_16b
FNDA:0,VP8PlanarTo24b_SSE2
FNDA:0,VP8L32bToPlanar_SSE2
FNDA:0,VP8HorizontalAdd8b
FNDA:0,VP8Transpose_2_4x4_16b
FNF:4
FNH:0
DA:59,0
DA:60,0
DA:61,0
DA:63,0
DA:64,0
DA:68,0
DA:77,0
DA:78,0
DA:79,0
DA:80,0
DA:85,0
DA:86,0
DA:87,0
DA:88,0
DA:93,0
DA:94,0
DA:95,0
DA:96,0
DA:101,0
DA:131,0
DA:147,0
DA:148,0
DA:149,0
DA:153,0
DA:154,0
DA:156,0
DA:162,0
DA:167,0
DA:168,0
DA:169,0
DA:170,0
DA:171,0
DA:172,0
DA:173,0
DA:174,0
DA:177,0
DA:178,0
DA:179,0
DA:180,0
DA:182,0
DA:183,0
DA:184,0
DA:185,0
DA:186,0
LF:44
LH:0
end_of_record
TN:
SF:/home/kuzz/ImageMagickFuzzing/delegate_libraries/libwebp-1.3.2/src/dsp/common_sse41.h
FN:101,124,VP8L32bToPlanar_SSE41
FN:38,95,VP8PlanarTo24b_SSE41
FNDA:0,VP8L32bToPlanar_SSE41
FNDA:0,VP8PlanarTo24b_SSE41
FNF:2
FNH:0
DA:38,0
DA:47,0
DA:49,0
DA:51,0
DA:53,0
DA:60,0
DA:62,0
DA:64,0
DA:66,0
DA:71,0
DA:73,0
DA:75,0
DA:77,0
DA:82,0
DA:83,0
DA:84,0
DA:85,0
DA:86,0
DA:87,0
DA:88,0
DA:89,0
DA:90,0
DA:91,0
DA:92,0
DA:93,0
DA:95,0
DA:101,0
DA:106,0
DA:107,0
DA:108,0
DA:109,0
DA:110,0
DA:111,0
DA:116,0
DA:117,0
DA:118,0
DA:119,0
DA:120,0
DA:121,0
DA:122,0
DA:123,0
DA:124,0
LF:42
LH:0
end_of_record
TN:
SF:/home/kuzz/ImageMagickFuzzing/delegate_libraries/libwebp-1.3.2/src/dsp/cost.c
FN:322,355,GetResidualCost_C
FN:357,369,SetResidualCoeffs_C
FN:383,410,VP8EncDspCostInit
FN:383,410,VP8EncDspCostInit_body
FNDA:0,GetResidualCost_C
FNDA:0,SetResidualCoeffs_C
FNDA:0,VP8EncDspCostInit
FNDA:0,VP8EncDspCostInit_body
FNF:4
FNH:0
DA:322,0
DA:323,0
DA:325,0
DA:326,0
DA:327,0
DA:331,0
DA:333,0
DA:334,0
DA:336,0
DA:337,0
DA:338,0
DA:339,0
DA:340,0
DA:341,0
DA:344,0
DA:346,0
DA:347,0
DA:348,0
DA:349,0
DA:350,0
DA:351,0
DA:352,0
DA:354,0
DA:355,0
DA:357,0
DA:360,0
DA:362,0
DA:363,0
DA:364,0
DA:365,0
DA:367,0
DA:368,0
DA:369,0
DA:383,0
DA:384,0
DA:385,0
DA:388,0
DA:400,0
DA:401,0
DA:402,0
DA:409,0
DA:410,0
LF:42
LH:0
end_of_record
TN:
SF:/home/kuzz/ImageMagickFuzzing/delegate_libraries/libwebp-1.3.2/src/dsp/cost_mips32.c
FN:152,152,VP8EncDspCostInitMIPS32
FNDA:0,VP8EncDspCostInitMIPS32
FNF:1
FNH:0
DA:152,0
LF:1
LH:0
end_of_record
TN:
SF:/home/kuzz/ImageMagickFuzzing/delegate_libraries/libwebp-1.3.2/src/dsp/cost_mips_dsp_r2.c
FN:105,105,VP8EncDspCostInitMIPSdspR2
FNDA:0,VP8EncDspCostInitMIPSdspR2
FNF:1
FNH:0
DA:105,0
LF:1
LH:0
end_of_record
TN:
SF:/home/kuzz/ImageMagickFuzzing/delegate_libraries/libwebp-1.3.2/src/dsp/cost_neon.c
FN:120,120,VP8EncDspCostInitNEON
FNDA:0,VP8EncDspCostInitNEON
FNF:1
FNH:0
DA:120,0
LF:1
LH:0
end_of_record
TN:
SF:/home/kuzz/ImageMagickFuzzing/delegate_libraries/libwebp-1.3.2/src/dsp/cost_sse2.c
FN:110,113,VP8EncDspCostInitSSE2
FN:25,43,SetResidualCoeffs_SSE2
FN:45,103,GetResidualCost_SSE2
FNDA:0,VP8EncDspCostInitSSE2
FNDA:0,SetResidualCoeffs_SSE2
FNDA:0,GetResidualCost_SSE2
FNF:3
FNH:0
DA:25,0
DA:27,0
DA:28,0
DA:30,0
DA:31,0
DA:32,0
DA:37,0
DA:41,0
DA:42,0
DA:43,0
DA:45,0
DA:48,0
DA:50,0
DA:51,0
DA:52,0
DA:56,0
DA:58,0
DA:59,0
DA:63,0
DA:64,0
DA:65,0
DA:66,0
DA:67,0
DA:68,0
DA:69,0
DA:70,0
DA:71,0
DA:72,0
DA:73,0
DA:74,0
DA:76,0
DA:77,0
DA:79,0
DA:80,0
DA:82,0
DA:83,0
DA:84,0
DA:85,0
DA:86,0
DA:87,0
DA:88,0
DA:91,0
DA:92,0
DA:94,0
DA:95,0
DA:96,0
DA:97,0
DA:98,0
DA:99,0
DA:100,0
DA:102,0
DA:103,0
DA:110,0
DA:111,0
DA:112,0
DA:113,0
LF:56
LH:0
end_of_record
TN:
SF:/home/kuzz/ImageMagickFuzzing/delegate_libraries/libwebp-1.3.2/src/dsp/cpu.c
FN:106,123,CheckSlowModel
FN:125,175,x86CPUInfo
FN:52,57,GetCPUInfo
FN:74,81,xgetbv
FNDA:0,CheckSlowModel
FNDA:1160,x86CPUInfo
FNDA:2320,GetCPUInfo
FNDA:0,xgetbv
FNF:4
FNH:2
DA:52,2320
DA:53,2320
DA:55,2320
DA:56,2320
DA:57,2320
DA:74,0
DA:75,0
DA:78,0
DA:81,0
DA:106,0
DA:114,0
DA:115,0
DA:116,0
DA:118,0
DA:119,0
DA:120,0
DA:121,0
DA:122,0
DA:123,0
DA:125,1160
DA:128,1160
DA:131,1160
DA:132,1160
DA:133,1160
DA:134,0
DA:136,1160
DA:137,1160
DA:138,1160
DA:139,1160
DA:140,1160
DA:141,0
DA:144,1160
DA:145,1160
DA:146,580
DA:148,580
DA:149,0
DA:151,580
DA:152,0
DA:153,0
DA:155,0
DA:158,580
DA:159,580
DA:161,0
DA:163,0
DA:165,0
DA:167,0
DA:168,0
DA:169,0
DA:170,0
DA:171,0
DA:173,0
DA:174,0
DA:175,1160
LF:53
LH:23
end_of_record
TN:
SF:/home/kuzz/ImageMagickFuzzing/delegate_libraries/libwebp-1.3.2/src/dsp/dec.c
FN:107,110,TransformUV_C
FN:113,121,TransformDC_C
FN:124,129,TransformDCUV_C
FN:137,162,TransformWHT_C
FN:173,185,TrueMotion
FN:186,186,TM4_C
FN:187,187,TM8uv_C
[...]
FNDA:0,VP8BitWriterFinish
FNDA:0,VP8BitWriterAppend
FNDA:0,VP8BitWriterWipeOut
FNDA:0,VP8LBitWriterResize
FNDA:0,VP8LBitWriterInit
FNDA:0,VP8LBitWriterClone
FNDA:0,VP8LBitWriterWipeOut
FNDA:0,BitWriterResize
FNDA:0,VP8LBitWriterReset
FNDA:0,VP8LBitWriterSwap
FNDA:0,VP8LPutBitsFlushBits
FNDA:0,VP8LPutBitsInternal
FNDA:0,VP8LBitWriterFinish
FNDA:0,Flush
FNF:19
FNH:0
DA:26,0
DA:29,0
DA:30,0
DA:31,0
DA:32,0
DA:33,0
DA:35,0
DA:37,0
DA:38,0
DA:39,0
DA:40,0
DA:41,0
DA:42,0
DA:43,0
DA:45,0
DA:47,0
DA:48,0
DA:49,0
DA:50,0
DA:51,0
DA:52,0
DA:53,0
DA:55,0
DA:56,0
DA:57,0
DA:59,0
DA:60,0
DA:61,0
DA:62,0
DA:63,0
DA:64,0
DA:66,0
DA:67,0
DA:68,0
DA:69,0
DA:70,0
DA:71,0
DA:72,0
DA:73,0
DA:74,0
DA:75,0
DA:76,0
DA:78,0
DA:108,0
DA:109,0
DA:110,0
DA:111,0
DA:112,0
DA:113,0
DA:114,0
DA:116,0
DA:117,0
DA:118,0
DA:119,0
DA:120,0
DA:121,0
DA:122,0
DA:123,0
DA:126,0
DA:127,0
DA:128,0
DA:129,0
DA:130,0
DA:131,0
DA:132,0
DA:134,0
DA:135,0
DA:136,0
DA:137,0
DA:138,0
DA:139,0
DA:140,0
DA:143,0
DA:146,0
DA:147,0
DA:148,0
DA:149,0
DA:151,0
DA:152,0
DA:153,0
DA:154,0
DA:155,0
DA:156,0
DA:158,0
DA:162,0
DA:163,0
DA:164,0
DA:165,0
DA:166,0
DA:167,0
DA:168,0
DA:169,0
DA:170,0
DA:171,0
DA:174,0
DA:175,0
DA:176,0
DA:177,0
DA:178,0
DA:181,0
DA:184,0
DA:185,0
DA:186,0
DA:187,0
DA:188,0
DA:189,0
DA:191,0
DA:192,0
DA:193,0
DA:194,0
DA:195,0
DA:196,0
DA:206,0
DA:209,0
DA:210,0
DA:211,0
DA:212,0
DA:213,0
DA:214,0
DA:215,0
DA:217,0
DA:218,0
DA:219,0
DA:221,0
DA:222,0
DA:223,0
DA:224,0
DA:225,0
DA:227,0
DA:228,0
DA:229,0
DA:230,0
DA:231,0
DA:232,0
DA:233,0
DA:234,0
DA:235,0
DA:237,0
DA:238,0
DA:239,0
DA:242,0
DA:244,0
DA:246,0
DA:247,0
DA:248,0
DA:249,0
DA:250,0
DA:251,0
DA:252,0
DA:253,0
DA:255,0
DA:256,0
DA:257,0
DA:258,0
DA:259,0
DA:260,0
DA:262,0
DA:264,0
DA:265,0
DA:266,0
DA:268,0
DA:269,0
DA:271,0
DA:272,0
DA:273,0
DA:274,0
DA:275,0
DA:277,0
DA:279,0
DA:280,0
DA:281,0
DA:282,0
DA:283,0
DA:284,0
DA:285,0
DA:287,0
DA:288,0
DA:289,0
DA:290,0
DA:291,0
DA:292,0
DA:294,0
DA:298,0
DA:299,0
DA:300,0
DA:314,0
DA:315,0
DA:316,0
DA:317,0
DA:318,0
DA:319,0
DA:320,0
DA:321,0
DA:323,0
DA:324,0
DA:325,0
DA:326,0
DA:327,0
DA:329,0
DA:330,0
DA:331,0
DA:332,0
DA:334,0
DA:336,0
DA:337,0
DA:338,0
DA:339,0
DA:340,0
DA:342,0
DA:343,0
DA:344,0
LF:211
LH:0
end_of_record
TN:
SF:/home/kuzz/ImageMagickFuzzing/delegate_libraries/libwebp-1.3.2/src/utils/bit_writer_utils.h
FN:103,104,VP8LBitWriterNumBytes
FN:133,146,VP8LPutBits
FN:56,58,VP8BitWriterPos
FN:62,63,VP8BitWriterBuf
FN:66,67,VP8BitWriterSize
FNDA:0,VP8LBitWriterNumBytes
FNDA:0,VP8LPutBits
FNDA:0,VP8BitWriterPos
FNDA:0,VP8BitWriterBuf
FNDA:0,VP8BitWriterSize
FNF:5
FNH:0
DA:56,0
DA:57,0
DA:58,0
DA:62,0
DA:63,0
DA:66,0
DA:67,0
DA:103,0
DA:104,0
DA:133,0
DA:136,0
DA:137,0
DA:138,0
DA:139,0
DA:140,0
DA:141,0
DA:142,0
DA:146,0
LF:18
LH:0
end_of_record
TN:
SF:/home/kuzz/ImageMagickFuzzing/delegate_libraries/libwebp-1.3.2/src/utils/color_cache_utils.c
FN:23,33,VP8LColorCacheInit
FN:35,40,VP8LColorCacheClear
FN:42,49,VP8LColorCacheCopy
FNDA:284,VP8LColorCacheInit
FNDA:2976,VP8LColorCacheClear
FNDA:0,VP8LColorCacheCopy
FNF:3
FNH:2
DA:23,284
DA:24,284
DA:27,284
DA:28,284
DA:29,284
DA:30,284
DA:31,284
DA:32,284
DA:33,284
DA:35,2976
DA:36,2976
DA:37,2976
DA:38,2976
DA:39,2976
DA:40,2976
DA:42,0
DA:47,0
DA:48,0
DA:49,0
LF:19
LH:15
end_of_record
TN:
SF:/home/kuzz/ImageMagickFuzzing/delegate_libraries/libwebp-1.3.2/src/utils/color_cache_utils.h
FN:37,38,VP8LHashPix
FN:41,44,VP8LColorCacheLookup
FN:47,51,VP8LColorCacheSet
FN:53,57,VP8LColorCacheInsert
FN:59,61,VP8LColorCacheGetIndex
FN:65,68,VP8LColorCacheContains
FNDA:1778754,VP8LHashPix
FNDA:0,VP8LColorCacheLookup
FNDA:0,VP8LColorCacheSet
FNDA:1778754,VP8LColorCacheInsert
FNDA:0,VP8LColorCacheGetIndex
FNDA:0,VP8LColorCacheContains
FNF:6
FNH:2
DA:37,1778754
DA:38,1778754
DA:41,0
DA:44,0
DA:47,0
DA:50,0
DA:51,0
DA:53,1778754
DA:55,1778754
DA:56,1778754
DA:57,1778754
DA:59,0
DA:61,0
DA:65,0
DA:67,0
DA:68,0
LF:16
LH:6
end_of_record
TN:
SF:/home/kuzz/ImageMagickFuzzing/delegate_libraries/libwebp-1.3.2/src/utils/endian_inl_utils.h
FN:53,64,BSwap32
FN:76,78,BSwap64
FNDA:0,BSwap32
FNDA:0,BSwap64
FNF:2
FNH:0
DA:53,0
DA:64,0
DA:76,0
DA:78,0
LF:4
LH:0
end_of_record
TN:
SF:/home/kuzz/ImageMagickFuzzing/delegate_libraries/libwebp-1.3.2/src/utils/filters_utils.c
FN:24,26,GradientPredictor
FN:29,69,WebPEstimateBestFilter
FNDA:0,GradientPredictor
FNDA:0,WebPEstimateBestFilter
FNF:2
FNH:0
DA:24,0
DA:25,0
DA:26,0
DA:29,0
DA:33,0
DA:36,0
DA:37,0
DA:38,0
DA:39,0
DA:40,0
DA:41,0
DA:42,0
DA:43,0
DA:44,0
DA:45,0
DA:46,0
DA:47,0
DA:48,0
DA:49,0
DA:50,0
DA:51,0
DA:52,0
DA:55,0
DA:56,0
DA:57,0
DA:58,0
DA:59,0
DA:60,0
DA:61,0
DA:62,0
DA:63,0
DA:64,0
DA:65,0
DA:66,0
DA:67,0
DA:68,0
DA:69,0
LF:37
LH:0
end_of_record
TN:
SF:/home/kuzz/ImageMagickFuzzing/delegate_libraries/libwebp-1.3.2/src/utils/huffman_encode_utils.c
FN:122,133,CompareHuffmanTrees
FN:135,144,SetBitDepths
FN:165,256,GenerateOptimalTree
FN:25,26,ValuesShouldBeCollapsedToStrideAverage
FN:261,292,CodeRepeatedValues
FN:295,323,CodeRepeatedZeros
FN:31,118,OptimizeHuffmanForRle
FN:326,350,VP8LCreateCompressedHuffmanTree
FN:361,370,ReverseBits
FN:374,401,ConvertBitDepthsToSymbols
FN:406,416,VP8LCreateHuffmanTree
FNDA:0,CompareHuffmanTrees
FNDA:0,SetBitDepths
FNDA:0,GenerateOptimalTree
FNDA:0,ValuesShouldBeCollapsedToStrideAverage
FNDA:0,CodeRepeatedValues
FNDA:0,CodeRepeatedZeros
FNDA:0,OptimizeHuffmanForRle
FNDA:0,VP8LCreateCompressedHuffmanTree
FNDA:0,ReverseBits
FNDA:0,ConvertBitDepthsToSymbols
FNDA:0,VP8LCreateHuffmanTree
FNF:11
FNH:0
DA:25,0
DA:26,0
DA:31,0
DA:35,0
DA:36,0
DA:37,0
DA:39,0
DA:41,0
DA:43,0
DA:50,0
DA:51,0
DA:52,0
DA:53,0
DA:54,0
DA:55,0
DA:57,0
DA:58,0
DA:59,0
DA:60,0
DA:61,0
DA:62,0
DA:63,0
DA:64,0
DA:65,0
DA:66,0
DA:68,0
DA:72,0
DA:73,0
DA:74,0
DA:75,0
DA:76,0
DA:77,0
DA:78,0
DA:79,0
DA:82,0
DA:83,0
DA:84,0
DA:85,0
DA:86,0
DA:88,0
DA:89,0
DA:90,0
DA:93,0
DA:94,0
DA:95,0
DA:96,0
DA:97,0
DA:98,0
DA:101,0
DA:102,0
DA:103,0
DA:104,0
DA:105,0
DA:106,0
DA:108,0
DA:109,0
DA:110,0
DA:111,0
DA:112,0
DA:113,0
DA:114,0
DA:115,0
DA:116,0
DA:118,0
DA:122,0
DA:123,0
DA:124,0
DA:125,0
DA:126,0
DA:127,0
DA:128,0
DA:131,0
DA:133,0
DA:135,0
DA:138,0
DA:139,0
DA:140,0
DA:141,0
DA:142,0
DA:144,0
DA:165,0
DA:171,0
DA:174,0
DA:175,0
DA:176,0
DA:177,0
DA:178,0
DA:180,0
DA:181,0
DA:184,0
DA:191,0
DA:192,0
DA:195,0
DA:197,0
DA:198,0
DA:199,0
DA:200,0
DA:201,0
DA:202,0
DA:203,0
DA:204,0
DA:205,0
DA:206,0
DA:207,0
DA:210,0
DA:212,0
DA:213,0
DA:214,0
DA:216,0
DA:217,0
DA:218,0
DA:219,0
DA:220,0
DA:224,0
DA:225,0
DA:226,0
DA:228,0
DA:229,0
DA:230,0
DA:231,0
DA:233,0
DA:234,0
DA:235,0
DA:238,0
DA:239,0
DA:240,0
DA:241,0
DA:245,0
DA:246,0
DA:247,0
DA:248,0
DA:249,0
DA:250,0
DA:251,0
DA:252,0
DA:255,0
DA:256,0
DA:261,0
DA:265,0
DA:266,0
DA:267,0
DA:268,0
DA:269,0
DA:270,0
DA:271,0
DA:272,0
DA:274,0
DA:275,0
DA:276,0
DA:277,0
DA:278,0
DA:279,0
DA:280,0
DA:281,0
DA:282,0
DA:283,0
DA:284,0
DA:286,0
DA:287,0
DA:288,0
DA:289,0
DA:292,0
DA:295,0
DA:297,0
DA:298,0
DA:300,0
DA:301,0
DA:302,0
DA:303,0
DA:304,0
DA:305,0
DA:306,0
DA:307,0
DA:308,0
DA:309,0
DA:310,0
DA:311,0
DA:312,0
DA:313,0
DA:314,0
DA:315,0
DA:317,0
DA:318,0
DA:319,0
DA:320,0
DA:323,0
DA:326,0
DA:328,0
DA:329,0
DA:330,0
DA:331,0
DA:332,0
DA:334,0
DA:335,0
DA:336,0
DA:338,0
DA:339,0
DA:340,0
DA:341,0
DA:342,0
DA:343,0
DA:344,0
DA:346,0
DA:349,0
DA:350,0
DA:361,0
DA:362,0
DA:363,0
DA:364,0
DA:365,0
DA:366,0
DA:367,0
DA:369,0
DA:370,0
DA:374,0
DA:379,0
DA:382,0
DA:383,0
DA:384,0
DA:386,0
DA:387,0
DA:388,0
DA:389,0
DA:391,0
DA:392,0
DA:393,0
DA:394,0
DA:395,0
DA:397,0
DA:398,0
DA:399,0
DA:400,0
DA:401,0
DA:406,0
DA:409,0
DA:410,0
DA:411,0
DA:412,0
DA:413,0
DA:415,0
DA:416,0
LF:241
LH:0
end_of_record
TN:
SF:/home/kuzz/ImageMagickFuzzing/delegate_libraries/libwebp-1.3.2/src/utils/huffman_utils.c
FN:217,264,VP8LBuildHuffmanTable
FN:25,33,VP8LHtreeGroupsNew
FN:266,277,VP8LHuffmanTablesAllocate
FN:279,296,VP8LHuffmanTablesDeallocate
FN:35,39,VP8LHtreeGroupsFree
FN:43,48,GetNextKey
FN:53,61,ReplicateValue
FN:66,75,NextTableBitSize
FN:80,209,BuildHuffmanTable
FNDA:15337,VP8LBuildHuffmanTable
FNDA:1097,VP8LHtreeGroupsNew
FNDA:1239,VP8LHuffmanTablesAllocate
FNDA:1797,VP8LHuffmanTablesDeallocate
FNDA:1655,VP8LHtreeGroupsFree
FNDA:10818,GetNextKey
FNDA:19344,ReplicateValue
FNDA:224,NextTableBitSize
FNDA:28150,BuildHuffmanTable
FNF:9
FNH:9
DA:25,1097
DA:26,1097
DA:27,1097
DA:28,1097
DA:29,0
DA:32,1097
DA:33,1097
DA:35,1655
DA:36,1655
DA:37,1097
DA:38,1097
DA:39,1655
DA:43,10818
DA:44,10818
DA:45,18708
DA:46,7890
DA:48,10818
DA:53,19344
DA:57,19344
DA:58,3269120
DA:59,3269120
DA:60,3269120
DA:61,19344
DA:66,224
DA:68,224
DA:69,270
DA:70,256
DA:71,256
DA:72,46
DA:73,46
DA:75,224
DA:80,28150
DA:83,28150
DA:84,28150
DA:88,28150
DA:99,6328620
DA:100,6300470
DA:101,0
DA:103,6300470
DA:104,6300470
DA:107,28150
DA:108,24
DA:112,28126
DA:113,421693
DA:114,393585
DA:115,18
DA:117,393567
DA:118,393567
DA:121,6319116
DA:122,6291008
DA:123,6291008
DA:124,43274
DA:125,19344
DA:126,19344
DA:127,23930
DA:129,43274
DA:130,6291008
DA:133,28108
DA:134,21986
DA:136,9916
DA:137,9916
DA:138,9916
DA:139,9916
DA:140,21986
DA:145,6122
DA:146,6122
DA:147,6122
DA:148,6122
DA:149,6122
DA:150,6122
DA:151,6122
DA:152,6122
DA:154,54930
DA:155,48820
DA:156,48820
DA:157,48820
DA:158,48820
DA:159,12
DA:161,48808
DA:162,32571
DA:164,9428
DA:165,9428
DA:166,9428
DA:167,9428
DA:168,9428
DA:169,23143
DA:172,48963
DA:173,42853
DA:174,42854
DA:175,42854
DA:176,42854
DA:177,42854
DA:178,1
DA:180,44243
DA:182,1390
DA:183,224
DA:184,224
DA:185,224
DA:186,224
DA:187,224
DA:188,224
DA:189,0
DA:190,0
DA:191,0
DA:192,224
DA:193,1390
DA:194,0
DA:195,0
DA:196,0
DA:197,0
DA:198,1390
DA:199,1390
DA:200,42853
DA:203,6109
DA:204,41
DA:208,6068
DA:209,28150
DA:217,15337
DA:219,15337
DA:220,15337
DA:222,15337
DA:224,25626
DA:225,12813
DA:229,86
DA:230,86
DA:231,86
DA:232,86
DA:237,86
DA:238,86
DA:239,86
DA:240,86
DA:241,0
DA:242,0
DA:244,86
DA:245,86
DA:247,86
DA:248,86
DA:249,86
DA:250,12813
DA:253,25442
DA:254,12721
DA:255,12721
DA:256,92
DA:257,92
DA:258,92
DA:259,184
DA:260,92
DA:261,92
DA:263,12813
DA:264,15337
DA:266,1239
DA:268,1239
DA:269,1239
DA:271,1239
DA:272,1239
DA:273,1239
DA:274,1239
DA:275,1239
DA:276,1239
DA:277,1239
DA:279,1797
DA:281,1797
DA:283,1797
DA:284,1797
DA:285,1797
DA:286,1797
DA:287,1797
DA:288,1797
DA:290,1883
DA:291,86
DA:292,86
DA:293,86
DA:294,86
DA:296,1797
LF:174
LH:163
end_of_record
TN:
SF:/home/kuzz/ImageMagickFuzzing/delegate_libraries/libwebp-1.3.2/src/utils/quant_levels_dec_utils.c
FN:110,131,HFilter
FN:134,155,ApplyFilter
FN:160,181,InitCorrectionLUT
FN:183,213,CountLevels
FN:216,256,InitParams
FN:258,260,CleanupParams
FN:262,291,WebPDequantizeLevels
FN:75,76,clip_8b
FN:81,106,VFilter
FNDA:0,HFilter
FNDA:0,ApplyFilter
FNDA:0,InitCorrectionLUT
FNDA:0,CountLevels
FNDA:0,InitParams
FNDA:0,CleanupParams
FNDA:0,WebPDequantizeLevels
FNDA:0,clip_8b
FNDA:0,VFilter
FNF:9
FNH:0
DA:75,0
DA:76,0
DA:81,0
DA:82,0
DA:83,0
DA:84,0
DA:85,0
DA:86,0
DA:87,0
DA:90,0
DA:92,0
DA:93,0
DA:94,0
DA:95,0
DA:96,0
DA:98,0
DA:99,0
DA:100,0
DA:103,0
DA:104,0
DA:105,0
DA:106,0
DA:110,0
DA:111,0
DA:112,0
DA:113,0
DA:114,0
DA:115,0
DA:118,0
DA:119,0
DA:120,0
DA:121,0
DA:122,0
DA:123,0
DA:124,0
DA:125,0
DA:126,0
DA:127,0
DA:128,0
DA:129,0
DA:130,0
DA:131,0
DA:134,0
DA:135,0
DA:136,0
DA:137,0
DA:141,0
DA:143,0
DA:144,0
DA:145,0
DA:146,0
DA:150,0
DA:152,0
DA:153,0
DA:154,0
DA:155,0
DA:160,0
DA:167,0
DA:168,0
DA:169,0
DA:170,0
DA:172,0
DA:173,0
DA:174,0
DA:176,0
DA:177,0
DA:178,0
DA:179,0
DA:180,0
DA:181,0
DA:183,0
DA:185,0
DA:186,0
DA:187,0
DA:188,0
DA:189,0
DA:190,0
DA:191,0
DA:192,0
DA:193,0
DA:194,0
DA:195,0
DA:196,0
DA:197,0
DA:199,0
DA:200,0
DA:201,0
DA:202,0
DA:203,0
DA:204,0
DA:205,0
DA:206,0
DA:207,0
DA:208,0
DA:209,0
DA:210,0
DA:211,0
DA:212,0
DA:213,0
DA:216,0
DA:218,0
DA:220,0
DA:221,0
DA:222,0
DA:223,0
DA:224,0
DA:226,0
DA:227,0
DA:229,0
DA:230,0
DA:231,0
DA:232,0
DA:233,0
DA:234,0
DA:236,0
DA:237,0
DA:239,0
DA:240,0
DA:241,0
DA:242,0
DA:243,0
DA:244,0
DA:245,0
DA:246,0
DA:249,0
DA:252,0
DA:253,0
DA:255,0
DA:256,0
DA:258,0
DA:259,0
DA:260,0
DA:262,0
DA:264,0
DA:266,0
DA:267,0
DA:270,0
DA:271,0
DA:273,0
DA:275,0
DA:276,0
DA:277,0
DA:278,0
DA:279,0
DA:282,0
DA:283,0
DA:284,0
DA:285,0
DA:286,0
DA:287,0
DA:288,0
DA:289,0
DA:290,0
DA:291,0
LF:154
LH:0
end_of_record
TN:
SF:/home/kuzz/ImageMagickFuzzing/delegate_libraries/libwebp-1.3.2/src/utils/quant_levels_utils.c
FN:27,139,QuantizeLevels
FNDA:0,QuantizeLevels
FNF:1
FNH:0
DA:27,0
DA:29,0
DA:30,0
DA:31,0
DA:32,0
DA:33,0
DA:35,0
DA:36,0
DA:38,0
DA:39,0
DA:42,0
DA:43,0
DA:46,0
DA:47,0
DA:52,0
DA:53,0
DA:54,0
DA:55,0
DA:56,0
DA:57,0
DA:58,0
DA:61,0
DA:64,0
DA:65,0
DA:66,0
DA:69,0
DA:70,0
DA:75,0
DA:76,0
DA:77,0
DA:78,0
DA:81,0
DA:83,0
DA:84,0
DA:85,0
DA:87,0
DA:88,0
DA:89,0
DA:90,0
DA:91,0
DA:92,0
DA:95,0
DA:96,0
DA:97,0
DA:98,0
DA:99,0
DA:100,0
DA:101,0
DA:102,0
DA:105,0
DA:106,0
DA:107,0
DA:108,0
DA:109,0
DA:113,0
DA:114,0
DA:115,0
DA:125,0
DA:126,0
DA:127,0
DA:128,0
DA:130,0
DA:131,0
DA:132,0
DA:133,0
DA:136,0
DA:138,0
DA:139,0
LF:68
LH:0
end_of_record
TN:
SF:/home/kuzz/ImageMagickFuzzing/delegate_libraries/libwebp-1.3.2/src/utils/random_utils.c
FN:33,40,VP8InitRandom
FNDA:0,VP8InitRandom
FNF:1
FNH:0
DA:33,0
DA:34,0
DA:35,0
DA:36,0
DA:37,0
DA:38,0
DA:39,0
DA:40,0
LF:8
LH:0
end_of_record
TN:
SF:/home/kuzz/ImageMagickFuzzing/delegate_libraries/libwebp-1.3.2/src/utils/random_utils.h
FN:39,52,VP8RandomBits2
FN:55,56,VP8RandomBits
FNDA:0,VP8RandomBits2
FNDA:0,VP8RandomBits
FNF:2
FNH:0
DA:39,0
DA:43,0
DA:44,0
DA:45,0
DA:46,0
DA:47,0
DA:49,0
DA:50,0
DA:51,0
DA:52,0
DA:55,0
DA:56,0
LF:12
LH:0
end_of_record
TN:
SF:/home/kuzz/ImageMagickFuzzing/delegate_libraries/libwebp-1.3.2/src/utils/rescaler_utils.c
FN:119,123,WebPRescaleNeededLines
FN:126,148,WebPRescalerImport
FN:151,157,WebPRescalerExport
FN:24,83,WebPRescalerInit
FN:85,114,WebPRescalerGetScaledDimensions
FNDA:0,WebPRescaleNeededLines
FNDA:0,WebPRescalerImport
FNDA:0,WebPRescalerExport
FNDA:0,WebPRescalerInit
FNDA:0,WebPRescalerGetScaledDimensions
FNF:5
FNH:0
DA:24,0
DA:29,0
DA:30,0
DA:31,0
DA:32,0
DA:34,0
DA:35,0
DA:36,0
DA:37,0
DA:38,0
DA:39,0
DA:40,0
DA:41,0
DA:42,0
DA:43,0
DA:44,0
DA:47,0
DA:48,0
DA:49,0
DA:50,0
DA:51,0
DA:53,0
DA:54,0
DA:55,0
DA:56,0
DA:60,0
DA:61,0
DA:62,0
DA:63,0
DA:68,0
DA:69,0
DA:70,0
DA:72,0
DA:73,0
DA:74,0
DA:77,0
DA:78,0
DA:79,0
DA:81,0
DA:82,0
DA:83,0
DA:85,0
DA:91,0
DA:92,0
DA:93,0
DA:96,0
DA:97,0
DA:98,0
DA:99,0
DA:101,0
DA:102,0
DA:103,0
DA:104,0
DA:106,0
DA:107,0
DA:110,0
DA:111,0
DA:112,0
DA:114,0
DA:119,0
DA:121,0
DA:122,0
DA:123,0
DA:126,0
DA:128,0
DA:129,0
DA:130,0
DA:131,0
DA:132,0
DA:133,0
DA:134,0
DA:135,0
DA:136,0
DA:137,0
DA:139,0
DA:140,0
DA:141,0
DA:142,0
DA:143,0
DA:144,0
DA:145,0
DA:146,0
DA:148,0
DA:151,0
DA:152,0
DA:153,0
DA:154,0
DA:155,0
DA:157,0
LF:89
LH:0
end_of_record
TN:
SF:/home/kuzz/ImageMagickFuzzing/delegate_libraries/libwebp-1.3.2/src/utils/rescaler_utils.h
FN:86,87,WebPRescalerOutputDone
FN:92,93,WebPRescalerHasPendingOutput
FNDA:0,WebPRescalerOutputDone
FNDA:0,WebPRescalerHasPendingOutput
FNF:2
FNH:0
DA:86,0
DA:87,0
DA:92,0
DA:93,0
LF:4
LH:0
end_of_record
TN:
SF:/home/kuzz/ImageMagickFuzzing/delegate_libraries/libwebp-1.3.2/src/utils/thread_utils.c
FN:263,266,Init
FN:268,273,Sync
FN:276,313,Reset
FN:316,320,Execute
FN:322,328,Launch
FN:330,346,End
FN:354,363,WebPSetWorkerInterface
FN:365,366,WebPGetWorkerInterface
FNDA:0,Init
FNDA:0,Sync
FNDA:0,Reset
FNDA:0,Execute
FNDA:0,Launch
FNDA:0,End
FNDA:0,WebPSetWorkerInterface
FNDA:0,WebPGetWorkerInterface
FNF:8
FNH:0
DA:263,0
DA:264,0
DA:265,0
DA:266,0
DA:268,0
DA:273,0
DA:276,0
DA:277,0
DA:278,0
DA:279,0
DA:307,0
DA:309,0
DA:310,0
DA:311,0
DA:313,0
DA:316,0
DA:317,0
DA:318,0
DA:319,0
DA:320,0
DA:322,0
DA:326,0
DA:328,0
DA:330,0
DA:342,0
DA:346,0
DA:354,0
DA:355,0
DA:356,0
DA:357,0
DA:358,0
DA:359,0
DA:361,0
DA:362,0
DA:363,0
DA:365,0
DA:366,0
LF:37
LH:0
end_of_record
TN:
SF:/home/kuzz/ImageMagickFuzzing/delegate_libraries/libwebp-1.3.2/src/utils/utils.c
FN:171,192,CheckSizeArgumentsOverflow
FN:194,202,WebPSafeMalloc
FN:204,212,WebPSafeCalloc
FN:214,220,WebPSafeFree
FN:224,225,WebPMalloc
FN:228,230,WebPFree
FN:234,243,WebPCopyPlane
FN:245,251,WebPCopyPixels
FN:258,310,WebPGetColorPalette
FNDA:6533,CheckSizeArgumentsOverflow
FNDA:4557,WebPSafeMalloc
FNDA:1976,WebPSafeCalloc
FNDA:14767,WebPSafeFree
FNDA:0,WebPMalloc
FNDA:0,WebPFree
FNDA:0,WebPCopyPlane
FNDA:0,WebPCopyPixels
FNDA:0,WebPGetColorPalette
FNF:9
FNH:4
DA:171,6533
DA:172,6533
DA:173,6533
DA:174,6533
DA:175,6533
DA:191,6533
DA:192,6533
DA:194,4557
DA:196,4557
DA:197,4557
DA:199,4557
DA:200,4557
DA:201,4557
DA:202,4557
DA:204,1976
DA:206,1976
DA:207,1976
DA:209,1976
DA:210,1976
DA:211,1976
DA:212,1976
DA:214,14767
DA:215,14767
DA:216,6533
DA:217,6533
DA:218,6533
DA:219,14767
DA:220,14767
DA:224,0
DA:225,0
DA:228,0
DA:229,0
DA:230,0
DA:234,0
DA:238,0
DA:239,0
DA:240,0
DA:241,0
DA:243,0
DA:245,0
DA:249,0
DA:250,0
DA:251,0
DA:258,0
DA:261,0
DA:262,0
DA:264,0
DA:265,0
DA:266,0
DA:267,0
DA:271,0
DA:272,0
DA:274,0
DA:275,0
DA:277,0
DA:278,0
DA:279,0
DA:280,0
DA:281,0
DA:282,0
DA:283,0
DA:284,0
DA:285,0
DA:287,0
DA:288,0
DA:289,0
DA:292,0
DA:293,0
DA:296,0
DA:297,0
DA:298,0
DA:300,0
DA:301,0
DA:302,0
DA:303,0
DA:304,0
DA:305,0
DA:306,0
DA:307,0
DA:308,0
DA:309,0
DA:310,0
LF:82
LH:28
end_of_record
TN:
SF:/home/kuzz/ImageMagickFuzzing/delegate_libraries/libwebp-1.3.2/src/utils/utils.h
FN:102,103,GetLE32
FN:107,111,PutLE16
FN:113,117,PutLE24
FN:119,122,PutLE32
FN:128,129,BitsLog2Floor
FN:132,132,BitsCtz
FN:45,46,CheckSizeOverflow
FN:72,75,WebPMemToUint32
FN:78,79,WebPMemToInt32
FN:82,84,WebPUint32ToMem
FN:86,88,WebPInt32ToMem
FN:94,95,GetLE16
FN:98,99,GetLE24
FNDA:3626,GetLE32
FNDA:0,PutLE16
FNDA:0,PutLE24
FNDA:0,PutLE32
FNDA:0,BitsLog2Floor
FNDA:0,BitsCtz
FNDA:6533,CheckSizeOverflow
FNDA:221,WebPMemToUint32
FNDA:0,WebPMemToInt32
FNDA:0,WebPUint32ToMem
FNDA:0,WebPInt32ToMem
FNDA:7256,GetLE16
FNDA:4,GetLE24
FNF:13
FNH:5
DA:45,6533
DA:46,6533
DA:72,221
DA:74,221
DA:75,221
DA:78,0
DA:79,0
DA:82,0
DA:83,0
DA:84,0
DA:86,0
DA:87,0
DA:88,0
DA:94,7256
DA:95,7256
DA:98,4
DA:99,4
DA:102,3626
DA:103,3626
DA:107,0
DA:109,0
DA:110,0
DA:111,0
DA:113,0
DA:115,0
DA:116,0
DA:117,0
DA:119,0
DA:120,0
DA:121,0
DA:122,0
DA:128,0
DA:129,0
DA:132,0
LF:34
LH:11
end_of_record
TN:
SF:/home/kuzz/ImageMagickFuzzing/delegate_libraries/libwebp-1.3.2/src/webp/decode.h
FN:166,168,WebPIsPremultipliedMode
FN:171,174,WebPIsAlphaMode
FN:177,178,WebPIsRGBMode
FN:224,225,WebPInitDecBuffer
FN:438,441,WebPGetFeatures
FN:476,477,WebPInitDecoderConfig
FNDA:436,WebPIsPremultipliedMode
FNDA:0,WebPIsAlphaMode
FNDA:12309,WebPIsRGBMode
FNDA:611,WebPInitDecBuffer
FNDA:0,WebPGetFeatures
FNDA:0,WebPInitDecoderConfig
FNF:6
FNH:3
DA:166,436
DA:167,436
DA:168,436
DA:171,0
DA:172,0
DA:173,0
DA:174,0
DA:177,12309
DA:178,12309
DA:224,611
DA:225,611
DA:438,0
DA:441,0
DA:476,0
DA:477,0
LF:15
LH:7
end_of_record
TN:
SF:/home/kuzz/ImageMagickFuzzing/delegate_libraries/libwebp-1.3.2/src/webp/demux.h
FN:94,95,WebPDemux
FNDA:0,WebPDemux
FNF:1
FNH:0
DA:94,0
DA:95,0
LF:2
LH:0
end_of_record
TN:
SF:/home/kuzz/ImageMagickFuzzing/delegate_libraries/libwebp-1.3.2/src/webp/encode.h
FN:173,174,WebPConfigInit
FN:182,184,WebPConfigPreset
FN:373,374,WebPPictureInit
FNDA:0,WebPConfigInit
FNDA:0,WebPConfigPreset
FNDA:0,WebPPictureInit
FNF:3
FNH:0
DA:173,0
DA:174,0
DA:182,0
DA:184,0
DA:373,0
DA:374,0
LF:6
LH:0
end_of_record
TN:
SF:/home/kuzz/ImageMagickFuzzing/delegate_libraries/libwebp-1.3.2/src/webp/mux.h
FN:113,114,WebPMuxNew
FN:136,138,WebPMuxCreate
FNDA:431,WebPMuxNew
FNDA:0,WebPMuxCreate
FNF:2
FNH:1
DA:113,431
DA:114,431
DA:136,0
DA:138,0
LF:4
LH:2
end_of_record
TN:
SF:/home/kuzz/ImageMagickFuzzing/delegate_libraries/libwebp-1.3.2/src/webp/mux_types.h
FN:65,69,WebPDataInit
FN:73,78,WebPDataClear
FN:82,92,WebPDataCopy
FNDA:0,WebPDataInit
FNDA:0,WebPDataClear
FNDA:0,WebPDataCopy
FNF:3
FNH:0
DA:65,0
DA:66,0
DA:67,0
DA:68,0
DA:69,0
DA:73,0
DA:74,0
DA:75,0
DA:76,0
DA:77,0
DA:78,0
DA:82,0
DA:83,0
DA:84,0
DA:85,0
DA:86,0
DA:87,0
DA:88,0
DA:89,0
DA:90,0
DA:91,0
DA:92,0
LF:22
LH:0
end_of_record
