TN:
SF:/home/kuzz/ImageMagickFuzzing/delegate_libraries/zstd-1.5.7/lib/common/allocations.h
FN:26,31,ZSTD_customMalloc
FN:33,43,ZSTD_customCalloc
FN:45,53,ZSTD_customFree
FNDA:0,ZSTD_customMalloc
FNDA:0,ZSTD_customCalloc
FNDA:0,ZSTD_customFree
FNF:3
FNH:0
DA:26,0
DA:28,0
DA:29,0
DA:30,0
DA:31,0
DA:33,0
DA:35,0
DA:38,0
DA:39,0
DA:40,0
DA:42,0
DA:43,0
DA:45,0
DA:47,0
DA:48,0
DA:49,0
DA:51,0
DA:52,0
DA:53,0
LF:19
LH:0
end_of_record
TN:
SF:/home/kuzz/ImageMagickFuzzing/delegate_libraries/zstd-1.5.7/lib/common/bits.h
FN:125,141,ZSTD_countLeadingZeros64
FN:157,172,ZSTD_NbCommonBytes
FN:174,177,ZSTD_highbit32
FN:185,188,ZSTD_rotateRight_U64
FN:192,195,ZSTD_rotateRight_U32
FN:199,202,ZSTD_rotateRight_U16
FN:28,44,ZSTD_countTrailingZeros32
FN:69,85,ZSTD_countLeadingZeros32
FN:93,109,ZSTD_countTrailingZeros64
FNDA:0,ZSTD_countLeadingZeros64
FNDA:0,ZSTD_NbCommonBytes
FNDA:0,ZSTD_highbit32
FNDA:0,ZSTD_rotateRight_U64
FNDA:0,ZSTD_rotateRight_U32
FNDA:0,ZSTD_rotateRight_U16
FNDA:0,ZSTD_countTrailingZeros32
FNDA:0,ZSTD_countLeadingZeros32
FNDA:0,ZSTD_countTrailingZeros64
FNF:9
FNH:0
DA:28,0
DA:44,0
DA:69,0
DA:85,0
DA:93,0
DA:109,0
DA:125,0
DA:141,0
DA:157,0
DA:159,0
DA:160,0
DA:161,0
DA:163,0
DA:166,0
DA:167,0
DA:169,0
DA:172,0
DA:174,0
DA:177,0
DA:185,0
DA:187,0
DA:188,0
DA:192,0
DA:194,0
DA:195,0
DA:199,0
DA:201,0
DA:202,0
LF:28
LH:0
end_of_record
TN:
SF:/home/kuzz/ImageMagickFuzzing/delegate_libraries/zstd-1.5.7/lib/common/bitstream.h
FN:150,160,BIT_initCStream
FN:162,173,BIT_getLowerBits
FN:180,188,BIT_addBits
FN:193,200,BIT_addBitsFast
FN:205,214,BIT_flushBitsFast
FN:221,231,BIT_flushBits
FN:236,242,BIT_closeCStream
FN:254,300,BIT_initDStream
FN:307,318,BIT_getMiddleBits
FN:330,336,BIT_lookBits
FN:346,350,BIT_lookBitsFast
FN:353,356,BIT_skipBits
FN:362,366,BIT_readBits
FN:371,376,BIT_readBitsFast
FN:384,391,BIT_reloadDStream_internal
FN:400,405,BIT_reloadDStreamFast
FN:412,444,BIT_reloadDStream
FN:449,451,BIT_endOfDStream
FNDA:0,BIT_initCStream
FNDA:0,BIT_getLowerBits
FNDA:0,BIT_addBits
FNDA:0,BIT_addBitsFast
FNDA:0,BIT_flushBitsFast
FNDA:0,BIT_flushBits
FNDA:0,BIT_closeCStream
FNDA:0,BIT_initDStream
FNDA:0,BIT_getMiddleBits
FNDA:0,BIT_lookBits
FNDA:0,BIT_lookBitsFast
FNDA:0,BIT_skipBits
FNDA:0,BIT_readBits
FNDA:0,BIT_readBitsFast
FNDA:0,BIT_reloadDStream_internal
FNDA:0,BIT_reloadDStreamFast
FNDA:0,BIT_reloadDStream
FNDA:0,BIT_endOfDStream
FNF:18
FNH:0
DA:150,0
DA:153,0
DA:154,0
DA:155,0
DA:156,0
DA:157,0
DA:158,0
DA:159,0
DA:160,0
DA:162,0
DA:173,0
DA:180,0
DA:186,0
DA:187,0
DA:188,0
DA:193,0
DA:198,0
DA:199,0
DA:200,0
DA:205,0
DA:207,0
DA:210,0
DA:211,0
DA:212,0
DA:213,0
DA:214,0
DA:221,0
DA:223,0
DA:226,0
DA:227,0
DA:228,0
DA:229,0
DA:230,0
DA:231,0
DA:236,0
DA:238,0
DA:239,0
DA:240,0
DA:241,0
DA:242,0
DA:254,0
DA:256,0
DA:258,0
DA:259,0
DA:261,0
DA:262,0
DA:263,0
DA:264,0
DA:265,0
DA:266,0
DA:267,0
DA:268,0
DA:269,0
DA:270,0
DA:272,0
DA:275,0
DA:278,0
DA:281,0
DA:284,0
DA:287,0
DA:290,0
DA:292,0
DA:293,0
DA:294,0
DA:296,0
DA:299,0
DA:300,0
DA:307,0
DA:309,0
DA:318,0
DA:330,0
DA:336,0
DA:346,0
DA:348,0
DA:350,0
DA:353,0
DA:355,0
DA:356,0
DA:362,0
DA:364,0
DA:365,0
DA:366,0
DA:371,0
DA:373,0
DA:375,0
DA:376,0
DA:384,0
DA:387,0
DA:389,0
DA:390,0
DA:391,0
DA:400,0
DA:402,0
DA:403,0
DA:404,0
DA:405,0
DA:412,0
DA:415,0
DA:417,0
DA:419,0
DA:424,0
DA:425,0
DA:427,0
DA:429,0
DA:430,0
DA:433,0
DA:434,0
DA:435,0
DA:436,0
DA:437,0
DA:438,0
DA:439,0
DA:440,0
DA:441,0
DA:442,0
DA:444,0
DA:449,0
DA:451,0
LF:118
LH:0
end_of_record
TN:
SF:/home/kuzz/ImageMagickFuzzing/delegate_libraries/zstd-1.5.7/lib/common/compiler.h
FN:360,362,ZSTD_wrappedPtrAdd
FN:373,375,ZSTD_wrappedPtrSub
FN:385,387,ZSTD_maybeNullPtrAdd
FNDA:0,ZSTD_wrappedPtrAdd
FNDA:0,ZSTD_wrappedPtrSub
FNDA:0,ZSTD_maybeNullPtrAdd
FNF:3
FNH:0
DA:360,0
DA:362,0
DA:373,0
DA:375,0
DA:385,0
DA:387,0
LF:6
LH:0
end_of_record
TN:
SF:/home/kuzz/ImageMagickFuzzing/delegate_libraries/zstd-1.5.7/lib/common/cpu.h
FN:217,217,ZSTD_cpuid_bmi1
FN:221,221,ZSTD_cpuid_bmi2
FN:32,142,ZSTD_cpuid
FNDA:0,ZSTD_cpuid_bmi1
FNDA:0,ZSTD_cpuid_bmi2
FNDA:0,ZSTD_cpuid
FNF:3
FNH:0
DA:32,0
DA:33,0
DA:34,0
DA:35,0
DA:36,0
DA:123,0
DA:124,0
DA:126,0
DA:127,0
DA:128,0
DA:130,0
DA:134,0
DA:138,0
DA:139,0
DA:140,0
DA:141,0
DA:142,0
DA:217,0
DA:221,0
LF:19
LH:0
end_of_record
TN:
SF:/home/kuzz/ImageMagickFuzzing/delegate_libraries/zstd-1.5.7/lib/common/entropy_common.c
FN:190,194,FSE_readNCount_body_default
FN:198,202,FSE_readNCount_body_bmi2
FN:206,217,FSE_readNCount_bmi2
FN:219,223,FSE_readNCount
FN:234,239,HUF_readStats
FN:243,306,HUF_readStats_body
FN:27,27,FSE_versionNumber
FN:309,314,HUF_readStats_body_default
FN:31,31,FSE_isError
FN:318,323,HUF_readStats_body_bmi2
FN:32,32,FSE_getErrorName
FN:327,340,HUF_readStats_wksp
FN:34,34,HUF_isError
FN:35,35,HUF_getErrorName
FN:42,187,FSE_readNCount_body
FNDA:0,FSE_readNCount_body_default
FNDA:0,FSE_readNCount_body_bmi2
FNDA:0,FSE_readNCount_bmi2
FNDA:0,FSE_readNCount
FNDA:0,HUF_readStats
FNDA:0,HUF_readStats_body
FNDA:0,FSE_versionNumber
FNDA:0,HUF_readStats_body_default
FNDA:0,FSE_isError
FNDA:0,HUF_readStats_body_bmi2
FNDA:0,FSE_getErrorName
FNDA:0,HUF_readStats_wksp
FNDA:0,HUF_isError
FNDA:0,HUF_getErrorName
FNDA:0,FSE_readNCount_body
FNF:15
FNH:0
DA:27,0
DA:31,0
DA:32,0
DA:34,0
DA:35,0
DA:42,0
DA:45,0
DA:46,0
DA:47,0
DA:53,0
DA:54,0
DA:55,0
DA:57,0
DA:59,0
DA:60,0
DA:61,0
DA:62,0
DA:63,0
DA:64,0
DA:65,0
DA:70,0
DA:71,0
DA:72,0
DA:73,0
DA:74,0
DA:75,0
DA:76,0
DA:77,0
DA:78,0
DA:79,0
DA:81,0
DA:82,0
DA:88,0
DA:89,0
DA:90,0
DA:91,0
DA:92,0
DA:93,0
DA:94,0
DA:95,0
DA:96,0
DA:98,0
DA:99,0
DA:101,0
DA:102,0
DA:103,0
DA:107,0
DA:108,0
DA:114,0
DA:120,0
DA:122,0
DA:123,0
DA:124,0
DA:125,0
DA:126,0
DA:127,0
DA:129,0
DA:130,0
DA:132,0
DA:135,0
DA:136,0
DA:137,0
DA:138,0
DA:139,0
DA:140,0
DA:141,0
DA:144,0
DA:148,0
DA:149,0
DA:150,0
DA:152,0
DA:154,0
DA:155,0
DA:158,0
DA:163,0
DA:164,0
DA:165,0
DA:166,0
DA:167,0
DA:169,0
DA:170,0
DA:171,0
DA:172,0
DA:173,0
DA:174,0
DA:175,0
DA:177,0
DA:179,0
DA:181,0
DA:182,0
DA:183,0
DA:185,0
DA:186,0
DA:187,0
DA:190,0
DA:194,0
DA:198,0
DA:202,0
DA:206,0
DA:211,0
DA:212,0
DA:215,0
DA:216,0
DA:217,0
DA:219,0
DA:223,0
DA:234,0
DA:239,0
DA:243,0
DA:250,0
DA:254,0
DA:255,0
DA:258,0
DA:259,0
DA:260,0
DA:261,0
DA:262,0
DA:263,0
DA:265,0
DA:266,0
DA:267,0
DA:268,0
DA:270,0
DA:272,0
DA:273,0
DA:277,0
DA:278,0
DA:279,0
DA:280,0
DA:281,0
DA:282,0
DA:283,0
DA:284,0
DA:287,0
DA:288,0
DA:289,0
DA:291,0
DA:292,0
DA:293,0
DA:294,0
DA:295,0
DA:296,0
DA:297,0
DA:301,0
DA:304,0
DA:305,0
DA:306,0
DA:309,0
DA:314,0
DA:318,0
DA:323,0
DA:327,0
DA:334,0
DA:335,0
DA:338,0
DA:339,0
DA:340,0
LF:157
LH:0
end_of_record
TN:
SF:/home/kuzz/ImageMagickFuzzing/delegate_libraries/zstd-1.5.7/lib/common/error_private.c
FN:15,64,ERR_getErrorString
FNDA:0,ERR_getErrorString
FNF:1
FNH:0
DA:15,0
DA:22,0
DA:24,0
DA:25,0
DA:26,0
DA:27,0
DA:28,0
DA:29,0
DA:30,0
DA:31,0
DA:32,0
DA:33,0
DA:34,0
DA:35,0
DA:36,0
DA:37,0
DA:38,0
DA:39,0
DA:40,0
DA:41,0
DA:42,0
DA:43,0
DA:44,0
DA:45,0
DA:46,0
DA:47,0
DA:48,0
DA:49,0
DA:50,0
DA:51,0
DA:52,0
DA:54,0
DA:55,0
DA:56,0
DA:57,0
DA:58,0
DA:59,0
DA:60,0
DA:61,0
DA:64,0
LF:40
LH:0
end_of_record
TN:
SF:/home/kuzz/ImageMagickFuzzing/delegate_libraries/zstd-1.5.7/lib/common/error_private.h
FN:52,52,ERR_isError
FN:54,54,ERR_getErrorCode
FN:72,74,ERR_getErrorName
FNDA:0,ERR_isError
FNDA:0,ERR_getErrorCode
FNDA:0,ERR_getErrorName
FNF:3
FNH:0
DA:52,0
DA:54,0
DA:72,0
DA:74,0
LF:4
LH:0
end_of_record
TN:
SF:/home/kuzz/ImageMagickFuzzing/delegate_libraries/zstd-1.5.7/lib/common/fse.h
FN:428,437,FSE_initCState
FN:443,452,FSE_initCState2
FN:454,461,FSE_encodeSymbol
FN:463,467,FSE_flushCState
FN:475,478,FSE_getMaxNbBits
FN:485,498,FSE_bitCost
FN:517,524,FSE_initDState
FN:540,548,FSE_decodeSymbol
FN:553,561,FSE_decodeSymbolFast
FNDA:0,FSE_initCState
FNDA:0,FSE_initCState2
FNDA:0,FSE_encodeSymbol
FNDA:0,FSE_flushCState
FNDA:0,FSE_getMaxNbBits
FNDA:0,FSE_bitCost
FNDA:0,FSE_initDState
FNDA:0,FSE_decodeSymbol
FNDA:0,FSE_decodeSymbolFast
FNF:9
FNH:0
DA:428,0
DA:430,0
DA:431,0
DA:432,0
DA:433,0
DA:434,0
DA:435,0
DA:436,0
DA:437,0
DA:443,0
DA:445,0
DA:446,0
DA:447,0
DA:448,0
DA:449,0
DA:450,0
DA:452,0
DA:454,0
DA:456,0
DA:457,0
DA:458,0
DA:459,0
DA:460,0
DA:461,0
DA:463,0
DA:465,0
DA:466,0
DA:467,0
DA:475,0
DA:477,0
DA:478,0
DA:485,0
DA:487,0
DA:488,0
DA:489,0
DA:492,0
DA:493,0
DA:494,0
DA:495,0
DA:498,0
DA:517,0
DA:519,0
DA:520,0
DA:521,0
DA:522,0
DA:523,0
DA:524,0
DA:540,0
DA:542,0
DA:543,0
DA:544,0
DA:545,0
DA:547,0
DA:548,0
DA:553,0
DA:555,0
DA:556,0
DA:557,0
DA:558,0
DA:560,0
DA:561,0
LF:61
LH:0
end_of_record
TN:
SF:/home/kuzz/ImageMagickFuzzing/delegate_libraries/zstd-1.5.7/lib/common/fse_decompress.c
FN:161,163,FSE_buildDTable_wksp
FN:173,236,FSE_decompress_usingDTable_generic
FN:243,289,FSE_decompress_wksp_body
FN:292,294,FSE_decompress_wksp_body_default
FN:298,300,FSE_decompress_wksp_body_bmi2
FN:304,313,FSE_decompress_wksp_bmi2
FN:58,159,FSE_buildDTable_internal
FNDA:0,FSE_buildDTable_wksp
FNDA:0,FSE_decompress_usingDTable_generic
FNDA:0,FSE_decompress_wksp_body
FNDA:0,FSE_decompress_wksp_body_default
FNDA:0,FSE_decompress_wksp_body_bmi2
FNDA:0,FSE_decompress_wksp_bmi2
FNDA:0,FSE_buildDTable_internal
FNF:7
FNH:0
DA:58,0
DA:60,0
DA:61,0
DA:62,0
DA:63,0
DA:65,0
DA:66,0
DA:67,0
DA:70,0
DA:71,0
DA:72,0
DA:76,0
DA:77,0
DA:78,0
DA:80,0
DA:81,0
DA:82,0
DA:83,0
DA:84,0
DA:85,0
DA:86,0
DA:87,0
DA:88,0
DA:92,0
DA:93,0
DA:94,0
DA:101,0
DA:102,0
DA:103,0
DA:105,0
DA:107,0
DA:108,0
DA:109,0
DA:110,0
DA:111,0
DA:112,0
DA:113,0
DA:121,0
DA:123,0
DA:125,0
DA:127,0
DA:128,0
DA:129,0
DA:130,0
DA:131,0
DA:132,0
DA:135,0
DA:136,0
DA:137,0
DA:138,0
DA:139,0
DA:141,0
DA:142,0
DA:143,0
DA:144,0
DA:145,0
DA:146,0
DA:151,0
DA:152,0
DA:153,0
DA:154,0
DA:155,0
DA:156,0
DA:158,0
DA:159,0
DA:161,0
DA:163,0
DA:173,0
DA:178,0
DA:179,0
DA:180,0
DA:181,0
DA:188,0
DA:190,0
DA:191,0
DA:193,0
DA:198,0
DA:199,0
DA:204,0
DA:209,0
DA:214,0
DA:215,0
DA:219,0
DA:220,0
DA:221,0
DA:222,0
DA:223,0
DA:224,0
DA:227,0
DA:228,0
DA:229,0
DA:230,0
DA:231,0
DA:235,0
DA:236,0
DA:243,0
DA:249,0
DA:250,0
DA:252,0
DA:253,0
DA:254,0
DA:255,0
DA:258,0
DA:264,0
DA:265,0
DA:266,0
DA:267,0
DA:269,0
DA:270,0
DA:273,0
DA:275,0
DA:276,0
DA:278,0
DA:281,0
DA:282,0
DA:283,0
DA:286,0
DA:287,0
DA:289,0
DA:292,0
DA:294,0
DA:298,0
DA:300,0
DA:304,0
DA:307,0
DA:308,0
DA:311,0
DA:312,0
DA:313,0
LF:129
LH:0
end_of_record
TN:
SF:/home/kuzz/ImageMagickFuzzing/delegate_libraries/zstd-1.5.7/lib/common/mem.h
FN:137,137,MEM_32bits
FN:138,138,MEM_64bits
FN:140,143,MEM_isLittleEndian
FN:182,182,MEM_read16
FN:183,183,MEM_read32
FN:184,184,MEM_read64
FN:185,185,MEM_readST
FN:187,187,MEM_write16
FN:188,188,MEM_write32
FN:189,189,MEM_write64
FN:241,247,MEM_swap32
FN:267,273,MEM_swap64
FN:289,297,MEM_readLE16
FN:299,308,MEM_writeLE16
FN:310,312,MEM_readLE24
FN:315,319,MEM_writeLE24
FN:321,327,MEM_readLE32
FN:329,335,MEM_writeLE32
FN:337,343,MEM_readLE64
FN:345,351,MEM_writeLE64
FN:353,359,MEM_readLEST
FN:361,367,MEM_writeLEST
FNDA:0,MEM_32bits
FNDA:0,MEM_64bits
FNDA:0,MEM_isLittleEndian
FNDA:0,MEM_read16
FNDA:0,MEM_read32
FNDA:0,MEM_read64
FNDA:0,MEM_readST
FNDA:0,MEM_write16
FNDA:0,MEM_write32
FNDA:0,MEM_write64
FNDA:0,MEM_swap32
FNDA:0,MEM_swap64
FNDA:0,MEM_readLE16
FNDA:0,MEM_writeLE16
FNDA:0,MEM_readLE24
FNDA:0,MEM_writeLE24
FNDA:0,MEM_readLE32
FNDA:0,MEM_writeLE32
FNDA:0,MEM_readLE64
FNDA:0,MEM_writeLE64
FNDA:0,MEM_readLEST
FNDA:0,MEM_writeLEST
FNF:22
FNH:0
DA:137,0
DA:138,0
DA:140,0
DA:143,0
DA:182,0
DA:183,0
DA:184,0
DA:185,0
DA:187,0
DA:188,0
DA:189,0
DA:241,0
DA:247,0
DA:267,0
DA:273,0
DA:289,0
DA:291,0
DA:292,0
DA:294,0
DA:295,0
DA:297,0
DA:299,0
DA:301,0
DA:302,0
DA:303,0
DA:304,0
DA:305,0
DA:306,0
DA:308,0
DA:310,0
DA:312,0
DA:315,0
DA:317,0
DA:318,0
DA:319,0
DA:321,0
DA:323,0
DA:324,0
DA:326,0
DA:327,0
DA:329,0
DA:331,0
DA:332,0
DA:334,0
DA:335,0
DA:337,0
DA:339,0
DA:340,0
DA:342,0
DA:343,0
DA:345,0
DA:347,0
DA:348,0
DA:350,0
DA:351,0
DA:353,0
DA:355,0
DA:356,0
DA:358,0
DA:359,0
DA:361,0
DA:363,0
DA:364,0
DA:366,0
DA:367,0
LF:65
LH:0
end_of_record
TN:
SF:/home/kuzz/ImageMagickFuzzing/delegate_libraries/zstd-1.5.7/lib/common/pool.c
FN:326,327,POOL_create
FN:331,336,POOL_create_advanced
FN:339,342,POOL_free
FN:344,347,POOL_joinJobs
FN:349,351,POOL_resize
FN:354,357,POOL_add
FN:359,362,POOL_tryAdd
FN:365,369,POOL_sizeof
FNDA:0,POOL_create
FNDA:0,POOL_create_advanced
FNDA:0,POOL_free
FNDA:0,POOL_joinJobs
FNDA:0,POOL_resize
FNDA:0,POOL_add
FNDA:0,POOL_tryAdd
FNDA:0,POOL_sizeof
FNF:8
FNH:0
DA:326,0
DA:327,0
DA:331,0
DA:333,0
DA:334,0
DA:336,0
DA:339,0
DA:341,0
DA:342,0
DA:344,0
DA:346,0
DA:347,0
DA:349,0
DA:350,0
DA:351,0
DA:354,0
DA:355,0
DA:356,0
DA:357,0
DA:359,0
DA:360,0
DA:361,0
DA:362,0
DA:365,0
DA:366,0
DA:368,0
DA:369,0
LF:27
LH:0
end_of_record
TN:
SF:/home/kuzz/ImageMagickFuzzing/delegate_libraries/zstd-1.5.7/lib/common/xxhash.h
FN:2337,2337,XXH_malloc
FN:2343,2343,XXH_free
FN:2358,2360,XXH_memcpy
FN:2581,2584,XXH_read32
FN:2751,2756,XXH_swap32
FN:2800,2802,XXH_readLE32
FN:2805,2807,XXH_readBE32
FN:2812,2819,XXH_readLE32_align
FN:2826,2826,ZSTD_XXH_versionNumber
FN:2866,2910,XXH32_round
FN:2923,2930,XXH32_avalanche
FN:2951,2977,XXH32_finalize
FN:3040,3069,XXH32_endian_align
FN:3073,3087,ZSTD_XXH32
FN:3096,3098,ZSTD_XXH32_createState
FN:3101,3104,ZSTD_XXH32_freeState
FN:3108,3111,ZSTD_XXH32_copyState
FN:3114,3122,ZSTD_XXH32_reset
FN:3128,3178,ZSTD_XXH32_update
FN:3182,3197,ZSTD_XXH32_digest
FN:3204,3209,ZSTD_XXH32_canonicalFromHash
FN:3211,3213,ZSTD_XXH32_hashFromCanonical
FN:3260,3263,XXH_read64
FN:3286,3295,XXH_swap64
FN:3330,3332,XXH_readLE64
FN:3335,3337,XXH_readBE64
FN:3342,3348,XXH_readLE64_align
FN:3376,3398,XXH64_round
FN:3401,3406,XXH64_mergeRound
FN:3410,3417,XXH64_avalanche
FN:3439,3461,XXH64_finalize
FN:3483,3515,XXH64_endian_align
FN:3520,3534,ZSTD_XXH64
FN:3542,3544,ZSTD_XXH64_createState
FN:3547,3550,ZSTD_XXH64_freeState
FN:3554,3557,ZSTD_XXH64_copyState
FN:3560,3568,ZSTD_XXH64_reset
FN:3573,3620,ZSTD_XXH64_update
FN:3624,3640,ZSTD_XXH64_digest
FN:3647,3652,ZSTD_XXH64_canonicalFromHash
FN:3655,3657,ZSTD_XXH64_hashFromCanonical
FNDA:0,XXH_malloc
FNDA:0,XXH_free
FNDA:0,XXH_memcpy
FNDA:0,XXH_read32
FNDA:0,XXH_swap32
FNDA:0,XXH_readLE32
FNDA:0,XXH_readBE32
FNDA:0,XXH_readLE32_align
FNDA:0,ZSTD_XXH_versionNumber
FNDA:0,XXH32_round
FNDA:0,XXH32_avalanche
FNDA:0,XXH32_finalize
FNDA:0,XXH32_endian_align
FNDA:0,ZSTD_XXH32
FNDA:0,ZSTD_XXH32_createState
FNDA:0,ZSTD_XXH32_freeState
FNDA:0,ZSTD_XXH32_copyState
FNDA:0,ZSTD_XXH32_reset
FNDA:0,ZSTD_XXH32_update
FNDA:0,ZSTD_XXH32_digest
FNDA:0,ZSTD_XXH32_canonicalFromHash
FNDA:0,ZSTD_XXH32_hashFromCanonical
FNDA:0,XXH_read64
FNDA:0,XXH_swap64
FNDA:0,XXH_readLE64
FNDA:0,XXH_readBE64
FNDA:0,XXH_readLE64_align
FNDA:0,XXH64_round
FNDA:0,XXH64_mergeRound
FNDA:0,XXH64_avalanche
FNDA:0,XXH64_finalize
FNDA:0,XXH64_endian_align
FNDA:0,ZSTD_XXH64
FNDA:0,ZSTD_XXH64_createState
FNDA:0,ZSTD_XXH64_freeState
FNDA:0,ZSTD_XXH64_copyState
FNDA:0,ZSTD_XXH64_reset
FNDA:0,ZSTD_XXH64_update
FNDA:0,ZSTD_XXH64_digest
FNDA:0,ZSTD_XXH64_canonicalFromHash
FNDA:0,ZSTD_XXH64_hashFromCanonical
FNF:41
FNH:0
DA:2337,0
DA:2343,0
DA:2358,0
DA:2360,0
DA:2581,0
DA:2584,0
DA:2751,0
DA:2753,0
DA:2754,0
DA:2755,0
DA:2756,0
DA:2800,0
DA:2802,0
DA:2805,0
DA:2807,0
DA:2812,0
DA:2814,0
DA:2815,0
DA:2817,0
DA:2819,0
DA:2826,0
DA:2866,0
DA:2868,0
DA:2869,0
DA:2870,0
DA:2910,0
DA:2923,0
DA:2925,0
DA:2926,0
DA:2927,0
DA:2928,0
DA:2929,0
DA:2930,0
DA:2951,0
DA:2964,0
DA:2968,0
DA:2969,0
DA:2970,0
DA:2971,0
DA:2973,0
DA:2974,0
DA:2975,0
DA:2977,0
DA:3040,0
DA:3044,0
DA:3046,0
DA:3047,0
DA:3048,0
DA:3049,0
DA:3050,0
DA:3051,0
DA:3052,0
DA:3054,0
DA:3055,0
DA:3056,0
DA:3057,0
DA:3058,0
DA:3059,0
DA:3061,0
DA:3062,0
DA:3063,0
DA:3064,0
DA:3067,0
DA:3069,0
DA:3073,0
DA:3087,0
DA:3096,0
DA:3098,0
DA:3101,0
DA:3103,0
DA:3104,0
DA:3108,0
DA:3110,0
DA:3111,0
DA:3114,0
DA:3116,0
DA:3117,0
DA:3118,0
DA:3119,0
DA:3120,0
DA:3121,0
DA:3122,0
DA:3128,0
DA:3130,0
DA:3131,0
DA:3132,0
DA:3135,0
DA:3136,0
DA:3138,0
DA:3139,0
DA:3141,0
DA:3142,0
DA:3143,0
DA:3144,0
DA:3147,0
DA:3148,0
DA:3149,0
DA:3150,0
DA:3151,0
DA:3152,0
DA:3153,0
DA:3155,0
DA:3156,0
DA:3157,0
DA:3159,0
DA:3160,0
DA:3162,0
DA:3163,0
DA:3164,0
DA:3165,0
DA:3166,0
DA:3167,0
DA:3169,0
DA:3171,0
DA:3172,0
DA:3173,0
DA:3174,0
DA:3177,0
DA:3178,0
DA:3182,0
DA:3186,0
DA:3187,0
DA:3188,0
DA:3189,0
DA:3190,0
DA:3191,0
DA:3192,0
DA:3195,0
DA:3197,0
DA:3204,0
DA:3206,0
DA:3207,0
DA:3208,0
DA:3209,0
DA:3211,0
DA:3213,0
DA:3260,0
DA:3263,0
DA:3286,0
DA:3288,0
DA:3289,0
DA:3290,0
DA:3291,0
DA:3292,0
DA:3293,0
DA:3294,0
DA:3295,0
DA:3330,0
DA:3332,0
DA:3335,0
DA:3337,0
DA:3342,0
DA:3344,0
DA:3345,0
DA:3347,0
DA:3348,0
DA:3376,0
DA:3378,0
DA:3379,0
DA:3380,0
DA:3398,0
DA:3401,0
DA:3403,0
DA:3404,0
DA:3405,0
DA:3406,0
DA:3410,0
DA:3412,0
DA:3413,0
DA:3414,0
DA:3415,0
DA:3416,0
DA:3417,0
DA:3439,0
DA:3441,0
DA:3442,0
DA:3443,0
DA:3444,0
DA:3445,0
DA:3446,0
DA:3447,0
DA:3448,0
DA:3450,0
DA:3451,0
DA:3452,0
DA:3453,0
DA:3454,0
DA:3455,0
DA:3456,0
DA:3457,0
DA:3458,0
DA:3459,0
DA:3461,0
DA:3483,0
DA:3486,0
DA:3488,0
DA:3489,0
DA:3490,0
DA:3491,0
DA:3492,0
DA:3493,0
DA:3494,0
DA:3496,0
DA:3497,0
DA:3498,0
DA:3499,0
DA:3500,0
DA:3501,0
DA:3503,0
DA:3504,0
DA:3505,0
DA:3506,0
DA:3507,0
DA:3509,0
DA:3510,0
DA:3513,0
DA:3515,0
DA:3520,0
DA:3534,0
DA:3542,0
DA:3544,0
DA:3547,0
DA:3549,0
DA:3550,0
DA:3554,0
DA:3556,0
DA:3557,0
DA:3560,0
DA:3562,0
DA:3563,0
DA:3564,0
DA:3565,0
DA:3566,0
DA:3567,0
DA:3568,0
DA:3573,0
DA:3575,0
DA:3576,0
DA:3577,0
DA:3580,0
DA:3581,0
DA:3583,0
DA:3585,0
DA:3586,0
DA:3587,0
DA:3588,0
DA:3591,0
DA:3592,0
DA:3593,0
DA:3594,0
DA:3595,0
DA:3596,0
DA:3597,0
DA:3598,0
DA:3599,0
DA:3601,0
DA:3602,0
DA:3604,0
DA:3605,0
DA:3606,0
DA:3607,0
DA:3608,0
DA:3609,0
DA:3611,0
DA:3613,0
DA:3614,0
DA:3615,0
DA:3616,0
DA:3619,0
DA:3620,0
DA:3624,0
DA:3628,0
DA:3629,0
DA:3630,0
DA:3631,0
DA:3632,0
DA:3633,0
DA:3634,0
DA:3635,0
DA:3638,0
DA:3640,0
DA:3647,0
DA:3649,0
DA:3650,0
DA:3651,0
DA:3652,0
DA:3655,0
DA:3657,0
LF:288
LH:0
end_of_record
TN:
SF:/home/kuzz/ImageMagickFuzzing/delegate_libraries/zstd-1.5.7/lib/common/zstd_common.c
FN:24,24,ZSTD_versionNumber
FN:26,26,ZSTD_versionString
FN:36,36,ZSTD_isError
FN:40,40,ZSTD_getErrorName
FN:44,44,ZSTD_getErrorCode
FN:48,48,ZSTD_getErrorString
FNDA:0,ZSTD_versionNumber
FNDA:0,ZSTD_versionString
FNDA:0,ZSTD_isError
FNDA:0,ZSTD_getErrorName
FNDA:0,ZSTD_getErrorCode
FNDA:0,ZSTD_getErrorString
FNF:6
FNH:0
DA:24,0
DA:26,0
DA:36,0
DA:40,0
DA:44,0
DA:48,0
LF:6
LH:0
end_of_record
TN:
SF:/home/kuzz/ImageMagickFuzzing/delegate_libraries/zstd-1.5.7/lib/common/zstd_internal.h
FN:170,176,ZSTD_copy8
FN:183,196,ZSTD_copy16
FN:216,246,ZSTD_wildcopy
FN:248,254,ZSTD_limitCopy
FN:318,321,ZSTD_cpuSupportsBmi2
FNDA:0,ZSTD_copy8
FNDA:0,ZSTD_copy16
FNDA:0,ZSTD_wildcopy
FNDA:0,ZSTD_limitCopy
FNDA:0,ZSTD_cpuSupportsBmi2
FNF:5
FNH:0
DA:170,0
DA:174,0
DA:176,0
DA:183,0
DA:187,0
DA:196,0
DA:216,0
DA:218,0
DA:219,0
DA:220,0
DA:221,0
DA:223,0
DA:225,0
DA:226,0
DA:227,0
DA:228,0
DA:236,0
DA:237,0
DA:238,0
DA:239,0
DA:240,0
DA:241,0
DA:242,0
DA:243,0
DA:244,0
DA:246,0
DA:248,0
DA:250,0
DA:251,0
DA:252,0
DA:253,0
DA:254,0
DA:318,0
DA:320,0
DA:321,0
LF:35
LH:0
end_of_record
TN:
SF:/home/kuzz/ImageMagickFuzzing/delegate_libraries/zstd-1.5.7/lib/compress/fse_compress.c
FN:223,230,FSE_NCountWriteBound
FN:234,327,FSE_writeNCount_generic
FN:330,340,FSE_writeNCount
FN:348,354,FSE_minTableLog
FN:357,368,FSE_optimalTableLog_internal
FN:371,373,FSE_optimalTableLog
FN:379,463,FSE_normalizeM2
FN:465,525,FSE_normalizeCount
FN:528,547,FSE_buildCTable_rle
FN:551,608,FSE_compress_usingCTable_generic
FN:610,620,FSE_compress_usingCTable
FN:623,623,FSE_compressBound
FN:68,214,FSE_buildCTable_wksp
FNDA:0,FSE_NCountWriteBound
FNDA:0,FSE_writeNCount_generic
FNDA:0,FSE_writeNCount
FNDA:0,FSE_minTableLog
FNDA:0,FSE_optimalTableLog_internal
FNDA:0,FSE_optimalTableLog
FNDA:0,FSE_normalizeM2
FNDA:0,FSE_normalizeCount
FNDA:0,FSE_buildCTable_rle
FNDA:0,FSE_compress_usingCTable_generic
FNDA:0,FSE_compress_usingCTable
FNDA:0,FSE_compressBound
FNDA:0,FSE_buildCTable_wksp
FNF:13
FNH:0
DA:68,0
DA:72,0
DA:73,0
DA:74,0
DA:75,0
DA:76,0
DA:77,0
DA:78,0
DA:79,0
DA:81,0
DA:82,0
DA:84,0
DA:87,0
DA:89,0
DA:90,0
DA:102,0
DA:103,0
DA:104,0
DA:105,0
DA:106,0
DA:107,0
DA:109,0
DA:111,0
DA:112,0
DA:116,0
DA:120,0
DA:121,0
DA:122,0
DA:123,0
DA:125,0
DA:127,0
DA:128,0
DA:129,0
DA:130,0
DA:131,0
DA:133,0
DA:134,0
DA:140,0
DA:142,0
DA:144,0
DA:146,0
DA:147,0
DA:148,0
DA:149,0
DA:150,0
DA:151,0
DA:154,0
DA:155,0
DA:157,0
DA:159,0
DA:160,0
DA:161,0
DA:162,0
DA:163,0
DA:164,0
DA:165,0
DA:170,0
DA:171,0
DA:172,0
DA:173,0
DA:176,0
DA:178,0
DA:179,0
DA:183,0
DA:184,0
DA:188,0
DA:190,0
DA:191,0
DA:192,0
DA:195,0
DA:196,0
DA:197,0
DA:198,0
DA:199,0
DA:200,0
DA:213,0
DA:214,0
DA:223,0
DA:225,0
DA:226,0
DA:227,0
DA:228,0
DA:229,0
DA:230,0
DA:234,0
DA:238,0
DA:239,0
DA:240,0
DA:242,0
DA:245,0
DA:246,0
DA:247,0
DA:248,0
DA:249,0
DA:252,0
DA:253,0
DA:256,0
DA:257,0
DA:258,0
DA:260,0
DA:261,0
DA:262,0
DA:263,0
DA:264,0
DA:265,0
DA:266,0
DA:267,0
DA:268,0
DA:269,0
DA:270,0
DA:271,0
DA:272,0
DA:273,0
DA:275,0
DA:276,0
DA:277,0
DA:278,0
DA:280,0
DA:281,0
DA:282,0
DA:283,0
DA:284,0
DA:285,0
DA:286,0
DA:287,0
DA:288,0
DA:289,0
DA:290,0
DA:291,0
DA:292,0
DA:293,0
DA:294,0
DA:295,0
DA:296,0
DA:297,0
DA:298,0
DA:299,0
DA:300,0
DA:301,0
DA:302,0
DA:304,0
DA:305,0
DA:306,0
DA:307,0
DA:308,0
DA:309,0
DA:310,0
DA:311,0
DA:312,0
DA:314,0
DA:315,0
DA:319,0
DA:320,0
DA:321,0
DA:322,0
DA:323,0
DA:326,0
DA:327,0
DA:330,0
DA:333,0
DA:334,0
DA:336,0
DA:337,0
DA:339,0
DA:340,0
DA:348,0
DA:350,0
DA:351,0
DA:352,0
DA:354,0
DA:357,0
DA:359,0
DA:360,0
DA:361,0
DA:363,0
DA:364,0
DA:365,0
DA:366,0
DA:367,0
DA:368,0
DA:371,0
DA:373,0
DA:379,0
DA:381,0
DA:383,0
DA:387,0
DA:388,0
DA:390,0
DA:391,0
DA:392,0
DA:393,0
DA:395,0
DA:396,0
DA:397,0
DA:398,0
DA:399,0
DA:401,0
DA:402,0
DA:403,0
DA:404,0
DA:405,0
DA:408,0
DA:409,0
DA:410,0
DA:412,0
DA:413,0
DA:415,0
DA:417,0
DA:418,0
DA:419,0
DA:420,0
DA:421,0
DA:422,0
DA:423,0
DA:424,0
DA:425,0
DA:426,0
DA:428,0
DA:432,0
DA:433,0
DA:434,0
DA:435,0
DA:436,0
DA:439,0
DA:441,0
DA:442,0
DA:443,0
DA:446,0
DA:447,0
DA:448,0
DA:449,0
DA:450,0
DA:451,0
DA:452,0
DA:453,0
DA:454,0
DA:455,0
DA:456,0
DA:457,0
DA:458,0
DA:459,0
DA:460,0
DA:462,0
DA:463,0
DA:465,0
DA:470,0
DA:471,0
DA:472,0
DA:473,0
DA:476,0
DA:477,0
DA:478,0
DA:479,0
DA:480,0
DA:482,0
DA:483,0
DA:484,0
DA:486,0
DA:487,0
DA:488,0
DA:489,0
DA:490,0
DA:491,0
DA:492,0
DA:493,0
DA:494,0
DA:495,0
DA:496,0
DA:497,0
DA:498,0
DA:499,0
DA:500,0
DA:501,0
DA:502,0
DA:504,0
DA:505,0
DA:506,0
DA:507,0
DA:524,0
DA:525,0
DA:528,0
DA:530,0
DA:531,0
DA:532,0
DA:533,0
DA:536,0
DA:537,0
DA:540,0
DA:541,0
DA:544,0
DA:545,0
DA:547,0
DA:551,0
DA:555,0
DA:556,0
DA:557,0
DA:563,0
DA:564,0
DA:565,0
DA:569,0
DA:570,0
DA:571,0
DA:572,0
DA:573,0
DA:574,0
DA:575,0
DA:576,0
DA:580,0
DA:581,0
DA:582,0
DA:583,0
DA:584,0
DA:585,0
DA:588,0
DA:590,0
DA:595,0
DA:598,0
DA:599,0
DA:602,0
DA:605,0
DA:606,0
DA:607,0
DA:608,0
DA:610,0
DA:614,0
DA:616,0
DA:617,0
DA:619,0
DA:620,0
DA:623,0
LF:330
LH:0
end_of_record
TN:
SF:/home/kuzz/ImageMagickFuzzing/delegate_libraries/zstd-1.5.7/lib/compress/hist.c
FN:150,159,HIST_countFast_wksp
FN:164,174,HIST_count_wksp
FN:178,182,HIST_countFast
FN:185,189,HIST_count
FN:24,24,HIST_isError
FN:29,37,HIST_add
FN:39,64,HIST_count_simple
FN:76,143,HIST_count_parallel_wksp
FNDA:0,HIST_countFast_wksp
FNDA:0,HIST_count_wksp
FNDA:0,HIST_countFast
FNDA:0,HIST_count
FNDA:0,HIST_isError
FNDA:0,HIST_add
FNDA:0,HIST_count_simple
FNDA:0,HIST_count_parallel_wksp
FNF:8
FNH:0
DA:24,0
DA:29,0
DA:31,0
DA:32,0
DA:34,0
DA:35,0
DA:37,0
DA:39,0
DA:42,0
DA:43,0
DA:44,0
DA:45,0
DA:47,0
DA:48,0
DA:50,0
DA:52,0
DA:55,0
DA:56,0
DA:59,0
DA:60,0
DA:63,0
DA:64,0
DA:76,0
DA:82,0
DA:83,0
DA:84,0
DA:85,0
DA:86,0
DA:87,0
DA:88,0
DA:89,0
DA:93,0
DA:94,0
DA:95,0
DA:96,0
DA:98,0
DA:101,0
DA:102,0
DA:103,0
DA:104,0
DA:105,0
DA:106,0
DA:107,0
DA:108,0
DA:109,0
DA:110,0
DA:111,0
DA:112,0
DA:113,0
DA:114,0
DA:115,0
DA:116,0
DA:117,0
DA:118,0
DA:119,0
DA:120,0
DA:121,0
DA:122,0
DA:124,0
DA:128,0
DA:131,0
DA:132,0
DA:133,0
DA:134,0
DA:136,0
DA:137,0
DA:138,0
DA:139,0
DA:140,0
DA:142,0
DA:143,0
DA:150,0
DA:154,0
DA:155,0
DA:156,0
DA:157,0
DA:158,0
DA:159,0
DA:164,0
DA:168,0
DA:169,0
DA:170,0
DA:171,0
DA:172,0
DA:173,0
DA:174,0
DA:178,0
DA:182,0
DA:185,0
DA:189,0
LF:90
LH:0
end_of_record
TN:
SF:/home/kuzz/ImageMagickFuzzing/delegate_libraries/zstd-1.5.7/lib/compress/huf_compress.c
FN:1049,1051,HUF_tightCompressBound
FN:1056,1118,HUF_compress1X_usingCTable_internal_body
FN:112,129,HUF_alignUpWorkspace
FN:1123,1127,HUF_compress1X_usingCTable_internal_bmi2
FN:1131,1135,HUF_compress1X_usingCTable_internal_default
FN:1139,1147,HUF_compress1X_usingCTable_internal
FN:1162,1164,HUF_compress1X_usingCTable
FN:1168,1215,HUF_compress4X_usingCTable_internal
FN:1217,1219,HUF_compress4X_usingCTable
FN:1224,1239,HUF_compressCTable_internal
FN:1254,1263,HUF_cardinality
FN:1266,1269,HUF_minTableLog
FN:1272,1327,HUF_optimalTableLog
FN:1333,1434,HUF_compress_internal
FN:1436,1446,HUF_compress1X_repeat
FN:1453,1463,HUF_compress4X_repeat
FN:147,186,HUF_compressWeights
FN:188,190,HUF_getNbBits
FN:193,195,HUF_getNbBitsFast
FN:198,200,HUF_getValue
FN:203,205,HUF_getValueFast
FN:208,212,HUF_setNbBits
FN:214,221,HUF_setValue
FN:223,227,HUF_readCTableHeader
FN:230,240,HUF_writeCTableHeader
FN:248,289,HUF_writeCTable_wksp
FN:292,343,HUF_readCTable
FN:345,352,HUF_getNbBitsFromCTable
FN:376,498,HUF_setMaxHeight
FN:530,533,HUF_getIndex
FN:537,541,HUF_swapNodes
FN:555,568,HUF_insertionSort
FN:571,585,HUF_quickSortPartition
FN:591,607,HUF_simpleQuickSort
FN:620,665,HUF_sort
FN:681,717,HUF_buildTree
FN:730,753,HUF_buildCTableFromTree
FN:756,791,HUF_buildCTable_wksp
FN:793,801,HUF_estimateCompressedSize
FN:804,819,HUF_validateCTable
FN:821,821,HUF_compressBound
FN:856,865,HUF_initCStream
FN:877,909,HUF_addBits
FN:911,915,HUF_zeroIndex1
FN:921,928,HUF_mergeIndex1
FN:937,957,HUF_flushBits
FN:962,967,HUF_endMark
FN:973,982,HUF_closeCStream
FN:985,988,HUF_encodeSymbol
FN:991,1042,HUF_compress1X_usingCTable_internal_body_loop
FNDA:0,HUF_tightCompressBound
FNDA:0,HUF_compress1X_usingCTable_internal_body
FNDA:0,HUF_alignUpWorkspace
FNDA:0,HUF_compress1X_usingCTable_internal_bmi2
FNDA:0,HUF_compress1X_usingCTable_internal_default
FNDA:0,HUF_compress1X_usingCTable_internal
FNDA:0,HUF_compress1X_usingCTable
FNDA:0,HUF_compress4X_usingCTable_internal
FNDA:0,HUF_compress4X_usingCTable
FNDA:0,HUF_compressCTable_internal
FNDA:0,HUF_cardinality
FNDA:0,HUF_minTableLog
FNDA:0,HUF_optimalTableLog
FNDA:0,HUF_compress_internal
FNDA:0,HUF_compress1X_repeat
FNDA:0,HUF_compress4X_repeat
FNDA:0,HUF_compressWeights
FNDA:0,HUF_getNbBits
FNDA:0,HUF_getNbBitsFast
FNDA:0,HUF_getValue
FNDA:0,HUF_getValueFast
FNDA:0,HUF_setNbBits
FNDA:0,HUF_setValue
FNDA:0,HUF_readCTableHeader
FNDA:0,HUF_writeCTableHeader
FNDA:0,HUF_writeCTable_wksp
FNDA:0,HUF_readCTable
FNDA:0,HUF_getNbBitsFromCTable
FNDA:0,HUF_setMaxHeight
FNDA:0,HUF_getIndex
FNDA:0,HUF_swapNodes
FNDA:0,HUF_insertionSort
FNDA:0,HUF_quickSortPartition
FNDA:0,HUF_simpleQuickSort
FNDA:0,HUF_sort
FNDA:0,HUF_buildTree
FNDA:0,HUF_buildCTableFromTree
FNDA:0,HUF_buildCTable_wksp
FNDA:0,HUF_estimateCompressedSize
FNDA:0,HUF_validateCTable
FNDA:0,HUF_compressBound
FNDA:0,HUF_initCStream
FNDA:0,HUF_addBits
FNDA:0,HUF_zeroIndex1
FNDA:0,HUF_mergeIndex1
FNDA:0,HUF_flushBits
FNDA:0,HUF_endMark
FNDA:0,HUF_closeCStream
FNDA:0,HUF_encodeSymbol
FNDA:0,HUF_compress1X_usingCTable_internal_body_loop
FNF:50
FNH:0
DA:112,0
DA:114,0
DA:115,0
DA:116,0
DA:117,0
DA:120,0
DA:123,0
DA:124,0
DA:126,0
DA:127,0
DA:129,0
DA:147,0
DA:151,0
DA:152,0
DA:153,0
DA:155,0
DA:156,0
DA:157,0
DA:159,0
DA:162,0
DA:165,0
DA:166,0
DA:167,0
DA:170,0
DA:171,0
DA:174,0
DA:175,0
DA:179,0
DA:180,0
DA:181,0
DA:182,0
DA:185,0
DA:186,0
DA:188,0
DA:190,0
DA:193,0
DA:195,0
DA:198,0
DA:200,0
DA:203,0
DA:205,0
DA:208,0
DA:211,0
DA:212,0
DA:214,0
DA:216,0
DA:217,0
DA:219,0
DA:220,0
DA:221,0
DA:223,0
DA:226,0
DA:227,0
DA:230,0
DA:234,0
DA:236,0
DA:238,0
DA:239,0
DA:240,0
DA:248,0
DA:252,0
DA:253,0
DA:255,0
DA:263,0
DA:264,0
DA:267,0
DA:268,0
DA:269,0
DA:270,0
DA:271,0
DA:274,0
DA:275,0
DA:276,0
DA:277,0
DA:278,0
DA:282,0
DA:283,0
DA:284,0
DA:285,0
DA:286,0
DA:287,0
DA:288,0
DA:289,0
DA:292,0
DA:296,0
DA:297,0
DA:298,0
DA:301,0
DA:302,0
DA:305,0
DA:306,0
DA:308,0
DA:310,0
DA:313,0
DA:314,0
DA:315,0
DA:316,0
DA:317,0
DA:318,0
DA:321,0
DA:322,0
DA:323,0
DA:324,0
DA:327,0
DA:328,0
DA:329,0
DA:331,0
DA:332,0
DA:333,0
DA:334,0
DA:335,0
DA:336,0
DA:337,0
DA:339,0
DA:342,0
DA:343,0
DA:345,0
DA:347,0
DA:349,0
DA:350,0
DA:351,0
DA:352,0
DA:376,0
DA:378,0
DA:380,0
DA:382,0
DA:385,0
DA:386,0
DA:387,0
DA:393,0
DA:394,0
DA:395,0
DA:396,0
DA:401,0
DA:406,0
DA:410,0
DA:414,0
DA:415,0
DA:417,0
DA:418,0
DA:419,0
DA:420,0
DA:421,0
DA:423,0
DA:427,0
DA:428,0
DA:429,0
DA:430,0
DA:431,0
DA:435,0
DA:436,0
DA:437,0
DA:438,0
DA:439,0
DA:443,0
DA:444,0
DA:447,0
DA:448,0
DA:454,0
DA:455,0
DA:463,0
DA:464,0
DA:466,0
DA:467,0
DA:468,0
DA:478,0
DA:482,0
DA:483,0
DA:484,0
DA:486,0
DA:487,0
DA:488,0
DA:490,0
DA:491,0
DA:492,0
DA:497,0
DA:498,0
DA:530,0
DA:531,0
DA:532,0
DA:533,0
DA:537,0
DA:538,0
DA:539,0
DA:540,0
DA:541,0
DA:555,0
DA:557,0
DA:558,0
DA:559,0
DA:560,0
DA:561,0
DA:562,0
DA:563,0
DA:564,0
DA:566,0
DA:567,0
DA:568,0
DA:571,0
DA:575,0
DA:576,0
DA:577,0
DA:578,0
DA:579,0
DA:580,0
DA:581,0
DA:582,0
DA:583,0
DA:584,0
DA:585,0
DA:591,0
DA:592,0
DA:593,0
DA:594,0
DA:595,0
DA:597,0
DA:598,0
DA:599,0
DA:600,0
DA:601,0
DA:602,0
DA:603,0
DA:604,0
DA:607,0
DA:620,0
DA:622,0
DA:630,0
DA:631,0
DA:632,0
DA:634,0
DA:635,0
DA:639,0
DA:640,0
DA:641,0
DA:642,0
DA:645,0
DA:646,0
DA:647,0
DA:648,0
DA:650,0
DA:651,0
DA:652,0
DA:655,0
DA:656,0
DA:657,0
DA:658,0
DA:660,0
DA:661,0
DA:662,0
DA:665,0
DA:681,0
DA:683,0
DA:686,0
DA:688,0
DA:690,0
DA:691,0
DA:692,0
DA:693,0
DA:694,0
DA:695,0
DA:696,0
DA:697,0
DA:700,0
DA:701,0
DA:702,0
DA:703,0
DA:704,0
DA:705,0
DA:709,0
DA:710,0
DA:711,0
DA:712,0
DA:713,0
DA:715,0
DA:717,0
DA:730,0
DA:732,0
DA:735,0
DA:736,0
DA:737,0
DA:738,0
DA:739,0
DA:741,0
DA:742,0
DA:743,0
DA:744,0
DA:745,0
DA:746,0
DA:747,0
DA:748,0
DA:749,0
DA:750,0
DA:752,0
DA:753,0
DA:756,0
DA:759,0
DA:760,0
DA:761,0
DA:762,0
DA:767,0
DA:770,0
DA:771,0
DA:772,0
DA:773,0
DA:774,0
DA:775,0
DA:778,0
DA:779,0
DA:782,0
DA:785,0
DA:786,0
DA:788,0
DA:790,0
DA:791,0
DA:793,0
DA:795,0
DA:796,0
DA:798,0
DA:799,0
DA:800,0
DA:801,0
DA:804,0
DA:805,0
DA:806,0
DA:807,0
DA:812,0
DA:813,0
DA:815,0
DA:816,0
DA:817,0
DA:818,0
DA:819,0
DA:821,0
DA:856,0
DA:859,0
DA:860,0
DA:861,0
DA:862,0
DA:863,0
DA:864,0
DA:865,0
DA:877,0
DA:886,0
DA:887,0
DA:891,0
DA:909,0
DA:911,0
DA:913,0
DA:914,0
DA:915,0
DA:921,0
DA:924,0
DA:925,0
DA:926,0
DA:928,0
DA:937,0
DA:940,0
DA:941,0
DA:943,0
DA:945,0
DA:949,0
DA:950,0
DA:952,0
DA:957,0
DA:962,0
DA:965,0
DA:966,0
DA:967,0
DA:973,0
DA:975,0
DA:976,0
DA:978,0
DA:979,0
DA:980,0
DA:982,0
DA:985,0
DA:987,0
DA:988,0
DA:991,0
DA:997,0
DA:998,0
DA:999,0
DA:1000,0
DA:1001,0
DA:1002,0
DA:1003,0
DA:1004,0
DA:1008,0
DA:1010,0
DA:1011,0
DA:1012,0
DA:1013,0
DA:1014,0
DA:1015,0
DA:1016,0
DA:1019,0
DA:1022,0
DA:1023,0
DA:1024,0
DA:1025,0
DA:1026,0
DA:1031,0
DA:1032,0
DA:1033,0
DA:1034,0
DA:1035,0
DA:1037,0
DA:1038,0
DA:1039,0
DA:1042,0
DA:1049,0
DA:1051,0
DA:1056,0
DA:1060,0
DA:1061,0
DA:1062,0
DA:1063,0
DA:1064,0
DA:1068,0
DA:1069,0
DA:1070,0
DA:1071,0
DA:1073,0
DA:1074,0
DA:1076,0
DA:1077,0
DA:1079,0
DA:1080,0
DA:1084,0
DA:1085,0
DA:1088,0
DA:1089,0
DA:1091,0
DA:1092,0
DA:1094,0
DA:1095,0
DA:1097,0
DA:1098,0
DA:1100,0
DA:1101,0
DA:1103,0
DA:1104,0
DA:1106,0
DA:1107,0
DA:1110,0
DA:1111,0
DA:1117,0
DA:1118,0
DA:1123,0
DA:1127,0
DA:1131,0
DA:1135,0
DA:1139,0
DA:1143,0
DA:1144,0
DA:1146,0
DA:1147,0
DA:1162,0
DA:1164,0
DA:1168,0
DA:1172,0
DA:1173,0
DA:1174,0
DA:1175,0
DA:1176,0
DA:1177,0
DA:1179,0
DA:1180,0
DA:1181,0
DA:1184,0
DA:1185,0
DA:1186,0
DA:1187,0
DA:1190,0
DA:1192,0
DA:1193,0
DA:1194,0
DA:1195,0
DA:1198,0
DA:1200,0
DA:1201,0
DA:1202,0
DA:1203,0
DA:1206,0
DA:1209,0
DA:1210,0
DA:1211,0
DA:1214,0
DA:1215,0
DA:1217,0
DA:1219,0
DA:1224,0
DA:1229,0
DA:1230,0
DA:1231,0
DA:1232,0
DA:1233,0
DA:1234,0
DA:1237,0
DA:1238,0
DA:1239,0
DA:1254,0
DA:1256,0
DA:1259,0
DA:1260,0
DA:1261,0
DA:1263,0
DA:1266,0
DA:1268,0
DA:1269,0
DA:1272,0
DA:1284,0
DA:1286,0
DA:1289,0
DA:1290,0
DA:1292,0
DA:1293,0
DA:1294,0
DA:1295,0
DA:1297,0
DA:1300,0
DA:1301,0
DA:1303,0
DA:1304,0
DA:1306,0
DA:1308,0
DA:1311,0
DA:1313,0
DA:1315,0
DA:1316,0
DA:1319,0
DA:1320,0
DA:1321,0
DA:1322,0
DA:1323,0
DA:1325,0
DA:1327,0
DA:1333,0
DA:1340,0
DA:1341,0
DA:1342,0
DA:1343,0
DA:1345,0
DA:1349,0
DA:1350,0
DA:1351,0
DA:1352,0
DA:1353,0
DA:1354,0
DA:1355,0
DA:1356,0
DA:1359,0
DA:1360,0
DA:1361,0
DA:1362,0
DA:1367,0
DA:1368,0
DA:1369,0
DA:1370,0
DA:1371,0
DA:1372,0
DA:1374,0
DA:1375,0
DA:1376,0
DA:1378,0
DA:1379,0
DA:1382,0
DA:1383,0
DA:1384,0
DA:1386,0
DA:1389,0
DA:1390,0
DA:1391,0
DA:1392,0
DA:1393,0
DA:1395,0
DA:1396,0
DA:1397,0
DA:1398,0
DA:1402,0
DA:1403,0
DA:1404,0
DA:1405,0
DA:1406,0
DA:1407,0
DA:1408,0
DA:1412,0
DA:1415,0
DA:1416,0
DA:1417,0
DA:1418,0
DA:1419,0
DA:1420,0
DA:1421,0
DA:1422,0
DA:1425,0
DA:1426,0
DA:1427,0
DA:1428,0
DA:1429,0
DA:1431,0
DA:1432,0
DA:1433,0
DA:1434,0
DA:1436,0
DA:1442,0
DA:1443,0
DA:1444,0
DA:1445,0
DA:1446,0
DA:1453,0
DA:1459,0
DA:1460,0
DA:1461,0
DA:1462,0
DA:1463,0
LF:616
LH:0
end_of_record
TN:
SF:/home/kuzz/ImageMagickFuzzing/delegate_libraries/zstd-1.5.7/lib/compress/zstd_compress.c
FN:102,112,ZSTD_initCCtx
FN:1023,1025,ZSTD_CCtx_getParameter
FN:1028,1169,ZSTD_CCtxParams_getParameter
FN:114,124,ZSTD_createCCtx_advanced
FN:1178,1190,ZSTD_CCtx_setParametersUsingCCtxParams
FN:1192,1206,ZSTD_CCtx_setCParams
FN:1208,1216,ZSTD_CCtx_setFParams
FN:1218,1228,ZSTD_CCtx_setParams
FN:1230,1237,ZSTD_CCtx_setPledgedSrcSize
FN:1252,1281,ZSTD_initLocalDict
FN:126,149,ZSTD_initStaticCCtx
FN:1283,1312,ZSTD_CCtx_loadDictionary_advanced
FN:1314,1318,ZSTD_CCtx_loadDictionary_byReference
FN:1321,1324,ZSTD_CCtx_loadDictionary
FN:1328,1336,ZSTD_CCtx_refCDict
FN:1338,1344,ZSTD_CCtx_refThreadPool
FN:1346,1348,ZSTD_CCtx_refPrefix
FN:1351,1363,ZSTD_CCtx_refPrefix_advanced
FN:1367,1382,ZSTD_CCtx_reset
FN:1388,1398,ZSTD_checkCParams
FN:1404,1420,ZSTD_clampCParams
FN:1425,1428,ZSTD_cycleLog
FN:1439,1463,ZSTD_dictAndWindowLog
FN:1473,1608,ZSTD_adjustCParams_internal
FN:154,161,ZSTD_clearAllDicts
FN:1612,1618,ZSTD_adjustCParams
FN:1624,1635,ZSTD_overrideCParams
FN:163,167,ZSTD_sizeof_localDict
FN:1637,1650,ZSTD_getCParamsFromCCtxParams
FN:1654,1692,ZSTD_sizeof_matchState
FN:1697,1699,ZSTD_maxNbSeq
FN:170,179,ZSTD_freeCCtxContent
FN:1702,1751,ZSTD_estimateCCtxSize_usingCCtxParams_internal
FN:1754,1767,ZSTD_estimateCCtxSize_usingCCtxParams
FN:1769,1784,ZSTD_estimateCCtxSize_usingCParams
FN:1786,1796,ZSTD_estimateCCtxSize_internal
FN:1799,1808,ZSTD_estimateCCtxSize
FN:181,192,ZSTD_freeCCtx
FN:1811,1829,ZSTD_estimateCStreamSize_usingCCtxParams
FN:1831,1846,ZSTD_estimateCStreamSize_usingCParams
FN:1848,1851,ZSTD_estimateCStreamSize_internal
FN:1854,1862,ZSTD_estimateCStreamSize
FN:1869,1887,ZSTD_getFrameProgression
FN:1893,1901,ZSTD_toFlushNow
FN:1904,1916,ZSTD_assertEqualCParams
FN:1918,1927,ZSTD_reset_compressedBlockState
FN:1933,1941,ZSTD_invalidateMatchState
FN:195,201,ZSTD_sizeof_mtctx
FN:1971,1976,ZSTD_bitmix
FN:1980,1982,ZSTD_advanceHashSalt
FN:1985,2069,ZSTD_reset_matchState
FN:206,214,ZSTD_sizeof_CCtx
FN:2079,2081,ZSTD_indexTooCloseToMax
FN:2089,2091,ZSTD_dictTooBig
FN:2100,2280,ZSTD_resetCCtx_internal
FN:216,218,ZSTD_sizeof_CStream
FN:222,222,ZSTD_getSeqStore
FN:225,226,ZSTD_rowMatchFinderSupported
FN:2286,2290,ZSTD_invalidateRepCodes
FN:2309,2320,ZSTD_shouldAttachDict
FN:232,234,ZSTD_rowMatchFinderUsed
FN:2325,2384,ZSTD_resetCCtx_byAttachingCDict
FN:238,245,ZSTD_resolveRowMatchFinderMode
FN:2386,2400,ZSTD_copyCDictTableIntoCCtx
FN:2402,2482,ZSTD_resetCCtx_byCopyingCDict
FN:248,252,ZSTD_resolveBlockSplitterMode
FN:2487,2504,ZSTD_resetCCtx_usingCDict
FN:2513,2584,ZSTD_copyCCtx_internal
FN:255,262,ZSTD_allocateChainTable
FN:2591,2601,ZSTD_copyCCtx
FN:2613,2652,ZSTD_reduceTable_internal
FN:2654,2657,ZSTD_reduceTable
FN:2659,2662,ZSTD_reduceTable_btlazy2
FN:2666,2684,ZSTD_reduceIndex
FN:269,273,ZSTD_resolveEnableLdm
FN:2693,2718,ZSTD_seqToCodes
FN:2725,2728,ZSTD_useTargetCBlockSize
FN:2736,2740,ZSTD_blockSplitterEnabled
FN:275,276,ZSTD_resolveExternalSequenceValidation
FN:2763,2880,ZSTD_buildSequencesStatistics
FN:280,286,ZSTD_resolveMaxBlockSize
FN:288,295,ZSTD_resolveExternalRepcodeSearch
FN:2888,3003,ZSTD_entropyCompressSeqStore_internal
FN:299,300,ZSTD_CDictIndicesAreTagged
FN:3006,3042,ZSTD_entropyCompressSeqStore_wExtLitBuffer
FN:303,325,ZSTD_makeCCtxParamsFromCParams
FN:3045,3063,ZSTD_entropyCompressSeqStore
FN:3069,3151,ZSTD_selectBlockCompressor
FN:3154,3159,ZSTD_storeLastLiterals
FN:3161,3166,ZSTD_resetSeqStore
FN:3174,3215,ZSTD_postProcessSequenceProducerResult
FN:3223,3231,ZSTD_fastSequenceLengthSum
FN:3237,3253,ZSTD_validateSeqStore
FN:3264,3427,ZSTD_buildSeqStore
FN:328,339,ZSTD_createCCtxParams_advanced
FN:341,343,ZSTD_createCCtxParams
FN:3429,3512,ZSTD_copyBlockSequences
FN:346,351,ZSTD_freeCCtxParams
FN:3514,3517,ZSTD_sequenceBound
FN:3520,3553,ZSTD_generateSequences
FN:353,355,ZSTD_CCtxParams_reset
FN:3555,3568,ZSTD_mergeBlockDelimiters
FN:3572,3592,ZSTD_isRLE
FN:358,364,ZSTD_CCtxParams_init
FN:3598,3603,ZSTD_maybeRLE
FN:3607,3612,ZSTD_blockState_confirmRepcodesAndEntropyTables
FN:3616,3623,writeBlockHeader
FN:3633,3736,ZSTD_buildBlockEntropyStats_literals
FN:373,393,ZSTD_CCtxParams_init_internal
FN:3744,3750,ZSTD_buildDummySequencesStatistics
FN:3759,3789,ZSTD_buildBlockEntropyStats_sequences
FN:3798,3826,ZSTD_buildBlockEntropyStats
FN:3830,3853,ZSTD_estimateBlockSize_literal
FN:3857,3891,ZSTD_estimateBlockSize_symbolType
FN:3895,3919,ZSTD_estimateBlockSize_sequences
FN:3924,3940,ZSTD_estimateBlockSize
FN:3948,3966,ZSTD_buildEntropyStatisticsAndEstimateSubBlockSize
FN:395,401,ZSTD_CCtxParams_init_advanced
FN:3969,3980,ZSTD_countSeqStoreLiteralsBytes
FN:3984,3995,ZSTD_countSeqStoreMatchBytes
FN:4001,4031,ZSTD_deriveSeqStoreChunk
FN:4038,4054,ZSTD_resolveRepcodeToRawOffset
FN:407,417,ZSTD_CCtxParams_setZstdParams
FN:4070,4097,ZSTD_seqStore_resolveOffCodes
FN:4105,4172,ZSTD_compressSeqStore_singleBlock
FN:419,637,ZSTD_cParam_getBounds
FN:4197,4232,ZSTD_deriveBlockSplitsHelper
FN:4239,4253,ZSTD_deriveBlockSplits
FN:4261,4351,ZSTD_compressBlock_splitBlock_internal
FN:4354,4380,ZSTD_compressBlock_splitBlock
FN:4383,4448,ZSTD_compressBlock_internal
FN:4450,4504,ZSTD_compressBlock_targetCBlockSize_body
FN:4506,4524,ZSTD_compressBlock_targetCBlockSize
FN:4526,4548,ZSTD_overflowCorrectIfNeeded
FN:4552,4582,ZSTD_optimalBlockSize
FN:4591,4692,ZSTD_compress_frameChunk
FN:4695,4743,ZSTD_writeFrameHeader
FN:4751,4763,ZSTD_writeSkippableFrame
FN:4770,4778,ZSTD_writeLastEmptyBlock
FN:4780,4789,ZSTD_referenceExternalSequences
FN:4792,4851,ZSTD_compressContinue_internal
FN:4853,4858,ZSTD_compressContinue_public
FN:4862,4866,ZSTD_compressContinue
FN:4869,4873,ZSTD_getBlockSize_deprecated
FN:4877,4879,ZSTD_getBlockSize
FN:4883,4890,ZSTD_compressBlock_deprecated
FN:4893,4895,ZSTD_compressBlock
FN:4902,5040,ZSTD_loadDictionaryContent
FN:5047,5059,ZSTD_dictNCountRepeat
FN:5061,5150,ZSTD_loadCEntropy
FN:5161,5189,ZSTD_loadZstdDictionary
FN:5194,5230,ZSTD_compress_insertDictionary
FN:5238,5283,ZSTD_compressBegin_internal
FN:5285,5301,ZSTD_compressBegin_advanced_internal
FN:5305,5314,ZSTD_compressBegin_advanced
FN:5318,5325,ZSTD_compressBegin_usingDict_deprecated
FN:5330,5332,ZSTD_compressBegin_usingDict
FN:5335,5337,ZSTD_compressBegin
FN:5344,5381,ZSTD_writeEpilogue
FN:5383,5405,ZSTD_CCtx_trace
FN:5407,5431,ZSTD_compressEnd_public
FN:5434,5438,ZSTD_compressEnd
FN:5441,5455,ZSTD_compress_advanced
FN:5458,5470,ZSTD_compress_advanced_internal
FN:5472,5484,ZSTD_compress_usingDict
FN:5487,5494,ZSTD_compressCCtx
FN:5497,5513,ZSTD_compress
FN:5521,5533,ZSTD_estimateCDictSize_advanced
FN:5536,5539,ZSTD_estimateCDictSize
FN:5542,5549,ZSTD_sizeof_CDict
FN:5551,5602,ZSTD_initCDict_internal
FN:5605,5640,ZSTD_createCDict_advanced_internal
FN:5642,5656,ZSTD_createCDict_advanced
FN:5660,5708,ZSTD_createCDict_advanced2
FN:5710,5718,ZSTD_createCDict
FN:5721,5729,ZSTD_createCDict_byReference
FN:5732,5743,ZSTD_freeCDict
FN:5758,5802,ZSTD_initStaticCDict
FN:5804,5807,ZSTD_getCParamsFromCDict
FN:5814,5818,ZSTD_getDictID_fromCDict
FN:5823,5858,ZSTD_compressBegin_usingCDict_internal
FN:5864,5868,ZSTD_compressBegin_usingCDict_advanced
FN:5873,5876,ZSTD_compressBegin_usingCDict_deprecated
FN:5879,5881,ZSTD_compressBegin_usingCDict
FN:5887,5894,ZSTD_compress_usingCDict_internal
FN:5899,5904,ZSTD_compress_usingCDict_advanced
FN:5912,5918,ZSTD_compress_usingCDict
FN:5927,5930,ZSTD_createCStream
FN:5933,5935,ZSTD_initStaticCStream
FN:5938,5940,ZSTD_createCStream_advanced
FN:5943,5945,ZSTD_freeCStream
FN:5952,5952,ZSTD_CStreamInSize
FN:5954,5956,ZSTD_CStreamOutSize
FN:5959,5965,ZSTD_getCParamMode
FN:5969,5980,ZSTD_resetCStream
FN:5986,6004,ZSTD_initCStream_internal
FN:6008,6019,ZSTD_initCStream_usingCDict_advanced
FN:6022,6028,ZSTD_initCStream_usingCDict
FN:6035,6051,ZSTD_initCStream_advanced
FN:6053,6060,ZSTD_initCStream_usingDict
FN:6062,6075,ZSTD_initCStream_srcSize
FN:6077,6084,ZSTD_initCStream
FN:6088,6098,ZSTD_nextInputSizeHint
FN:6103,6287,ZSTD_compressStream_generic
FN:6289,6297,ZSTD_nextInputSizeHint_MTorST
FN:6301,6305,ZSTD_compressStream
FN:6311,6320,ZSTD_setBufferExpectations
FN:6325,6342,ZSTD_checkBufferStability
FN:6349,6443,ZSTD_CCtx_init_compressStream2
FN:642,649,ZSTD_cParam_clampBounds
FN:6447,6544,ZSTD_compressStream2
FN:6546,6564,ZSTD_compressStream2_simpleArgs
FN:6568,6597,ZSTD_compress2
FN:658,706,ZSTD_isUpdateAuthorized
FN:6604,6619,ZSTD_validateSequence
FN:6622,6635,ZSTD_finalizeOffBase
FN:6645,6731,ZSTD_transferSequences_wBlockDelim
FN:6745,6868,ZSTD_transferSequences_noDelim
FN:6881,6889,ZSTD_selectSequenceCopier
FN:6896,6916,blockSize_explicitDelimiter
FN:6918,6937,determine_blockSize
FN:6945,7061,ZSTD_compressSequences_internal
FN:70,74,ZSTD_compressBound
FN:7063,7110,ZSTD_compressSequences
FN:708,768,ZSTD_CCtx_setParameter
FN:7285,7306,convertSequences_noRepcodes
FN:7318,7392,ZSTD_convertBlockSequences
FN:7448,7473,ZSTD_get1BlockSummary
FN:7478,7582,ZSTD_compressSequencesAndLiterals_internal
FN:7585,7634,ZSTD_compressSequencesAndLiterals
FN:7638,7642,inBuffer_forEndFlush
FN:7647,7651,ZSTD_flushStream
FN:7654,7667,ZSTD_endStream
FN:7673,7673,ZSTD_maxCLevel
FN:7674,7674,ZSTD_minCLevel
FN:7675,7675,ZSTD_defaultCLevel
FN:7677,7695,ZSTD_dedicatedDictSearch_getCParams
FN:7698,7704,ZSTD_dedicatedDictSearch_isSupported
FN:770,1021,ZSTD_CCtxParams_setParameter
FN:7712,7732,ZSTD_dedicatedDictSearch_revertCParams
FN:7734,7750,ZSTD_getCParamRowSize
FN:7759,7780,ZSTD_getCParams_internal
FN:7787,7790,ZSTD_getCParams
FN:7798,7806,ZSTD_getParams_internal
FN:7813,7816,ZSTD_getParams
FN:7819,7828,ZSTD_registerSequenceProducer
FN:7830,7843,ZSTD_CCtxParams_registerSequenceProducer
FN:97,99,ZSTD_createCCtx
FNDA:0,ZSTD_initCCtx
FNDA:0,ZSTD_CCtx_getParameter
FNDA:0,ZSTD_CCtxParams_getParameter
FNDA:0,ZSTD_createCCtx_advanced
FNDA:0,ZSTD_CCtx_setParametersUsingCCtxParams
FNDA:0,ZSTD_CCtx_setCParams
FNDA:0,ZSTD_CCtx_setFParams
FNDA:0,ZSTD_CCtx_setParams
FNDA:0,ZSTD_CCtx_setPledgedSrcSize
FNDA:0,ZSTD_initLocalDict
FNDA:0,ZSTD_initStaticCCtx
FNDA:0,ZSTD_CCtx_loadDictionary_advanced
FNDA:0,ZSTD_CCtx_loadDictionary_byReference
FNDA:0,ZSTD_CCtx_loadDictionary
FNDA:0,ZSTD_CCtx_refCDict
FNDA:0,ZSTD_CCtx_refThreadPool
FNDA:0,ZSTD_CCtx_refPrefix
FNDA:0,ZSTD_CCtx_refPrefix_advanced
FNDA:0,ZSTD_CCtx_reset
FNDA:0,ZSTD_checkCParams
FNDA:0,ZSTD_clampCParams
FNDA:0,ZSTD_cycleLog
FNDA:0,ZSTD_dictAndWindowLog
FNDA:0,ZSTD_adjustCParams_internal
FNDA:0,ZSTD_clearAllDicts
FNDA:0,ZSTD_adjustCParams
FNDA:0,ZSTD_overrideCParams
FNDA:0,ZSTD_sizeof_localDict
FNDA:0,ZSTD_getCParamsFromCCtxParams
FNDA:0,ZSTD_sizeof_matchState
FNDA:0,ZSTD_maxNbSeq
FNDA:0,ZSTD_freeCCtxContent
FNDA:0,ZSTD_estimateCCtxSize_usingCCtxParams_internal
FNDA:0,ZSTD_estimateCCtxSize_usingCCtxParams
FNDA:0,ZSTD_estimateCCtxSize_usingCParams
FNDA:0,ZSTD_estimateCCtxSize_internal
FNDA:0,ZSTD_estimateCCtxSize
FNDA:0,ZSTD_freeCCtx
FNDA:0,ZSTD_estimateCStreamSize_usingCCtxParams
FNDA:0,ZSTD_estimateCStreamSize_usingCParams
FNDA:0,ZSTD_estimateCStreamSize_internal
FNDA:0,ZSTD_estimateCStreamSize
FNDA:0,ZSTD_getFrameProgression
FNDA:0,ZSTD_toFlushNow
FNDA:0,ZSTD_assertEqualCParams
FNDA:0,ZSTD_reset_compressedBlockState
FNDA:0,ZSTD_invalidateMatchState
FNDA:0,ZSTD_sizeof_mtctx
FNDA:0,ZSTD_bitmix
FNDA:0,ZSTD_advanceHashSalt
FNDA:0,ZSTD_reset_matchState
FNDA:0,ZSTD_sizeof_CCtx
FNDA:0,ZSTD_indexTooCloseToMax
FNDA:0,ZSTD_dictTooBig
FNDA:0,ZSTD_resetCCtx_internal
FNDA:0,ZSTD_sizeof_CStream
FNDA:0,ZSTD_getSeqStore
FNDA:0,ZSTD_rowMatchFinderSupported
FNDA:0,ZSTD_invalidateRepCodes
FNDA:0,ZSTD_shouldAttachDict
FNDA:0,ZSTD_rowMatchFinderUsed
FNDA:0,ZSTD_resetCCtx_byAttachingCDict
FNDA:0,ZSTD_resolveRowMatchFinderMode
FNDA:0,ZSTD_copyCDictTableIntoCCtx
FNDA:0,ZSTD_resetCCtx_byCopyingCDict
FNDA:0,ZSTD_resolveBlockSplitterMode
FNDA:0,ZSTD_resetCCtx_usingCDict
FNDA:0,ZSTD_copyCCtx_internal
FNDA:0,ZSTD_allocateChainTable
FNDA:0,ZSTD_copyCCtx
FNDA:0,ZSTD_reduceTable_internal
FNDA:0,ZSTD_reduceTable
FNDA:0,ZSTD_reduceTable_btlazy2
FNDA:0,ZSTD_reduceIndex
FNDA:0,ZSTD_resolveEnableLdm
FNDA:0,ZSTD_seqToCodes
FNDA:0,ZSTD_useTargetCBlockSize
FNDA:0,ZSTD_blockSplitterEnabled
FNDA:0,ZSTD_resolveExternalSequenceValidation
FNDA:0,ZSTD_buildSequencesStatistics
FNDA:0,ZSTD_resolveMaxBlockSize
FNDA:0,ZSTD_resolveExternalRepcodeSearch
FNDA:0,ZSTD_entropyCompressSeqStore_internal
FNDA:0,ZSTD_CDictIndicesAreTagged
FNDA:0,ZSTD_entropyCompressSeqStore_wExtLitBuffer
FNDA:0,ZSTD_makeCCtxParamsFromCParams
FNDA:0,ZSTD_entropyCompressSeqStore
FNDA:0,ZSTD_selectBlockCompressor
FNDA:0,ZSTD_storeLastLiterals
FNDA:0,ZSTD_resetSeqStore
FNDA:0,ZSTD_postProcessSequenceProducerResult
FNDA:0,ZSTD_fastSequenceLengthSum
FNDA:0,ZSTD_validateSeqStore
FNDA:0,ZSTD_buildSeqStore
FNDA:0,ZSTD_createCCtxParams_advanced
FNDA:0,ZSTD_createCCtxParams
FNDA:0,ZSTD_copyBlockSequences
FNDA:0,ZSTD_freeCCtxParams
FNDA:0,ZSTD_sequenceBound
FNDA:0,ZSTD_generateSequences
FNDA:0,ZSTD_CCtxParams_reset
FNDA:0,ZSTD_mergeBlockDelimiters
FNDA:0,ZSTD_isRLE
FNDA:0,ZSTD_CCtxParams_init
FNDA:0,ZSTD_maybeRLE
FNDA:0,ZSTD_blockState_confirmRepcodesAndEntropyTables
FNDA:0,writeBlockHeader
FNDA:0,ZSTD_buildBlockEntropyStats_literals
FNDA:0,ZSTD_CCtxParams_init_internal
FNDA:0,ZSTD_buildDummySequencesStatistics
FNDA:0,ZSTD_buildBlockEntropyStats_sequences
FNDA:0,ZSTD_buildBlockEntropyStats
FNDA:0,ZSTD_estimateBlockSize_literal
FNDA:0,ZSTD_estimateBlockSize_symbolType
FNDA:0,ZSTD_estimateBlockSize_sequences
FNDA:0,ZSTD_estimateBlockSize
FNDA:0,ZSTD_buildEntropyStatisticsAndEstimateSubBlockSize
FNDA:0,ZSTD_CCtxParams_init_advanced
FNDA:0,ZSTD_countSeqStoreLiteralsBytes
FNDA:0,ZSTD_countSeqStoreMatchBytes
FNDA:0,ZSTD_deriveSeqStoreChunk
FNDA:0,ZSTD_resolveRepcodeToRawOffset
FNDA:0,ZSTD_CCtxParams_setZstdParams
FNDA:0,ZSTD_seqStore_resolveOffCodes
FNDA:0,ZSTD_compressSeqStore_singleBlock
FNDA:0,ZSTD_cParam_getBounds
FNDA:0,ZSTD_deriveBlockSplitsHelper
FNDA:0,ZSTD_deriveBlockSplits
FNDA:0,ZSTD_compressBlock_splitBlock_internal
FNDA:0,ZSTD_compressBlock_splitBlock
FNDA:0,ZSTD_compressBlock_internal
FNDA:0,ZSTD_compressBlock_targetCBlockSize_body
FNDA:0,ZSTD_compressBlock_targetCBlockSize
FNDA:0,ZSTD_overflowCorrectIfNeeded
FNDA:0,ZSTD_optimalBlockSize
FNDA:0,ZSTD_compress_frameChunk
FNDA:0,ZSTD_writeFrameHeader
FNDA:0,ZSTD_writeSkippableFrame
FNDA:0,ZSTD_writeLastEmptyBlock
FNDA:0,ZSTD_referenceExternalSequences
FNDA:0,ZSTD_compressContinue_internal
FNDA:0,ZSTD_compressContinue_public
FNDA:0,ZSTD_compressContinue
FNDA:0,ZSTD_getBlockSize_deprecated
FNDA:0,ZSTD_getBlockSize
FNDA:0,ZSTD_compressBlock_deprecated
FNDA:0,ZSTD_compressBlock
FNDA:0,ZSTD_loadDictionaryContent
FNDA:0,ZSTD_dictNCountRepeat
FNDA:0,ZSTD_loadCEntropy
FNDA:0,ZSTD_loadZstdDictionary
FNDA:0,ZSTD_compress_insertDictionary
FNDA:0,ZSTD_compressBegin_internal
FNDA:0,ZSTD_compressBegin_advanced_internal
FNDA:0,ZSTD_compressBegin_advanced
FNDA:0,ZSTD_compressBegin_usingDict_deprecated
FNDA:0,ZSTD_compressBegin_usingDict
FNDA:0,ZSTD_compressBegin
FNDA:0,ZSTD_writeEpilogue
FNDA:0,ZSTD_CCtx_trace
FNDA:0,ZSTD_compressEnd_public
FNDA:0,ZSTD_compressEnd
FNDA:0,ZSTD_compress_advanced
FNDA:0,ZSTD_compress_advanced_internal
FNDA:0,ZSTD_compress_usingDict
FNDA:0,ZSTD_compressCCtx
FNDA:0,ZSTD_compress
FNDA:0,ZSTD_estimateCDictSize_advanced
FNDA:0,ZSTD_estimateCDictSize
FNDA:0,ZSTD_sizeof_CDict
FNDA:0,ZSTD_initCDict_internal
FNDA:0,ZSTD_createCDict_advanced_internal
FNDA:0,ZSTD_createCDict_advanced
FNDA:0,ZSTD_createCDict_advanced2
FNDA:0,ZSTD_createCDict
FNDA:0,ZSTD_createCDict_byReference
FNDA:0,ZSTD_freeCDict
FNDA:0,ZSTD_initStaticCDict
FNDA:0,ZSTD_getCParamsFromCDict
FNDA:0,ZSTD_getDictID_fromCDict
FNDA:0,ZSTD_compressBegin_usingCDict_internal
FNDA:0,ZSTD_compressBegin_usingCDict_advanced
FNDA:0,ZSTD_compressBegin_usingCDict_deprecated
FNDA:0,ZSTD_compressBegin_usingCDict
FNDA:0,ZSTD_compress_usingCDict_internal
FNDA:0,ZSTD_compress_usingCDict_advanced
FNDA:0,ZSTD_compress_usingCDict
FNDA:0,ZSTD_createCStream
FNDA:0,ZSTD_initStaticCStream
FNDA:0,ZSTD_createCStream_advanced
FNDA:0,ZSTD_freeCStream
FNDA:0,ZSTD_CStreamInSize
FNDA:0,ZSTD_CStreamOutSize
FNDA:0,ZSTD_getCParamMode
FNDA:0,ZSTD_resetCStream
FNDA:0,ZSTD_initCStream_internal
FNDA:0,ZSTD_initCStream_usingCDict_advanced
FNDA:0,ZSTD_initCStream_usingCDict
FNDA:0,ZSTD_initCStream_advanced
FNDA:0,ZSTD_initCStream_usingDict
FNDA:0,ZSTD_initCStream_srcSize
FNDA:0,ZSTD_initCStream
FNDA:0,ZSTD_nextInputSizeHint
FNDA:0,ZSTD_compressStream_generic
FNDA:0,ZSTD_nextInputSizeHint_MTorST
FNDA:0,ZSTD_compressStream
FNDA:0,ZSTD_setBufferExpectations
FNDA:0,ZSTD_checkBufferStability
FNDA:0,ZSTD_CCtx_init_compressStream2
FNDA:0,ZSTD_cParam_clampBounds
FNDA:0,ZSTD_compressStream2
FNDA:0,ZSTD_compressStream2_simpleArgs
FNDA:0,ZSTD_compress2
FNDA:0,ZSTD_isUpdateAuthorized
FNDA:0,ZSTD_validateSequence
FNDA:0,ZSTD_finalizeOffBase
FNDA:0,ZSTD_transferSequences_wBlockDelim
FNDA:0,ZSTD_transferSequences_noDelim
FNDA:0,ZSTD_selectSequenceCopier
FNDA:0,blockSize_explicitDelimiter
FNDA:0,determine_blockSize
FNDA:0,ZSTD_compressSequences_internal
FNDA:0,ZSTD_compressBound
FNDA:0,ZSTD_compressSequences
FNDA:0,ZSTD_CCtx_setParameter
FNDA:0,convertSequences_noRepcodes
FNDA:0,ZSTD_convertBlockSequences
FNDA:0,ZSTD_get1BlockSummary
FNDA:0,ZSTD_compressSequencesAndLiterals_internal
FNDA:0,ZSTD_compressSequencesAndLiterals
FNDA:0,inBuffer_forEndFlush
FNDA:0,ZSTD_flushStream
FNDA:0,ZSTD_endStream
FNDA:0,ZSTD_maxCLevel
FNDA:0,ZSTD_minCLevel
FNDA:0,ZSTD_defaultCLevel
FNDA:0,ZSTD_dedicatedDictSearch_getCParams
FNDA:0,ZSTD_dedicatedDictSearch_isSupported
FNDA:0,ZSTD_CCtxParams_setParameter
FNDA:0,ZSTD_dedicatedDictSearch_revertCParams
FNDA:0,ZSTD_getCParamRowSize
FNDA:0,ZSTD_getCParams_internal
FNDA:0,ZSTD_getCParams
FNDA:0,ZSTD_getParams_internal
FNDA:0,ZSTD_getParams
FNDA:0,ZSTD_registerSequenceProducer
FNDA:0,ZSTD_CCtxParams_registerSequenceProducer
FNDA:0,ZSTD_createCCtx
FNF:248
FNH:0
DA:70,0
DA:71,0
DA:72,0
DA:73,0
DA:74,0
DA:97,0
DA:99,0
DA:102,0
DA:105,0
DA:106,0
DA:107,0
DA:108,0
DA:110,0
DA:112,0
DA:114,0
DA:118,0
DA:119,0
DA:120,0
DA:121,0
DA:122,0
DA:124,0
DA:126,0
DA:130,0
DA:131,0
DA:132,0
DA:134,0
DA:135,0
DA:137,0
DA:138,0
DA:139,0
DA:142,0
DA:143,0
DA:144,0
DA:145,0
DA:146,0
DA:147,0
DA:148,0
DA:149,0
DA:154,0
DA:156,0
DA:157,0
DA:158,0
DA:159,0
DA:160,0
DA:161,0
DA:163,0
DA:165,0
DA:166,0
DA:167,0
DA:170,0
DA:174,0
DA:178,0
DA:179,0
DA:181,0
DA:183,0
DA:184,0
DA:185,0
DA:187,0
DA:188,0
DA:189,0
DA:191,0
DA:192,0
DA:195,0
DA:200,0
DA:201,0
DA:206,0
DA:208,0
DA:210,0
DA:211,0
DA:212,0
DA:213,0
DA:214,0
DA:216,0
DA:218,0
DA:222,0
DA:225,0
DA:226,0
DA:232,0
DA:234,0
DA:238,0
DA:240,0
DA:241,0
DA:242,0
DA:243,0
DA:244,0
DA:245,0
DA:248,0
DA:250,0
DA:251,0
DA:252,0
DA:255,0
DA:262,0
DA:269,0
DA:271,0
DA:272,0
DA:273,0
DA:275,0
DA:276,0
DA:280,0
DA:281,0
DA:282,0
DA:284,0
DA:286,0
DA:288,0
DA:289,0
DA:290,0
DA:291,0
DA:293,0
DA:295,0
DA:299,0
DA:300,0
DA:303,0
DA:308,0
DA:309,0
DA:312,0
DA:313,0
DA:314,0
DA:317,0
DA:318,0
DA:319,0
DA:320,0
DA:321,0
DA:322,0
DA:323,0
DA:325,0
DA:328,0
DA:332,0
DA:333,0
DA:335,0
DA:336,0
DA:337,0
DA:338,0
DA:339,0
DA:341,0
DA:343,0
DA:346,0
DA:348,0
DA:349,0
DA:350,0
DA:351,0
DA:353,0
DA:355,0
DA:358,0
DA:359,0
DA:360,0
DA:361,0
DA:362,0
DA:363,0
DA:364,0
DA:373,0
DA:378,0
DA:379,0
DA:380,0
DA:384,0
DA:385,0
DA:386,0
DA:387,0
DA:388,0
DA:389,0
DA:390,0
DA:391,0
DA:393,0
DA:395,0
DA:397,0
DA:398,0
DA:399,0
DA:400,0
DA:401,0
DA:407,0
DA:411,0
DA:412,0
DA:416,0
DA:417,0
DA:419,0
DA:421,0
DA:423,0
DA:426,0
DA:427,0
DA:428,0
DA:431,0
DA:432,0
DA:433,0
DA:436,0
DA:437,0
DA:438,0
DA:441,0
DA:442,0
DA:443,0
DA:446,0
DA:447,0
DA:448,0
DA:451,0
DA:452,0
DA:453,0
DA:456,0
DA:457,0
DA:458,0
DA:461,0
DA:462,0
DA:463,0
DA:466,0
DA:467,0
DA:468,0
DA:471,0
DA:472,0
DA:473,0
DA:476,0
DA:477,0
DA:478,0
DA:481,0
DA:485,0
DA:487,0
DA:490,0
DA:494,0
DA:496,0
DA:503,0
DA:504,0
DA:506,0
DA:509,0
DA:510,0
DA:511,0
DA:514,0
DA:515,0
DA:516,0
DA:519,0
DA:520,0
DA:521,0
DA:524,0
DA:525,0
DA:526,0
DA:529,0
DA:530,0
DA:531,0
DA:534,0
DA:535,0
DA:536,0
DA:540,0
DA:541,0
DA:542,0
DA:545,0
DA:546,0
DA:547,0
DA:551,0
DA:552,0
DA:553,0
DA:557,0
DA:558,0
DA:559,0
DA:563,0
DA:564,0
DA:565,0
DA:568,0
DA:569,0
DA:570,0
DA:573,0
DA:574,0
DA:575,0
DA:579,0
DA:580,0
DA:581,0
DA:584,0
DA:585,0
DA:586,0
DA:589,0
DA:590,0
DA:591,0
DA:594,0
DA:595,0
DA:596,0
DA:599,0
DA:600,0
DA:601,0
DA:604,0
DA:605,0
DA:606,0
DA:609,0
DA:610,0
DA:611,0
DA:614,0
DA:615,0
DA:616,0
DA:619,0
DA:620,0
DA:621,0
DA:624,0
DA:625,0
DA:626,0
DA:629,0
DA:630,0
DA:631,0
DA:634,0
DA:635,0
DA:637,0
DA:642,0
DA:644,0
DA:645,0
DA:646,0
DA:647,0
DA:648,0
DA:649,0
DA:658,0
DA:660,0
DA:670,0
DA:702,0
DA:704,0
DA:706,0
DA:708,0
DA:710,0
DA:711,0
DA:712,0
DA:713,0
DA:714,0
DA:715,0
DA:716,0
DA:718,0
DA:721,0
DA:723,0
DA:763,0
DA:765,0
DA:766,0
DA:767,0
DA:768,0
DA:770,0
DA:773,0
DA:774,0
DA:777,0
DA:778,0
DA:779,0
DA:782,0
DA:783,0
DA:784,0
DA:786,0
DA:787,0
DA:788,0
DA:792,0
DA:793,0
DA:794,0
DA:795,0
DA:798,0
DA:799,0
DA:800,0
DA:801,0
DA:804,0
DA:805,0
DA:806,0
DA:807,0
DA:810,0
DA:811,0
DA:812,0
DA:813,0
DA:816,0
DA:817,0
DA:818,0
DA:819,0
DA:822,0
DA:823,0
DA:824,0
DA:827,0
DA:828,0
DA:829,0
DA:830,0
DA:834,0
DA:835,0
DA:836,0
DA:840,0
DA:841,0
DA:844,0
DA:845,0
DA:846,0
DA:849,0
DA:850,0
DA:853,0
DA:854,0
DA:855,0
DA:856,0
DA:860,0
DA:861,0
DA:862,0
DA:863,0
DA:868,0
DA:869,0
DA:878,0
DA:879,0
DA:892,0
DA:893,0
DA:902,0
DA:903,0
DA:911,0
DA:912,0
DA:915,0
DA:916,0
DA:917,0
DA:920,0
DA:921,0
DA:922,0
DA:923,0
DA:926,0
DA:927,0
DA:928,0
DA:929,0
DA:932,0
DA:933,0
DA:934,0
DA:935,0
DA:938,0
DA:939,0
DA:940,0
DA:941,0
DA:944,0
DA:945,0
DA:946,0
DA:947,0
DA:948,0
DA:949,0
DA:952,0
DA:953,0
DA:954,0
DA:955,0
DA:958,0
DA:959,0
DA:960,0
DA:963,0
DA:964,0
DA:965,0
DA:968,0
DA:969,0
DA:970,0
DA:973,0
DA:974,0
DA:975,0
DA:978,0
DA:979,0
DA:980,0
DA:983,0
DA:984,0
DA:985,0
DA:988,0
DA:989,0
DA:990,0
DA:993,0
DA:994,0
DA:995,0
DA:998,0
DA:999,0
DA:1000,0
DA:1003,0
DA:1004,0
DA:1005,0
DA:1008,0
DA:1009,0
DA:1011,0
DA:1012,0
DA:1015,0
DA:1016,0
DA:1017,0
DA:1019,0
DA:1020,0
DA:1021,0
DA:1023,0
DA:1025,0
DA:1028,0
DA:1031,0
DA:1034,0
DA:1035,0
DA:1037,0
DA:1038,0
DA:1040,0
DA:1041,0
DA:1043,0
DA:1044,0
DA:1046,0
DA:1047,0
DA:1049,0
DA:1050,0
DA:1052,0
DA:1053,0
DA:1055,0
DA:1056,0
DA:1058,0
DA:1059,0
DA:1061,0
DA:1062,0
DA:1064,0
DA:1065,0
DA:1067,0
DA:1068,0
DA:1070,0
DA:1071,0
DA:1073,0
DA:1074,0
DA:1076,0
DA:1077,0
DA:1082,0
DA:1083,0
DA:1086,0
DA:1094,0
DA:1101,0
DA:1107,0
DA:1108,0
DA:1110,0
DA:1111,0
DA:1113,0
DA:1114,0
DA:1116,0
DA:1117,0
DA:1119,0
DA:1120,0
DA:1122,0
DA:1123,0
DA:1125,0
DA:1126,0
DA:1128,0
DA:1129,0
DA:1131,0
DA:1132,0
DA:1134,0
DA:1135,0
DA:1137,0
DA:1138,0
DA:1140,0
DA:1141,0
DA:1143,0
DA:1144,0
DA:1146,0
DA:1147,0
DA:1149,0
DA:1150,0
DA:1152,0
DA:1153,0
DA:1155,0
DA:1156,0
DA:1158,0
DA:1159,0
DA:1161,0
DA:1162,0
DA:1164,0
DA:1165,0
DA:1166,0
DA:1167,0
DA:1168,0
DA:1169,0
DA:1178,0
DA:1181,0
DA:1182,0
DA:1184,0
DA:1188,0
DA:1189,0
DA:1190,0
DA:1192,0
DA:1195,0
DA:1197,0
DA:1198,0
DA:1199,0
DA:1200,0
DA:1201,0
DA:1202,0
DA:1203,0
DA:1204,0
DA:1205,0
DA:1206,0
DA:1208,0
DA:1211,0
DA:1212,0
DA:1213,0
DA:1214,0
DA:1215,0
DA:1216,0
DA:1218,0
DA:1220,0
DA:1222,0
DA:1224,0
DA:1226,0
DA:1227,0
DA:1228,0
DA:1230,0
DA:1232,0
DA:1233,0
DA:1235,0
DA:1236,0
DA:1237,0
DA:1252,0
DA:1254,0
DA:1255,0
DA:1260,0
DA:1262,0
DA:1265,0
DA:1271,0
DA:1272,0
DA:1273,0
DA:1275,0
DA:1276,0
DA:1277,0
DA:1278,0
DA:1279,0
DA:1280,0
DA:1281,0
DA:1283,0
DA:1289,0
DA:1290,0
DA:1292,0
DA:1293,0
DA:1294,0
DA:1295,0
DA:1296,0
DA:1297,0
DA:1300,0
DA:1302,0
DA:1303,0
DA:1305,0
DA:1306,0
DA:1307,0
DA:1309,0
DA:1310,0
DA:1311,0
DA:1312,0
DA:1314,0
DA:1317,0
DA:1318,0
DA:1321,0
DA:1323,0
DA:1324,0
DA:1328,0
DA:1330,0
DA:1333,0
DA:1334,0
DA:1335,0
DA:1336,0
DA:1338,0
DA:1340,0
DA:1342,0
DA:1343,0
DA:1344,0
DA:1346,0
DA:1348,0
DA:1351,0
DA:1354,0
DA:1356,0
DA:1357,0
DA:1358,0
DA:1359,0
DA:1360,0
DA:1361,0
DA:1362,0
DA:1363,0
DA:1367,0
DA:1369,0
DA:1370,0
DA:1371,0
DA:1372,0
DA:1373,0
DA:1374,0
DA:1375,0
DA:1376,0
DA:1378,0
DA:1379,0
DA:1381,0
DA:1382,0
DA:1388,0
DA:1390,0
DA:1391,0
DA:1392,0
DA:1393,0
DA:1394,0
DA:1395,0
DA:1396,0
DA:1397,0
DA:1398,0
DA:1404,0
DA:1413,0
DA:1414,0
DA:1415,0
DA:1416,0
DA:1417,0
DA:1418,0
DA:1419,0
DA:1420,0
DA:1425,0
DA:1427,0
DA:1428,0
DA:1439,0
DA:1441,0
DA:1443,0
DA:1444,0
DA:1449,0
DA:1450,0
DA:1455,0
DA:1456,0
DA:1457,0
DA:1458,0
DA:1460,0
DA:1463,0
DA:1473,0
DA:1479,0
DA:1480,0
DA:1525,0
DA:1532,0
DA:1537,0
DA:1538,0
DA:1539,0
DA:1545,0
DA:1546,0
DA:1549,0
DA:1553,0
DA:1554,0
DA:1555,0
DA:1557,0
DA:1558,0
DA:1559,0
DA:1560,0
DA:1561,0
DA:1562,0
DA:1563,0
DA:1564,0
DA:1565,0
DA:1566,0
DA:1567,0
DA:1569,0
DA:1570,0
DA:1575,0
DA:1576,0
DA:1577,0
DA:1578,0
DA:1579,0
DA:1580,0
DA:1581,0
DA:1582,0
DA:1583,0
DA:1591,0
DA:1592,0
DA:1597,0
DA:1599,0
DA:1600,0
DA:1601,0
DA:1603,0
DA:1604,0
DA:1605,0
DA:1606,0
DA:1608,0
DA:1612,0
DA:1616,0
DA:1617,0
DA:1618,0
DA:1624,0
DA:1628,0
DA:1629,0
DA:1630,0
DA:1631,0
DA:1632,0
DA:1633,0
DA:1634,0
DA:1635,0
DA:1637,0
DA:1641,0
DA:1643,0
DA:1644,0
DA:1645,0
DA:1646,0
DA:1647,0
DA:1650,0
DA:1654,0
DA:1660,0
DA:1661,0
DA:1663,0
DA:1664,0
DA:1665,0
DA:1668,0
DA:1669,0
DA:1670,0
DA:1671,0
DA:1672,0
DA:1673,0
DA:1674,0
DA:1675,0
DA:1676,0
DA:1677,0
DA:1678,0
DA:1679,0
DA:1681,0
DA:1682,0
DA:1684,0
DA:1690,0
DA:1692,0
DA:1697,0
DA:1698,0
DA:1699,0
DA:1702,0
DA:1713,0
DA:1714,0
DA:1715,0
DA:1716,0
DA:1717,0
DA:1718,0
DA:1719,0
DA:1720,0
DA:1721,0
DA:1723,0
DA:1724,0
DA:1725,0
DA:1726,0
DA:1729,0
DA:1730,0
DA:1732,0
DA:1734,0
DA:1735,0
DA:1736,0
DA:1739,0
DA:1740,0
DA:1741,0
DA:1742,0
DA:1743,0
DA:1744,0
DA:1745,0
DA:1746,0
DA:1747,0
DA:1748,0
DA:1750,0
DA:1751,0
DA:1754,0
DA:1757,0
DA:1758,0
DA:1761,0
DA:1765,0
DA:1766,0
DA:1767,0
DA:1769,0
DA:1771,0
DA:1772,0
DA:1776,0
DA:1777,0
DA:1778,0
DA:1779,0
DA:1780,0
DA:1782,0
DA:1784,0
DA:1786,0
DA:1788,0
DA:1789,0
DA:1791,0
DA:1793,0
DA:1794,0
DA:1795,0
DA:1796,0
DA:1799,0
DA:1802,0
DA:1803,0
DA:1805,0
DA:1806,0
DA:1807,0
DA:1808,0
DA:1811,0
DA:1813,0
DA:1815,0
DA:1816,0
DA:1817,0
DA:1818,0
DA:1820,0
DA:1821,0
DA:1823,0
DA:1825,0
DA:1826,0
DA:1827,0
DA:1829,0
DA:1831,0
DA:1833,0
DA:1834,0
DA:1838,0
DA:1839,0
DA:1840,0
DA:1841,0
DA:1842,0
DA:1844,0
DA:1846,0
DA:1848,0
DA:1850,0
DA:1851,0
DA:1854,0
DA:1857,0
DA:1858,0
DA:1859,0
DA:1860,0
DA:1861,0
DA:1862,0
DA:1869,0
DA:1877,0
DA:1878,0
DA:1879,0
DA:1881,0
DA:1882,0
DA:1883,0
DA:1884,0
DA:1885,0
DA:1886,0
DA:1887,0
DA:1893,0
DA:1900,0
DA:1901,0
DA:1904,0
DA:1916,0
DA:1918,0
DA:1921,0
DA:1922,0
DA:1923,0
DA:1924,0
DA:1925,0
DA:1926,0
DA:1927,0
DA:1933,0
DA:1935,0
DA:1937,0
DA:1938,0
DA:1939,0
DA:1940,0
DA:1941,0
DA:1971,0
DA:1972,0
DA:1973,0
DA:1974,0
DA:1975,0
DA:1976,0
DA:1980,0
DA:1981,0
DA:1982,0
DA:1985,0
DA:1994,0
DA:1995,0
DA:1996,0
DA:1998,0
DA:1999,0
DA:2000,0
DA:2002,0
DA:2004,0
DA:2005,0
DA:2006,0
DA:2007,0
DA:2009,0
DA:2010,0
DA:2012,0
DA:2016,0
DA:2018,0
DA:2020,0
DA:2021,0
DA:2022,0
DA:2023,0
DA:2026,0
DA:2027,0
DA:2029,0
DA:2030,0
DA:2032,0
DA:2034,0
DA:2037,0
DA:2038,0
DA:2039,0
DA:2040,0
DA:2042,0
DA:2043,0
DA:2044,0
DA:2047,0
DA:2049,0
DA:2051,0
DA:2054,0
DA:2055,0
DA:2056,0
DA:2057,0
DA:2058,0
DA:2059,0
DA:2060,0
DA:2061,0
DA:2062,0
DA:2064,0
DA:2066,0
DA:2068,0
DA:2069,0
DA:2079,0
DA:2081,0
DA:2089,0
DA:2091,0
DA:2100,0
DA:2107,0
DA:2108,0
DA:2112,0
DA:2117,0
DA:2118,0
DA:2124,0
DA:2126,0
DA:2129,0
DA:2131,0
DA:2132,0
DA:2133,0
DA:2134,0
DA:2135,0
DA:2137,0
DA:2138,0
DA:2140,0
DA:2142,0
DA:2143,0
DA:2144,0
DA:2145,0
DA:2147,0
DA:2148,0
DA:2149,0
DA:2150,0
DA:2152,0
DA:2154,0
DA:2157,0
DA:2158,0
DA:2159,0
DA:2160,0
DA:2161,0
DA:2163,0
DA:2164,0
DA:2168,0
DA:2170,0
DA:2172,0
DA:2173,0
DA:2175,0
DA:2180,0
DA:2181,0
DA:2182,0
DA:2183,0
DA:2184,0
DA:2185,0
DA:2186,0
DA:2187,0
DA:2189,0
DA:2192,0
DA:2193,0
DA:2194,0
DA:2195,0
DA:2196,0
DA:2197,0
DA:2198,0
DA:2199,0
DA:2201,0
DA:2203,0
DA:2204,0
DA:2205,0
DA:2206,0
DA:2208,0
DA:2210,0
DA:2219,0
DA:2222,0
DA:2224,0
DA:2225,0
DA:2226,0
DA:2227,0
DA:2228,0
DA:2230,0
DA:2231,0
DA:2232,0
DA:2235,0
DA:2236,0
DA:2237,0
DA:2238,0
DA:2239,0
DA:2240,0
DA:2247,0
DA:2248,0
DA:2250,0
DA:2251,0
DA:2252,0
DA:2253,0
DA:2254,0
DA:2257,0
DA:2259,0
DA:2260,0
DA:2261,0
DA:2262,0
DA:2263,0
DA:2264,0
DA:2267,0
DA:2268,0
DA:2269,0
DA:2270,0
DA:2271,0
DA:2273,0
DA:2276,0
DA:2278,0
DA:2280,0
DA:2286,0
DA:2288,0
DA:2290,0
DA:2309,0
DA:2313,0
DA:2314,0
DA:2315,0
DA:2316,0
DA:2317,0
DA:2318,0
DA:2319,0
DA:2320,0
DA:2325,0
DA:2331,0
DA:2334,0
DA:2335,0
DA:2341,0
DA:2342,0
DA:2343,0
DA:2345,0
DA:2346,0
DA:2347,0
DA:2348,0
DA:2349,0
DA:2350,0
DA:2356,0
DA:2357,0
DA:2358,0
DA:2359,0
DA:2361,0
DA:2362,0
DA:2363,0
DA:2364,0
DA:2368,0
DA:2369,0
DA:2370,0
DA:2371,0
DA:2372,0
DA:2374,0
DA:2377,0
DA:2378,0
DA:2381,0
DA:2383,0
DA:2384,0
DA:2386,0
DA:2388,0
DA:2392,0
DA:2393,0
DA:2394,0
DA:2395,0
DA:2396,0
DA:2397,0
DA:2398,0
DA:2400,0
DA:2402,0
DA:2408,0
DA:2411,0
DA:2414,0
DA:2417,0
DA:2418,0
DA:2419,0
DA:2420,0
DA:2428,0
DA:2432,0
DA:2433,0
DA:2435,0
DA:2437,0
DA:2438,0
DA:2439,0
DA:2442,0
DA:2443,0
DA:2444,0
DA:2445,0
DA:2446,0
DA:2448,0
DA:2449,0
DA:2450,0
DA:2453,0
DA:2454,0
DA:2459,0
DA:2460,0
DA:2462,0
DA:2465,0
DA:2468,0
DA:2469,0
DA:2470,0
DA:2471,0
DA:2472,0
DA:2475,0
DA:2476,0
DA:2479,0
DA:2481,0
DA:2482,0
DA:2487,0
DA:2494,0
DA:2497,0
DA:2498,0
DA:2499,0
DA:2501,0
DA:2502,0
DA:2504,0
DA:2513,0
DA:2519,0
DA:2521,0
DA:2522,0
DA:2523,0
DA:2525,0
DA:2529,0
DA:2530,0
DA:2531,0
DA:2532,0
DA:2533,0
DA:2534,0
DA:2536,0
DA:2544,0
DA:2547,0
DA:2548,0
DA:2550,0
DA:2552,0
DA:2553,0
DA:2554,0
DA:2556,0
DA:2559,0
DA:2562,0
DA:2567,0
DA:2571,0
DA:2572,0
DA:2573,0
DA:2574,0
DA:2575,0
DA:2577,0
DA:2578,0
DA:2581,0
DA:2583,0
DA:2584,0
DA:2591,0
DA:2593,0
DA:2594,0
DA:2596,0
DA:2597,0
DA:2599,0
DA:2600,0
DA:2601,0
DA:2613,0
DA:2615,0
DA:2616,0
DA:2619,0
DA:2636,0
DA:2638,0
DA:2640,0
DA:2643,0
DA:2644,0
DA:2645,0
DA:2646,0
DA:2647,0
DA:2649,0
DA:2650,0
DA:2651,0
DA:2652,0
DA:2654,0
DA:2656,0
DA:2657,0
DA:2659,0
DA:2661,0
DA:2662,0
DA:2666,0
DA:2668,0
DA:2669,0
DA:2672,0
DA:2673,0
DA:2674,0
DA:2675,0
DA:2677,0
DA:2678,0
DA:2680,0
DA:2681,0
DA:2682,0
DA:2683,0
DA:2684,0
DA:2693,0
DA:2695,0
DA:2696,0
DA:2697,0
DA:2698,0
DA:2699,0
DA:2701,0
DA:2703,0
DA:2704,0
DA:2705,0
DA:2706,0
DA:2707,0
DA:2708,0
DA:2709,0
DA:2711,0
DA:2712,0
DA:2713,0
DA:2714,0
DA:2715,0
DA:2716,0
DA:2717,0
DA:2718,0
DA:2725,0
DA:2727,0
DA:2728,0
DA:2736,0
DA:2738,0
DA:2740,0
DA:2763,0
DA:2770,0
DA:2771,0
DA:2772,0
DA:2773,0
DA:2774,0
DA:2775,0
DA:2776,0
DA:2777,0
DA:2778,0
DA:2781,0
DA:2783,0
DA:2787,0
DA:2788,0
DA:2789,0
DA:2790,0
DA:2791,0
DA:2792,0
DA:2793,0
DA:2795,0
DA:2798,0
DA:2799,0
DA:2800,0
DA:2801,0
DA:2803,0
DA:2805,0
DA:2806,0
DA:2807,0
DA:2808,0
DA:2809,0
DA:2811,0
DA:2812,0
DA:2813,0
DA:2817,0
DA:2818,0
DA:2819,0
DA:2821,0
DA:2822,0
DA:2823,0
DA:2824,0
DA:2825,0
DA:2826,0
DA:2828,0
DA:2830,0
DA:2831,0
DA:2832,0
DA:2833,0
DA:2835,0
DA:2837,0
DA:2838,0
DA:2839,0
DA:2840,0
DA:2841,0
DA:2843,0
DA:2844,0
DA:2845,0
DA:2849,0
DA:2850,0
DA:2851,0
DA:2852,0
DA:2853,0
DA:2854,0
DA:2855,0
DA:2856,0
DA:2858,0
DA:2860,0
DA:2861,0
DA:2862,0
DA:2863,0
DA:2865,0
DA:2867,0
DA:2868,0
DA:2869,0
DA:2870,0
DA:2871,0
DA:2873,0
DA:2874,0
DA:2875,0
DA:2878,0
DA:2879,0
DA:2880,0
DA:2888,0
DA:2898,0
DA:2899,0
DA:2900,0
DA:2901,0
DA:2902,0
DA:2903,0
DA:2904,0
DA:2905,0
DA:2906,0
DA:2907,0
DA:2908,0
DA:2909,0
DA:2910,0
DA:2912,0
DA:2914,0
DA:2915,0
DA:2917,0
DA:2922,0
DA:2924,0
DA:2926,0
DA:2927,0
DA:2928,0
DA:2929,0
DA:2930,0
DA:2931,0
DA:2932,0
DA:2933,0
DA:2934,0
DA:2936,0
DA:2940,0
DA:2942,0
DA:2943,0
DA:2944,0
DA:2945,0
DA:2946,0
DA:2947,0
DA:2948,0
DA:2949,0
DA:2950,0
DA:2951,0
DA:2954,0
DA:2956,0
DA:2957,0
DA:2959,0
DA:2962,0
DA:2963,0
DA:2964,0
DA:2965,0
DA:2966,0
DA:2967,0
DA:2968,0
DA:2969,0
DA:2970,0
DA:2971,0
DA:2974,0
DA:2975,0
DA:2976,0
DA:2977,0
DA:2978,0
DA:2979,0
DA:2980,0
DA:2981,0
DA:2982,0
DA:2992,0
DA:2995,0
DA:2997,0
DA:3001,0
DA:3002,0
DA:3003,0
DA:3006,0
DA:3017,0
DA:3018,0
DA:3019,0
DA:3020,0
DA:3021,0
DA:3022,0
DA:3026,0
DA:3027,0
DA:3028,0
DA:3030,0
DA:3033,0
DA:3034,0
DA:3036,0
DA:3041,0
DA:3042,0
DA:3045,0
DA:3055,0
DA:3056,0
DA:3057,0
DA:3058,0
DA:3059,0
DA:3060,0
DA:3061,0
DA:3062,0
DA:3063,0
DA:3069,0
DA:3120,0
DA:3121,0
DA:3144,0
DA:3146,0
DA:3147,0
DA:3148,0
DA:3151,0
DA:3154,0
DA:3157,0
DA:3158,0
DA:3159,0
DA:3161,0
DA:3163,0
DA:3164,0
DA:3165,0
DA:3166,0
DA:3174,0
DA:3177,0
DA:3184,0
DA:3190,0
DA:3191,0
DA:3192,0
DA:3196,0
DA:3199,0
DA:3200,0
DA:3205,0
DA:3212,0
DA:3213,0
DA:3215,0
DA:3223,0
DA:3225,0
DA:3226,0
DA:3227,0
DA:3228,0
DA:3229,0
DA:3230,0
DA:3231,0
DA:3237,0
DA:3250,0
DA:3251,0
DA:3253,0
DA:3264,0
DA:3266,0
DA:3267,0
DA:3270,0
DA:3273,0
DA:3274,0
DA:3275,0
DA:3276,0
DA:3277,0
DA:3279,0
DA:3281,0
DA:3283,0
DA:3285,0
DA:3292,0
DA:3293,0
DA:3294,0
DA:3296,0
DA:3297,0
DA:3301,0
DA:3304,0
DA:3305,0
DA:3307,0
DA:3312,0
DA:3319,0
DA:3320,0
DA:3321,0
DA:3322,0
DA:3323,0
DA:3324,0
DA:3326,0
DA:3327,0
DA:3331,0
DA:3337,0
DA:3338,0
DA:3340,0
DA:3344,0
DA:3345,0
DA:3346,0
DA:3347,0
DA:3348,0
DA:3349,0
DA:3351,0
DA:3357,0
DA:3359,0
DA:3360,0
DA:3361,0
DA:3362,0
DA:3363,0
DA:3365,0
DA:3366,0
DA:3369,0
DA:3370,0
DA:3371,0
DA:3372,0
DA:3373,0
DA:3377,0
DA:3378,0
DA:3379,0
DA:3380,0
DA:3381,0
DA:3390,0
DA:3391,0
DA:3392,0
DA:3396,0
DA:3397,0
DA:3401,0
DA:3402,0
DA:3403,0
DA:3404,0
DA:3405,0
DA:3406,0
DA:3407,0
DA:3412,0
DA:3414,0
DA:3415,0
DA:3416,0
DA:3417,0
DA:3418,0
DA:3419,0
DA:3420,0
DA:3422,0
DA:3423,0
DA:3425,0
DA:3426,0
DA:3427,0
DA:3429,0
DA:3431,0
DA:3432,0
DA:3433,0
DA:3435,0
DA:3436,0
DA:3437,0
DA:3445,0
DA:3450,0
DA:3451,0
DA:3453,0
DA:3454,0
DA:3455,0
DA:3461,0
DA:3462,0
DA:3463,0
DA:3464,0
DA:3465,0
DA:3466,0
DA:3467,0
DA:3470,0
DA:3471,0
DA:3473,0
DA:3474,0
DA:3475,0
DA:3476,0
DA:3477,0
DA:3479,0
DA:3480,0
DA:3481,0
DA:3484,0
DA:3485,0
DA:3487,0
DA:3490,0
DA:3491,0
DA:3492,0
DA:3494,0
DA:3495,0
DA:3502,0
DA:3503,0
DA:3504,0
DA:3505,0
DA:3508,0
DA:3511,0
DA:3512,0
DA:3514,0
DA:3515,0
DA:3516,0
DA:3517,0
DA:3520,0
DA:3523,0
DA:3528,0
DA:3529,0
DA:3533,0
DA:3534,0
DA:3537,0
DA:3538,0
DA:3540,0
DA:3541,0
DA:3542,0
DA:3543,0
DA:3544,0
DA:3547,0
DA:3548,0
DA:3549,0
DA:3552,0
DA:3553,0
DA:3555,0
DA:3556,0
DA:3557,0
DA:3558,0
DA:3559,0
DA:3560,0
DA:3561,0
DA:3562,0
DA:3563,0
DA:3564,0
DA:3565,0
DA:3567,0
DA:3568,0
DA:3572,0
DA:3573,0
DA:3574,0
DA:3575,0
DA:3576,0
DA:3577,0
DA:3578,0
DA:3580,0
DA:3582,0
DA:3583,0
DA:3585,0
DA:3587,0
DA:3588,0
DA:3589,0
DA:3590,0
DA:3591,0
DA:3592,0
DA:3598,0
DA:3600,0
DA:3601,0
DA:3603,0
DA:3607,0
DA:3609,0
DA:3610,0
DA:3611,0
DA:3612,0
DA:3616,0
DA:3618,0
DA:3619,0
DA:3620,0
DA:3621,0
DA:3622,0
DA:3623,0
DA:3633,0
DA:3641,0
DA:3642,0
DA:3643,0
DA:3644,0
DA:3645,0
DA:3646,0
DA:3647,0
DA:3648,0
DA:3649,0
DA:3650,0
DA:3651,0
DA:3654,0
DA:3656,0
DA:3657,0
DA:3658,0
DA:3659,0
DA:3666,0
DA:3667,0
DA:3668,0
DA:3669,0
DA:3670,0
DA:3674,0
DA:3675,0
DA:3676,0
DA:3677,0
DA:3678,0
DA:3679,0
DA:3681,0
DA:3682,0
DA:3683,0
DA:3685,0
DA:3687,0
DA:3688,0
DA:3689,0
DA:3693,0
DA:3694,0
DA:3695,0
DA:3696,0
DA:3699,0
DA:3700,0
DA:3702,0
DA:3703,0
DA:3704,0
DA:3705,0
DA:3706,0
DA:3709,0
DA:3710,0
DA:3711,0
DA:3712,0
DA:3713,0
DA:3714,0
DA:3716,0
DA:3717,0
DA:3718,0
DA:3719,0
DA:3720,0
DA:3721,0
DA:3722,0
DA:3723,0
DA:3724,0
DA:3725,0
DA:3726,0
DA:3727,0
DA:3728,0
DA:3729,0
DA:3731,0
DA:3732,0
DA:3733,0
DA:3734,0
DA:3736,0
DA:3744,0
DA:3746,0
DA:3747,0
DA:3748,0
DA:3749,0
DA:3750,0
DA:3759,0
DA:3767,0
DA:3768,0
DA:3769,0
DA:3770,0
DA:3771,0
DA:3772,0
DA:3773,0
DA:3774,0
DA:3777,0
DA:3778,0
DA:3779,0
DA:3780,0
DA:3781,0
DA:3782,0
DA:3783,0
DA:3784,0
DA:3785,0
DA:3786,0
DA:3787,0
DA:3788,0
DA:3789,0
DA:3798,0
DA:3806,0
DA:3807,0
DA:3808,0
DA:3810,0
DA:3811,0
DA:3812,0
DA:3813,0
DA:3814,0
DA:3815,0
DA:3817,0
DA:3818,0
DA:3819,0
DA:3820,0
DA:3821,0
DA:3822,0
DA:3823,0
DA:3824,0
DA:3825,0
DA:3826,0
DA:3830,0
DA:3836,0
DA:3837,0
DA:3838,0
DA:3839,0
DA:3841,0
DA:3842,0
DA:3843,0
DA:3844,0
DA:3845,0
DA:3846,0
DA:3847,0
DA:3848,0
DA:3849,0
DA:3852,0
DA:3853,0
DA:3857,0
DA:3864,0
DA:3865,0
DA:3866,0
DA:3867,0
DA:3868,0
DA:3869,0
DA:3871,0
DA:3872,0
DA:3875,0
DA:3876,0
DA:3877,0
DA:3878,0
DA:3879,0
DA:3880,0
DA:3881,0
DA:3882,0
DA:3883,0
DA:3885,0
DA:3886,0
DA:3887,0
DA:3888,0
DA:3890,0
DA:3891,0
DA:3895,0
DA:3904,0
DA:3905,0
DA:3906,0
DA:3907,0
DA:3909,0
DA:3910,0
DA:3911,0
DA:3913,0
DA:3914,0
DA:3915,0
DA:3917,0
DA:3918,0
DA:3919,0
DA:3924,0
DA:3934,0
DA:3935,0
DA:3936,0
DA:3937,0
DA:3938,0
DA:3939,0
DA:3940,0
DA:3948,0
DA:3950,0
DA:3951,0
DA:3952,0
DA:3958,0
DA:3959,0
DA:3960,0
DA:3961,0
DA:3962,0
DA:3963,0
DA:3964,0
DA:3965,0
DA:3966,0
DA:3969,0
DA:3971,0
DA:3972,0
DA:3974,0
DA:3975,0
DA:3976,0
DA:3977,0
DA:3978,0
DA:3979,0
DA:3980,0
DA:3984,0
DA:3986,0
DA:3987,0
DA:3989,0
DA:3990,0
DA:3991,0
DA:3992,0
DA:3993,0
DA:3994,0
DA:3995,0
DA:4001,0
DA:4005,0
DA:4006,0
DA:4007,0
DA:4008,0
DA:4009,0
DA:4012,0
DA:4013,0
DA:4014,0
DA:4015,0
DA:4016,0
DA:4018,0
DA:4019,0
DA:4020,0
DA:4021,0
DA:4024,0
DA:4025,0
DA:4026,0
DA:4028,0
DA:4029,0
DA:4030,0
DA:4031,0
DA:4038,0
DA:4040,0
DA:4042,0
DA:4051,0
DA:4053,0
DA:4054,0
DA:4070,0
DA:4073,0
DA:4074,0
DA:4075,0
DA:4076,0
DA:4077,0
DA:4078,0
DA:4080,0
DA:4081,0
DA:4082,0
DA:4087,0
DA:4088,0
DA:4089,0
DA:4090,0
DA:4094,0
DA:4095,0
DA:4096,0
DA:4097,0
DA:4105,0
DA:4112,0
DA:4113,0
DA:4114,0
DA:4119,0
DA:4120,0
DA:4121,0
DA:4122,0
DA:4124,0
DA:4125,0
DA:4126,0
DA:4127,0
DA:4128,0
DA:4129,0
DA:4130,0
DA:4131,0
DA:4132,0
DA:4134,0
DA:4135,0
DA:4136,0
DA:4141,0
DA:4142,0
DA:4145,0
DA:4146,0
DA:4147,0
DA:4148,0
DA:4151,0
DA:4152,0
DA:4153,0
DA:4154,0
DA:4155,0
DA:4156,0
DA:4157,0
DA:4158,0
DA:4159,0
DA:4160,0
DA:4161,0
DA:4162,0
DA:4163,0
DA:4164,0
DA:4165,0
DA:4168,0
DA:4169,0
DA:4171,0
DA:4172,0
DA:4197,0
DA:4200,0
DA:4201,0
DA:4202,0
DA:4206,0
DA:4208,0
DA:4210,0
DA:4211,0
DA:4212,0
DA:4214,0
DA:4215,0
DA:4216,0
DA:4217,0
DA:4218,0
DA:4219,0
DA:4220,0
DA:4222,0
DA:4223,0
DA:4225,0
DA:4226,0
DA:4227,0
DA:4228,0
DA:4229,0
DA:4230,0
DA:4231,0
DA:4232,0
DA:4239,0
DA:4242,0
DA:4243,0
DA:4244,0
DA:4245,0
DA:4247,0
DA:4249,0
DA:4250,0
DA:4251,0
DA:4252,0
DA:4253,0
DA:4261,0
DA:4266,0
DA:4267,0
DA:4268,0
DA:4269,0
DA:4270,0
DA:4271,0
DA:4272,0
DA:4273,0
DA:4274,0
DA:4292,0
DA:4293,0
DA:4294,0
DA:4296,0
DA:4300,0
DA:4301,0
DA:4302,0
DA:4304,0
DA:4305,0
DA:4306,0
DA:4307,0
DA:4308,0
DA:4311,0
DA:4314,0
DA:4315,0
DA:4317,0
DA:4318,0
DA:4320,0
DA:4321,0
DA:4322,0
DA:4324,0
DA:4325,0
DA:4326,0
DA:4327,0
DA:4330,0
DA:4332,0
DA:4333,0
DA:4334,0
DA:4335,0
DA:4337,0
DA:4339,0
DA:4340,0
DA:4341,0
DA:4342,0
DA:4343,0
DA:4345,0
DA:4349,0
DA:4350,0
DA:4351,0
DA:4354,0
DA:4360,0
DA:4363,0
DA:4364,0
DA:4365,0
DA:4366,0
DA:4367,0
DA:4368,0
DA:4369,0
DA:4370,0
DA:4371,0
DA:4372,0
DA:4374,0
DA:4377,0
DA:4378,0
DA:4379,0
DA:4380,0
DA:4383,0
DA:4391,0
DA:4393,0
DA:4394,0
DA:4395,0
DA:4399,0
DA:4400,0
DA:4401,0
DA:4402,0
DA:4403,0
DA:4404,0
DA:4408,0
DA:4409,0
DA:4410,0
DA:4411,0
DA:4415,0
DA:4416,0
DA:4417,0
DA:4418,0
DA:4419,0
DA:4420,0
DA:4421,0
DA:4423,0
DA:4428,0
DA:4429,0
DA:4430,0
DA:4432,0
DA:4433,0
DA:4434,0
DA:4437,0
DA:4438,0
DA:4439,0
DA:4444,0
DA:4445,0
DA:4447,0
DA:4448,0
DA:4450,0
DA:4455,0
DA:4456,0
DA:4461,0
DA:4462,0
DA:4463,0
DA:4465,0
DA:4485,0
DA:4486,0
DA:4487,0
DA:4488,0
DA:4489,0
DA:4490,0
DA:4491,0
DA:4492,0
DA:4493,0
DA:4495,0
DA:4497,0
DA:4499,0
DA:4503,0
DA:4504,0
DA:4506,0
DA:4511,0
DA:4512,0
DA:4513,0
DA:4515,0
DA:4517,0
DA:4518,0
DA:4520,0
DA:4521,0
DA:4523,0
DA:4524,0
DA:4526,0
DA:4532,0
DA:4533,0
DA:4534,0
DA:4535,0
DA:4539,0
DA:4540,0
DA:4541,0
DA:4542,0
DA:4543,0
DA:4545,0
DA:4546,0
DA:4547,0
DA:4548,0
DA:4552,0
DA:4560,0
DA:4561,0
DA:4566,0
DA:4567,0
DA:4568,0
DA:4573,0
DA:4574,0
DA:4576,0
DA:4577,0
DA:4579,0
DA:4581,0
DA:4582,0
DA:4591,0
DA:4596,0
DA:4597,0
DA:4598,0
DA:4599,0
DA:4600,0
DA:4601,0
DA:4602,0
DA:4606,0
DA:4607,0
DA:4608,0
DA:4610,0
DA:4611,0
DA:4612,0
DA:4613,0
DA:4614,0
DA:4615,0
DA:4616,0
DA:4617,0
DA:4618,0
DA:4623,0
DA:4627,0
DA:4628,0
DA:4629,0
DA:4630,0
DA:4633,0
DA:4636,0
DA:4637,0
DA:4638,0
DA:4641,0
DA:4642,0
DA:4643,0
DA:4645,0
DA:4646,0
DA:4647,0
DA:4648,0
DA:4649,0
DA:4651,0
DA:4652,0
DA:4653,0
DA:4654,0
DA:4655,0
DA:4656,0
DA:4657,0
DA:4658,0
DA:4659,0
DA:4677,0
DA:4679,0
DA:4681,0
DA:4682,0
DA:4684,0
DA:4685,0
DA:4686,0
DA:4690,0
DA:4691,0
DA:4692,0
DA:4695,0
DA:4699,0
DA:4700,0
DA:4701,0
DA:4702,0
DA:4703,0
DA:4704,0
DA:4705,0
DA:4706,0
DA:4707,0
DA:4708,0
DA:4709,0
DA:4712,0
DA:4714,0
DA:4716,0
DA:4717,0
DA:4718,0
DA:4719,0
DA:4720,0
DA:4721,0
DA:4722,0
DA:4725,0
DA:4727,0
DA:4728,0
DA:4729,0
DA:4730,0
DA:4732,0
DA:4735,0
DA:4737,0
DA:4738,0
DA:4739,0
DA:4740,0
DA:4742,0
DA:4743,0
DA:4751,0
DA:4753,0
DA:4754,0
DA:4756,0
DA:4757,0
DA:4759,0
DA:4760,0
DA:4761,0
DA:4762,0
DA:4763,0
DA:4770,0
DA:4772,0
DA:4774,0
DA:4775,0
DA:4776,0
DA:4778,0
DA:4780,0
DA:4784,0
DA:4785,0
DA:4786,0
DA:4787,0
DA:4788,0
DA:4789,0
DA:4792,0
DA:4797,0
DA:4798,0
DA:4800,0
DA:4802,0
DA:4805,0
DA:4806,0
DA:4807,0
DA:4808,0
DA:4810,0
DA:4811,0
DA:4812,0
DA:4813,0
DA:4815,0
DA:4817,0
DA:4818,0
DA:4819,0
DA:4820,0
DA:4821,0
DA:4822,0
DA:4823,0
DA:4825,0
DA:4827,0
DA:4828,0
DA:4829,0
DA:4830,0
DA:4832,0
DA:4833,0
DA:4834,0
DA:4835,0
DA:4836,0
DA:4837,0
DA:4838,0
DA:4840,0
DA:4842,0
DA:4848,0
DA:4849,0
DA:4851,0
DA:4853,0
DA:4857,0
DA:4858,0
DA:4862,0
DA:4866,0
DA:4869,0
DA:4871,0
DA:4873,0
DA:4877,0
DA:4879,0
DA:4883,0
DA:4885,0
DA:4886,0
DA:4887,0
DA:4889,0
DA:4890,0
DA:4893,0
DA:4895,0
DA:4902,0
DA:4910,0
DA:4911,0
DA:4912,0
DA:4915,0
DA:4923,0
DA:4925,0
DA:4926,0
DA:4932,0
DA:4933,0
DA:4935,0
DA:4938,0
DA:4939,0
DA:4940,0
DA:4941,0
DA:4942,0
DA:4945,0
DA:4948,0
DA:4949,0
DA:4950,0
DA:4952,0
DA:4954,0
DA:4955,0
DA:4956,0
DA:4957,0
DA:4958,0
DA:4959,0
DA:4960,0
DA:4963,0
DA:4964,0
DA:4965,0
DA:4966,0
DA:4967,0
DA:4968,0
DA:4971,0
DA:4972,0
DA:4973,0
DA:4975,0
DA:4977,0
DA:4979,0
DA:4982,0
DA:4983,0
DA:4986,0
DA:4990,0
DA:4999,0
DA:5001,0
DA:5002,0
DA:5004,0
DA:5005,0
DA:5006,0
DA:5007,0
DA:5008,0
DA:5009,0
DA:5010,0
DA:5011,0
DA:5017,0
DA:5027,0
DA:5028,0
DA:5032,0
DA:5036,0
DA:5038,0
DA:5039,0
DA:5040,0
DA:5047,0
DA:5050,0
DA:5051,0
DA:5053,0
DA:5054,0
DA:5055,0
DA:5057,0
DA:5058,0
DA:5059,0
DA:5061,0
DA:5065,0
DA:5066,0
DA:5067,0
DA:5068,0
DA:5069,0
DA:5071,0
DA:5072,0
DA:5073,0
DA:5074,0
DA:5078,0
DA:5079,0
DA:5081,0
DA:5082,0
DA:5086,0
DA:5087,0
DA:5088,0
DA:5090,0
DA:5096,0
DA:5100,0
DA:5101,0
DA:5102,0
DA:5103,0
DA:5104,0
DA:5109,0
DA:5110,0
DA:5114,0
DA:5115,0
DA:5116,0
DA:5117,0
DA:5118,0
DA:5123,0
DA:5124,0
DA:5127,0
DA:5128,0
DA:5129,0
DA:5130,0
DA:5131,0
DA:5133,0
DA:5134,0
DA:5135,0
DA:5136,0
DA:5137,0
DA:5138,0
DA:5140,0
DA:5144,0
DA:5145,0
DA:5146,0
DA:5147,0
DA:5149,0
DA:5150,0
DA:5161,0
DA:5170,0
DA:5171,0
DA:5178,0
DA:5179,0
DA:5180,0
DA:5181,0
DA:5184,0
DA:5185,0
DA:5188,0
DA:5189,0
DA:5194,0
DA:5205,0
DA:5206,0
DA:5207,0
DA:5208,0
DA:5211,0
DA:5214,0
DA:5215,0
DA:5217,0
DA:5218,0
DA:5219,0
DA:5220,0
DA:5221,0
DA:5223,0
DA:5225,0
DA:5228,0
DA:5229,0
DA:5230,0
DA:5238,0
DA:5246,0
DA:5248,0
DA:5250,0
DA:5254,0
DA:5255,0
DA:5256,0
DA:5257,0
DA:5258,0
DA:5259,0
DA:5260,0
DA:5261,0
DA:5264,0
DA:5267,0
DA:5268,0
DA:5269,0
DA:5270,0
DA:5271,0
DA:5272,0
DA:5273,0
DA:5274,0
DA:5275,0
DA:5276,0
DA:5277,0
DA:5279,0
DA:5280,0
DA:5282,0
DA:5283,0
DA:5285,0
DA:5293,0
DA:5295,0
DA:5296,0
DA:5297,0
DA:5298,0
DA:5299,0
DA:5301,0
DA:5305,0
DA:5310,0
DA:5311,0
DA:5312,0
DA:5314,0
DA:5318,0
DA:5321,0
DA:5322,0
DA:5324,0
DA:5325,0
DA:5330,0
DA:5332,0
DA:5335,0
DA:5337,0
DA:5344,0
DA:5346,0
DA:5347,0
DA:5349,0
DA:5350,0
DA:5353,0
DA:5354,0
DA:5355,0
DA:5356,0
DA:5357,0
DA:5358,0
DA:5359,0
DA:5361,0
DA:5363,0
DA:5365,0
DA:5366,0
DA:5367,0
DA:5368,0
DA:5369,0
DA:5371,0
DA:5372,0
DA:5373,0
DA:5374,0
DA:5375,0
DA:5376,0
DA:5377,0
DA:5379,0
DA:5380,0
DA:5381,0
DA:5383,0
DA:5386,0
DA:5387,0
DA:5389,0
DA:5390,0
DA:5391,0
DA:5392,0
DA:5393,0
DA:5394,0
DA:5395,0
DA:5396,0
DA:5397,0
DA:5398,0
DA:5399,0
DA:5400,0
DA:5405,0
DA:5407,0
DA:5412,0
DA:5413,0
DA:5415,0
DA:5416,0
DA:5417,0
DA:5419,0
DA:5421,0
DA:5422,0
DA:5428,0
DA:5429,0
DA:5430,0
DA:5431,0
DA:5434,0
DA:5438,0
DA:5441,0
DA:5447,0
DA:5448,0
DA:5449,0
DA:5450,0
DA:5451,0
DA:5452,0
DA:5453,0
DA:5454,0
DA:5455,0
DA:5458,0
DA:5465,0
DA:5466,0
DA:5469,0
DA:5470,0
DA:5472,0
DA:5479,0
DA:5481,0
DA:5483,0
DA:5484,0
DA:5487,0
DA:5492,0
DA:5494,0
DA:5497,0
DA:5509,0
DA:5510,0
DA:5511,0
DA:5513,0
DA:5521,0
DA:5525,0
DA:5526,0
DA:5527,0
DA:5530,0
DA:5532,0
DA:5533,0
DA:5536,0
DA:5538,0
DA:5539,0
DA:5542,0
DA:5544,0
DA:5545,0
DA:5547,0
DA:5548,0
DA:5549,0
DA:5551,0
DA:5558,0
DA:5560,0
DA:5561,0
DA:5562,0
DA:5563,0
DA:5564,0
DA:5565,0
DA:5566,0
DA:5567,0
DA:5568,0
DA:5570,0
DA:5571,0
DA:5573,0
DA:5577,0
DA:5578,0
DA:5589,0
DA:5590,0
DA:5591,0
DA:5592,0
DA:5593,0
DA:5594,0
DA:5595,0
DA:5597,0
DA:5601,0
DA:5602,0
DA:5605,0
DA:5612,0
DA:5613,0
DA:5615,0
DA:5616,0
DA:5617,0
DA:5618,0
DA:5619,0
DA:5620,0
DA:5621,0
DA:5625,0
DA:5626,0
DA:5627,0
DA:5630,0
DA:5632,0
DA:5634,0
DA:5635,0
DA:5636,0
DA:5637,0
DA:5638,0
DA:5640,0
DA:5642,0
DA:5649,0
DA:5650,0
DA:5651,0
DA:5652,0
DA:5653,0
DA:5654,0
DA:5655,0
DA:5656,0
DA:5660,0
DA:5667,0
DA:5671,0
DA:5672,0
DA:5674,0
DA:5675,0
DA:5676,0
DA:5677,0
DA:5678,0
DA:5679,0
DA:5680,0
DA:5683,0
DA:5685,0
DA:5686,0
DA:5687,0
DA:5688,0
DA:5690,0
DA:5691,0
DA:5692,0
DA:5694,0
DA:5695,0
DA:5696,0
DA:5699,0
DA:5700,0
DA:5701,0
DA:5703,0
DA:5704,0
DA:5707,0
DA:5708,0
DA:5710,0
DA:5712,0
DA:5713,0
DA:5716,0
DA:5717,0
DA:5718,0
DA:5721,0
DA:5723,0
DA:5724,0
DA:5727,0
DA:5728,0
DA:5729,0
DA:5732,0
DA:5734,0
DA:5735,0
DA:5736,0
DA:5737,0
DA:5738,0
DA:5739,0
DA:5740,0
DA:5741,0
DA:5743,0
DA:5758,0
DA:5765,0
DA:5767,0
DA:5768,0
DA:5769,0
DA:5770,0
DA:5771,0
DA:5772,0
DA:5776,0
DA:5777,0
DA:5781,0
DA:5782,0
DA:5783,0
DA:5784,0
DA:5787,0
DA:5789,0
DA:5790,0
DA:5791,0
DA:5792,0
DA:5793,0
DA:5795,0
DA:5796,0
DA:5797,0
DA:5799,0
DA:5801,0
DA:5802,0
DA:5804,0
DA:5807,0
DA:5814,0
DA:5816,0
DA:5817,0
DA:5818,0
DA:5823,0
DA:5828,0
DA:5829,0
DA:5833,0
DA:5834,0
DA:5835,0
DA:5836,0
DA:5837,0
DA:5838,0
DA:5839,0
DA:5840,0
DA:5841,0
DA:5842,0
DA:5848,0
DA:5849,0
DA:5850,0
DA:5851,0
DA:5852,0
DA:5853,0
DA:5855,0
DA:5856,0
DA:5858,0
DA:5864,0
DA:5868,0
DA:5873,0
DA:5875,0
DA:5876,0
DA:5879,0
DA:5881,0
DA:5887,0
DA:5892,0
DA:5893,0
DA:5894,0
DA:5899,0
DA:5904,0
DA:5912,0
DA:5917,0
DA:5918,0
DA:5927,0
DA:5929,0
DA:5930,0
DA:5933,0
DA:5935,0
DA:5938,0
DA:5940,0
DA:5943,0
DA:5945,0
DA:5952,0
DA:5954,0
DA:5956,0
DA:5959,0
DA:5961,0
DA:5962,0
DA:5964,0
DA:5965,0
DA:5969,0
DA:5975,0
DA:5976,0
DA:5977,0
DA:5978,0
DA:5979,0
DA:5980,0
DA:5986,0
DA:5991,0
DA:5992,0
DA:5993,0
DA:5995,0
DA:5997,0
DA:5998,0
DA:5999,0
DA:6001,0
DA:6003,0
DA:6004,0
DA:6008,0
DA:6013,0
DA:6014,0
DA:6015,0
DA:6016,0
DA:6017,0
DA:6018,0
DA:6019,0
DA:6022,0
DA:6024,0
DA:6025,0
DA:6026,0
DA:6027,0
DA:6028,0
DA:6035,0
DA:6043,0
DA:6044,0
DA:6045,0
DA:6046,0
DA:6047,0
DA:6048,0
DA:6049,0
DA:6050,0
DA:6051,0
DA:6053,0
DA:6055,0
DA:6056,0
DA:6057,0
DA:6058,0
DA:6059,0
DA:6060,0
DA:6062,0
DA:6068,0
DA:6069,0
DA:6070,0
DA:6071,0
DA:6072,0
DA:6073,0
DA:6074,0
DA:6075,0
DA:6077,0
DA:6079,0
DA:6080,0
DA:6081,0
DA:6082,0
DA:6083,0
DA:6084,0
DA:6088,0
DA:6090,0
DA:6091,0
DA:6094,0
DA:6095,0
DA:6096,0
[...]
FNDA:0,HUFv07_decompress4X_usingDTable
FNDA:0,HUFv07_selectDecoder
FNDA:0,HUFv07_decompress
FNDA:0,HUFv07_decompress4X_DCtx
FNDA:0,HUFv07_decompress4X_hufOnly
FNDA:0,HUFv07_decompress1X_DCtx
FNDA:0,ZSTDv07_isError
FNDA:0,ZSTDv07_getErrorName
FNDA:0,ZBUFFv07_isError
FNDA:0,ZBUFFv07_getErrorName
FNDA:0,ZSTDv07_defaultAllocFunction
FNDA:0,ZSTDv07_defaultFreeFunction
FNDA:0,MEM_32bits
FNDA:0,MEM_64bits
FNDA:0,MEM_isLittleEndian
FNDA:0,ZSTDv07_copy8
FNDA:0,ZSTDv07_wildcopy
FNDA:0,MEM_read16
FNDA:0,MEM_read32
FNDA:0,MEM_read64
FNDA:0,ZSTDv07_copy4
FNDA:0,MEM_write16
FNDA:0,ZSTDv07_sizeofDCtx
FNDA:0,ZSTDv07_estimateDCtxSize
FNDA:0,ZSTDv07_decompressBegin
FNDA:0,ZSTDv07_createDCtx_advanced
FNDA:0,MEM_swap32
FNDA:0,ZSTDv07_createDCtx
FNDA:0,ZSTDv07_freeDCtx
FNDA:0,ZSTDv07_copyDCtx
FNDA:0,MEM_swap64
FNDA:0,ZSTDv07_frameHeaderSize
FNDA:0,ZSTDv07_getFrameParams
FNDA:0,ZSTDv07_getDecompressedSize
FNDA:0,ZSTDv07_decodeFrameHeader
FNDA:0,ZSTDv07_getcBlockSize
FNDA:0,ZSTDv07_copyRawBlock
FNDA:0,ZSTDv07_decodeLiteralsBlock
FNDA:0,MEM_readLE16
FNDA:0,ZSTDv07_buildSeqTable
FNDA:0,MEM_writeLE16
FNDA:0,ZSTDv07_decodeSeqHeaders
FNDA:0,ZSTDv07_decodeSequence
FNDA:0,MEM_readLE32
FNDA:0,ZSTDv07_execSequence
FNDA:0,MEM_readLE64
FNDA:0,ZSTDv07_decompressSequences
FNDA:0,MEM_readLEST
FNDA:0,ZSTDv07_checkContinuity
FNDA:0,ZSTDv07_decompressBlock_internal
FNDA:0,ZSTDv07_decompressBlock
FNDA:0,ZSTDv07_insertBlock
FNDA:0,ZSTDv07_generateNxBytes
FNDA:0,ZSTDv07_decompressFrame
FNDA:0,ZSTDv07_decompress_usingPreparedDCtx
FNDA:0,ZSTDv07_decompress_usingDict
FNDA:0,ZSTDv07_decompressDCtx
FNDA:0,ZSTDv07_decompress
FNDA:0,ZSTD_errorFrameSizeInfoLegacy
FNDA:0,ZSTDv07_findFrameSizeInfoLegacy
FNDA:0,ZSTDv07_nextSrcSizeToDecompress
FNDA:0,ZSTDv07_isSkipFrame
FNDA:0,ZSTDv07_decompressContinue
FNDA:0,ZSTDv07_refDictContent
FNDA:0,ZSTDv07_loadEntropy
FNDA:0,ZSTDv07_decompress_insertDictionary
FNDA:0,ZSTDv07_decompressBegin_usingDict
FNDA:0,ZSTDv07_createDDict_advanced
FNDA:0,ZSTDv07_createDDict
FNDA:0,ZSTDv07_freeDDict
FNDA:0,ZSTDv07_decompress_usingDDict
FNDA:0,ZBUFFv07_createDCtx
FNDA:0,ZBUFFv07_createDCtx_advanced
FNDA:0,ZBUFFv07_freeDCtx
FNDA:0,ZBUFFv07_decompressInitDictionary
FNDA:0,ZBUFFv07_decompressInit
FNDA:0,ZBUFFv07_limitCopy
FNDA:0,ZBUFFv07_decompressContinue
FNDA:0,ZBUFFv07_recommendedDInSize
FNDA:0,ZBUFFv07_recommendedDOutSize
FNDA:0,BITv07_highbit32
FNDA:0,BITv07_initDStream
FNDA:0,BITv07_lookBits
FNDA:0,BITv07_lookBitsFast
FNDA:0,BITv07_skipBits
FNDA:0,BITv07_readBits
FNDA:0,BITv07_readBitsFast
FNDA:0,BITv07_reloadDStream
FNDA:0,BITv07_endOfDStream
FNDA:0,FSEv07_initDState
FNDA:0,FSEv07_peekSymbol
FNDA:0,FSEv07_updateState
FNDA:0,FSEv07_decodeSymbol
FNDA:0,FSEv07_decodeSymbolFast
FNF:136
FNH:0
DA:264,0
DA:265,0
DA:267,0
DA:269,0
DA:270,0
DA:273,0
DA:275,0
DA:278,0
DA:280,0
DA:283,0
DA:285,0
DA:288,0
DA:290,0
DA:291,0
DA:293,0
DA:300,0
DA:301,0
DA:302,0
DA:303,0
DA:307,0
DA:314,0
DA:315,0
DA:316,0
DA:317,0
DA:318,0
DA:319,0
DA:320,0
DA:321,0
DA:328,0
DA:330,0
DA:331,0
DA:333,0
DA:334,0
DA:336,0
DA:338,0
DA:340,0
DA:341,0
DA:342,0
DA:343,0
DA:344,0
DA:345,0
DA:347,0
DA:349,0
DA:351,0
DA:352,0
DA:354,0
DA:355,0
DA:358,0
DA:360,0
DA:361,0
DA:363,0
DA:364,0
DA:366,0
DA:368,0
DA:369,0
DA:371,0
DA:372,0
DA:472,0
DA:478,0
DA:502,0
DA:504,0
DA:506,0
DA:507,0
DA:508,0
DA:509,0
DA:510,0
DA:511,0
DA:512,0
DA:513,0
DA:514,0
DA:515,0
DA:516,0
DA:517,0
DA:519,0
DA:520,0
DA:521,0
DA:522,0
DA:523,0
DA:524,0
DA:525,0
DA:527,0
DA:528,0
DA:529,0
DA:530,0
DA:533,0
DA:534,0
DA:537,0
DA:539,0
DA:540,0
DA:545,0
DA:547,0
DA:548,0
DA:551,0
DA:553,0
DA:554,0
DA:556,0
DA:558,0
DA:559,0
DA:560,0
DA:565,0
DA:567,0
DA:568,0
DA:569,0
DA:572,0
DA:574,0
DA:575,0
DA:577,0
DA:578,0
DA:579,0
DA:580,0
DA:581,0
DA:583,0
DA:584,0
DA:585,0
DA:587,0
DA:588,0
DA:589,0
DA:590,0
DA:591,0
DA:592,0
DA:593,0
DA:594,0
DA:595,0
DA:596,0
DA:598,0
DA:603,0
DA:605,0
DA:817,0
DA:819,0
DA:820,0
DA:821,0
DA:822,0
DA:823,0
DA:824,0
DA:826,0
DA:828,0
DA:829,0
DA:832,0
DA:834,0
DA:835,0
DA:836,0
DA:837,0
DA:838,0
DA:840,0
DA:842,0
DA:843,0
DA:844,0
DA:845,0
DA:847,0
DA:848,0
DA:853,0
DA:855,0
DA:856,0
DA:857,0
DA:858,0
DA:860,0
DA:861,0
DA:1134,0
DA:1136,0
DA:1142,0
DA:1144,0
DA:1150,0
DA:1152,0
DA:1155,0
DA:1156,0
DA:1157,0
DA:1163,0
DA:1164,0
DA:1166,0
DA:1167,0
DA:1168,0
DA:1169,0
DA:1170,0
DA:1171,0
DA:1172,0
DA:1173,0
DA:1174,0
DA:1175,0
DA:1177,0
DA:1178,0
DA:1179,0
DA:1180,0
DA:1181,0
DA:1182,0
DA:1183,0
DA:1184,0
DA:1185,0
DA:1186,0
DA:1187,0
DA:1189,0
DA:1190,0
DA:1191,0
DA:1192,0
DA:1194,0
DA:1195,0
DA:1196,0
DA:1197,0
DA:1198,0
DA:1199,0
DA:1200,0
DA:1201,0
DA:1202,0
DA:1204,0
DA:1205,0
DA:1206,0
DA:1209,0
DA:1210,0
DA:1211,0
DA:1212,0
DA:1213,0
DA:1214,0
DA:1215,0
DA:1218,0
DA:1219,0
DA:1220,0
DA:1221,0
DA:1222,0
DA:1223,0
DA:1224,0
DA:1227,0
DA:1228,0
DA:1229,0
DA:1230,0
DA:1231,0
DA:1232,0
DA:1234,0
DA:1236,0
DA:1237,0
DA:1239,0
DA:1240,0
DA:1241,0
DA:1242,0
DA:1251,0
DA:1256,0
DA:1260,0
DA:1261,0
DA:1264,0
DA:1265,0
DA:1267,0
DA:1268,0
DA:1269,0
DA:1270,0
DA:1272,0
DA:1273,0
DA:1274,0
DA:1275,0
DA:1276,0
DA:1278,0
DA:1279,0
DA:1280,0
DA:1281,0
DA:1283,0
DA:1284,0
DA:1285,0
DA:1289,0
DA:1290,0
DA:1291,0
DA:1292,0
DA:1293,0
DA:1294,0
DA:1295,0
DA:1296,0
DA:1299,0
DA:1300,0
DA:1301,0
DA:1303,0
DA:1304,0
DA:1305,0
DA:1306,0
DA:1307,0
DA:1308,0
DA:1309,0
DA:1313,0
DA:1316,0
DA:1317,0
DA:1318,0
DA:1412,0
DA:1414,0
DA:1415,0
DA:1418,0
DA:1420,0
DA:1421,0
DA:1423,0
DA:1425,0
DA:1426,0
DA:1429,0
DA:1430,0
DA:1431,0
DA:1434,0
DA:1435,0
DA:1439,0
DA:1440,0
DA:1441,0
DA:1443,0
DA:1444,0
DA:1445,0
DA:1446,0
DA:1447,0
DA:1448,0
DA:1449,0
DA:1450,0
DA:1451,0
DA:1455,0
DA:1456,0
DA:1457,0
DA:1458,0
DA:1460,0
DA:1461,0
DA:1462,0
DA:1463,0
DA:1464,0
DA:1466,0
DA:1471,0
DA:1472,0
DA:1473,0
DA:1474,0
DA:1475,0
DA:1476,0
DA:1478,0
DA:1479,0
DA:1488,0
DA:1490,0
DA:1491,0
DA:1492,0
DA:1493,0
DA:1495,0
DA:1496,0
DA:1498,0
DA:1499,0
DA:1500,0
DA:1502,0
DA:1506,0
DA:1508,0
DA:1509,0
DA:1510,0
DA:1511,0
DA:1512,0
DA:1513,0
DA:1514,0
DA:1518,0
DA:1521,0
DA:1522,0
DA:1523,0
DA:1524,0
DA:1525,0
DA:1526,0
DA:1527,0
DA:1529,0
DA:1530,0
DA:1532,0
DA:1537,0
DA:1538,0
DA:1539,0
DA:1540,0
DA:1547,0
DA:1548,0
DA:1550,0
DA:1551,0
DA:1556,0
DA:1557,0
DA:1562,0
DA:1567,0
DA:1572,0
DA:1573,0
DA:1577,0
DA:1578,0
DA:1580,0
DA:1582,0
DA:1583,0
DA:1584,0
DA:1587,0
DA:1589,0
DA:1591,0
DA:1592,0
DA:1593,0
DA:1596,0
DA:1597,0
DA:1600,0
DA:1604,0
DA:1605,0
DA:1606,0
DA:1609,0
DA:1610,0
DA:1611,0
DA:1614,0
DA:1616,0
DA:1617,0
DA:1621,0
DA:1623,0
DA:1626,0
DA:1627,0
DA:1628,0
DA:1629,0
DA:1630,0
DA:1633,0
DA:1634,0
DA:1636,0
DA:1637,0
DA:1707,0
DA:1710,0
DA:1711,0
DA:1721,0
DA:1725,0
DA:1726,0
DA:1728,0
DA:1729,0
DA:1734,0
DA:1735,0
DA:1738,0
DA:1739,0
DA:1740,0
DA:1741,0
DA:1742,0
DA:1746,0
DA:1747,0
DA:1748,0
DA:1749,0
DA:1750,0
DA:1751,0
DA:1755,0
DA:1756,0
DA:1757,0
DA:1760,0
DA:1761,0
DA:1762,0
DA:1763,0
DA:1764,0
DA:1766,0
DA:1767,0
DA:1770,0
DA:1772,0
DA:1773,0
DA:1774,0
DA:1775,0
DA:1789,0
DA:1791,0
DA:1794,0
DA:1795,0
DA:1796,0
DA:1797,0
DA:1798,0
DA:1802,0
DA:1803,0
DA:1806,0
DA:1807,0
DA:1809,0
DA:1812,0
DA:1817,0
DA:1818,0
DA:1819,0
DA:1820,0
DA:1822,0
DA:1823,0
DA:1825,0
DA:1826,0
DA:1828,0
DA:1831,0
DA:1833,0
DA:1834,0
DA:1836,0
DA:1841,0
DA:1842,0
DA:1843,0
DA:1844,0
DA:1846,0
DA:1848,0
DA:1850,0
DA:1851,0
DA:1852,0
DA:1853,0
DA:1855,0
DA:1856,0
DA:1858,0
DA:1860,0
DA:1861,0
DA:1865,0
DA:1871,0
DA:1873,0
DA:1874,0
DA:1875,0
DA:1876,0
DA:1877,0
DA:1884,0
DA:1885,0
DA:1886,0
DA:1887,0
DA:1888,0
DA:1889,0
DA:1890,0
DA:1891,0
DA:1892,0
DA:1893,0
DA:1894,0
DA:1895,0
DA:1896,0
DA:1897,0
DA:1898,0
DA:1899,0
DA:1901,0
DA:1902,0
DA:1904,0
DA:1905,0
DA:1906,0
DA:1907,0
DA:1908,0
DA:1909,0
DA:1910,0
DA:1911,0
DA:1912,0
DA:1915,0
DA:1916,0
DA:1917,0
DA:1918,0
DA:1919,0
DA:1920,0
DA:1921,0
DA:1922,0
DA:1923,0
DA:1924,0
DA:1925,0
DA:1926,0
DA:1927,0
DA:1928,0
DA:1929,0
DA:1930,0
DA:1931,0
DA:1932,0
DA:1933,0
DA:1937,0
DA:1938,0
DA:1939,0
DA:1943,0
DA:1944,0
DA:1945,0
DA:1946,0
DA:1949,0
DA:1950,0
DA:1953,0
DA:1955,0
DA:1958,0
DA:1963,0
DA:1964,0
DA:1965,0
DA:1966,0
DA:1969,0
DA:1971,0
DA:1973,0
DA:1974,0
DA:1975,0
DA:1976,0
DA:1978,0
DA:1979,0
DA:1981,0
DA:1983,0
DA:1984,0
DA:1995,0
DA:2004,0
DA:2007,0
DA:2008,0
DA:2009,0
DA:2010,0
DA:2011,0
DA:2012,0
DA:2013,0
DA:2014,0
DA:2017,0
DA:2018,0
DA:2019,0
DA:2020,0
DA:2021,0
DA:2022,0
DA:2023,0
DA:2024,0
DA:2026,0
DA:2027,0
DA:2028,0
DA:2029,0
DA:2031,0
DA:2032,0
DA:2033,0
DA:2037,0
DA:2043,0
DA:2044,0
DA:2047,0
DA:2050,0
DA:2051,0
DA:2052,0
DA:2053,0
DA:2054,0
DA:2055,0
DA:2057,0
DA:2059,0
DA:2060,0
DA:2061,0
DA:2062,0
DA:2063,0
DA:2064,0
DA:2065,0
DA:2066,0
DA:2068,0
DA:2069,0
DA:2070,0
DA:2072,0
DA:2073,0
DA:2075,0
DA:2076,0
DA:2077,0
DA:2079,0
DA:2083,0
DA:2084,0
DA:2085,0
DA:2088,0
DA:2089,0
DA:2091,0
DA:2092,0
DA:2095,0
DA:2098,0
DA:2099,0
DA:2102,0
DA:2105,0
DA:2108,0
DA:2109,0
DA:2110,0
DA:2111,0
DA:2112,0
DA:2113,0
DA:2114,0
DA:2115,0
DA:2120,0
DA:2121,0
DA:2122,0
DA:2123,0
DA:2124,0
DA:2125,0
DA:2126,0
DA:2130,0
DA:2131,0
DA:2132,0
DA:2134,0
DA:2135,0
DA:2136,0
DA:2137,0
DA:2138,0
DA:2139,0
DA:2141,0
DA:2142,0
DA:2144,0
DA:2145,0
DA:2146,0
DA:2148,0
DA:2149,0
DA:2150,0
DA:2151,0
DA:2153,0
DA:2154,0
DA:2155,0
DA:2156,0
DA:2157,0
DA:2160,0
DA:2162,0
DA:2163,0
DA:2164,0
DA:2165,0
DA:2168,0
DA:2170,0
DA:2171,0
DA:2172,0
DA:2174,0
DA:2175,0
DA:2176,0
DA:2177,0
DA:2178,0
DA:2179,0
DA:2194,0
DA:2196,0
DA:2199,0
DA:2200,0
DA:2201,0
DA:2202,0
DA:2203,0
DA:2207,0
DA:2208,0
DA:2210,0
DA:2211,0
DA:2213,0
DA:2214,0
DA:2216,0
DA:2220,0
DA:2228,0
DA:2229,0
DA:2233,0
DA:2234,0
DA:2235,0
DA:2236,0
DA:2237,0
DA:2238,0
DA:2242,0
DA:2245,0
DA:2246,0
DA:2248,0
DA:2253,0
DA:2254,0
DA:2255,0
DA:2256,0
DA:2258,0
DA:2260,0
DA:2262,0
DA:2263,0
DA:2264,0
DA:2265,0
DA:2267,0
DA:2268,0
DA:2270,0
DA:2272,0
DA:2273,0
DA:2276,0
DA:2281,0
DA:2283,0
DA:2284,0
DA:2285,0
DA:2286,0
DA:2287,0
DA:2294,0
DA:2295,0
DA:2296,0
DA:2297,0
DA:2298,0
DA:2299,0
DA:2300,0
DA:2301,0
DA:2302,0
DA:2303,0
DA:2304,0
DA:2305,0
DA:2306,0
DA:2307,0
DA:2308,0
DA:2309,0
DA:2311,0
DA:2312,0
DA:2314,0
DA:2315,0
DA:2316,0
DA:2317,0
DA:2318,0
DA:2319,0
DA:2320,0
DA:2321,0
DA:2322,0
DA:2325,0
DA:2326,0
DA:2327,0
DA:2328,0
DA:2329,0
DA:2330,0
DA:2331,0
DA:2332,0
DA:2333,0
DA:2334,0
DA:2335,0
DA:2336,0
DA:2337,0
DA:2338,0
DA:2339,0
DA:2340,0
DA:2341,0
DA:2342,0
DA:2344,0
DA:2348,0
DA:2349,0
DA:2350,0
DA:2354,0
DA:2355,0
DA:2356,0
DA:2357,0
DA:2360,0
DA:2361,0
DA:2364,0
DA:2366,0
DA:2369,0
DA:2374,0
DA:2375,0
DA:2376,0
DA:2377,0
DA:2380,0
DA:2382,0
DA:2384,0
DA:2385,0
DA:2386,0
DA:2387,0
DA:2389,0
DA:2390,0
DA:2392,0
DA:2394,0
DA:2395,0
DA:2403,0
DA:2407,0
DA:2408,0
DA:2409,0
DA:2412,0
DA:2416,0
DA:2417,0
DA:2418,0
DA:2449,0
DA:2452,0
DA:2453,0
DA:2454,0
DA:2455,0
DA:2456,0
DA:2458,0
DA:2464,0
DA:2469,0
DA:2470,0
DA:2471,0
DA:2472,0
DA:2474,0
DA:2475,0
DA:2480,0
DA:2482,0
DA:2485,0
DA:2486,0
DA:2487,0
DA:2488,0
DA:2490,0
DA:2491,0
DA:2492,0
DA:2494,0
DA:2496,0
DA:2499,0
DA:2500,0
DA:2502,0
DA:2503,0
DA:2504,0
DA:2506,0
DA:2508,0
DA:2511,0
DA:2512,0
DA:2513,0
DA:2514,0
DA:2516,0
DA:2517,0
DA:2518,0
DA:2520,0
DA:2559,0
DA:2563,0
DA:2570,0
DA:2572,0
DA:2576,0
DA:2578,0
DA:2579,0
DA:2581,0
DA:2584,0
DA:2586,0
DA:2588,0
DA:2589,0
DA:2716,0
DA:2722,0
DA:2724,0
DA:2725,0
DA:2726,0
DA:2727,0
DA:2728,0
DA:2729,0
DA:2730,0
DA:2864,0
DA:2903,0
DA:2905,0
DA:2907,0
DA:2909,0
DA:2910,0
DA:2911,0
DA:2912,0
DA:2913,0
DA:2914,0
DA:2915,0
DA:2916,0
DA:2917,0
DA:2918,0
DA:2919,0
DA:2922,0
DA:2926,0
DA:2927,0
DA:2929,0
DA:2930,0
DA:2932,0
DA:2933,0
DA:2934,0
DA:2935,0
DA:2936,0
DA:2937,0
DA:2939,0
DA:2941,0
DA:2944,0
DA:2946,0
DA:2947,0
DA:2948,0
DA:2949,0
DA:2951,0
DA:2953,0
DA:2955,0
DA:3077,0
DA:3079,0
DA:3080,0
DA:3081,0
DA:3082,0
DA:3083,0
DA:3084,0
DA:3085,0
DA:3087,0
DA:3095,0
DA:3097,0
DA:3099,0
DA:3100,0
DA:3101,0
DA:3102,0
DA:3103,0
DA:3104,0
DA:3105,0
DA:3106,0
DA:3108,0
DA:3112,0
DA:3113,0
DA:3115,0
DA:3116,0
DA:3117,0
DA:3118,0
DA:3119,0
DA:3120,0
DA:3121,0
DA:3122,0
DA:3123,0
DA:3124,0
DA:3125,0
DA:3126,0
DA:3127,0
DA:3128,0
DA:3129,0
DA:3130,0
DA:3131,0
DA:3132,0
DA:3133,0
DA:3134,0
DA:3136,0
DA:3137,0
DA:3139,0
DA:3140,0
DA:3141,0
DA:3142,0
DA:3144,0
DA:3145,0
DA:3147,0
DA:3148,0
DA:3149,0
DA:3150,0
DA:3152,0
DA:3153,0
DA:3154,0
DA:3155,0
DA:3156,0
DA:3157,0
DA:3158,0
DA:3160,0
DA:3161,0
DA:3171,0
DA:3174,0
DA:3175,0
DA:3176,0
DA:3177,0
DA:3183,0
DA:3185,0
DA:3186,0
DA:3187,0
DA:3188,0
DA:3189,0
DA:3200,0
DA:3202,0
DA:3205,0
DA:3207,0
DA:3208,0
DA:3209,0
DA:3211,0
DA:3212,0
DA:3213,0
DA:3214,0
DA:3217,0
DA:3219,0
DA:3220,0
DA:3221,0
DA:3222,0
DA:3223,0
DA:3224,0
DA:3229,0
DA:3232,0
DA:3234,0
DA:3236,0
DA:3239,0
DA:3240,0
DA:3241,0
DA:3242,0
DA:3244,0
DA:3246,0
DA:3247,0
DA:3248,0
DA:3249,0
DA:3250,0
DA:3253,0
DA:3254,0
DA:3255,0
DA:3256,0
DA:3259,0
DA:3260,0
DA:3261,0
DA:3262,0
DA:3264,0
DA:3265,0
DA:3267,0
DA:3268,0
DA:3269,0
DA:3270,0
DA:3272,0
DA:3273,0
DA:3274,0
DA:3275,0
DA:3276,0
DA:3280,0
DA:3281,0
DA:3282,0
DA:3283,0
DA:3284,0
DA:3287,0
DA:3288,0
DA:3289,0
DA:3290,0
DA:3292,0
DA:3293,0
DA:3295,0
DA:3296,0
DA:3297,0
DA:3298,0
DA:3302,0
DA:3303,0
DA:3305,0
DA:3306,0
DA:3307,0
DA:3308,0
DA:3310,0
DA:3311,0
DA:3313,0
DA:3314,0
DA:3317,0
DA:3318,0
DA:3319,0
DA:3320,0
DA:3321,0
DA:3322,0
DA:3323,0
DA:3326,0
DA:3327,0
DA:3328,0
DA:3332,0
DA:3333,0
DA:3335,0
DA:3336,0
DA:3337,0
DA:3338,0
DA:3340,0
DA:3341,0
DA:3343,0
DA:3344,0
DA:3345,0
DA:3347,0
DA:3348,0
DA:3349,0
DA:3350,0
DA:3351,0
DA:3354,0
DA:3356,0
DA:3363,0
DA:3367,0
DA:3370,0
DA:3371,0
DA:3372,0
DA:3373,0
DA:3375,0
DA:3376,0
DA:3378,0
DA:3379,0
DA:3384,0
DA:3385,0
DA:3386,0
DA:3387,0
DA:3388,0
DA:3390,0
DA:3393,0
DA:3397,0
DA:3398,0
DA:3399,0
DA:3402,0
DA:3405,0
DA:3406,0
DA:3407,0
DA:3408,0
DA:3409,0
DA:3410,0
DA:3411,0
DA:3412,0
DA:3413,0
DA:3415,0
DA:3416,0
DA:3420,0
DA:3421,0
DA:3422,0
DA:3423,0
DA:3424,0
DA:3427,0
DA:3428,0
DA:3429,0
DA:3431,0
DA:3432,0
DA:3433,0
DA:3435,0
DA:3436,0
DA:3437,0
DA:3440,0
DA:3441,0
DA:3459,0
DA:3463,0
DA:3464,0
DA:3465,0
DA:3467,0
DA:3468,0
DA:3469,0
DA:3470,0
DA:3491,0
DA:3492,0
DA:3494,0
DA:3495,0
DA:3498,0
DA:3499,0
DA:3500,0
DA:3501,0
DA:3502,0
DA:3503,0
DA:3504,0
DA:3505,0
DA:3506,0
DA:3508,0
DA:3509,0
DA:3510,0
DA:3511,0
DA:3513,0
DA:3516,0
DA:3517,0
DA:3519,0
DA:3520,0
DA:3521,0
DA:3524,0
DA:3525,0
DA:3526,0
DA:3527,0
DA:3529,0
DA:3534,0
DA:3539,0
DA:3540,0
DA:3541,0
DA:3542,0
DA:3543,0
DA:3544,0
DA:3548,0
DA:3549,0
DA:3551,0
DA:3554,0
DA:3555,0
DA:3556,0
DA:3559,0
DA:3561,0
DA:3562,0
DA:3563,0
DA:3564,0
DA:3565,0
DA:3568,0
DA:3569,0
DA:3570,0
DA:3571,0
DA:3572,0
DA:3573,0
DA:3574,0
DA:3575,0
DA:3577,0
DA:3581,0
DA:3585,0
DA:3586,0
DA:3587,0
DA:3588,0
DA:3589,0
DA:3590,0
DA:3591,0
DA:3592,0
DA:3593,0
DA:3594,0
DA:3596,0
DA:3598,0
DA:3599,0
DA:3600,0
DA:3601,0
DA:3602,0
DA:3603,0
DA:3604,0
DA:3605,0
DA:3606,0
DA:3608,0
DA:3609,0
DA:3612,0
DA:3617,0
DA:3618,0
DA:3619,0
DA:3620,0
DA:3621,0
DA:3622,0
DA:3623,0
DA:3624,0
DA:3625,0
DA:3626,0
DA:3627,0
DA:3628,0
DA:3629,0
DA:3633,0
DA:3634,0
DA:3635,0
DA:3639,0
DA:3641,0
DA:3642,0
DA:3643,0
DA:3644,0
DA:3645,0
DA:3646,0
DA:3647,0
DA:3649,0
DA:3650,0
DA:3651,0
DA:3652,0
DA:3653,0
DA:3654,0
DA:3658,0
DA:3660,0
DA:3661,0
DA:3664,0
DA:3666,0
DA:3667,0
DA:3668,0
DA:3669,0
DA:3670,0
DA:3673,0
DA:3674,0
DA:3677,0
DA:3679,0
DA:3680,0
DA:3681,0
DA:3682,0
DA:3683,0
DA:3684,0
DA:3685,0
DA:3688,0
DA:3692,0
DA:3694,0
DA:3697,0
DA:3698,0
DA:3699,0
DA:3700,0
DA:3702,0
DA:3703,0
DA:3706,0
DA:3711,0
DA:3712,0
DA:3713,0
DA:3714,0
DA:3720,0
DA:3722,0
DA:3723,0
DA:3724,0
DA:3728,0
DA:3730,0
DA:3731,0
DA:3732,0
DA:3733,0
DA:3734,0
DA:3735,0
DA:3740,0
DA:3744,0
DA:3745,0
DA:3746,0
DA:3747,0
DA:3748,0
DA:3749,0
DA:3752,0
DA:3755,0
DA:3756,0
DA:3757,0
DA:3758,0
DA:3759,0
DA:3763,0
DA:3766,0
DA:3767,0
DA:3769,0
DA:3770,0
DA:3771,0
DA:3773,0
DA:3776,0
DA:3777,0
DA:3779,0
DA:3780,0
DA:3782,0
DA:3783,0
DA:3786,0
DA:3787,0
DA:3788,0
DA:3790,0
DA:3792,0
DA:3794,0
DA:3795,0
DA:3796,0
DA:3797,0
DA:3798,0
DA:3801,0
DA:3802,0
DA:3810,0
DA:3814,0
DA:3815,0
DA:3816,0
DA:3820,0
DA:3825,0
DA:3826,0
DA:3827,0
DA:3831,0
DA:3833,0
DA:3837,0
DA:3841,0
DA:3842,0
DA:3843,0
DA:3844,0
DA:3845,0
DA:3850,0
DA:3854,0
DA:3856,0
DA:3857,0
DA:3858,0
DA:3860,0
DA:3862,0
DA:3863,0
DA:3864,0
DA:3867,0
DA:3868,0
DA:3869,0
DA:3873,0
DA:3874,0
DA:3875,0
DA:3876,0
DA:3878,0
DA:3879,0
DA:3880,0
DA:3882,0
DA:3883,0
DA:3884,0
DA:3886,0
DA:3890,0
DA:3892,0
DA:3893,0
DA:3894,0
DA:3895,0
DA:3898,0
DA:3899,0
DA:3901,0
DA:3903,0
DA:3904,0
DA:3905,0
DA:3908,0
DA:3909,0
DA:3910,0
DA:3913,0
DA:3914,0
DA:3915,0
DA:3920,0
DA:3922,0
DA:3925,0
DA:3927,0
DA:3933,0
DA:3936,0
DA:3937,0
DA:3939,0
DA:3942,0
DA:3943,0
DA:3944,0
DA:3945,0
DA:3946,0
DA:3947,0
DA:3949,0
DA:3950,0
DA:3951,0
DA:3952,0
DA:3953,0
DA:3954,0
DA:3955,0
DA:3957,0
DA:3961,0
DA:3962,0
DA:3963,0
DA:3964,0
DA:3965,0
DA:3966,0
DA:3970,0
DA:3971,0
DA:3972,0
DA:3973,0
DA:3974,0
DA:3975,0
DA:3976,0
DA:3977,0
DA:3978,0
DA:3979,0
DA:3980,0
DA:3981,0
DA:3982,0
DA:3983,0
DA:3984,0
DA:3985,0
DA:3987,0
DA:3991,0
DA:3994,0
DA:3995,0
DA:3997,0
DA:3998,0
DA:4000,0
DA:4003,0
DA:4004,0
DA:4006,0
DA:4008,0
DA:4009,0
DA:4010,0
DA:4011,0
DA:4012,0
DA:4013,0
DA:4016,0
DA:4017,0
DA:4018,0
DA:4019,0
DA:4022,0
DA:4023,0
DA:4024,0
DA:4027,0
DA:4029,0
DA:4032,0
DA:4034,0
DA:4035,0
DA:4036,0
DA:4037,0
DA:4038,0
DA:4041,0
DA:4043,0
DA:4044,0
DA:4046,0
DA:4047,0
DA:4048,0
DA:4052,0
DA:4053,0
DA:4054,0
DA:4055,0
DA:4056,0
DA:4057,0
DA:4058,0
DA:4062,0
DA:4063,0
DA:4064,0
DA:4065,0
DA:4066,0
DA:4067,0
DA:4068,0
DA:4072,0
DA:4073,0
DA:4074,0
DA:4075,0
DA:4076,0
DA:4077,0
DA:4078,0
DA:4081,0
DA:4082,0
DA:4083,0
DA:4084,0
DA:4085,0
DA:4087,0
DA:4088,0
DA:4089,0
DA:4091,0
DA:4093,0
DA:4094,0
DA:4095,0
DA:4096,0
DA:4098,0
DA:4101,0
DA:4102,0
DA:4103,0
DA:4104,0
DA:4105,0
DA:4106,0
DA:4110,0
DA:4111,0
DA:4114,0
DA:4116,0
DA:4117,0
DA:4119,0
DA:4120,0
DA:4121,0
DA:4122,0
DA:4124,0
DA:4125,0
DA:4134,0
DA:4136,0
DA:4137,0
DA:4139,0
DA:4140,0
DA:4142,0
DA:4143,0
DA:4144,0
DA:4146,0
DA:4147,0
DA:4148,0
DA:4149,0
DA:4150,0
DA:4153,0
DA:4154,0
DA:4155,0
DA:4156,0
DA:4157,0
DA:4158,0
DA:4159,0
DA:4162,0
DA:4163,0
DA:4164,0
DA:4165,0
DA:4167,0
DA:4172,0
DA:4174,0
DA:4175,0
DA:4178,0
DA:4180,0
DA:4181,0
DA:4182,0
DA:4183,0
DA:4184,0
DA:4185,0
DA:4191,0
DA:4196,0
DA:4197,0
DA:4198,0
DA:4280,0
DA:4282,0
DA:4285,0
DA:4289,0
DA:4290,0
DA:4292,0
DA:4293,0
DA:4295,0
DA:4296,0
DA:4297,0
DA:4298,0
DA:4299,0
DA:4300,0
DA:4301,0
DA:4302,0
DA:4303,0
DA:4305,0
DA:4307,0
DA:4308,0
DA:4309,0
DA:4310,0
DA:4311,0
DA:4312,0
DA:4313,0
DA:4318,0
DA:4320,0
DA:4321,0
DA:4322,0
DA:4325,0
DA:4327,0
DA:4332,0
DA:4334,0
DA:4335,0
DA:4336,0
DA:4337,0
DA:4338,0
DA:4344,0
DA:4348,0
DA:4349,0
DA:4350,0
DA:4351,0
DA:4352,0
DA:4353,0
DA:4354,0
DA:4356,0
DA:4357,0
DA:4360,0
DA:4363,0
DA:4364,0
DA:4365,0
DA:4366,0
DA:4367,0
DA:4368,0
DA:4369,0
DA:4370,0
DA:4371,0
DA:4372,0
DA:4374,0
DA:4375,0
DA:4379,0
DA:4380,0
DA:4381,0
DA:4382,0
DA:4383,0
DA:4384,0
DA:4385,0
DA:4386,0
DA:4388,0
DA:4391,0
DA:4392,0
DA:4393,0
DA:4394,0
DA:4395,0
DA:4396,0
DA:4397,0
DA:4398,0
DA:4399,0
DA:4400,0
DA:4401,0
DA:4402,0
DA:4403,0
DA:4404,0
DA:4405,0
DA:4406,0
DA:4410,0
DA:4411,0
DA:4412,0
DA:4413,0
DA:4414,0
DA:4416,0
DA:4417,0
DA:4418,0
DA:4419,0
DA:4420,0
DA:4421,0
DA:4422,0
DA:4423,0
DA:4424,0
DA:4425,0
DA:4426,0
DA:4428,0
DA:4429,0
DA:4430,0
DA:4433,0
DA:4434,0
DA:4436,0
DA:4437,0
DA:4438,0
DA:4439,0
DA:4440,0
DA:4443,0
DA:4444,0
DA:4445,0
DA:4446,0
DA:4447,0
DA:4448,0
DA:4449,0
DA:4450,0
DA:4451,0
DA:4455,0
DA:4458,0
DA:4459,0
DA:4460,0
DA:4461,0
DA:4462,0
DA:4463,0
DA:4464,0
DA:4465,0
DA:4466,0
DA:4469,0
DA:4470,0
DA:4472,0
DA:4476,0
DA:4477,0
DA:4478,0
DA:4479,0
DA:4480,0
DA:4482,0
DA:4489,0
DA:4490,0
LF:1693
LH:0
end_of_record
TN:
SF:/home/kuzz/ImageMagickFuzzing/delegate_libraries/zstd-1.5.7/programs/have_lzma.c
FN:2,2,main
FNDA:0,main
FNF:1
FNH:0
DA:2,0
LF:1
LH:0
end_of_record
TN:
SF:/home/kuzz/ImageMagickFuzzing/delegate_libraries/zstd-1.5.7/programs/have_pthread.c
FN:2,2,main
FNDA:0,main
FNF:1
FNH:0
DA:2,0
LF:1
LH:0
end_of_record
TN:
SF:/home/kuzz/ImageMagickFuzzing/delegate_libraries/zstd-1.5.7/programs/have_zlib.c
FN:2,2,main
FNDA:0,main
FNF:1
FNH:0
DA:2,0
LF:1
LH:0
end_of_record
