TN:
SF:/home/kuzz/ImageMagickFuzzing/delegate_libraries/brotli-1.2.0/build/CMakeFiles/3.28.3/CompilerIdC/CMakeCCompilerId.c
FN:853,878,main
FNDA:0,main
FNF:1
FNH:0
DA:853,0
DA:856,0
DA:857,0
DA:858,0
DA:859,0
DA:861,0
DA:875,0
DA:876,0
DA:877,0
DA:878,0
LF:10
LH:0
end_of_record
TN:
SF:/home/kuzz/ImageMagickFuzzing/delegate_libraries/brotli-1.2.0/c/common/constants.h
FN:125,185,BrotliCalculateDistanceCodeLimit
FNDA:0,BrotliCalculateDistanceCodeLimit
FNF:1
FNH:0
DA:125,0
DA:131,0
DA:133,0
DA:134,0
DA:135,0
DA:138,0
DA:140,0
DA:141,0
DA:142,0
DA:143,0
DA:144,0
DA:146,0
DA:147,0
DA:148,0
DA:150,0
DA:152,0
DA:154,0
DA:156,0
DA:158,0
DA:160,0
DA:162,0
DA:164,0
DA:165,0
DA:166,0
DA:169,0
DA:171,0
DA:173,0
DA:175,0
DA:177,0
DA:179,0
DA:180,0
DA:182,0
DA:183,0
DA:184,0
DA:185,0
LF:35
LH:0
end_of_record
TN:
SF:/home/kuzz/ImageMagickFuzzing/delegate_libraries/brotli-1.2.0/c/common/dictionary.c
FN:48,49,BrotliGetDictionary
FN:52,60,BrotliSetDictionaryData
FNDA:0,BrotliGetDictionary
FNDA:0,BrotliSetDictionaryData
FNF:2
FNH:0
DA:48,0
DA:49,0
DA:52,0
DA:58,0
DA:60,0
LF:5
LH:0
end_of_record
TN:
SF:/home/kuzz/ImageMagickFuzzing/delegate_libraries/brotli-1.2.0/c/common/platform.c
FN:10,12,BrotliDefaultAllocFunc
FN:16,19,BrotliDefaultFreeFunc
FNDA:0,BrotliDefaultAllocFunc
FNDA:0,BrotliDefaultFreeFunc
FNF:2
FNH:0
DA:10,0
DA:11,0
DA:12,0
DA:16,0
DA:17,0
DA:18,0
DA:19,0
LF:7
LH:0
end_of_record
TN:
SF:/home/kuzz/ImageMagickFuzzing/delegate_libraries/brotli-1.2.0/c/common/platform.h
FN:325,329,BrotliUnalignedRead32
FN:330,334,BrotliUnalignedRead64
FN:340,342,BrotliUnalignedWrite64
FN:434,438,BROTLI_UNALIGNED_LOAD_PTR
FN:440,442,BROTLI_UNALIGNED_STORE_PTR
FN:515,515,brotli_max_double
FN:515,515,brotli_max_int
FN:515,515,brotli_min_float
FN:515,515,brotli_min_int
FN:516,516,brotli_max_size_t
FN:516,516,brotli_max_uint32_t
FN:516,516,brotli_max_uint8_t
FN:516,516,brotli_min_size_t
FN:516,516,brotli_min_uint32_t
FN:564,567,BrotliRotateRight16
FN:569,572,BrotliRotateRight32
FN:574,577,BrotliRotateRight64
FNDA:0,BrotliUnalignedRead32
FNDA:0,BrotliUnalignedRead64
FNDA:0,BrotliUnalignedWrite64
FNDA:0,BROTLI_UNALIGNED_LOAD_PTR
FNDA:0,BROTLI_UNALIGNED_STORE_PTR
FNDA:0,brotli_max_double
FNDA:0,brotli_max_int
FNDA:0,brotli_min_float
FNDA:0,brotli_min_int
FNDA:0,brotli_max_size_t
FNDA:0,brotli_max_uint32_t
FNDA:0,brotli_max_uint8_t
FNDA:0,brotli_min_size_t
FNDA:0,brotli_min_uint32_t
FNDA:0,BrotliRotateRight16
FNDA:0,BrotliRotateRight32
FNDA:0,BrotliRotateRight64
FNF:17
FNH:0
DA:325,0
DA:326,0
DA:327,0
DA:328,0
DA:329,0
DA:330,0
DA:331,0
DA:332,0
DA:333,0
DA:334,0
DA:340,0
DA:341,0
DA:342,0
DA:434,0
DA:435,0
DA:436,0
DA:437,0
DA:438,0
DA:440,0
DA:441,0
DA:442,0
DA:515,0
DA:516,0
DA:564,0
DA:566,0
DA:567,0
DA:569,0
DA:571,0
DA:572,0
DA:574,0
DA:576,0
DA:577,0
LF:32
LH:0
end_of_record
TN:
SF:/home/kuzz/ImageMagickFuzzing/delegate_libraries/brotli-1.2.0/c/common/shared_dictionary.c
FN:445,459,BrotliSharedDictionaryDestroyInstance
FN:461,482,BrotliSharedDictionaryAttach
FN:484,513,BrotliSharedDictionaryCreateInstance
FNDA:0,BrotliSharedDictionaryDestroyInstance
FNDA:0,BrotliSharedDictionaryAttach
FNDA:0,BrotliSharedDictionaryCreateInstance
FNF:3
FNH:0
DA:445,0
DA:447,0
DA:448,0
DA:450,0
DA:451,0
DA:453,0
DA:454,0
DA:455,0
DA:457,0
DA:458,0
DA:459,0
DA:461,0
DA:464,0
DA:465,0
DA:472,0
DA:473,0
DA:474,0
DA:476,0
DA:477,0
DA:478,0
DA:479,0
DA:481,0
DA:482,0
DA:484,0
DA:486,0
DA:487,0
DA:488,0
DA:489,0
DA:490,0
DA:491,0
DA:492,0
DA:493,0
DA:494,0
DA:498,0
DA:500,0
DA:501,0
DA:502,0
DA:503,0
DA:505,0
DA:506,0
DA:508,0
DA:509,0
DA:510,0
DA:512,0
DA:513,0
LF:45
LH:0
end_of_record
TN:
SF:/home/kuzz/ImageMagickFuzzing/delegate_libraries/brotli-1.2.0/c/common/transform.c
FN:175,176,BrotliGetTransforms
FN:179,194,ToUpperCase
FN:196,236,Shift
FN:238,289,BrotliTransformDictionaryWord
FNDA:0,BrotliGetTransforms
FNDA:0,ToUpperCase
FNDA:0,Shift
FNDA:0,BrotliTransformDictionaryWord
FNF:4
FNH:0
DA:175,0
DA:176,0
DA:179,0
DA:180,0
DA:181,0
DA:182,0
DA:183,0
DA:184,0
DA:187,0
DA:188,0
DA:189,0
DA:192,0
DA:193,0
DA:194,0
DA:196,0
DA:198,0
DA:199,0
DA:200,0
DA:202,0
DA:203,0
DA:204,0
DA:205,0
DA:207,0
DA:208,0
DA:210,0
DA:211,0
DA:212,0
DA:213,0
DA:214,0
DA:215,0
DA:217,0
DA:218,0
DA:219,0
DA:220,0
DA:221,0
DA:222,0
DA:223,0
DA:224,0
DA:226,0
DA:227,0
DA:228,0
DA:229,0
DA:230,0
DA:231,0
DA:232,0
DA:233,0
DA:235,0
DA:236,0
DA:238,0
DA:240,0
DA:241,0
DA:242,0
DA:243,0
DA:245,0
DA:246,0
DA:247,0
DA:249,0
DA:250,0
DA:251,0
DA:252,0
DA:253,0
DA:254,0
DA:255,0
DA:256,0
DA:257,0
DA:258,0
DA:259,0
DA:260,0
DA:261,0
DA:262,0
DA:263,0
DA:264,0
DA:265,0
DA:266,0
DA:267,0
DA:268,0
DA:269,0
DA:270,0
DA:271,0
DA:272,0
DA:273,0
DA:274,0
DA:275,0
DA:276,0
DA:277,0
DA:278,0
DA:279,0
DA:280,0
DA:281,0
DA:282,0
DA:283,0
DA:285,0
DA:286,0
DA:287,0
DA:288,0
DA:289,0
LF:96
LH:0
end_of_record
TN:
SF:/home/kuzz/ImageMagickFuzzing/delegate_libraries/brotli-1.2.0/c/dec/bit_reader.c
FN:29,32,BrotliInitBitReader
FN:34,56,BrotliWarmupBitReader
FN:58,73,BrotliSafeReadBits32Slow
FNDA:0,BrotliInitBitReader
FNDA:0,BrotliWarmupBitReader
FNDA:0,BrotliSafeReadBits32Slow
FNF:3
FNH:0
DA:29,0
DA:30,0
DA:31,0
DA:32,0
DA:34,0
DA:35,0
DA:40,0
DA:42,0
DA:43,0
DA:44,0
DA:45,0
DA:47,0
DA:49,0
DA:50,0
DA:52,0
DA:55,0
DA:56,0
DA:58,0
DA:60,0
DA:61,0
DA:62,0
DA:65,0
DA:66,0
DA:67,0
DA:68,0
DA:69,0
DA:71,0
DA:72,0
DA:73,0
LF:29
LH:0
end_of_record
TN:
SF:/home/kuzz/ImageMagickFuzzing/delegate_libraries/brotli-1.2.0/c/dec/bit_reader.h
FN:107,112,BrotliGetRemainingBytes
FN:116,118,BrotliCheckInputAmount
FN:122,129,BrotliBitReaderLoadBits
FN:136,186,BrotliFillBitWindow
FN:190,192,BrotliFillBitWindow16
FN:196,205,BrotliPullByte
FN:209,211,BrotliGetBitsUnmasked
FN:216,219,BrotliGet16BitsUnmasked
FN:224,227,BrotliGetBits
FN:232,241,BrotliSafeGetBits
FN:244,248,BrotliDropBits
FN:253,258,BrotliBitReaderNormalize
FN:26,34,BitMask
FN:260,267,BrotliBitReaderUnload
FN:271,279,BrotliTakeBits
FN:284,292,BrotliReadBits24
FN:304,312,BrotliReadBits32
FN:326,336,BrotliSafeReadBits
FN:339,353,BrotliSafeReadBits32
FN:357,365,BrotliJumpToByteBoundary
FN:367,372,BrotliDropBytes
FN:377,390,BrotliCopyBytes
FN:68,69,BrotliBitReaderGetAvailIn
FN:72,78,BrotliBitReaderSaveState
FN:80,89,BrotliBitReaderSetInput
FN:91,97,BrotliBitReaderRestoreState
FN:99,101,BrotliGetAvailableBits
FNDA:0,BrotliGetRemainingBytes
FNDA:0,BrotliCheckInputAmount
FNDA:0,BrotliBitReaderLoadBits
FNDA:0,BrotliFillBitWindow
FNDA:0,BrotliFillBitWindow16
FNDA:0,BrotliPullByte
FNDA:0,BrotliGetBitsUnmasked
FNDA:0,BrotliGet16BitsUnmasked
FNDA:0,BrotliGetBits
FNDA:0,BrotliSafeGetBits
FNDA:0,BrotliDropBits
FNDA:0,BrotliBitReaderNormalize
FNDA:0,BitMask
FNDA:0,BrotliBitReaderUnload
FNDA:0,BrotliTakeBits
FNDA:0,BrotliReadBits24
FNDA:0,BrotliReadBits32
FNDA:0,BrotliSafeReadBits
FNDA:0,BrotliSafeReadBits32
FNDA:0,BrotliJumpToByteBoundary
FNDA:0,BrotliDropBytes
FNDA:0,BrotliCopyBytes
FNDA:0,BrotliBitReaderGetAvailIn
FNDA:0,BrotliBitReaderSaveState
FNDA:0,BrotliBitReaderSetInput
FNDA:0,BrotliBitReaderRestoreState
FNDA:0,BrotliGetAvailableBits
FNF:27
FNH:0
DA:26,0
DA:27,0
DA:30,0
DA:32,0
DA:34,0
DA:68,0
DA:69,0
DA:72,0
DA:74,0
DA:75,0
DA:76,0
DA:77,0
DA:78,0
DA:80,0
DA:82,0
DA:83,0
DA:84,0
DA:85,0
DA:86,0
DA:87,0
DA:89,0
DA:91,0
DA:93,0
DA:94,0
DA:95,0
DA:96,0
DA:97,0
DA:99,0
DA:101,0
DA:107,0
DA:109,0
DA:110,0
DA:111,0
DA:112,0
DA:116,0
DA:118,0
DA:122,0
DA:128,0
DA:129,0
DA:136,0
DA:139,0
DA:140,0
DA:141,0
DA:142,0
DA:143,0
DA:144,0
DA:145,0
DA:146,0
DA:147,0
DA:148,0
DA:149,0
DA:150,0
DA:151,0
DA:152,0
DA:153,0
DA:154,0
DA:155,0
DA:156,0
DA:157,0
DA:158,0
DA:159,0
DA:160,0
DA:161,0
DA:162,0
DA:163,0
DA:164,0
DA:165,0
DA:186,0
DA:190,0
DA:191,0
DA:192,0
DA:196,0
DA:197,0
DA:198,0
DA:200,0
DA:201,0
DA:202,0
DA:203,0
DA:204,0
DA:205,0
DA:209,0
DA:211,0
DA:216,0
DA:218,0
DA:219,0
DA:224,0
DA:226,0
DA:227,0
DA:232,0
DA:234,0
DA:235,0
DA:236,0
DA:239,0
DA:240,0
DA:241,0
DA:244,0
DA:246,0
DA:247,0
DA:248,0
DA:253,0
DA:255,0
DA:256,0
DA:257,0
DA:258,0
DA:260,0
DA:261,0
DA:262,0
DA:263,0
DA:264,0
DA:265,0
DA:266,0
DA:267,0
DA:271,0
DA:274,0
DA:278,0
DA:279,0
DA:284,0
DA:288,0
DA:289,0
DA:290,0
DA:291,0
DA:292,0
DA:304,0
DA:308,0
DA:309,0
DA:310,0
DA:311,0
DA:312,0
DA:326,0
DA:329,0
DA:330,0
DA:331,0
DA:334,0
DA:335,0
DA:336,0
DA:339,0
DA:343,0
DA:344,0
DA:345,0
DA:348,0
DA:349,0
DA:353,0
DA:357,0
DA:358,0
DA:359,0
DA:360,0
DA:361,0
DA:362,0
DA:363,0
DA:364,0
DA:365,0
DA:367,0
DA:371,0
DA:372,0
DA:377,0
DA:379,0
DA:380,0
DA:381,0
DA:382,0
DA:383,0
DA:385,0
DA:386,0
DA:387,0
DA:388,0
DA:389,0
DA:390,0
LF:166
LH:0
end_of_record
TN:
SF:/home/kuzz/ImageMagickFuzzing/delegate_libraries/brotli-1.2.0/c/dec/decode.c
FN:1021,1040,HuffmanTreeGroupDecode
FN:1050,1175,DecodeContextMap
FN:108,117,BrotliDecoderDestroyInstance
FN:1179,1221,DecodeBlockTypeAndLength
FN:120,141,SaveErrorCode
FN:1223,1240,DetectTrivialLiteralBlockTypes
FN:1242,1253,PrepareLiteralDecoding
FN:1257,1264,DecodeLiteralBlockSwitchInternal
FN:1266,1268,DecodeLiteralBlockSwitch
FN:1270,1272,SafeDecodeLiteralBlockSwitch
FN:1277,1284,DecodeCommandBlockSwitchInternal
FN:1286,1288,DecodeCommandBlockSwitch
FN:1290,1292,SafeDecodeCommandBlockSwitch
FN:1297,1306,DecodeDistanceBlockSwitchInternal
FN:1308,1310,DecodeDistanceBlockSwitch
FN:1312,1314,SafeDecodeDistanceBlockSwitch
FN:1317,1322,UnwrittenBytes
FN:1327,1370,WriteRingBuffer
FN:1372,1377,WrapRingBuffer
FN:1386,1413,BrotliEnsureRingBuffer
FN:1416,1465,SkipMetadataBlock
FN:145,179,DecodeWindowBits
FN:1467,1516,CopyUncompressedBlockToOutput
FN:1518,1540,AttachCompoundDictionary
FN:1542,1557,EnsureCompoundDictionaryInitialized
FN:1559,1576,InitializeCompoundDictionaryCopy
FN:1578,1579,GetCompoundDictionarySize
FN:1582,1606,CopyFromCompoundDictionary
FN:1608,1625,BrotliDecoderAttachDictionary
FN:1633,1670,BrotliCalculateRingBufferSize
FN:1673,1688,ReadContextModes
FN:1690,1715,TakeDistanceFromRingBuffer
FN:1717,1725,SafeReadBits
FN:1727,1735,SafeReadBits32
FN:1804,1836,CalculateDistanceLut
FN:181,189,memmove16
FN:1839,1875,ReadDistanceInternal
FN:1877,1880,ReadDistance
FN:1882,1884,SafeReadDistance
FN:1887,1923,ReadCommandInternal
FN:192,233,DecodeVarLenUint8
FN:1925,1928,ReadCommand
FN:1930,1932,SafeReadCommand
FN:1935,1941,CheckInputAmount
FN:1955,2340,ProcessCommandsInternal
FN:2344,2346,ProcessCommands
FN:2349,2351,SafeProcessCommands
FN:2354,2377,BrotliDecoderDecompress
FN:236,355,DecodeMetaBlockLength
FN:2390,2871,BrotliDecoderDecompressStream
FN:2873,2880,BrotliDecoderHasMoreOutput
FN:2882,2905,BrotliDecoderTakeOutput
FN:2907,2908,BrotliDecoderIsUsed
FN:2912,2914,BrotliDecoderIsFinished
FN:2917,2918,BrotliDecoderGetErrorCode
FN:2921,2931,BrotliDecoderErrorString
FN:2933,2934,BrotliDecoderVersion
FN:2937,2944,BrotliDecoderSetMetadataCallbacks
FN:361,374,DecodeSymbol
FN:379,381,ReadSymbol
FN:386,424,SafeDecodeSymbol
FN:426,434,SafeReadSymbol
FN:437,449,PreloadSymbol
FN:453,472,ReadPreloadedSymbol
FN:477,519,BrotliCopyPreloadedSymbolsToU8
FN:521,528,Log2Floor
FN:533,568,ReadSimpleHuffmanSymbols
FN:576,591,ProcessSingleCodeLength
FN:603,648,ProcessRepeatedCodeLength
FN:63,77,BrotliDecoderSetParameter
FN:651,699,ReadSymbolCodeLengths
FN:701,746,SafeReadSymbolCodeLengths
FN:750,793,ReadCodeLengthCodeLengths
FN:79,105,BrotliDecoderCreateInstance
FN:806,929,ReadHuffmanCode
FN:932,939,ReadBlockLength
FN:943,967,SafeReadBlockLength
FN:983,1018,InverseMoveToFrontTransform
FNDA:0,HuffmanTreeGroupDecode
FNDA:0,DecodeContextMap
FNDA:0,BrotliDecoderDestroyInstance
FNDA:0,DecodeBlockTypeAndLength
FNDA:0,SaveErrorCode
FNDA:0,DetectTrivialLiteralBlockTypes
FNDA:0,PrepareLiteralDecoding
FNDA:0,DecodeLiteralBlockSwitchInternal
FNDA:0,DecodeLiteralBlockSwitch
FNDA:0,SafeDecodeLiteralBlockSwitch
FNDA:0,DecodeCommandBlockSwitchInternal
FNDA:0,DecodeCommandBlockSwitch
FNDA:0,SafeDecodeCommandBlockSwitch
FNDA:0,DecodeDistanceBlockSwitchInternal
FNDA:0,DecodeDistanceBlockSwitch
FNDA:0,SafeDecodeDistanceBlockSwitch
FNDA:0,UnwrittenBytes
FNDA:0,WriteRingBuffer
FNDA:0,WrapRingBuffer
FNDA:0,BrotliEnsureRingBuffer
FNDA:0,SkipMetadataBlock
FNDA:0,DecodeWindowBits
FNDA:0,CopyUncompressedBlockToOutput
FNDA:0,AttachCompoundDictionary
FNDA:0,EnsureCompoundDictionaryInitialized
FNDA:0,InitializeCompoundDictionaryCopy
FNDA:0,GetCompoundDictionarySize
FNDA:0,CopyFromCompoundDictionary
FNDA:0,BrotliDecoderAttachDictionary
FNDA:0,BrotliCalculateRingBufferSize
FNDA:0,ReadContextModes
FNDA:0,TakeDistanceFromRingBuffer
FNDA:0,SafeReadBits
FNDA:0,SafeReadBits32
FNDA:0,CalculateDistanceLut
FNDA:0,memmove16
FNDA:0,ReadDistanceInternal
FNDA:0,ReadDistance
FNDA:0,SafeReadDistance
FNDA:0,ReadCommandInternal
FNDA:0,DecodeVarLenUint8
FNDA:0,ReadCommand
FNDA:0,SafeReadCommand
FNDA:0,CheckInputAmount
FNDA:0,ProcessCommandsInternal
FNDA:0,ProcessCommands
FNDA:0,SafeProcessCommands
FNDA:0,BrotliDecoderDecompress
FNDA:0,DecodeMetaBlockLength
FNDA:0,BrotliDecoderDecompressStream
FNDA:0,BrotliDecoderHasMoreOutput
FNDA:0,BrotliDecoderTakeOutput
FNDA:0,BrotliDecoderIsUsed
FNDA:0,BrotliDecoderIsFinished
FNDA:0,BrotliDecoderGetErrorCode
FNDA:0,BrotliDecoderErrorString
FNDA:0,BrotliDecoderVersion
FNDA:0,BrotliDecoderSetMetadataCallbacks
FNDA:0,DecodeSymbol
FNDA:0,ReadSymbol
FNDA:0,SafeDecodeSymbol
FNDA:0,SafeReadSymbol
FNDA:0,PreloadSymbol
FNDA:0,ReadPreloadedSymbol
FNDA:0,BrotliCopyPreloadedSymbolsToU8
FNDA:0,Log2Floor
FNDA:0,ReadSimpleHuffmanSymbols
FNDA:0,ProcessSingleCodeLength
FNDA:0,ProcessRepeatedCodeLength
FNDA:0,BrotliDecoderSetParameter
FNDA:0,ReadSymbolCodeLengths
FNDA:0,SafeReadSymbolCodeLengths
FNDA:0,ReadCodeLengthCodeLengths
FNDA:0,BrotliDecoderCreateInstance
FNDA:0,ReadHuffmanCode
FNDA:0,ReadBlockLength
FNDA:0,SafeReadBlockLength
FNDA:0,InverseMoveToFrontTransform
FNF:78
FNH:0
DA:63,0
DA:65,0
DA:66,0
DA:68,0
DA:69,0
DA:72,0
DA:73,0
DA:75,0
DA:77,0
DA:79,0
DA:81,0
DA:82,0
DA:84,0
DA:86,0
DA:87,0
DA:88,0
DA:89,0
DA:90,0
DA:91,0
DA:93,0
DA:95,0
DA:97,0
DA:98,0
DA:99,0
DA:100,0
DA:101,0
DA:102,0
DA:104,0
DA:105,0
DA:108,0
DA:109,0
DA:110,0
DA:112,0
DA:113,0
DA:114,0
DA:115,0
DA:116,0
DA:117,0
DA:120,0
DA:122,0
DA:123,0
DA:124,0
DA:126,0
DA:127,0
DA:128,0
DA:130,0
DA:133,0
DA:136,0
DA:139,0
DA:141,0
DA:145,0
DA:147,0
DA:148,0
DA:149,0
DA:150,0
DA:151,0
DA:152,0
DA:153,0
DA:155,0
DA:156,0
DA:157,0
DA:158,0
DA:160,0
DA:161,0
DA:162,0
DA:163,0
DA:164,0
DA:165,0
DA:167,0
DA:168,0
DA:170,0
DA:173,0
DA:174,0
DA:175,0
DA:177,0
DA:178,0
DA:179,0
DA:181,0
DA:185,0
DA:186,0
DA:187,0
DA:189,0
DA:192,0
DA:194,0
DA:195,0
DA:197,0
DA:198,0
DA:200,0
DA:201,0
DA:202,0
DA:207,0
DA:208,0
DA:209,0
DA:211,0
DA:212,0
DA:213,0
DA:214,0
DA:217,0
DA:221,0
DA:222,0
DA:223,0
DA:225,0
DA:226,0
DA:227,0
DA:230,0
DA:233,0
DA:236,0
DA:238,0
DA:239,0
DA:240,0
DA:241,0
DA:243,0
DA:244,0
DA:246,0
DA:247,0
DA:248,0
DA:249,0
DA:250,0
DA:251,0
DA:252,0
DA:254,0
DA:258,0
DA:259,0
DA:261,0
DA:262,0
DA:263,0
DA:265,0
DA:269,0
DA:270,0
DA:272,0
DA:273,0
DA:274,0
DA:275,0
DA:276,0
DA:277,0
DA:279,0
DA:283,0
DA:284,0
DA:285,0
DA:286,0
DA:287,0
DA:289,0
DA:290,0
DA:291,0
DA:293,0
DA:294,0
DA:295,0
DA:300,0
DA:301,0
DA:302,0
DA:304,0
DA:305,0
DA:306,0
DA:307,0
DA:308,0
DA:311,0
DA:312,0
DA:314,0
DA:315,0
DA:317,0
DA:321,0
DA:322,0
DA:324,0
DA:325,0
DA:326,0
DA:328,0
DA:329,0
DA:333,0
DA:334,0
DA:335,0
DA:336,0
DA:337,0
DA:339,0
DA:340,0
DA:341,0
DA:344,0
DA:345,0
DA:346,0
DA:347,0
DA:348,0
DA:351,0
DA:355,0
DA:361,0
DA:365,0
DA:366,0
DA:367,0
DA:368,0
DA:369,0
DA:372,0
DA:373,0
DA:374,0
DA:379,0
DA:381,0
DA:386,0
DA:388,0
DA:389,0
DA:391,0
DA:392,0
DA:393,0
DA:394,0
DA:396,0
DA:398,0
DA:399,0
DA:400,0
DA:401,0
DA:402,0
DA:403,0
DA:404,0
DA:406,0
DA:409,0
DA:410,0
DA:414,0
DA:415,0
DA:416,0
DA:417,0
DA:418,0
DA:421,0
DA:422,0
DA:423,0
DA:424,0
DA:426,0
DA:428,0
DA:429,0
DA:430,0
DA:431,0
DA:433,0
DA:434,0
DA:437,0
DA:442,0
DA:443,0
DA:446,0
DA:447,0
DA:448,0
DA:449,0
DA:453,0
DA:457,0
DA:458,0
DA:459,0
DA:460,0
DA:461,0
DA:463,0
DA:464,0
DA:465,0
DA:466,0
DA:467,0
DA:468,0
DA:470,0
DA:471,0
DA:472,0
DA:477,0
DA:486,0
DA:488,0
DA:490,0
DA:491,0
DA:492,0
DA:493,0
DA:494,0
DA:496,0
DA:497,0
DA:498,0
DA:499,0
DA:500,0
DA:501,0
DA:502,0
DA:505,0
DA:507,0
DA:509,0
DA:512,0
DA:513,0
DA:515,0
DA:516,0
DA:518,0
DA:519,0
DA:521,0
DA:522,0
DA:523,0
DA:524,0
DA:525,0
DA:527,0
DA:528,0
DA:533,0
DA:537,0
DA:538,0
DA:539,0
DA:540,0
DA:541,0
DA:542,0
DA:543,0
DA:544,0
DA:545,0
DA:546,0
DA:547,0
DA:549,0
DA:550,0
DA:553,0
DA:555,0
DA:556,0
DA:558,0
DA:559,0
DA:560,0
DA:561,0
DA:562,0
DA:564,0
DA:565,0
DA:567,0
DA:568,0
DA:576,0
DA:580,0
DA:581,0
DA:582,0
DA:583,0
DA:584,0
DA:585,0
DA:586,0
DA:589,0
DA:590,0
DA:591,0
DA:603,0
DA:608,0
DA:609,0
DA:610,0
DA:611,0
DA:612,0
DA:613,0
DA:614,0
DA:615,0
DA:616,0
DA:617,0
DA:618,0
DA:619,0
DA:620,0
DA:621,0
DA:622,0
DA:623,0
DA:624,0
DA:625,0
DA:626,0
DA:628,0
DA:629,0
DA:630,0
DA:634,0
DA:635,0
DA:636,0
DA:637,0
DA:638,0
DA:639,0
DA:640,0
DA:641,0
DA:642,0
DA:643,0
DA:644,0
DA:645,0
DA:646,0
DA:648,0
DA:651,0
DA:653,0
DA:654,0
DA:655,0
DA:656,0
DA:657,0
DA:658,0
DA:659,0
DA:660,0
DA:661,0
DA:662,0
DA:663,0
DA:664,0
DA:666,0
DA:667,0
DA:668,0
DA:670,0
DA:671,0
DA:672,0
DA:673,0
DA:674,0
DA:675,0
DA:676,0
DA:678,0
DA:679,0
DA:681,0
DA:682,0
DA:683,0
DA:684,0
DA:685,0
DA:686,0
DA:687,0
DA:688,0
DA:689,0
DA:690,0
DA:691,0
DA:692,0
DA:694,0
DA:695,0
DA:696,0
DA:697,0
DA:698,0
DA:699,0
DA:701,0
DA:703,0
DA:704,0
DA:705,0
DA:706,0
DA:707,0
DA:708,0
DA:709,0
DA:710,0
DA:712,0
DA:713,0
DA:714,0
DA:715,0
DA:716,0
DA:717,0
DA:718,0
DA:720,0
DA:721,0
DA:722,0
DA:724,0
DA:725,0
DA:726,0
DA:727,0
DA:728,0
DA:729,0
DA:730,0
DA:731,0
DA:732,0
DA:733,0
DA:734,0
DA:735,0
DA:736,0
DA:738,0
DA:739,0
DA:740,0
DA:741,0
DA:742,0
DA:743,0
DA:744,0
DA:745,0
DA:746,0
DA:750,0
DA:751,0
DA:752,0
DA:753,0
DA:754,0
DA:755,0
DA:756,0
DA:757,0
DA:758,0
DA:759,0
DA:760,0
DA:761,0
DA:762,0
DA:763,0
DA:764,0
DA:765,0
DA:767,0
DA:768,0
DA:769,0
DA:770,0
DA:771,0
DA:772,0
DA:774,0
DA:775,0
DA:776,0
DA:777,0
DA:779,0
DA:780,0
DA:781,0
DA:782,0
DA:783,0
DA:785,0
DA:787,0
DA:788,0
DA:789,0
DA:790,0
DA:792,0
DA:793,0
DA:806,0
DA:811,0
DA:812,0
DA:814,0
DA:815,0
DA:817,0
DA:818,0
DA:824,0
DA:825,0
DA:826,0
DA:827,0
DA:829,0
DA:831,0
DA:832,0
DA:838,0
DA:839,0
DA:840,0
DA:842,0
DA:846,0
DA:847,0
DA:848,0
DA:849,0
DA:851,0
DA:855,0
DA:856,0
DA:857,0
DA:858,0
DA:859,0
DA:860,0
DA:862,0
DA:863,0
DA:865,0
DA:866,0
DA:867,0
DA:868,0
DA:869,0
DA:870,0
DA:871,0
DA:872,0
DA:873,0
DA:877,0
DA:878,0
DA:879,0
DA:880,0
DA:882,0
DA:883,0
DA:884,0
DA:885,0
DA:886,0
DA:887,0
DA:888,0
DA:889,0
DA:891,0
DA:892,0
DA:893,0
DA:894,0
DA:895,0
DA:896,0
DA:897,0
DA:901,0
DA:902,0
DA:903,0
DA:904,0
DA:905,0
DA:906,0
DA:907,0
DA:908,0
DA:911,0
DA:913,0
DA:915,0
DA:916,0
DA:917,0
DA:918,0
DA:919,0
DA:920,0
DA:921,0
DA:922,0
DA:925,0
DA:929,0
DA:932,0
DA:934,0
DA:935,0
DA:936,0
DA:937,0
DA:938,0
DA:939,0
DA:943,0
DA:946,0
DA:947,0
DA:948,0
DA:949,0
DA:951,0
DA:952,0
DA:955,0
DA:956,0
DA:957,0
DA:958,0
DA:959,0
DA:960,0
DA:961,0
DA:963,0
DA:964,0
DA:965,0
DA:966,0
DA:967,0
DA:983,0
DA:986,0
DA:987,0
DA:988,0
DA:989,0
DA:991,0
DA:992,0
DA:993,0
DA:996,0
DA:997,0
DA:998,0
DA:999,0
DA:1000,0
DA:1001,0
DA:1004,0
DA:1005,0
DA:1006,0
DA:1007,0
DA:1008,0
DA:1009,0
DA:1010,0
DA:1011,0
DA:1012,0
DA:1013,0
DA:1014,0
DA:1015,0
DA:1017,0
DA:1018,0
DA:1021,0
DA:1023,0
DA:1024,0
DA:1025,0
DA:1026,0
DA:1027,0
DA:1028,0
DA:1029,0
DA:1030,0
DA:1031,0
DA:1032,0
DA:1033,0
DA:1034,0
DA:1035,0
DA:1036,0
DA:1037,0
DA:1038,0
DA:1039,0
DA:1040,0
DA:1050,0
DA:1054,0
DA:1055,0
DA:1056,0
DA:1058,0
DA:1060,0
DA:1061,0
DA:1062,0
DA:1064,0
DA:1065,0
DA:1068,0
DA:1069,0
DA:1070,0
DA:1071,0
DA:1073,0
DA:1074,0
DA:1075,0
DA:1077,0
DA:1081,0
DA:1084,0
DA:1085,0
DA:1087,0
DA:1088,0
DA:1089,0
DA:1090,0
DA:1091,0
DA:1092,0
DA:1095,0
DA:1096,0
DA:1100,0
DA:1101,0
DA:1102,0
DA:1103,0
DA:1104,0
DA:1105,0
DA:1106,0
DA:1110,0
DA:1111,0
DA:1112,0
DA:1113,0
DA:1114,0
DA:1115,0
DA:1116,0
DA:1117,0
DA:1118,0
DA:1119,0
DA:1120,0
DA:1124,0
DA:1125,0
DA:1126,0
DA:1128,0
DA:1129,0
DA:1130,0
DA:1131,0
DA:1133,0
DA:1134,0
DA:1138,0
DA:1139,0
DA:1140,0
DA:1141,0
DA:1142,0
DA:1144,0
DA:1146,0
DA:1147,0
DA:1150,0
DA:1151,0
DA:1152,0
DA:1153,0
DA:1155,0
DA:1159,0
DA:1160,0
DA:1161,0
DA:1162,0
DA:1164,0
DA:1165,0
DA:1166,0
DA:1167,0
DA:1168,0
DA:1169,0
DA:1172,0
DA:1175,0
DA:1179,0
DA:1181,0
DA:1182,0
DA:1183,0
DA:1184,0
DA:1185,0
DA:1186,0
DA:1187,0
DA:1188,0
DA:1189,0
DA:1190,0
DA:1194,0
DA:1195,0
DA:1196,0
DA:1197,0
DA:1198,0
DA:1199,0
DA:1200,0
DA:1201,0
DA:1202,0
DA:1203,0
DA:1204,0
DA:1206,0
DA:1208,0
DA:1209,0
DA:1210,0
DA:1211,0
DA:1212,0
DA:1213,0
DA:1215,0
DA:1216,0
DA:1217,0
DA:1218,0
DA:1219,0
DA:1220,0
DA:1221,0
DA:1223,0
DA:1225,0
DA:1226,0
DA:1227,0
DA:1228,0
DA:1229,0
DA:1230,0
DA:1231,0
DA:1232,0
DA:1234,0
DA:1236,0
DA:1237,0
DA:1238,0
DA:1239,0
DA:1240,0
DA:1242,0
DA:1243,0
DA:1244,0
DA:1245,0
DA:1246,0
DA:1247,0
DA:1248,0
DA:1249,0
DA:1250,0
DA:1251,0
DA:1252,0
DA:1253,0
DA:1257,0
DA:1259,0
DA:1260,0
DA:1262,0
DA:1263,0
DA:1264,0
DA:1266,0
DA:1267,0
DA:1268,0
DA:1270,0
DA:1272,0
DA:1277,0
DA:1279,0
DA:1280,0
DA:1282,0
DA:1283,0
DA:1284,0
DA:1286,0
DA:1287,0
DA:1288,0
DA:1290,0
DA:1292,0
DA:1297,0
DA:1299,0
DA:1300,0
DA:1302,0
DA:1303,0
DA:1304,0
DA:1305,0
DA:1306,0
DA:1308,0
DA:1309,0
DA:1310,0
DA:1312,0
DA:1314,0
DA:1317,0
DA:1318,0
DA:1319,0
DA:1320,0
DA:1321,0
DA:1322,0
DA:1327,0
DA:1330,0
DA:1331,0
DA:1332,0
DA:1333,0
DA:1334,0
DA:1335,0
DA:1336,0
DA:1337,0
DA:1338,0
DA:1340,0
DA:1341,0
DA:1342,0
DA:1343,0
DA:1344,0
DA:1345,0
DA:1346,0
DA:1348,0
DA:1351,0
DA:1352,0
DA:1353,0
DA:1354,0
DA:1355,0
DA:1356,0
DA:1357,0
DA:1359,0
DA:1363,0
DA:1364,0
DA:1365,0
DA:1366,0
DA:1367,0
DA:1368,0
DA:1369,0
DA:1370,0
DA:1372,0
DA:1373,0
DA:1374,0
DA:1375,0
DA:1376,0
DA:1377,0
DA:1386,0
DA:1388,0
DA:1389,0
DA:1390,0
DA:1393,0
DA:1395,0
DA:1397,0
DA:1398,0
DA:1400,0
DA:1401,0
DA:1403,0
DA:1404,0
DA:1405,0
DA:1406,0
DA:1408,0
DA:1409,0
DA:1410,0
DA:1412,0
DA:1413,0
DA:1416,0
DA:1417,0
DA:1418,0
DA:1420,0
DA:1421,0
DA:1427,0
DA:1428,0
DA:1429,0
DA:1431,0
DA:1432,0
DA:1433,0
DA:1434,0
DA:1435,0
DA:1436,0
DA:1437,0
DA:1438,0
DA:1439,0
DA:1440,0
DA:1441,0
DA:1443,0
DA:1446,0
DA:1447,0
DA:1448,0
DA:1449,0
DA:1450,0
DA:1451,0
DA:1452,0
DA:1453,0
DA:1454,0
DA:1455,0
DA:1456,0
DA:1457,0
DA:1458,0
DA:1460,0
DA:1464,0
DA:1465,0
DA:1467,0
DA:1471,0
DA:1472,0
DA:1476,0
DA:1477,0
DA:1479,0
DA:1480,0
DA:1481,0
DA:1482,0
DA:1483,0
DA:1484,0
DA:1485,0
DA:1487,0
DA:1488,0
DA:1489,0
DA:1490,0
DA:1491,0
DA:1492,0
DA:1494,0
DA:1496,0
DA:1497,0
DA:1501,0
DA:1502,0
DA:1503,0
DA:1504,0
DA:1505,0
DA:1507,0
DA:1508,0
DA:1509,0
DA:1510,0
DA:1511,0
DA:1512,0
DA:1516,0
DA:1518,0
DA:1520,0
DA:1521,0
DA:1522,0
DA:1523,0
DA:1525,0
DA:1526,0
DA:1527,0
DA:1528,0
DA:1529,0
DA:1530,0
DA:1531,0
DA:1532,0
DA:1533,0
DA:1534,0
DA:1535,0
DA:1536,0
DA:1537,0
DA:1538,0
DA:1539,0
DA:1540,0
DA:1542,0
DA:1543,0
DA:1545,0
DA:1546,0
DA:1547,0
DA:1548,0
DA:1549,0
DA:1550,0
DA:1551,0
DA:1552,0
DA:1553,0
DA:1554,0
DA:1555,0
DA:1557,0
DA:1559,0
DA:1561,0
DA:1562,0
DA:1563,0
DA:1564,0
DA:1565,0
DA:1566,0
DA:1568,0
DA:1569,0
DA:1570,0
DA:1571,0
DA:1572,0
DA:1573,0
DA:1574,0
DA:1575,0
DA:1576,0
DA:1578,0
DA:1579,0
DA:1582,0
DA:1583,0
DA:1584,0
DA:1585,0
DA:1586,0
DA:1587,0
DA:1588,0
DA:1589,0
DA:1590,0
DA:1591,0
DA:1592,0
DA:1593,0
DA:1594,0
DA:1595,0
DA:1596,0
DA:1597,0
DA:1598,0
DA:1599,0
DA:1600,0
DA:1601,0
DA:1602,0
DA:1603,0
DA:1604,0
DA:1605,0
DA:1606,0
DA:1608,0
DA:1611,0
DA:1612,0
DA:1613,0
DA:1614,0
DA:1615,0
DA:1617,0
DA:1618,0
DA:1619,0
DA:1620,0
DA:1621,0
DA:1623,0
DA:1624,0
DA:1625,0
DA:1633,0
DA:1635,0
DA:1636,0
DA:1639,0
DA:1640,0
DA:1643,0
DA:1644,0
DA:1648,0
DA:1649,0
DA:1652,0
DA:1653,0
DA:1654,0
DA:1655,0
DA:1657,0
DA:1658,0
DA:1660,0
DA:1664,0
DA:1665,0
DA:1667,0
DA:1669,0
DA:1670,0
DA:1673,0
DA:1674,0
DA:1675,0
DA:1677,0
DA:1678,0
DA:1679,0
DA:1680,0
DA:1681,0
DA:1683,0
DA:1685,0
DA:1686,0
DA:1687,0
DA:1688,0
DA:1690,0
DA:1691,0
DA:1692,0
DA:1694,0
DA:1695,0
DA:1696,0
DA:1697,0
DA:1698,0
DA:1699,0
DA:1700,0
DA:1701,0
DA:1702,0
DA:1703,0
DA:1704,0
DA:1707,0
DA:1708,0
DA:1709,0
DA:1712,0
DA:1713,0
DA:1714,0
DA:1715,0
DA:1717,0
DA:1719,0
DA:1720,0
DA:1722,0
DA:1723,0
DA:1725,0
DA:1727,0
DA:1729,0
DA:1730,0
DA:1732,0
DA:1733,0
DA:1735,0
DA:1804,0
DA:1805,0
DA:1806,0
DA:1807,0
DA:1808,0
DA:1809,0
DA:1810,0
DA:1811,0
DA:1812,0
DA:1815,0
DA:1818,0
DA:1819,0
DA:1820,0
DA:1821,0
DA:1822,0
DA:1825,0
DA:1826,0
DA:1828,0
DA:1829,0
DA:1830,0
DA:1831,0
DA:1832,0
DA:1833,0
DA:1834,0
DA:1835,0
DA:1836,0
DA:1839,0
DA:1841,0
DA:1842,0
DA:1843,0
DA:1844,0
DA:1845,0
DA:1846,0
DA:1847,0
DA:1848,0
DA:1849,0
DA:1850,0
DA:1851,0
DA:1854,0
DA:1857,0
DA:1858,0
DA:1859,0
DA:1860,0
DA:1861,0
DA:1863,0
DA:1864,0
DA:1865,0
DA:1866,0
DA:1867,0
DA:1868,0
DA:1869,0
DA:1872,0
DA:1873,0
DA:1874,0
DA:1875,0
DA:1877,0
DA:1879,0
DA:1880,0
DA:1882,0
DA:1884,0
DA:1887,0
DA:1889,0
DA:1890,0
DA:1891,0
DA:1892,0
DA:1893,0
DA:1894,0
DA:1895,0
DA:1896,0
DA:1897,0
DA:1898,0
DA:1899,0
DA:1902,0
DA:1903,0
DA:1904,0
DA:1905,0
DA:1906,0
DA:1907,0
DA:1908,0
DA:1909,0
DA:1910,0
DA:1911,0
DA:1912,0
DA:1913,0
DA:1914,0
DA:1915,0
DA:1916,0
DA:1919,0
DA:1920,0
DA:1921,0
DA:1922,0
DA:1923,0
DA:1925,0
DA:1927,0
DA:1928,0
DA:1930,0
DA:1932,0
DA:1935,0
DA:1937,0
DA:1938,0
DA:1940,0
DA:1941,0
DA:1955,0
DA:1957,0
DA:1958,0
DA:1959,0
DA:1960,0
DA:1961,0
DA:1963,0
DA:1964,0
DA:1965,0
DA:1967,0
DA:1968,0
DA:1969,0
DA:1972,0
DA:1973,0
DA:1974,0
DA:1975,0
DA:1976,0
DA:1977,0
DA:1978,0
DA:1979,0
DA:1981,0
DA:1985,0
DA:1986,0
DA:1987,0
DA:1988,0
DA:1989,0
DA:1990,0
DA:1991,0
DA:1993,0
DA:1994,0
DA:1995,0
DA:1998,0
DA:2001,0
DA:2002,0
DA:2004,0
DA:2007,0
DA:2008,0
DA:2009,0
DA:2011,0
DA:2012,0
DA:2013,0
DA:2014,0
DA:2015,0
DA:2022,0
DA:2023,0
DA:2025,0
DA:2026,0
DA:2027,0
DA:2028,0
DA:2029,0
DA:2030,0
DA:2031,0
DA:2032,0
DA:2033,0
DA:2034,0
DA:2035,0
DA:2036,0
DA:2037,0
DA:2038,0
DA:2039,0
DA:2040,0
DA:2041,0
DA:2042,0
DA:2043,0
DA:2044,0
DA:2046,0
DA:2047,0
DA:2049,0
DA:2050,0
DA:2051,0
DA:2053,0
DA:2054,0
DA:2055,0
DA:2056,0
DA:2057,0
DA:2059,0
DA:2060,0
DA:2061,0
DA:2062,0
DA:2063,0
DA:2065,0
DA:2066,0
DA:2067,0
DA:2068,0
DA:2070,0
DA:2071,0
DA:2073,0
DA:2074,0
DA:2075,0
DA:2076,0
DA:2077,0
DA:2079,0
DA:2081,0
DA:2082,0
DA:2083,0
DA:2084,0
DA:2085,0
DA:2086,0
DA:2087,0
DA:2088,0
DA:2089,0
DA:2090,0
DA:2092,0
DA:2093,0
DA:2095,0
DA:2097,0
DA:2098,0
DA:2099,0
DA:2100,0
DA:2101,0
DA:2102,0
DA:2103,0
DA:2104,0
DA:2105,0
DA:2107,0
DA:2108,0
DA:2109,0
DA:2110,0
DA:2113,0
DA:2114,0
DA:2115,0
DA:2116,0
DA:2117,0
DA:2119,0
DA:2120,0
DA:2122,0
DA:2123,0
DA:2124,0
DA:2128,0
DA:2129,0
DA:2130,0
DA:2131,0
DA:2133,0
DA:2134,0
DA:2135,0
DA:2136,0
DA:2138,0
DA:2139,0
DA:2140,0
DA:2141,0
DA:2145,0
DA:2146,0
DA:2147,0
DA:2148,0
DA:2149,0
DA:2152,0
DA:2156,0
DA:2160,0
DA:2162,0
DA:2163,0
DA:2164,0
DA:2165,0
DA:2166,0
DA:2168,0
DA:2169,0
DA:2170,0
DA:2171,0
DA:2173,0
DA:2174,0
DA:2175,0
DA:2176,0
DA:2177,0
DA:2178,0
DA:2180,0
DA:2181,0
DA:2182,0
DA:2183,0
DA:2184,0
DA:2185,0
DA:2186,0
DA:2187,0
DA:2188,0
DA:2190,0
DA:2191,0
DA:2194,0
DA:2195,0
DA:2196,0
DA:2197,0
DA:2198,0
DA:2199,0
DA:2200,0
DA:2201,0
DA:2202,0
DA:2203,0
DA:2204,0
DA:2205,0
DA:2206,0
DA:2207,0
DA:2208,0
DA:2209,0
DA:2210,0
DA:2211,0
DA:2212,0
DA:2213,0
DA:2214,0
DA:2215,0
DA:2216,0
DA:2217,0
DA:2218,0
DA:2219,0
DA:2221,0
DA:2222,0
DA:2223,0
DA:2224,0
DA:2225,0
DA:2229,0
DA:2231,0
DA:2232,0
DA:2234,0
DA:2235,0
DA:2236,0
DA:2237,0
DA:2238,0
DA:2241,0
DA:2242,0
DA:2243,0
DA:2247,0
DA:2249,0
DA:2252,0
DA:2253,0
DA:2254,0
DA:2255,0
DA:2256,0
DA:2258,0
DA:2262,0
DA:2264,0
DA:2268,0
DA:2270,0
DA:2271,0
DA:2272,0
DA:2273,0
DA:2274,0
DA:2275,0
DA:2277,0
DA:2278,0
DA:2279,0
DA:2283,0
DA:2284,0
DA:2286,0
DA:2288,0
DA:2290,0
DA:2292,0
DA:2293,0
DA:2294,0
DA:2295,0
DA:2296,0
DA:2299,0
DA:2301,0
DA:2302,0
DA:2304,0
DA:2306,0
DA:2307,0
DA:2309,0
DA:2313,0
DA:2314,0
DA:2315,0
DA:2316,0
DA:2317,0
DA:2318,0
DA:2319,0
DA:2320,0
DA:2323,0
DA:2324,0
DA:2326,0
DA:2327,0
DA:2329,0
DA:2333,0
DA:2334,0
DA:2337,0
DA:2338,0
DA:2339,0
DA:2340,0
DA:2344,0
DA:2346,0
DA:2349,0
DA:2351,0
DA:2354,0
DA:2359,0
DA:2360,0
DA:2361,0
DA:2362,0
DA:2363,0
DA:2364,0
DA:2365,0
DA:2366,0
DA:2367,0
DA:2369,0
DA:2371,0
DA:2372,0
DA:2373,0
DA:2374,0
DA:2375,0
DA:2376,0
DA:2377,0
DA:2390,0
DA:2393,0
DA:2394,0
DA:2395,0
DA:2399,0
DA:2400,0
DA:2401,0
DA:2403,0
DA:2404,0
DA:2406,0
DA:2407,0
DA:2410,0
DA:2411,0
DA:2412,0
DA:2413,0
DA:2417,0
DA:2418,0
DA:2421,0
DA:2422,0
DA:2424,0
DA:2425,0
DA:2426,0
DA:2427,0
DA:2429,0
DA:2430,0
DA:2431,0
DA:2433,0
DA:2434,0
DA:2435,0
DA:2439,0
DA:2441,0
DA:2442,0
DA:2443,0
DA:2444,0
DA:2447,0
DA:2449,0
DA:2450,0
DA:2451,0
DA:2452,0
DA:2453,0
DA:2455,0
DA:2458,0
DA:2461,0
DA:2462,0
DA:2463,0
DA:2464,0
DA:2465,0
DA:2466,0
DA:2467,0
DA:2469,0
DA:2476,0
DA:2479,0
DA:2480,0
DA:2484,0
DA:2485,0
DA:2486,0
DA:2488,0
DA:2490,0
DA:2493,0
DA:2494,0
DA:2495,0
DA:2498,0
DA:2499,0
DA:2500,0
DA:2502,0
DA:2503,0
DA:2504,0
DA:2506,0
DA:2507,0
DA:2510,0
DA:2511,0
DA:2512,0
DA:2513,0
DA:2515,0
DA:2516,0
DA:2517,0
DA:2518,0
DA:2519,0
DA:2521,0
DA:2522,0
DA:2528,0
DA:2531,0
DA:2534,0
DA:2535,0
DA:2536,0
DA:2538,0
DA:2539,0
DA:2541,0
DA:2545,0
DA:2547,0
DA:2551,0
DA:2552,0
DA:2553,0
DA:2559,0
DA:2560,0
DA:2561,0
DA:2562,0
DA:2564,0
DA:2565,0
DA:2566,0
DA:2567,0
DA:2568,0
DA:2569,0
DA:2570,0
DA:2571,0
DA:2573,0
DA:2574,0
DA:2575,0
DA:2577,0
DA:2578,0
DA:2579,0
DA:2580,0
DA:2582,0
DA:2586,0
DA:2587,0
DA:2589,0
DA:2591,0
DA:2592,0
DA:2593,0
DA:2594,0
DA:2595,0
DA:2596,0
DA:2597,0
DA:2601,0
DA:2602,0
DA:2603,0
DA:2606,0
DA:2607,0
DA:2608,0
DA:2610,0
DA:2612,0
DA:2613,0
DA:2614,0
DA:2616,0
DA:2620,0
DA:2621,0
DA:2622,0
DA:2623,0
DA:2624,0
DA:2625,0
DA:2626,0
DA:2630,0
DA:2631,0
DA:2632,0
DA:2633,0
DA:2634,0
DA:2635,0
DA:2636,0
DA:2640,0
DA:2641,0
DA:2642,0
DA:2643,0
DA:2644,0
DA:2647,0
DA:2648,0
DA:2649,0
DA:2650,0
DA:2653,0
DA:2654,0
DA:2655,0
DA:2656,0
DA:2658,0
DA:2659,0
DA:2663,0
DA:2664,0
DA:2665,0
DA:2667,0
DA:2668,0
DA:2671,0
DA:2672,0
DA:2673,0
DA:2674,0
DA:2676,0
DA:2677,0
DA:2678,0
DA:2681,0
DA:2682,0
DA:2683,0
DA:2684,0
DA:2685,0
DA:2687,0
DA:2688,0
DA:2689,0
DA:2693,0
DA:2694,0
DA:2695,0
DA:2697,0
DA:2701,0
DA:2702,0
DA:2703,0
DA:2704,0
DA:2705,0
DA:2707,0
DA:2708,0
DA:2712,0
DA:2713,0
DA:2714,0
DA:2716,0
DA:2717,0
DA:2718,0
DA:2719,0
DA:2720,0
DA:2721,0
DA:2722,0
DA:2724,0
DA:2725,0
DA:2726,0
DA:2727,0
DA:2728,0
DA:2729,0
DA:2730,0
DA:2732,0
DA:2733,0
DA:2734,0
DA:2735,0
DA:2736,0
DA:2737,0
DA:2738,0
DA:2739,0
DA:2740,0
DA:2741,0
DA:2742,0
DA:2745,0
DA:2746,0
DA:2747,0
DA:2751,0
DA:2752,0
DA:2753,0
DA:2754,0
DA:2755,0
DA:2756,0
DA:2759,0
DA:2760,0
DA:2761,0
DA:2762,0
DA:2763,0
DA:2765,0
DA:2766,0
DA:2770,0
DA:2771,0
DA:2772,0
DA:2773,0
DA:2774,0
DA:2775,0
DA:2777,0
DA:2778,0
DA:2788,0
DA:2789,0
DA:2790,0
DA:2791,0
DA:2792,0
DA:2799,0
DA:2800,0
DA:2801,0
DA:2802,0
DA:2804,0
DA:2805,0
DA:2806,0
DA:2807,0
DA:2808,0
DA:2809,0
DA:2810,0
DA:2811,0
DA:2812,0
DA:2813,0
DA:2814,0
DA:2816,0
DA:2817,0
DA:2818,0
DA:2820,0
DA:2821,0
DA:2822,0
DA:2823,0
DA:2824,0
DA:2825,0
DA:2826,0
DA:2827,0
DA:2828,0
DA:2830,0
DA:2832,0
DA:2834,0
DA:2837,0
DA:2838,0
DA:2839,0
DA:2841,0
DA:2842,0
DA:2843,0
DA:2844,0
DA:2846,0
DA:2847,0
DA:2848,0
DA:2850,0
DA:2851,0
DA:2852,0
DA:2853,0
DA:2854,0
DA:2855,0
DA:2859,0
DA:2860,0
DA:2861,0
DA:2862,0
DA:2863,0
DA:2865,0
DA:2866,0
DA:2869,0
DA:2871,0
DA:2873,0
DA:2875,0
DA:2876,0
DA:2878,0
DA:2880,0
DA:2882,0
DA:2883,0
DA:2884,0
DA:2885,0
DA:2886,0
DA:2887,0
DA:2888,0
DA:2889,0
DA:2891,0
DA:2892,0
DA:2894,0
DA:2895,0
DA:2896,0
DA:2897,0
DA:2900,0
DA:2901,0
DA:2902,0
DA:2904,0
DA:2905,0
DA:2907,0
DA:2908,0
DA:2912,0
DA:2913,0
DA:2914,0
DA:2917,0
DA:2918,0
DA:2921,0
DA:2922,0
DA:2926,0
DA:2929,0
DA:2931,0
DA:2933,0
DA:2934,0
DA:2937,0
DA:2941,0
DA:2942,0
DA:2943,0
DA:2944,0
LF:1845
LH:0
end_of_record
TN:
SF:/home/kuzz/ImageMagickFuzzing/delegate_libraries/brotli-1.2.0/c/dec/huffman.c
FN:102,167,BrotliBuildCodeLengthsHuffmanTable
FN:169,259,BrotliBuildHuffmanTable
FN:261,335,BrotliBuildSimpleHuffmanTable
FN:68,72,BrotliReverseBits
FN:78,85,ReplicateValue
FN:90,100,NextTableBitSize
FNDA:0,BrotliBuildCodeLengthsHuffmanTable
FNDA:0,BrotliBuildHuffmanTable
FNDA:0,BrotliBuildSimpleHuffmanTable
FNDA:0,BrotliReverseBits
FNDA:0,ReplicateValue
FNDA:0,NextTableBitSize
FNF:6
FNH:0
DA:68,0
DA:72,0
DA:78,0
DA:81,0
DA:82,0
DA:83,0
DA:84,0
DA:85,0
DA:90,0
DA:92,0
DA:93,0
DA:94,0
DA:95,0
DA:96,0
DA:97,0
DA:99,0
DA:100,0
DA:102,0
DA:105,0
DA:106,0
DA:107,0
DA:108,0
DA:109,0
DA:110,0
DA:111,0
DA:113,0
DA:114,0
DA:115,0
DA:121,0
DA:122,0
DA:124,0
DA:130,0
DA:133,0
DA:134,0
DA:135,0
DA:139,0
DA:141,0
DA:144,0
DA:145,0
DA:146,0
DA:147,0
DA:148,0
DA:149,0
DA:153,0
DA:154,0
DA:155,0
DA:156,0
DA:157,0
DA:158,0
DA:159,0
DA:160,0
DA:161,0
DA:162,0
DA:163,0
DA:164,0
DA:165,0
DA:166,0
DA:167,0
DA:169,0
DA:173,0
DA:174,0
DA:175,0
DA:176,0
DA:177,0
DA:178,0
DA:179,0
DA:180,0
DA:181,0
DA:182,0
DA:183,0
DA:184,0
DA:185,0
DA:186,0
DA:187,0
DA:193,0
DA:194,0
DA:196,0
DA:197,0
DA:198,0
DA:199,0
DA:203,0
DA:204,0
DA:205,0
DA:206,0
DA:207,0
DA:208,0
DA:209,0
DA:210,0
DA:211,0
DA:212,0
DA:213,0
DA:214,0
DA:215,0
DA:216,0
DA:217,0
DA:218,0
DA:219,0
DA:220,0
DA:221,0
DA:224,0
DA:225,0
DA:226,0
DA:227,0
DA:231,0
DA:232,0
DA:233,0
DA:234,0
DA:235,0
DA:236,0
DA:237,0
DA:238,0
DA:239,0
DA:240,0
DA:241,0
DA:242,0
DA:243,0
DA:244,0
DA:245,0
DA:246,0
DA:247,0
DA:248,0
DA:249,0
DA:250,0
DA:251,0
DA:252,0
DA:253,0
DA:254,0
DA:255,0
DA:256,0
DA:257,0
DA:258,0
DA:259,0
DA:261,0
DA:265,0
DA:266,0
DA:267,0
DA:269,0
DA:270,0
DA:272,0
DA:273,0
DA:274,0
DA:275,0
DA:276,0
DA:277,0
DA:279,0
DA:280,0
DA:282,0
DA:283,0
DA:284,0
DA:285,0
DA:286,0
DA:287,0
DA:288,0
DA:289,0
DA:291,0
DA:292,0
DA:294,0
DA:295,0
DA:296,0
DA:297,0
DA:298,0
DA:299,0
DA:300,0
DA:301,0
DA:302,0
DA:303,0
DA:304,0
DA:305,0
DA:306,0
DA:307,0
DA:308,0
DA:310,0
DA:312,0
DA:313,0
DA:314,0
DA:315,0
DA:316,0
DA:317,0
DA:318,0
DA:319,0
DA:320,0
DA:321,0
DA:322,0
DA:323,0
DA:324,0
DA:325,0
DA:326,0
DA:329,0
DA:330,0
DA:331,0
DA:332,0
DA:334,0
DA:335,0
LF:193
LH:0
end_of_record
TN:
SF:/home/kuzz/ImageMagickFuzzing/delegate_libraries/brotli-1.2.0/c/dec/huffman.h
FN:42,47,ConstructHuffmanCode
FNDA:0,ConstructHuffmanCode
FNF:1
FNH:0
DA:42,0
DA:45,0
DA:46,0
DA:47,0
LF:4
LH:0
end_of_record
TN:
SF:/home/kuzz/ImageMagickFuzzing/delegate_libraries/brotli-1.2.0/c/dec/state.c
FN:112,140,BrotliDecoderStateMetablockBegin
FN:142,149,BrotliDecoderStateCleanupAfterMetablock
FN:151,161,BrotliDecoderStateCleanup
FN:163,182,BrotliDecoderHuffmanTreeGroupInit
FN:32,110,BrotliDecoderStateInit
FNDA:0,BrotliDecoderStateMetablockBegin
FNDA:0,BrotliDecoderStateCleanupAfterMetablock
FNDA:0,BrotliDecoderStateCleanup
FNDA:0,BrotliDecoderHuffmanTreeGroupInit
FNDA:0,BrotliDecoderStateInit
FNF:5
FNH:0
DA:32,0
DA:34,0
DA:35,0
DA:36,0
DA:37,0
DA:38,0
DA:39,0
DA:40,0
DA:41,0
DA:42,0
DA:45,0
DA:47,0
DA:48,0
DA:49,0
DA:50,0
DA:51,0
DA:52,0
DA:53,0
DA:55,0
DA:56,0
DA:57,0
DA:58,0
DA:59,0
DA:60,0
DA:62,0
DA:63,0
DA:64,0
DA:65,0
DA:66,0
DA:67,0
DA:69,0
DA:70,0
DA:71,0
DA:72,0
DA:73,0
DA:75,0
DA:76,0
DA:77,0
DA:78,0
DA:79,0
DA:80,0
DA:82,0
DA:83,0
DA:84,0
DA:85,0
DA:86,0
DA:88,0
DA:89,0
DA:90,0
DA:91,0
DA:92,0
DA:93,0
DA:94,0
DA:95,0
DA:96,0
DA:98,0
DA:100,0
DA:101,0
DA:102,0
DA:103,0
DA:105,0
DA:106,0
DA:107,0
DA:109,0
DA:110,0
DA:112,0
DA:113,0
DA:114,0
DA:115,0
DA:116,0
DA:117,0
DA:118,0
DA:119,0
DA:120,0
DA:121,0
DA:122,0
DA:123,0
DA:124,0
DA:125,0
DA:126,0
DA:127,0
DA:128,0
DA:129,0
DA:130,0
DA:131,0
DA:132,0
DA:133,0
DA:134,0
DA:135,0
DA:136,0
DA:137,0
DA:138,0
DA:139,0
DA:140,0
DA:142,0
DA:143,0
DA:144,0
DA:145,0
DA:146,0
DA:147,0
DA:148,0
DA:149,0
DA:151,0
DA:152,0
DA:154,0
DA:156,0
DA:157,0
DA:158,0
DA:159,0
DA:160,0
DA:161,0
DA:163,0
DA:170,0
DA:171,0
DA:172,0
DA:174,0
DA:176,0
DA:177,0
DA:178,0
DA:179,0
DA:180,0
DA:181,0
DA:182,0
LF:123
LH:0
end_of_record
TN:
SF:/home/kuzz/ImageMagickFuzzing/delegate_libraries/brotli-1.2.0/c/dec/static_init.c
FN:41,43,BrotliDecoderEnsureStaticInit
FNDA:0,BrotliDecoderEnsureStaticInit
FNF:1
FNH:0
DA:41,0
DA:43,0
LF:2
LH:0
end_of_record
TN:
SF:/home/kuzz/ImageMagickFuzzing/delegate_libraries/brotli-1.2.0/c/enc/backward_references.c
FN:181,227,BrotliCreateBackwardReferences
FN:25,47,ComputeDistanceCode
FNDA:0,BrotliCreateBackwardReferences
FNDA:0,ComputeDistanceCode
FNF:2
FNH:0
DA:25,0
DA:28,0
DA:29,0
DA:30,0
DA:31,0
DA:32,0
DA:33,0
DA:34,0
DA:35,0
DA:36,0
DA:37,0
DA:38,0
DA:39,0
DA:40,0
DA:41,0
DA:42,0
DA:43,0
DA:45,0
DA:46,0
DA:47,0
DA:181,0
DA:186,0
DA:187,0
DA:195,0
DA:196,0
DA:198,0
DA:199,0
DA:201,0
DA:202,0
DA:203,0
DA:204,0
DA:205,0
DA:209,0
DA:211,0
DA:213,0
DA:221,0
DA:225,0
DA:227,0
LF:38
LH:0
end_of_record
TN:
SF:/home/kuzz/ImageMagickFuzzing/delegate_libraries/brotli-1.2.0/c/enc/backward_references_hq.c
FN:102,110,InitZopfliCostModel
FN:112,115,CleanupZopfliCostModel
FN:117,147,SetCost
FN:149,207,ZopfliCostModelSetFromCommands
FN:209,235,ZopfliCostModelSetFromLiteralCosts
FN:237,239,ZopfliCostModelGetCommandCost
FN:242,244,ZopfliCostModelGetDistanceCost
FN:247,249,ZopfliCostModelGetLiteralCosts
FN:252,254,ZopfliCostModelGetMinCostCmd
FN:260,269,UpdateZopfliNode
FN:284,286,InitStartPosQueue
FN:288,289,StartPosQueueSize
FN:292,306,StartPosQueuePush
FN:308,309,StartPosQueueAt
FN:314,337,ComputeMinimumCopyLength
FN:341,363,ComputeDistanceShortcut
FN:372,389,ComputeDistanceCache
FN:393,411,EvaluateNode
FN:414,585,UpdateNodes
FN:42,50,BrotliInitZopfliNodes
FN:52,53,ZopfliNodeCopyLength
FN:56,59,ZopfliNodeLengthCode
FN:587,601,ComputeShortestPathFromNodes
FN:604,647,BrotliZopfliCreateCommands
FN:61,62,ZopfliNodeCopyDistance
FN:649,687,ZopfliIterate
FN:65,70,ZopfliNodeDistanceCode
FN:689,704,MergeMatches
FN:707,795,BrotliZopfliComputeShortestPath
FN:72,73,ZopfliNodeCommandLength
FN:797,812,BrotliCreateZopfliBackwardReferences
FN:814,935,BrotliCreateHqZopfliBackwardReferences
FNDA:0,InitZopfliCostModel
FNDA:0,CleanupZopfliCostModel
FNDA:0,SetCost
FNDA:0,ZopfliCostModelSetFromCommands
FNDA:0,ZopfliCostModelSetFromLiteralCosts
FNDA:0,ZopfliCostModelGetCommandCost
FNDA:0,ZopfliCostModelGetDistanceCost
FNDA:0,ZopfliCostModelGetLiteralCosts
FNDA:0,ZopfliCostModelGetMinCostCmd
FNDA:0,UpdateZopfliNode
FNDA:0,InitStartPosQueue
FNDA:0,StartPosQueueSize
FNDA:0,StartPosQueuePush
FNDA:0,StartPosQueueAt
FNDA:0,ComputeMinimumCopyLength
FNDA:0,ComputeDistanceShortcut
FNDA:0,ComputeDistanceCache
FNDA:0,EvaluateNode
FNDA:0,UpdateNodes
FNDA:0,BrotliInitZopfliNodes
FNDA:0,ZopfliNodeCopyLength
FNDA:0,ZopfliNodeLengthCode
FNDA:0,ComputeShortestPathFromNodes
FNDA:0,BrotliZopfliCreateCommands
FNDA:0,ZopfliNodeCopyDistance
FNDA:0,ZopfliIterate
FNDA:0,ZopfliNodeDistanceCode
FNDA:0,MergeMatches
FNDA:0,BrotliZopfliComputeShortestPath
FNDA:0,ZopfliNodeCommandLength
FNDA:0,BrotliCreateZopfliBackwardReferences
FNDA:0,BrotliCreateHqZopfliBackwardReferences
FNF:32
FNH:0
DA:42,0
DA:43,0
DA:44,0
DA:45,0
DA:46,0
DA:47,0
DA:48,0
DA:49,0
DA:50,0
DA:52,0
DA:53,0
DA:56,0
DA:57,0
DA:58,0
DA:59,0
DA:61,0
DA:62,0
DA:65,0
DA:66,0
DA:67,0
DA:68,0
DA:69,0
DA:70,0
DA:72,0
DA:73,0
DA:102,0
DA:105,0
DA:106,0
DA:107,0
DA:108,0
DA:110,0
DA:112,0
DA:113,0
DA:114,0
DA:115,0
DA:117,0
DA:119,0
DA:120,0
DA:121,0
DA:122,0
DA:123,0
DA:124,0
DA:125,0
DA:126,0
DA:127,0
DA:128,0
DA:129,0
DA:130,0
DA:131,0
DA:132,0
DA:133,0
DA:134,0
DA:135,0
DA:136,0
DA:137,0
DA:138,0
DA:142,0
DA:145,0
DA:146,0
DA:147,0
DA:149,0
DA:156,0
DA:157,0
DA:158,0
DA:159,0
DA:160,0
DA:162,0
DA:163,0
DA:164,0
DA:166,0
DA:167,0
DA:168,0
DA:169,0
DA:170,0
DA:171,0
DA:173,0
DA:174,0
DA:176,0
DA:177,0
DA:178,0
DA:180,0
DA:181,0
DA:183,0
DA:184,0
DA:185,0
DA:186,0
DA:187,0
DA:188,0
DA:190,0
DA:191,0
DA:192,0
DA:193,0
DA:196,0
DA:197,0
DA:198,0
DA:199,0
DA:200,0
DA:201,0
DA:202,0
DA:203,0
DA:204,0
DA:205,0
DA:206,0
DA:207,0
DA:209,0
DA:213,0
DA:214,0
DA:215,0
DA:216,0
DA:217,0
DA:218,0
DA:219,0
DA:220,0
DA:221,0
DA:222,0
DA:223,0
DA:224,0
DA:225,0
DA:226,0
DA:227,0
DA:228,0
DA:229,0
DA:230,0
DA:231,0
DA:232,0
DA:233,0
DA:234,0
DA:235,0
DA:237,0
DA:239,0
DA:242,0
DA:244,0
DA:247,0
DA:249,0
DA:252,0
DA:254,0
DA:260,0
DA:263,0
DA:264,0
DA:265,0
DA:266,0
DA:267,0
DA:268,0
DA:269,0
DA:284,0
DA:285,0
DA:286,0
DA:288,0
DA:289,0
DA:292,0
DA:293,0
DA:294,0
DA:295,0
DA:296,0
DA:297,0
DA:300,0
DA:301,0
DA:302,0
DA:303,0
DA:304,0
DA:305,0
DA:306,0
DA:308,0
DA:309,0
DA:314,0
DA:319,0
DA:320,0
DA:321,0
DA:322,0
DA:323,0
DA:327,0
DA:328,0
DA:331,0
DA:332,0
DA:333,0
DA:334,0
DA:336,0
DA:337,0
DA:341,0
DA:346,0
DA:347,0
DA:348,0
DA:354,0
DA:355,0
DA:356,0
DA:357,0
DA:358,0
DA:359,0
DA:361,0
DA:363,0
DA:372,0
DA:376,0
DA:377,0
DA:378,0
DA:379,0
DA:380,0
DA:381,0
DA:382,0
DA:384,0
DA:385,0
DA:386,0
DA:387,0
DA:388,0
DA:389,0
DA:393,0
DA:398,0
DA:399,0
DA:400,0
DA:401,0
DA:402,0
DA:403,0
DA:404,0
DA:405,0
DA:406,0
DA:407,0
DA:408,0
DA:409,0
DA:410,0
DA:411,0
DA:414,0
DA:421,0
DA:422,0
DA:423,0
DA:424,0
DA:425,0
DA:427,0
DA:428,0
DA:429,0
DA:430,0
DA:431,0
DA:432,0
DA:433,0
DA:434,0
DA:438,0
DA:439,0
DA:442,0
DA:443,0
DA:444,0
DA:445,0
DA:446,0
DA:450,0
DA:451,0
DA:452,0
DA:453,0
DA:454,0
DA:455,0
DA:456,0
DA:460,0
DA:461,0
DA:462,0
DA:463,0
DA:464,0
DA:465,0
DA:466,0
DA:467,0
DA:468,0
DA:469,0
DA:470,0
DA:472,0
DA:474,0
DA:476,0
DA:478,0
DA:479,0
DA:482,0
DA:483,0
DA:484,0
DA:485,0
DA:487,0
DA:488,0
DA:489,0
DA:490,0
DA:491,0
DA:492,0
DA:493,0
DA:494,0
DA:495,0
DA:496,0
DA:497,0
DA:498,0
DA:499,0
DA:500,0
DA:501,0
DA:502,0
DA:503,0
DA:505,0
DA:506,0
DA:507,0
DA:508,0
DA:511,0
DA:514,0
DA:515,0
DA:516,0
DA:517,0
DA:518,0
DA:519,0
DA:520,0
DA:521,0
DA:522,0
DA:523,0
DA:524,0
DA:525,0
DA:526,0
DA:527,0
DA:528,0
DA:529,0
DA:530,0
DA:531,0
DA:536,0
DA:540,0
DA:541,0
DA:542,0
DA:543,0
DA:544,0
DA:545,0
DA:548,0
DA:549,0
DA:550,0
DA:551,0
DA:552,0
DA:553,0
DA:554,0
DA:555,0
DA:556,0
DA:557,0
DA:558,0
DA:559,0
DA:564,0
DA:565,0
DA:566,0
DA:567,0
DA:568,0
DA:569,0
DA:570,0
DA:571,0
DA:572,0
DA:573,0
DA:574,0
DA:575,0
DA:576,0
DA:577,0
DA:578,0
DA:579,0
DA:580,0
DA:581,0
DA:582,0
DA:583,0
DA:584,0
DA:585,0
DA:587,0
DA:589,0
DA:590,0
DA:591,0
DA:592,0
DA:593,0
DA:594,0
DA:595,0
DA:596,0
DA:597,0
DA:598,0
DA:599,0
DA:600,0
DA:601,0
DA:604,0
DA:608,0
DA:609,0
DA:610,0
DA:611,0
DA:612,0
DA:613,0
DA:614,0
DA:615,0
DA:616,0
DA:617,0
DA:618,0
DA:619,0
DA:620,0
DA:621,0
DA:622,0
DA:623,0
DA:625,0
DA:626,0
DA:627,0
DA:629,0
DA:630,0
DA:631,0
DA:632,0
DA:633,0
DA:635,0
DA:636,0
DA:637,0
DA:638,0
DA:639,0
DA:640,0
DA:641,0
DA:643,0
DA:644,0
DA:645,0
DA:646,0
DA:647,0
DA:649,0
DA:654,0
DA:655,0
DA:656,0
DA:657,0
DA:658,0
DA:659,0
DA:660,0
DA:661,0
DA:662,0
DA:663,0
DA:664,0
DA:665,0
DA:666,0
DA:667,0
DA:668,0
DA:669,0
DA:670,0
DA:671,0
DA:673,0
DA:674,0
DA:675,0
DA:676,0
DA:677,0
DA:678,0
DA:679,0
DA:680,0
DA:681,0
DA:682,0
DA:684,0
DA:685,0
DA:686,0
DA:687,0
DA:689,0
DA:691,0
DA:692,0
DA:693,0
DA:694,0
DA:695,0
DA:696,0
DA:697,0
DA:698,0
DA:699,0
DA:701,0
DA:702,0
DA:703,0
DA:704,0
DA:707,0
DA:711,0
DA:712,0
DA:713,0
DA:714,0
DA:715,0
DA:716,0
DA:717,0
DA:718,0
DA:719,0
DA:720,0
DA:721,0
DA:722,0
DA:723,0
DA:724,0
DA:728,0
DA:729,0
DA:730,0
DA:732,0
DA:733,0
DA:734,0
DA:735,0
DA:736,0
DA:737,0
DA:738,0
DA:740,0
DA:741,0
DA:742,0
DA:743,0
DA:744,0
DA:745,0
DA:746,0
DA:747,0
DA:748,0
DA:749,0
DA:750,0
DA:751,0
DA:752,0
DA:753,0
DA:754,0
DA:755,0
DA:756,0
DA:757,0
DA:758,0
DA:759,0
DA:760,0
DA:761,0
DA:762,0
DA:763,0
DA:764,0
DA:765,0
DA:766,0
DA:767,0
DA:768,0
DA:769,0
DA:770,0
DA:771,0
DA:772,0
DA:773,0
DA:774,0
DA:775,0
DA:776,0
DA:778,0
DA:779,0
DA:781,0
DA:782,0
DA:783,0
DA:784,0
DA:785,0
DA:786,0
DA:787,0
DA:789,0
DA:790,0
DA:791,0
DA:792,0
DA:793,0
DA:794,0
DA:795,0
DA:797,0
DA:802,0
DA:804,0
DA:805,0
DA:806,0
DA:807,0
DA:809,0
DA:810,0
DA:811,0
DA:812,0
DA:814,0
DA:819,0
DA:820,0
DA:821,0
DA:822,0
DA:823,0
DA:824,0
DA:825,0
DA:826,0
DA:827,0
DA:828,0
DA:829,0
DA:830,0
DA:831,0
DA:832,0
DA:833,0
DA:834,0
DA:835,0
DA:836,0
DA:837,0
DA:842,0
DA:843,0
DA:844,0
DA:845,0
DA:847,0
DA:848,0
DA:849,0
DA:850,0
DA:851,0
DA:852,0
DA:853,0
DA:854,0
DA:855,0
DA:856,0
DA:857,0
DA:858,0
DA:859,0
DA:861,0
DA:864,0
DA:865,0
DA:866,0
DA:867,0
DA:868,0
DA:869,0
DA:870,0
DA:871,0
DA:872,0
DA:873,0
DA:874,0
DA:875,0
DA:876,0
DA:877,0
DA:878,0
DA:879,0
DA:880,0
DA:883,0
DA:884,0
DA:885,0
DA:886,0
DA:887,0
DA:888,0
DA:889,0
DA:890,0
DA:892,0
DA:893,0
DA:894,0
DA:895,0
DA:896,0
DA:897,0
DA:898,0
DA:900,0
DA:901,0
DA:902,0
DA:903,0
DA:904,0
DA:905,0
DA:906,0
DA:908,0
DA:910,0
DA:911,0
DA:912,0
DA:913,0
DA:914,0
DA:915,0
DA:916,0
DA:917,0
DA:918,0
DA:920,0
DA:921,0
DA:922,0
DA:923,0
DA:924,0
DA:925,0
DA:926,0
DA:927,0
DA:928,0
DA:929,0
DA:930,0
DA:931,0
DA:932,0
DA:933,0
DA:934,0
DA:935,0
LF:637
LH:0
end_of_record
TN:
SF:/home/kuzz/ImageMagickFuzzing/delegate_libraries/brotli-1.2.0/c/enc/backward_references_inc.h
FN:10,189,CreateBackwardReferencesDH40
FN:10,189,CreateBackwardReferencesDH41
FN:10,189,CreateBackwardReferencesDH42
FN:10,189,CreateBackwardReferencesDH5
FN:10,189,CreateBackwardReferencesDH55
FN:10,189,CreateBackwardReferencesDH58
FN:10,189,CreateBackwardReferencesDH6
FN:10,189,CreateBackwardReferencesDH65
FN:10,189,CreateBackwardReferencesDH68
FN:10,189,CreateBackwardReferencesNH2
FN:10,189,CreateBackwardReferencesNH3
FN:10,189,CreateBackwardReferencesNH35
FN:10,189,CreateBackwardReferencesNH4
FN:10,189,CreateBackwardReferencesNH40
FN:10,189,CreateBackwardReferencesNH41
FN:10,189,CreateBackwardReferencesNH42
FN:10,189,CreateBackwardReferencesNH5
FN:10,189,CreateBackwardReferencesNH54
FN:10,189,CreateBackwardReferencesNH55
FN:10,189,CreateBackwardReferencesNH58
FN:10,189,CreateBackwardReferencesNH6
FN:10,189,CreateBackwardReferencesNH65
FN:10,189,CreateBackwardReferencesNH68
FNDA:0,CreateBackwardReferencesDH40
FNDA:0,CreateBackwardReferencesDH41
FNDA:0,CreateBackwardReferencesDH42
FNDA:0,CreateBackwardReferencesDH5
FNDA:0,CreateBackwardReferencesDH55
FNDA:0,CreateBackwardReferencesDH58
FNDA:0,CreateBackwardReferencesDH6
FNDA:0,CreateBackwardReferencesDH65
FNDA:0,CreateBackwardReferencesDH68
FNDA:0,CreateBackwardReferencesNH2
FNDA:0,CreateBackwardReferencesNH3
FNDA:0,CreateBackwardReferencesNH35
FNDA:0,CreateBackwardReferencesNH4
FNDA:0,CreateBackwardReferencesNH40
FNDA:0,CreateBackwardReferencesNH41
FNDA:0,CreateBackwardReferencesNH42
FNDA:0,CreateBackwardReferencesNH5
FNDA:0,CreateBackwardReferencesNH54
FNDA:0,CreateBackwardReferencesNH55
FNDA:0,CreateBackwardReferencesNH58
FNDA:0,CreateBackwardReferencesNH6
FNDA:0,CreateBackwardReferencesNH65
FNDA:0,CreateBackwardReferencesNH68
FNF:23
FNH:0
DA:10,0
DA:16,0
DA:18,0
DA:19,0
DA:21,0
DA:22,0
DA:23,0
DA:24,0
DA:25,0
DA:28,0
DA:29,0
DA:30,0
DA:31,0
DA:34,0
DA:36,0
DA:38,0
DA:39,0
DA:40,0
DA:41,0
DA:43,0
DA:44,0
DA:45,0
DA:46,0
DA:47,0
DA:48,0
DA:49,0
DA:50,0
DA:51,0
DA:52,0
DA:53,0
DA:54,0
DA:55,0
DA:56,0
DA:57,0
DA:58,0
DA:59,0
DA:60,0
DA:61,0
DA:63,0
DA:64,0
DA:65,0
DA:67,0
DA:69,0
DA:70,0
DA:71,0
DA:72,0
DA:73,0
DA:74,0
DA:75,0
DA:76,0
DA:77,0
DA:78,0
DA:79,0
DA:80,0
DA:82,0
DA:83,0
DA:84,0
DA:85,0
DA:86,0
DA:87,0
DA:88,0
DA:89,0
DA:90,0
DA:91,0
DA:94,0
DA:95,0
DA:96,0
DA:97,0
DA:99,0
DA:102,0
DA:103,0
DA:104,0
DA:105,0
DA:106,0
DA:107,0
DA:109,0
DA:110,0
DA:111,0
DA:112,0
DA:113,0
DA:114,0
DA:119,0
DA:120,0
DA:121,0
DA:122,0
DA:123,0
DA:124,0
DA:125,0
DA:126,0
DA:127,0
DA:128,0
DA:129,0
DA:130,0
DA:131,0
DA:132,0
DA:138,0
DA:139,0
DA:140,0
DA:141,0
DA:143,0
DA:144,0
DA:145,0
DA:146,0
DA:147,0
DA:148,0
DA:149,0
DA:150,0
DA:155,0
DA:157,0
DA:158,0
DA:165,0
DA:166,0
DA:167,0
DA:168,0
DA:169,0
DA:170,0
DA:171,0
DA:172,0
DA:173,0
DA:174,0
DA:175,0
DA:176,0
DA:177,0
DA:178,0
DA:179,0
DA:180,0
DA:181,0
DA:182,0
DA:183,0
DA:185,0
DA:186,0
DA:187,0
DA:188,0
DA:189,0
LF:134
LH:0
end_of_record
TN:
SF:/home/kuzz/ImageMagickFuzzing/delegate_libraries/brotli-1.2.0/c/enc/bit_cost.c
FN:18,44,BrotliBitsEntropy
FNDA:0,BrotliBitsEntropy
FNF:1
FNH:0
DA:18,0
DA:19,0
DA:20,0
DA:21,0
DA:22,0
DA:23,0
DA:24,0
DA:26,0
DA:27,0
DA:28,0
DA:29,0
DA:31,0
DA:32,0
DA:33,0
DA:35,0
DA:37,0
DA:40,0
DA:41,0
DA:43,0
DA:44,0
LF:20
LH:0
end_of_record
TN:
SF:/home/kuzz/ImageMagickFuzzing/delegate_libraries/brotli-1.2.0/c/enc/bit_cost_inc.h
FN:12,125,BrotliPopulationCostCommand
FN:12,125,BrotliPopulationCostDistance
FN:12,125,BrotliPopulationCostLiteral
FNDA:0,BrotliPopulationCostCommand
FNDA:0,BrotliPopulationCostDistance
FNDA:0,BrotliPopulationCostLiteral
FNF:3
FNH:0
DA:12,0
DA:17,0
DA:18,0
DA:19,0
DA:20,0
DA:21,0
DA:22,0
DA:23,0
DA:25,0
DA:26,0
DA:27,0
DA:28,0
DA:29,0
DA:30,0
DA:31,0
DA:32,0
DA:33,0
DA:35,0
DA:36,0
DA:38,0
DA:39,0
DA:40,0
DA:41,0
DA:42,0
DA:43,0
DA:44,0
DA:45,0
DA:46,0
DA:47,0
DA:48,0
DA:49,0
DA:50,0
DA:51,0
DA:52,0
DA:53,0
DA:55,0
DA:56,0
DA:57,0
DA:58,0
DA:59,0
DA:60,0
DA:61,0
DA:62,0
DA:63,0
DA:64,0
DA:65,0
DA:66,0
DA:67,0
DA:73,0
DA:74,0
DA:75,0
DA:76,0
DA:77,0
DA:80,0
DA:82,0
DA:83,0
DA:84,0
DA:85,0
DA:86,0
DA:87,0
DA:88,0
DA:89,0
DA:90,0
DA:91,0
DA:92,0
DA:95,0
DA:96,0
DA:97,0
DA:98,0
DA:99,0
DA:100,0
DA:101,0
DA:104,0
DA:106,0
DA:107,0
DA:108,0
DA:109,0
DA:110,0
DA:111,0
DA:113,0
DA:114,0
DA:117,0
DA:120,0
DA:122,0
DA:123,0
DA:124,0
DA:125,0
LF:87
LH:0
end_of_record
TN:
SF:/home/kuzz/ImageMagickFuzzing/delegate_libraries/brotli-1.2.0/c/enc/block_encoder_inc.h
FN:14,32,BuildAndStoreEntropyCodesCommand
FN:14,32,BuildAndStoreEntropyCodesDistance
FN:14,32,BuildAndStoreEntropyCodesLiteral
FNDA:0,BuildAndStoreEntropyCodesCommand
FNDA:0,BuildAndStoreEntropyCodesDistance
FNDA:0,BuildAndStoreEntropyCodesLiteral
FNF:3
FNH:0
DA:14,0
DA:18,0
DA:19,0
DA:20,0
DA:24,0
DA:25,0
DA:26,0
DA:27,0
DA:28,0
DA:29,0
DA:30,0
DA:31,0
DA:32,0
LF:13
LH:0
end_of_record
TN:
SF:/home/kuzz/ImageMagickFuzzing/delegate_libraries/brotli-1.2.0/c/enc/block_splitter.c
FN:107,114,BrotliInitBlockSplit
FN:116,119,BrotliDestroyBlockSplit
FN:123,196,BrotliSplitBlock
FN:39,47,CountLiterals
FN:49,73,CopyLiteralsToByteArray
FN:75,78,MyRand
FN:81,82,BitCost
FNDA:0,BrotliInitBlockSplit
FNDA:0,BrotliDestroyBlockSplit
FNDA:0,BrotliSplitBlock
FNDA:0,CountLiterals
FNDA:0,CopyLiteralsToByteArray
FNDA:0,MyRand
FNDA:0,BitCost
FNF:7
FNH:0
DA:39,0
DA:41,0
DA:42,0
DA:43,0
DA:44,0
DA:45,0
DA:46,0
DA:47,0
DA:49,0
DA:55,0
DA:56,0
DA:57,0
DA:58,0
DA:59,0
DA:60,0
DA:61,0
DA:62,0
DA:63,0
DA:64,0
DA:65,0
DA:66,0
DA:67,0
DA:68,0
DA:69,0
DA:70,0
DA:71,0
DA:72,0
DA:73,0
DA:75,0
DA:77,0
DA:78,0
DA:81,0
DA:82,0
DA:107,0
DA:108,0
DA:109,0
DA:110,0
DA:111,0
DA:112,0
DA:113,0
DA:114,0
DA:116,0
DA:117,0
DA:118,0
DA:119,0
DA:123,0
DA:134,0
DA:135,0
DA:138,0
DA:143,0
DA:144,0
DA:146,0
DA:147,0
DA:149,0
DA:154,0
DA:158,0
DA:159,0
DA:161,0
DA:162,0
DA:163,0
DA:165,0
DA:166,0
DA:168,0
DA:169,0
DA:172,0
DA:173,0
DA:177,0
DA:178,0
DA:179,0
DA:181,0
DA:182,0
DA:183,0
DA:184,0
DA:185,0
DA:186,0
DA:188,0
DA:189,0
DA:191,0
DA:192,0
DA:194,0
DA:195,0
DA:196,0
LF:82
LH:0
end_of_record
TN:
SF:/home/kuzz/ImageMagickFuzzing/delegate_libraries/brotli-1.2.0/c/enc/block_splitter_inc.h
FN:12,30,InitialEntropyCodesCommand
FN:12,30,InitialEntropyCodesDistance
FN:12,30,InitialEntropyCodesLiteral
FN:168,188,RemapBlockIdsCommand
FN:168,188,RemapBlockIdsDistance
FN:168,188,RemapBlockIdsLiteral
FN:190,199,BuildBlockHistogramsCommand
FN:190,199,BuildBlockHistogramsDistance
FN:190,199,BuildBlockHistogramsLiteral
FN:203,395,ClusterBlocksCommand
FN:203,395,ClusterBlocksDistance
FN:203,395,ClusterBlocksLiteral
FN:32,44,RandomSampleCommand
FN:32,44,RandomSampleDistance
FN:32,44,RandomSampleLiteral
FN:403,485,SplitByteVectorCommand
FN:403,485,SplitByteVectorDistance
FN:403,485,SplitByteVectorLiteral
FN:46,61,RefineEntropyCodesCommand
FN:46,61,RefineEntropyCodesDistance
FN:46,61,RefineEntropyCodesLiteral
FN:66,166,FindBlocksCommand
FN:66,166,FindBlocksDistance
FN:66,166,FindBlocksLiteral
FNDA:0,InitialEntropyCodesCommand
FNDA:0,InitialEntropyCodesDistance
FNDA:0,InitialEntropyCodesLiteral
FNDA:0,RemapBlockIdsCommand
FNDA:0,RemapBlockIdsDistance
FNDA:0,RemapBlockIdsLiteral
FNDA:0,BuildBlockHistogramsCommand
FNDA:0,BuildBlockHistogramsDistance
FNDA:0,BuildBlockHistogramsLiteral
FNDA:0,ClusterBlocksCommand
FNDA:0,ClusterBlocksDistance
FNDA:0,ClusterBlocksLiteral
FNDA:0,RandomSampleCommand
FNDA:0,RandomSampleDistance
FNDA:0,RandomSampleLiteral
FNDA:0,SplitByteVectorCommand
FNDA:0,SplitByteVectorDistance
FNDA:0,SplitByteVectorLiteral
FNDA:0,RefineEntropyCodesCommand
FNDA:0,RefineEntropyCodesDistance
FNDA:0,RefineEntropyCodesLiteral
FNDA:0,FindBlocksCommand
FNDA:0,FindBlocksDistance
FNDA:0,FindBlocksLiteral
FNF:24
FNH:0
DA:12,0
DA:16,0
DA:17,0
DA:18,0
DA:19,0
DA:20,0
DA:21,0
DA:22,0
DA:23,0
DA:24,0
DA:25,0
DA:26,0
DA:27,0
DA:28,0
DA:29,0
DA:30,0
DA:32,0
DA:37,0
DA:38,0
DA:39,0
DA:40,0
DA:41,0
DA:43,0
DA:44,0
DA:46,0
DA:51,0
DA:52,0
DA:53,0
DA:54,0
DA:55,0
DA:56,0
DA:57,0
DA:58,0
DA:59,0
DA:60,0
DA:61,0
DA:66,0
DA:74,0
DA:75,0
DA:76,0
DA:77,0
DA:78,0
DA:79,0
DA:83,0
DA:84,0
DA:85,0
DA:86,0
DA:87,0
DA:93,0
DA:94,0
DA:95,0
DA:96,0
DA:97,0
DA:98,0
DA:100,0
DA:101,0
DA:102,0
DA:103,0
DA:104,0
DA:113,0
DA:114,0
DA:115,0
DA:116,0
DA:117,0
DA:118,0
DA:119,0
DA:120,0
DA:123,0
DA:124,0
DA:126,0
DA:127,0
DA:128,0
DA:129,0
DA:130,0
DA:131,0
DA:133,0
DA:134,0
DA:135,0
DA:136,0
DA:137,0
DA:138,0
DA:139,0
DA:140,0
DA:142,0
DA:143,0
DA:144,0
DA:145,0
DA:147,0
DA:149,0
DA:150,0
DA:151,0
DA:152,0
DA:154,0
DA:155,0
DA:156,0
DA:157,0
DA:158,0
DA:159,0
DA:160,0
DA:161,0
DA:162,0
DA:163,0
DA:164,0
DA:165,0
DA:166,0
DA:168,0
DA:171,0
DA:172,0
DA:173,0
DA:174,0
DA:175,0
DA:176,0
DA:178,0
DA:179,0
DA:180,0
DA:181,0
DA:182,0
DA:183,0
DA:185,0
DA:187,0
DA:188,0
DA:190,0
DA:194,0
DA:195,0
DA:196,0
DA:197,0
DA:198,0
DA:199,0
DA:203,0
DA:208,0
DA:209,0
DA:210,0
DA:211,0
DA:212,0
DA:213,0
DA:214,0
DA:215,0
DA:216,0
DA:217,0
DA:218,0
DA:219,0
DA:220,0
DA:221,0
DA:223,0
DA:225,0
DA:226,0
DA:227,0
DA:228,0
DA:229,0
DA:231,0
DA:232,0
DA:233,0
DA:234,0
DA:235,0
DA:236,0
DA:237,0
DA:238,0
DA:239,0
DA:240,0
DA:241,0
DA:242,0
DA:244,0
DA:253,0
DA:257,0
DA:258,0
DA:260,0
DA:261,0
DA:262,0
DA:263,0
DA:264,0
DA:266,0
DA:269,0
DA:270,0
DA:271,0
DA:272,0
DA:273,0
DA:274,0
DA:275,0
DA:276,0
DA:277,0
DA:278,0
DA:279,0
DA:280,0
DA:281,0
DA:282,0
DA:283,0
DA:284,0
DA:285,0
DA:286,0
DA:287,0
DA:288,0
DA:289,0
DA:291,0
DA:294,0
DA:295,0
DA:296,0
DA:297,0
DA:298,0
DA:299,0
DA:300,0
DA:301,0
DA:302,0
DA:305,0
DA:306,0
DA:309,0
DA:310,0
DA:311,0
DA:312,0
DA:313,0
DA:315,0
DA:316,0
DA:318,0
DA:319,0
DA:320,0
DA:321,0
DA:322,0
DA:323,0
DA:324,0
DA:325,0
DA:326,0
DA:329,0
DA:331,0
DA:332,0
DA:334,0
DA:335,0
DA:336,0
DA:337,0
DA:338,0
DA:339,0
DA:340,0
DA:341,0
DA:342,0
DA:345,0
DA:346,0
DA:347,0
DA:348,0
DA:349,0
DA:350,0
DA:351,0
DA:352,0
DA:353,0
DA:354,0
DA:355,0
DA:356,0
DA:357,0
DA:358,0
DA:359,0
DA:360,0
DA:361,0
DA:362,0
DA:363,0
DA:364,0
DA:365,0
DA:367,0
DA:374,0
DA:375,0
DA:376,0
DA:377,0
DA:378,0
DA:379,0
DA:380,0
DA:381,0
DA:382,0
DA:383,0
DA:384,0
DA:385,0
DA:386,0
DA:387,0
DA:388,0
DA:389,0
DA:390,0
DA:391,0
DA:392,0
DA:393,0
DA:394,0
DA:395,0
DA:403,0
DA:411,0
DA:412,0
DA:413,0
DA:416,0
DA:417,0
DA:418,0
DA:419,0
DA:422,0
DA:423,0
DA:424,0
DA:427,0
DA:428,0
DA:430,0
DA:433,0
DA:434,0
DA:435,0
DA:436,0
DA:437,0
DA:439,0
DA:440,0
DA:443,0
DA:444,0
DA:445,0
DA:446,0
DA:447,0
DA:448,0
DA:451,0
DA:452,0
DA:453,0
DA:454,0
DA:455,0
DA:456,0
DA:457,0
DA:458,0
DA:459,0
DA:465,0
DA:466,0
DA:467,0
DA:468,0
DA:469,0
DA:470,0
DA:471,0
DA:472,0
DA:473,0
DA:474,0
DA:475,0
DA:476,0
DA:477,0
DA:478,0
DA:479,0
DA:480,0
DA:481,0
DA:483,0
DA:484,0
DA:485,0
LF:332
LH:0
end_of_record
TN:
SF:/home/kuzz/ImageMagickFuzzing/delegate_libraries/brotli-1.2.0/c/enc/brotli_bit_stream.c
FN:106,115,StoreVarLenUint8
FN:1088,1111,BuildHistograms
FN:1113,1151,StoreDataWithHuffmanCodes
FN:1168,1210,BrotliStoreMetaBlockTrivial
FN:120,143,StoreCompressedMetaBlockHeader
FN:1212,1289,BrotliStoreMetaBlockFast
FN:1293,1324,BrotliStoreUncompressedMetaBlock
FN:148,163,BrotliStoreUncompressedMetaBlockHeader
FN:165,218,BrotliStoreHuffmanTreeOfHuffmanTreeToBitMask
FN:220,240,BrotliStoreHuffmanTreeToBitMask
FN:242,279,StoreSimpleHuffmanTree
FN:283,345,BrotliStoreHuffmanTree
FN:34,39,BlockLengthPrefixCode
FN:349,397,BuildAndStoreHuffmanTree
FN:399,401,SortHuffmanTree
FN:404,573,BrotliBuildAndStoreHuffmanTreeFast
FN:41,46,GetBlockLengthPrefixCode
FN:53,56,InitBlockTypeCodeCalculator
FN:575,581,IndexOf
FN:58,65,NextBlockTypeCode
FN:583,590,MoveToFront
FN:592,618,MoveToFrontTransform
FN:626,673,RunLengthCodeZeros
FN:683,734,EncodeContextMap
FN:70,80,BrotliEncodeMlen
FN:737,756,StoreBlockSwitch
FN:760,791,BuildAndStoreBlockSplitCode
FN:794,830,StoreTrivialContextMap
FN:82,93,StoreCommandExtra
FN:847,861,InitBlockEncoder
FN:863,866,CleanupBlockEncoder
FN:870,875,BuildAndStoreBlockSwitchEntropyCodes
FN:879,895,StoreSymbol
FN:900,918,StoreSymbolWithContext
FN:935,938,JumpToByteBoundary
FN:947,1086,BrotliStoreMetaBlock
FNDA:0,StoreVarLenUint8
FNDA:0,BuildHistograms
FNDA:0,StoreDataWithHuffmanCodes
FNDA:0,BrotliStoreMetaBlockTrivial
FNDA:0,StoreCompressedMetaBlockHeader
FNDA:0,BrotliStoreMetaBlockFast
FNDA:0,BrotliStoreUncompressedMetaBlock
FNDA:0,BrotliStoreUncompressedMetaBlockHeader
FNDA:0,BrotliStoreHuffmanTreeOfHuffmanTreeToBitMask
FNDA:0,BrotliStoreHuffmanTreeToBitMask
FNDA:0,StoreSimpleHuffmanTree
FNDA:0,BrotliStoreHuffmanTree
FNDA:0,BlockLengthPrefixCode
FNDA:0,BuildAndStoreHuffmanTree
FNDA:0,SortHuffmanTree
FNDA:0,BrotliBuildAndStoreHuffmanTreeFast
FNDA:0,GetBlockLengthPrefixCode
FNDA:0,InitBlockTypeCodeCalculator
FNDA:0,IndexOf
FNDA:0,NextBlockTypeCode
FNDA:0,MoveToFront
FNDA:0,MoveToFrontTransform
FNDA:0,RunLengthCodeZeros
FNDA:0,EncodeContextMap
FNDA:0,BrotliEncodeMlen
FNDA:0,StoreBlockSwitch
FNDA:0,BuildAndStoreBlockSplitCode
FNDA:0,StoreTrivialContextMap
FNDA:0,StoreCommandExtra
FNDA:0,InitBlockEncoder
FNDA:0,CleanupBlockEncoder
FNDA:0,BuildAndStoreBlockSwitchEntropyCodes
FNDA:0,StoreSymbol
FNDA:0,StoreSymbolWithContext
FNDA:0,JumpToByteBoundary
FNDA:0,BrotliStoreMetaBlock
FNF:36
FNH:0
DA:34,0
DA:35,0
DA:36,0
DA:37,0
DA:38,0
DA:39,0
DA:41,0
DA:43,0
DA:44,0
DA:45,0
DA:46,0
DA:53,0
DA:54,0
DA:55,0
DA:56,0
DA:58,0
DA:60,0
DA:61,0
DA:62,0
DA:63,0
DA:64,0
DA:65,0
DA:70,0
DA:72,0
DA:73,0
DA:77,0
DA:78,0
DA:79,0
DA:80,0
DA:82,0
DA:84,0
DA:85,0
DA:86,0
DA:87,0
DA:88,0
DA:89,0
DA:90,0
DA:91,0
DA:92,0
DA:93,0
DA:106,0
DA:107,0
DA:108,0
DA:109,0
DA:110,0
DA:111,0
DA:112,0
DA:113,0
DA:114,0
DA:115,0
DA:120,0
DA:124,0
DA:125,0
DA:126,0
DA:129,0
DA:131,0
DA:132,0
DA:133,0
DA:135,0
DA:136,0
DA:137,0
DA:139,0
DA:141,0
DA:142,0
DA:143,0
DA:148,0
DA:151,0
DA:152,0
DA:153,0
DA:157,0
DA:158,0
DA:159,0
DA:160,0
DA:162,0
DA:163,0
DA:165,0
DA:191,0
DA:194,0
DA:195,0
DA:196,0
DA:197,0
DA:198,0
DA:200,0
DA:201,0
DA:202,0
DA:203,0
DA:204,0
DA:205,0
DA:206,0
DA:207,0
DA:208,0
DA:209,0
DA:211,0
DA:212,0
DA:213,0
DA:214,0
DA:215,0
DA:216,0
DA:217,0
DA:218,0
DA:220,0
DA:225,0
DA:226,0
DA:227,0
DA:228,0
DA:229,0
DA:231,0
DA:233,0
DA:234,0
DA:236,0
DA:237,0
DA:239,0
DA:240,0
DA:242,0
DA:248,0
DA:249,0
DA:253,0
DA:254,0
DA:255,0
DA:256,0
DA:257,0
DA:258,0
DA:259,0
DA:260,0
DA:261,0
DA:262,0
DA:264,0
DA:265,0
DA:266,0
DA:267,0
DA:268,0
DA:269,0
DA:270,0
DA:271,0
DA:272,0
DA:273,0
DA:274,0
DA:275,0
DA:277,0
DA:279,0
DA:283,0
DA:290,0
DA:291,0
DA:292,0
DA:293,0
DA:294,0
DA:295,0
DA:296,0
DA:297,0
DA:298,0
DA:302,0
DA:303,0
DA:306,0
DA:307,0
DA:308,0
DA:310,0
DA:311,0
DA:312,0
DA:313,0
DA:314,0
DA:315,0
DA:316,0
DA:317,0
DA:319,0
DA:320,0
DA:324,0
DA:325,0
DA:326,0
DA:328,0
DA:331,0
DA:332,0
DA:334,0
DA:335,0
DA:336,0
DA:339,0
DA:340,0
DA:341,0
DA:342,0
DA:343,0
DA:344,0
DA:345,0
DA:349,0
DA:357,0
DA:358,0
DA:359,0
DA:360,0
DA:361,0
DA:362,0
DA:363,0
DA:364,0
DA:365,0
DA:366,0
DA:368,0
DA:369,0
DA:370,0
DA:373,0
DA:374,0
DA:375,0
DA:376,0
DA:378,0
DA:380,0
DA:381,0
DA:382,0
DA:383,0
DA:384,0
DA:385,0
DA:388,0
DA:389,0
DA:390,0
DA:392,0
DA:393,0
DA:394,0
DA:395,0
DA:397,0
DA:399,0
DA:401,0
DA:404,0
DA:411,0
DA:412,0
DA:413,0
DA:414,0
DA:415,0
DA:416,0
DA:417,0
DA:418,0
DA:419,0
DA:420,0
DA:421,0
DA:422,0
DA:423,0
DA:426,0
DA:427,0
DA:428,0
DA:429,0
DA:430,0
DA:431,0
DA:434,0
DA:436,0
DA:437,0
DA:438,0
DA:439,0
DA:440,0
DA:441,0
DA:442,0
DA:443,0
DA:444,0
DA:445,0
DA:446,0
DA:448,0
DA:449,0
DA:452,0
DA:453,0
DA:454,0
DA:455,0
DA:456,0
DA:458,0
DA:466,0
DA:467,0
DA:468,0
DA:470,0
DA:471,0
DA:472,0
DA:473,0
DA:474,0
DA:475,0
DA:476,0
DA:477,0
DA:479,0
DA:480,0
DA:481,0
DA:482,0
DA:483,0
DA:484,0
DA:487,0
DA:488,0
DA:489,0
DA:490,0
DA:492,0
DA:493,0
DA:494,0
DA:497,0
DA:499,0
DA:500,0
DA:501,0
DA:502,0
DA:503,0
DA:504,0
DA:506,0
DA:507,0
DA:510,0
DA:511,0
DA:512,0
DA:513,0
DA:514,0
DA:515,0
DA:516,0
DA:517,0
DA:519,0
DA:520,0
DA:521,0
DA:522,0
DA:523,0
DA:524,0
DA:525,0
DA:526,0
DA:527,0
DA:528,0
DA:529,0
DA:530,0
DA:532,0
DA:534,0
DA:535,0
DA:536,0
DA:538,0
DA:541,0
DA:542,0
DA:543,0
DA:544,0
DA:545,0
DA:546,0
DA:547,0
DA:548,0
DA:549,0
DA:550,0
DA:551,0
DA:552,0
DA:553,0
DA:554,0
DA:555,0
DA:556,0
DA:557,0
DA:558,0
DA:559,0
DA:560,0
DA:561,0
DA:562,0
DA:564,0
DA:565,0
DA:566,0
DA:567,0
DA:569,0
DA:571,0
DA:572,0
DA:573,0
DA:575,0
DA:576,0
DA:577,0
DA:578,0
DA:579,0
DA:580,0
DA:581,0
DA:583,0
DA:584,0
DA:585,0
DA:586,0
DA:587,0
DA:588,0
DA:589,0
DA:590,0
DA:592,0
DA:595,0
DA:596,0
DA:597,0
DA:598,0
DA:599,0
DA:601,0
DA:602,0
DA:603,0
DA:604,0
DA:606,0
DA:607,0
DA:608,0
DA:610,0
DA:611,0
DA:612,0
DA:614,0
DA:615,0
DA:616,0
DA:617,0
DA:618,0
DA:626,0
DA:629,0
DA:630,0
DA:631,0
DA:632,0
DA:633,0
DA:634,0
DA:635,0
DA:636,0
DA:637,0
DA:638,0
DA:639,0
DA:640,0
DA:641,0
DA:642,0
DA:643,0
DA:644,0
DA:646,0
DA:647,0
DA:648,0
DA:649,0
DA:650,0
DA:651,0
DA:652,0
DA:653,0
DA:654,0
DA:655,0
DA:656,0
DA:657,0
DA:658,0
DA:659,0
DA:660,0
DA:661,0
DA:662,0
DA:664,0
DA:665,0
DA:666,0
DA:667,0
DA:668,0
DA:669,0
DA:671,0
DA:673,0
DA:683,0
DA:690,0
DA:691,0
DA:692,0
DA:693,0
DA:694,0
DA:696,0
DA:697,0
DA:699,0
DA:701,0
DA:702,0
DA:705,0
DA:707,0
DA:708,0
DA:710,0
DA:711,0
DA:712,0
DA:713,0
DA:715,0
DA:716,0
DA:717,0
DA:718,0
DA:719,0
DA:720,0
DA:721,0
DA:722,0
DA:723,0
DA:724,0
DA:725,0
DA:726,0
DA:727,0
DA:728,0
DA:729,0
DA:730,0
DA:731,0
DA:732,0
DA:733,0
DA:734,0
DA:737,0
DA:743,0
DA:744,0
DA:745,0
DA:746,0
DA:747,0
DA:748,0
DA:749,0
DA:750,0
DA:751,0
DA:753,0
DA:754,0
DA:755,0
DA:756,0
DA:760,0
DA:768,0
DA:769,0
DA:770,0
DA:771,0
DA:772,0
DA:773,0
DA:774,0
DA:775,0
DA:776,0
DA:777,0
DA:778,0
DA:779,0
DA:780,0
DA:781,0
DA:782,0
DA:783,0
DA:784,0
DA:785,0
DA:787,0
DA:788,0
DA:789,0
DA:790,0
DA:791,0
DA:794,0
DA:800,0
DA:801,0
DA:802,0
DA:803,0
DA:804,0
DA:805,0
DA:806,0
DA:807,0
DA:808,0
DA:809,0
DA:811,0
DA:812,0
DA:813,0
DA:814,0
DA:815,0
DA:816,0
DA:817,0
DA:818,0
DA:819,0
DA:820,0
DA:821,0
DA:822,0
DA:823,0
DA:824,0
DA:825,0
DA:826,0
DA:828,0
DA:829,0
DA:830,0
DA:847,0
DA:850,0
DA:851,0
DA:852,0
DA:853,0
DA:854,0
DA:855,0
DA:856,0
DA:857,0
DA:858,0
DA:859,0
DA:860,0
DA:861,0
DA:863,0
DA:864,0
DA:865,0
DA:866,0
DA:870,0
DA:872,0
DA:873,0
DA:874,0
DA:875,0
DA:879,0
DA:881,0
DA:882,0
DA:883,0
DA:884,0
DA:885,0
DA:886,0
DA:887,0
DA:888,0
DA:889,0
DA:890,0
DA:892,0
DA:893,0
DA:894,0
DA:895,0
DA:900,0
DA:903,0
DA:904,0
DA:905,0
DA:906,0
DA:907,0
DA:908,0
DA:909,0
DA:910,0
DA:911,0
DA:912,0
DA:914,0
DA:915,0
DA:916,0
DA:917,0
DA:918,0
DA:935,0
DA:936,0
DA:937,0
DA:938,0
DA:947,0
DA:954,0
DA:955,0
DA:956,0
DA:957,0
DA:958,0
DA:959,0
DA:960,0
DA:961,0
DA:962,0
DA:963,0
DA:964,0
DA:968,0
DA:970,0
DA:971,0
DA:973,0
DA:974,0
DA:975,0
DA:976,0
DA:977,0
DA:978,0
DA:979,0
DA:980,0
DA:981,0
DA:982,0
DA:983,0
DA:984,0
DA:986,0
DA:987,0
DA:988,0
DA:990,0
DA:991,0
DA:992,0
DA:993,0
DA:994,0
DA:995,0
DA:996,0
DA:998,0
DA:999,0
DA:1000,0
DA:1001,0
DA:1002,0
DA:1003,0
DA:1004,0
DA:1005,0
DA:1009,0
DA:1010,0
DA:1011,0
DA:1012,0
DA:1013,0
DA:1014,0
DA:1015,0
DA:1016,0
DA:1020,0
DA:1021,0
DA:1022,0
DA:1024,0
DA:1025,0
DA:1026,0
DA:1028,0
DA:1029,0
DA:1030,0
DA:1032,0
DA:1034,0
DA:1035,0
DA:1036,0
DA:1037,0
DA:1038,0
DA:1039,0
DA:1040,0
DA:1041,0
DA:1042,0
DA:1043,0
DA:1044,0
DA:1045,0
DA:1046,0
DA:1047,0
DA:1048,0
DA:1049,0
DA:1050,0
DA:1051,0
DA:1052,0
DA:1054,0
DA:1055,0
DA:1056,0
DA:1057,0
DA:1058,0
DA:1059,0
DA:1060,0
DA:1061,0
DA:1062,0
DA:1063,0
DA:1064,0
DA:1065,0
DA:1066,0
DA:1067,0
DA:1068,0
DA:1069,0
DA:1070,0
DA:1071,0
DA:1072,0
DA:1074,0
DA:1075,0
DA:1076,0
DA:1077,0
DA:1078,0
DA:1079,0
DA:1080,0
DA:1081,0
DA:1082,0
DA:1083,0
DA:1084,0
DA:1085,0
DA:1086,0
DA:1088,0
DA:1096,0
DA:1097,0
DA:1098,0
DA:1099,0
DA:1100,0
DA:1101,0
DA:1102,0
DA:1103,0
DA:1104,0
DA:1105,0
DA:1106,0
DA:1107,0
DA:1108,0
DA:1109,0
DA:1110,0
DA:1111,0
DA:1113,0
DA:1126,0
DA:1127,0
DA:1128,0
DA:1129,0
DA:1130,0
DA:1131,0
DA:1132,0
DA:1133,0
DA:1134,0
DA:1135,0
DA:1136,0
DA:1137,0
DA:1138,0
DA:1139,0
DA:1140,0
DA:1141,0
DA:1142,0
DA:1143,0
DA:1144,0
DA:1145,0
DA:1146,0
DA:1147,0
DA:1148,0
DA:1149,0
DA:1150,0
DA:1151,0
DA:1168,0
DA:1173,0
DA:1174,0
DA:1177,0
DA:1179,0
DA:1180,0
DA:1181,0
DA:1183,0
DA:1184,0
DA:1186,0
DA:1188,0
DA:1189,0
DA:1190,0
DA:1191,0
DA:1192,0
DA:1193,0
DA:1194,0
DA:1195,0
DA:1196,0
DA:1198,0
DA:1199,0
DA:1200,0
DA:1201,0
DA:1202,0
DA:1203,0
DA:1204,0
DA:1205,0
DA:1206,0
DA:1207,0
DA:1208,0
DA:1209,0
DA:1210,0
DA:1212,0
DA:1217,0
DA:1218,0
DA:1219,0
DA:1220,0
DA:1223,0
DA:1225,0
DA:1227,0
DA:1228,0
DA:1229,0
DA:1230,0
DA:1231,0
DA:1232,0
DA:1233,0
DA:1234,0
DA:1235,0
DA:1236,0
DA:1237,0
DA:1238,0
DA:1239,0
DA:1240,0
DA:1241,0
DA:1242,0
DA:1244,0
DA:1245,0
DA:1246,0
DA:1247,0
DA:1248,0
DA:1249,0
DA:1254,0
DA:1255,0
DA:1256,0
DA:1257,0
DA:1258,0
DA:1259,0
DA:1260,0
DA:1261,0
DA:1262,0
DA:1264,0
DA:1265,0
DA:1266,0
DA:1267,0
DA:1269,0
DA:1270,0
DA:1271,0
DA:1272,0
DA:1274,0
DA:1275,0
DA:1276,0
DA:1277,0
DA:1278,0
DA:1279,0
DA:1280,0
DA:1281,0
DA:1284,0
DA:1286,0
DA:1287,0
DA:1288,0
DA:1289,0
DA:1293,0
DA:1299,0
DA:1300,0
DA:1301,0
DA:1303,0
DA:1304,0
DA:1305,0
DA:1306,0
DA:1307,0
DA:1308,0
DA:1309,0
DA:1310,0
DA:1311,0
DA:1315,0
DA:1319,0
DA:1320,0
DA:1321,0
DA:1322,0
DA:1323,0
DA:1324,0
LF:854
LH:0
end_of_record
TN:
SF:/home/kuzz/ImageMagickFuzzing/delegate_libraries/brotli-1.2.0/c/enc/cluster.c
FN:21,27,HistogramPairIsLess
FN:30,35,ClusterCostDiff
FNDA:0,HistogramPairIsLess
FNDA:0,ClusterCostDiff
FNF:2
FNH:0
DA:21,0
DA:23,0
DA:24,0
DA:26,0
DA:27,0
DA:30,0
DA:31,0
DA:32,0
DA:33,0
DA:34,0
DA:35,0
LF:11
LH:0
end_of_record
TN:
SF:/home/kuzz/ImageMagickFuzzing/delegate_libraries/brotli-1.2.0/c/enc/cluster_inc.h
FN:14,17,BrotliCompareAndPushToQueueCommand
FN:14,17,BrotliCompareAndPushToQueueDistance
FN:14,17,BrotliCompareAndPushToQueueLiteral
FN:158,160,BrotliHistogramBitCostDistanceCommand
FN:158,160,BrotliHistogramBitCostDistanceDistance
FN:158,160,BrotliHistogramBitCostDistanceLiteral
FN:174,176,BrotliHistogramRemapCommand
FN:174,176,BrotliHistogramRemapDistance
FN:174,176,BrotliHistogramRemapLiteral
FN:213,214,BrotliHistogramReindexCommand
FN:213,214,BrotliHistogramReindexDistance
FN:213,214,BrotliHistogramReindexLiteral
FN:251,254,BrotliClusterHistogramsCommand
FN:251,254,BrotliClusterHistogramsDistance
FN:251,254,BrotliClusterHistogramsLiteral
FN:70,79,BrotliHistogramCombineCommand
FN:70,79,BrotliHistogramCombineDistance
FN:70,79,BrotliHistogramCombineLiteral
FNDA:0,BrotliCompareAndPushToQueueCommand
FNDA:0,BrotliCompareAndPushToQueueDistance
FNDA:0,BrotliCompareAndPushToQueueLiteral
FNDA:0,BrotliHistogramBitCostDistanceCommand
FNDA:0,BrotliHistogramBitCostDistanceDistance
FNDA:0,BrotliHistogramBitCostDistanceLiteral
FNDA:0,BrotliHistogramRemapCommand
FNDA:0,BrotliHistogramRemapDistance
FNDA:0,BrotliHistogramRemapLiteral
FNDA:0,BrotliHistogramReindexCommand
FNDA:0,BrotliHistogramReindexDistance
FNDA:0,BrotliHistogramReindexLiteral
FNDA:0,BrotliClusterHistogramsCommand
FNDA:0,BrotliClusterHistogramsDistance
FNDA:0,BrotliClusterHistogramsLiteral
FNDA:0,BrotliHistogramCombineCommand
FNDA:0,BrotliHistogramCombineDistance
FNDA:0,BrotliHistogramCombineLiteral
FNF:18
FNH:0
DA:14,0
DA:17,0
DA:70,0
DA:79,0
DA:158,0
DA:160,0
DA:174,0
DA:176,0
DA:213,0
DA:214,0
DA:251,0
DA:254,0
LF:12
LH:0
end_of_record
TN:
SF:/home/kuzz/ImageMagickFuzzing/delegate_libraries/brotli-1.2.0/c/enc/command.h
FN:102,103,GetCopyExtra
FN:119,135,InitCommand
FN:137,143,InitInsertCommand
FN:145,164,CommandRestoreDistanceCode
FN:166,173,CommandDistanceContext
FN:175,176,CommandCopyLen
FN:179,183,CommandCopyLenCode
FN:31,46,GetInsertLengthCode
FN:48,59,GetCopyLengthCode
FN:61,80,CombineLengthCodes
FN:82,88,GetLengthCode
FN:90,91,GetInsertBase
FN:94,95,GetInsertExtra
FN:98,99,GetCopyBase
FNDA:0,GetCopyExtra
FNDA:0,InitCommand
FNDA:0,InitInsertCommand
FNDA:0,CommandRestoreDistanceCode
FNDA:0,CommandDistanceContext
FNDA:0,CommandCopyLen
FNDA:0,CommandCopyLenCode
FNDA:0,GetInsertLengthCode
FNDA:0,GetCopyLengthCode
FNDA:0,CombineLengthCodes
FNDA:0,GetLengthCode
FNDA:0,GetInsertBase
FNDA:0,GetInsertExtra
FNDA:0,GetCopyBase
FNF:14
FNH:0
DA:31,0
DA:32,0
DA:33,0
DA:34,0
DA:35,0
DA:36,0
DA:37,0
DA:38,0
DA:39,0
DA:40,0
DA:41,0
DA:42,0
DA:44,0
DA:46,0
DA:48,0
DA:49,0
DA:50,0
DA:51,0
DA:52,0
DA:53,0
DA:54,0
DA:55,0
DA:57,0
DA:59,0
DA:61,0
DA:63,0
DA:64,0
DA:65,0
DA:66,0
DA:70,0
DA:77,0
DA:78,0
DA:79,0
DA:80,0
DA:82,0
DA:85,0
DA:86,0
DA:87,0
DA:88,0
DA:90,0
DA:91,0
DA:94,0
DA:95,0
DA:98,0
DA:99,0
DA:102,0
DA:103,0
DA:119,0
DA:123,0
DA:124,0
DA:125,0
DA:129,0
DA:130,0
DA:131,0
DA:132,0
DA:133,0
DA:134,0
DA:135,0
DA:137,0
DA:138,0
DA:139,0
DA:140,0
DA:141,0
DA:142,0
DA:143,0
DA:145,0
DA:147,0
DA:148,0
DA:149,0
DA:151,0
DA:152,0
DA:153,0
DA:154,0
DA:155,0
DA:156,0
DA:157,0
DA:158,0
DA:159,0
DA:160,0
DA:161,0
DA:162,0
DA:163,0
DA:164,0
DA:166,0
DA:167,0
DA:168,0
DA:169,0
DA:170,0
DA:172,0
DA:173,0
DA:175,0
DA:176,0
DA:179,0
DA:180,0
DA:181,0
DA:182,0
DA:183,0
LF:97
LH:0
end_of_record
TN:
SF:/home/kuzz/ImageMagickFuzzing/delegate_libraries/brotli-1.2.0/c/enc/compound_dictionary.c
FN:13,149,CreatePreparedDictionaryWithParams
FN:151,166,CreatePreparedDictionary
FN:168,172,DestroyPreparedDictionary
FN:174,205,AttachPreparedDictionary
FNDA:0,CreatePreparedDictionaryWithParams
FNDA:0,CreatePreparedDictionary
FNDA:0,DestroyPreparedDictionary
FNDA:0,AttachPreparedDictionary
FNF:4
FNH:0
DA:13,0
DA:17,0
DA:18,0
DA:19,0
DA:20,0
DA:21,0
DA:22,0
DA:23,0
DA:24,0
DA:25,0
DA:26,0
DA:27,0
DA:28,0
DA:29,0
DA:30,0
DA:31,0
DA:32,0
DA:33,0
DA:34,0
DA:35,0
DA:36,0
DA:37,0
DA:38,0
DA:39,0
DA:40,0
DA:41,0
DA:42,0
DA:44,0
DA:47,0
DA:48,0
DA:49,0
DA:50,0
DA:51,0
DA:52,0
DA:55,0
DA:56,0
DA:58,0
DA:59,0
DA:60,0
DA:61,0
DA:62,0
DA:63,0
DA:64,0
DA:65,0
DA:68,0
DA:69,0
DA:70,0
DA:71,0
DA:72,0
DA:73,0
DA:74,0
DA:75,0
DA:76,0
DA:77,0
DA:80,0
DA:81,0
DA:82,0
DA:84,0
DA:85,0
DA:86,0
DA:87,0
DA:88,0
DA:89,0
DA:90,0
DA:92,0
DA:93,0
DA:94,0
DA:97,0
DA:98,0
DA:101,0
DA:106,0
DA:107,0
DA:108,0
DA:109,0
DA:111,0
DA:112,0
DA:113,0
DA:114,0
DA:115,0
DA:116,0
DA:117,0
DA:119,0
DA:120,0
DA:121,0
DA:122,0
DA:123,0
DA:124,0
DA:125,0
DA:126,0
DA:127,0
DA:128,0
DA:129,0
DA:130,0
DA:131,0
DA:132,0
DA:133,0
DA:134,0
DA:136,0
DA:137,0
DA:138,0
DA:139,0
DA:140,0
DA:141,0
DA:142,0
DA:143,0
DA:144,0
DA:145,0
DA:147,0
DA:148,0
DA:149,0
DA:151,0
DA:153,0
DA:154,0
DA:155,0
DA:156,0
DA:157,0
DA:159,0
DA:160,0
DA:161,0
DA:162,0
DA:164,0
DA:165,0
DA:166,0
DA:168,0
DA:170,0
DA:171,0
DA:172,0
DA:174,0
DA:176,0
DA:177,0
DA:179,0
DA:180,0
DA:183,0
DA:185,0
DA:186,0
DA:187,0
DA:188,0
DA:189,0
DA:191,0
DA:192,0
DA:193,0
DA:194,0
DA:195,0
DA:196,0
DA:197,0
DA:199,0
DA:200,0
DA:202,0
DA:203,0
DA:204,0
DA:205,0
LF:151
LH:0
end_of_record
TN:
SF:/home/kuzz/ImageMagickFuzzing/delegate_libraries/brotli-1.2.0/c/enc/compress_fragment.c
FN:117,167,BuildAndStoreCommandPrefixCode
FN:170,200,EmitInsertLen
FN:202,217,EmitLongInsertLen
FN:219,249,EmitCopyLen
FN:251,292,EmitCopyLenLastDistance
FN:294,307,EmitDistance
FN:309,318,EmitLiterals
FN:32,35,Hash
FN:321,336,BrotliStoreMetaBlockHeader
FN:338,355,UpdateBits
FN:357,363,RewindBitPosition
FN:365,382,ShouldMergeBlock
FN:37,44,HashBytesAtOffset
FN:387,396,ShouldUseUncompressedMode
FN:398,408,EmitUncompressedMetaBlock
FN:419,733,BrotliCompressFragmentFastImpl
FN:47,48,IsMatch
FN:61,113,BuildAndStoreLiteralPrefixCode
FN:744,744,BrotliCompressFragmentFastImpl11
FN:744,744,BrotliCompressFragmentFastImpl13
FN:744,744,BrotliCompressFragmentFastImpl15
FN:744,744,BrotliCompressFragmentFastImpl9
FN:747,784,BrotliCompressFragmentFast
FNDA:0,BuildAndStoreCommandPrefixCode
FNDA:0,EmitInsertLen
FNDA:0,EmitLongInsertLen
FNDA:0,EmitCopyLen
FNDA:0,EmitCopyLenLastDistance
FNDA:0,EmitDistance
FNDA:0,EmitLiterals
FNDA:0,Hash
FNDA:0,BrotliStoreMetaBlockHeader
FNDA:0,UpdateBits
FNDA:0,RewindBitPosition
FNDA:0,ShouldMergeBlock
FNDA:0,HashBytesAtOffset
FNDA:0,ShouldUseUncompressedMode
FNDA:0,EmitUncompressedMetaBlock
FNDA:0,BrotliCompressFragmentFastImpl
FNDA:0,IsMatch
FNDA:0,BuildAndStoreLiteralPrefixCode
FNDA:0,BrotliCompressFragmentFastImpl11
FNDA:0,BrotliCompressFragmentFastImpl13
FNDA:0,BrotliCompressFragmentFastImpl15
FNDA:0,BrotliCompressFragmentFastImpl9
FNDA:0,BrotliCompressFragmentFast
FNF:23
FNH:0
DA:32,0
DA:33,0
DA:34,0
DA:35,0
DA:37,0
DA:42,0
DA:43,0
DA:44,0
DA:47,0
DA:48,0
DA:61,0
DA:68,0
DA:69,0
DA:70,0
DA:71,0
DA:73,0
DA:74,0
DA:75,0
DA:76,0
DA:77,0
DA:78,0
DA:81,0
DA:82,0
DA:83,0
DA:84,0
DA:85,0
DA:87,0
DA:88,0
DA:89,0
DA:90,0
DA:91,0
DA:97,0
DA:98,0
DA:99,0
DA:100,0
DA:102,0
DA:104,0
DA:106,0
DA:107,0
DA:108,0
DA:109,0
DA:111,0
DA:112,0
DA:113,0
DA:117,0
DA:119,0
DA:120,0
DA:121,0
DA:122,0
DA:123,0
DA:125,0
DA:127,0
DA:128,0
DA:134,0
DA:135,0
DA:136,0
DA:137,0
DA:138,0
DA:139,0
DA:140,0
DA:141,0
DA:142,0
DA:143,0
DA:144,0
DA:145,0
DA:146,0
DA:147,0
DA:150,0
DA:151,0
DA:152,0
DA:153,0
DA:154,0
DA:155,0
DA:156,0
DA:157,0
DA:158,0
DA:159,0
DA:160,0
DA:161,0
DA:163,0
DA:164,0
DA:165,0
DA:166,0
DA:167,0
DA:170,0
DA:176,0
DA:177,0
DA:178,0
DA:179,0
DA:180,0
DA:181,0
DA:182,0
DA:183,0
DA:184,0
DA:185,0
DA:186,0
DA:187,0
DA:188,0
DA:189,0
DA:190,0
DA:191,0
DA:192,0
DA:193,0
DA:194,0
DA:195,0
DA:196,0
DA:197,0
DA:198,0
DA:200,0
DA:202,0
DA:208,0
DA:209,0
DA:210,0
DA:211,0
DA:212,0
DA:213,0
DA:214,0
DA:215,0
DA:217,0
DA:219,0
DA:225,0
DA:226,0
DA:227,0
DA:228,0
DA:229,0
DA:230,0
DA:231,0
DA:232,0
DA:233,0
DA:234,0
DA:235,0
DA:236,0
DA:237,0
DA:238,0
DA:239,0
DA:240,0
DA:241,0
DA:242,0
DA:243,0
DA:244,0
DA:245,0
DA:246,0
DA:247,0
DA:249,0
DA:251,0
DA:257,0
DA:258,0
DA:259,0
DA:260,0
DA:261,0
DA:262,0
DA:263,0
DA:264,0
DA:265,0
DA:266,0
DA:267,0
DA:268,0
DA:269,0
DA:270,0
DA:271,0
DA:272,0
DA:273,0
DA:274,0
DA:275,0
DA:276,0
DA:277,0
DA:278,0
DA:279,0
DA:280,0
DA:281,0
DA:282,0
DA:283,0
DA:284,0
DA:285,0
DA:286,0
DA:287,0
DA:288,0
DA:289,0
DA:290,0
DA:292,0
DA:294,0
DA:299,0
DA:300,0
DA:301,0
DA:302,0
DA:303,0
DA:304,0
DA:305,0
DA:306,0
DA:307,0
DA:309,0
DA:313,0
DA:314,0
DA:315,0
DA:316,0
DA:317,0
DA:318,0
DA:321,0
DA:324,0
DA:326,0
DA:327,0
DA:328,0
DA:329,0
DA:330,0
DA:331,0
DA:332,0
DA:333,0
DA:335,0
DA:336,0
DA:338,0
DA:340,0
DA:341,0
DA:342,0
DA:343,0
DA:344,0
DA:345,0
DA:346,0
DA:347,0
DA:348,0
DA:349,0
DA:350,0
DA:351,0
DA:352,0
DA:353,0
DA:354,0
DA:355,0
DA:357,0
DA:359,0
DA:360,0
DA:361,0
DA:362,0
DA:363,0
DA:365,0
DA:367,0
DA:369,0
DA:370,0
DA:371,0
DA:372,0
DA:373,0
DA:375,0
DA:376,0
DA:377,0
DA:378,0
DA:379,0
DA:380,0
DA:381,0
DA:382,0
DA:387,0
DA:390,0
DA:391,0
DA:392,0
DA:394,0
DA:396,0
DA:398,0
DA:401,0
DA:402,0
DA:403,0
DA:404,0
DA:405,0
DA:406,0
DA:407,0
DA:408,0
DA:419,0
DA:423,0
DA:424,0
DA:425,0
DA:426,0
DA:427,0
DA:428,0
DA:433,0
DA:436,0
DA:441,0
DA:442,0
DA:444,0
DA:445,0
DA:446,0
DA:449,0
DA:451,0
DA:453,0
DA:454,0
DA:456,0
DA:458,0
DA:460,0
DA:462,0
DA:463,0
DA:467,0
DA:468,0
DA:469,0
DA:470,0
DA:471,0
DA:472,0
DA:473,0
DA:480,0
DA:483,0
DA:484,0
DA:485,0
DA:487,0
DA:492,0
DA:494,0
DA:496,0
DA:497,0
DA:513,0
DA:515,0
DA:516,0
DA:519,0
DA:520,0
DA:521,0
DA:523,0
DA:524,0
DA:525,0
DA:526,0
DA:528,0
DA:529,0
DA:530,0
DA:531,0
DA:532,0
DA:533,0
DA:535,0
DA:536,0
DA:540,0
DA:541,0
DA:545,0
DA:555,0
DA:556,0
DA:557,0
DA:558,0
DA:559,0
DA:560,0
DA:564,0
DA:565,0
DA:566,0
DA:567,0
DA:568,0
DA:569,0
DA:570,0
DA:571,0
DA:572,0
DA:573,0
DA:574,0
DA:576,0
DA:577,0
DA:579,0
DA:580,0
DA:581,0
DA:582,0
DA:583,0
DA:584,0
DA:585,0
DA:586,0
DA:587,0
DA:589,0
DA:590,0
DA:598,0
DA:599,0
DA:600,0
DA:606,0
DA:607,0
DA:608,0
DA:609,0
DA:610,0
DA:611,0
DA:612,0
DA:613,0
DA:615,0
DA:616,0
DA:617,0
DA:618,0
DA:620,0
DA:623,0
DA:624,0
DA:625,0
DA:626,0
DA:627,0
DA:628,0
DA:630,0
DA:631,0
DA:632,0
DA:633,0
DA:639,0
DA:640,0
DA:641,0
DA:647,0
DA:648,0
DA:649,0
DA:650,0
DA:651,0
DA:652,0
DA:653,0
DA:654,0
DA:656,0
DA:657,0
DA:658,0
DA:659,0
DA:661,0
DA:662,0
DA:663,0
DA:667,0
DA:668,0
DA:669,0
DA:673,0
DA:674,0
DA:675,0
DA:680,0
DA:681,0
DA:682,0
DA:686,0
DA:687,0
DA:690,0
DA:691,0
DA:692,0
DA:693,0
DA:694,0
DA:695,0
DA:696,0
DA:697,0
DA:698,0
DA:699,0
DA:700,0
DA:701,0
DA:702,0
DA:704,0
DA:705,0
DA:710,0
DA:711,0
DA:712,0
DA:713,0
DA:716,0
DA:717,0
DA:719,0
DA:720,0
DA:721,0
DA:722,0
DA:723,0
DA:726,0
DA:729,0
DA:730,0
DA:731,0
DA:732,0
DA:733,0
DA:744,0
DA:747,0
DA:751,0
DA:752,0
DA:754,0
DA:756,0
DA:757,0
DA:758,0
DA:759,0
DA:762,0
DA:768,0
DA:770,0
DA:774,0
DA:775,0
DA:776,0
DA:777,0
DA:779,0
DA:780,0
DA:781,0
DA:782,0
DA:783,0
DA:784,0
LF:461
LH:0
end_of_record
TN:
SF:/home/kuzz/ImageMagickFuzzing/delegate_libraries/brotli-1.2.0/c/enc/compress_fragment_two_pass.c
FN:107,135,EmitInsertLen
FN:137,158,EmitCopyLen
FN:160,197,EmitCopyLenLastDistance
FN:199,208,EmitDistance
FN:211,226,BrotliStoreMetaBlockHeader
FN:228,456,CreateCommands
FN:31,36,Hash
FN:38,44,HashBytesAtOffset
FN:458,520,StoreCommands
FN:47,54,IsMatch
FN:526,541,ShouldCompress
FN:543,549,RewindBitPosition
FN:551,558,EmitUncompressedMetaBlock
FN:560,595,BrotliCompressFragmentTwoPassImpl
FN:58,105,BuildAndStoreCommandPrefixCode
FN:609,609,BrotliCompressFragmentTwoPassImpl10
FN:609,609,BrotliCompressFragmentTwoPassImpl11
FN:609,609,BrotliCompressFragmentTwoPassImpl12
FN:609,609,BrotliCompressFragmentTwoPassImpl13
FN:609,609,BrotliCompressFragmentTwoPassImpl14
FN:609,609,BrotliCompressFragmentTwoPassImpl15
FN:609,609,BrotliCompressFragmentTwoPassImpl16
FN:609,609,BrotliCompressFragmentTwoPassImpl17
FN:609,609,BrotliCompressFragmentTwoPassImpl8
FN:609,609,BrotliCompressFragmentTwoPassImpl9
FN:612,641,BrotliCompressFragmentTwoPass
FNDA:0,EmitInsertLen
FNDA:0,EmitCopyLen
FNDA:0,EmitCopyLenLastDistance
FNDA:0,EmitDistance
FNDA:0,BrotliStoreMetaBlockHeader
FNDA:0,CreateCommands
FNDA:0,Hash
FNDA:0,HashBytesAtOffset
FNDA:0,StoreCommands
FNDA:0,IsMatch
FNDA:0,ShouldCompress
FNDA:0,RewindBitPosition
FNDA:0,EmitUncompressedMetaBlock
FNDA:0,BrotliCompressFragmentTwoPassImpl
FNDA:0,BuildAndStoreCommandPrefixCode
FNDA:0,BrotliCompressFragmentTwoPassImpl10
FNDA:0,BrotliCompressFragmentTwoPassImpl11
FNDA:0,BrotliCompressFragmentTwoPassImpl12
FNDA:0,BrotliCompressFragmentTwoPassImpl13
FNDA:0,BrotliCompressFragmentTwoPassImpl14
FNDA:0,BrotliCompressFragmentTwoPassImpl15
FNDA:0,BrotliCompressFragmentTwoPassImpl16
FNDA:0,BrotliCompressFragmentTwoPassImpl17
FNDA:0,BrotliCompressFragmentTwoPassImpl8
FNDA:0,BrotliCompressFragmentTwoPassImpl9
FNDA:0,BrotliCompressFragmentTwoPass
FNF:26
FNH:0
DA:31,0
DA:33,0
DA:34,0
DA:35,0
DA:36,0
DA:38,0
DA:42,0
DA:43,0
DA:44,0
DA:47,0
DA:49,0
DA:50,0
DA:51,0
DA:53,0
DA:54,0
DA:58,0
DA:63,0
DA:64,0
DA:65,0
DA:66,0
DA:72,0
DA:73,0
DA:74,0
DA:75,0
DA:76,0
DA:77,0
DA:78,0
DA:79,0
DA:80,0
DA:81,0
DA:82,0
DA:83,0
DA:84,0
DA:85,0
DA:88,0
DA:89,0
DA:90,0
DA:91,0
DA:92,0
DA:93,0
DA:94,0
DA:95,0
DA:96,0
DA:97,0
DA:98,0
DA:99,0
DA:100,0
DA:101,0
DA:102,0
DA:103,0
DA:104,0
DA:105,0
DA:107,0
DA:109,0
DA:110,0
DA:111,0
DA:112,0
DA:113,0
DA:114,0
DA:115,0
DA:116,0
DA:117,0
DA:118,0
DA:119,0
DA:120,0
DA:121,0
DA:122,0
DA:123,0
DA:124,0
DA:125,0
DA:126,0
DA:127,0
DA:128,0
DA:129,0
DA:130,0
DA:131,0
DA:132,0
DA:133,0
DA:134,0
DA:135,0
DA:137,0
DA:138,0
DA:139,0
DA:140,0
DA:141,0
DA:142,0
DA:143,0
DA:144,0
DA:145,0
DA:146,0
DA:147,0
DA:148,0
DA:149,0
DA:150,0
DA:151,0
DA:152,0
DA:153,0
DA:154,0
DA:155,0
DA:156,0
DA:157,0
DA:158,0
DA:160,0
DA:162,0
DA:163,0
DA:164,0
DA:165,0
DA:166,0
DA:167,0
DA:168,0
DA:169,0
DA:170,0
DA:171,0
DA:172,0
DA:173,0
DA:174,0
DA:175,0
DA:176,0
DA:177,0
DA:178,0
DA:179,0
DA:180,0
DA:181,0
DA:182,0
DA:183,0
DA:184,0
DA:185,0
DA:186,0
DA:187,0
DA:188,0
DA:189,0
DA:190,0
DA:191,0
DA:192,0
DA:193,0
DA:194,0
DA:195,0
DA:196,0
DA:197,0
DA:199,0
DA:200,0
DA:201,0
DA:202,0
DA:203,0
DA:204,0
DA:205,0
DA:206,0
DA:207,0
DA:208,0
DA:211,0
DA:214,0
DA:216,0
DA:217,0
DA:218,0
DA:219,0
DA:220,0
DA:221,0
DA:222,0
DA:223,0
DA:225,0
DA:226,0
DA:228,0
DA:233,0
DA:234,0
DA:235,0
DA:239,0
DA:241,0
DA:242,0
DA:244,0
DA:249,0
DA:251,0
DA:253,0
DA:254,0
DA:270,0
DA:272,0
DA:273,0
DA:277,0
DA:278,0
DA:279,0
DA:280,0
DA:282,0
DA:283,0
DA:284,0
DA:286,0
DA:287,0
DA:288,0
DA:289,0
DA:290,0
DA:291,0
DA:293,0
DA:294,0
DA:298,0
DA:299,0
DA:303,0
DA:313,0
DA:314,0
DA:315,0
DA:316,0
DA:317,0
DA:318,0
DA:319,0
DA:321,0
DA:324,0
DA:325,0
DA:326,0
DA:327,0
DA:328,0
DA:329,0
DA:330,0
DA:331,0
DA:333,0
DA:341,0
[...]
DA:163,0
DA:164,0
DA:165,0
DA:166,0
DA:168,0
DA:169,0
DA:170,0
DA:171,0
DA:172,0
DA:173,0
DA:177,0
DA:178,0
DA:179,0
DA:180,0
DA:181,0
DA:182,0
DA:183,0
LF:110
LH:0
end_of_record
TN:
SF:/home/kuzz/ImageMagickFuzzing/delegate_libraries/brotli-1.2.0/c/enc/prefix.h
FN:23,46,PrefixEncodeCopyDistance
FNDA:0,PrefixEncodeCopyDistance
FNF:1
FNH:0
DA:23,0
DA:28,0
DA:29,0
DA:30,0
DA:31,0
DA:33,0
DA:34,0
DA:35,0
DA:36,0
DA:37,0
DA:38,0
DA:39,0
DA:40,0
DA:41,0
DA:42,0
DA:43,0
DA:44,0
DA:45,0
DA:46,0
LF:19
LH:0
end_of_record
TN:
SF:/home/kuzz/ImageMagickFuzzing/delegate_libraries/brotli-1.2.0/c/enc/quality.h
FN:103,108,MaxMetablockSize
FN:116,118,LiteralSpreeLengthForSparseSearch
FN:156,207,ChooseHasher
FN:36,37,MaxHashTableSize
FN:47,48,MaxZopfliLen
FN:54,56,MaxZopfliCandidates
FN:59,72,SanitizeParams
FN:75,92,ComputeLgBlock
FN:99,100,ComputeRbBits
FNDA:0,MaxMetablockSize
FNDA:0,LiteralSpreeLengthForSparseSearch
FNDA:0,ChooseHasher
FNDA:0,MaxHashTableSize
FNDA:0,MaxZopfliLen
FNDA:0,MaxZopfliCandidates
FNDA:0,SanitizeParams
FNDA:0,ComputeLgBlock
FNDA:0,ComputeRbBits
FNF:9
FNH:0
DA:36,0
DA:37,0
DA:47,0
DA:48,0
DA:54,0
DA:56,0
DA:59,0
DA:60,0
DA:62,0
DA:63,0
DA:64,0
DA:65,0
DA:66,0
DA:67,0
DA:68,0
DA:70,0
DA:71,0
DA:72,0
DA:75,0
DA:76,0
DA:77,0
DA:78,0
DA:79,0
DA:80,0
DA:81,0
DA:82,0
DA:83,0
DA:84,0
DA:85,0
DA:86,0
DA:87,0
DA:88,0
DA:91,0
DA:92,0
DA:99,0
DA:100,0
DA:103,0
DA:105,0
DA:106,0
DA:107,0
DA:108,0
DA:116,0
DA:118,0
DA:156,0
DA:158,0
DA:159,0
DA:160,0
DA:161,0
DA:162,0
DA:163,0
DA:164,0
DA:165,0
DA:166,0
DA:168,0
DA:172,0
DA:173,0
DA:174,0
DA:175,0
DA:176,0
DA:180,0
DA:184,0
DA:185,0
DA:186,0
DA:187,0
DA:190,0
DA:197,0
DA:198,0
DA:199,0
DA:200,0
DA:201,0
DA:202,0
DA:203,0
DA:204,0
DA:205,0
DA:206,0
DA:207,0
LF:76
LH:0
end_of_record
TN:
SF:/home/kuzz/ImageMagickFuzzing/delegate_libraries/brotli-1.2.0/c/enc/ringbuffer.h
FN:103,159,RingBufferWrite
FN:47,52,RingBufferInit
FN:54,62,RingBufferSetup
FN:64,66,RingBufferFree
FN:70,89,RingBufferInitBuffer
FN:91,100,RingBufferWriteTail
FNDA:0,RingBufferWrite
FNDA:0,RingBufferInit
FNDA:0,RingBufferSetup
FNDA:0,RingBufferFree
FNDA:0,RingBufferInitBuffer
FNDA:0,RingBufferWriteTail
FNF:6
FNH:0
DA:47,0
DA:48,0
DA:49,0
DA:50,0
DA:51,0
DA:52,0
DA:54,0
DA:56,0
DA:57,0
DA:58,0
DA:59,0
DA:60,0
DA:61,0
DA:62,0
DA:64,0
DA:65,0
DA:66,0
DA:70,0
DA:73,0
DA:75,0
DA:77,0
DA:78,0
DA:79,0
DA:80,0
DA:81,0
DA:82,0
DA:83,0
DA:84,0
DA:85,0
DA:86,0
DA:87,0
DA:88,0
DA:89,0
DA:91,0
DA:93,0
DA:94,0
DA:96,0
DA:97,0
DA:98,0
DA:99,0
DA:100,0
DA:103,0
DA:105,0
DA:112,0
DA:113,0
DA:115,0
DA:116,0
DA:118,0
DA:120,0
DA:124,0
DA:125,0
DA:128,0
DA:129,0
DA:131,0
DA:134,0
DA:135,0
DA:137,0
DA:138,0
DA:141,0
DA:142,0
DA:144,0
DA:145,0
DA:147,0
DA:149,0
DA:150,0
DA:151,0
DA:152,0
DA:153,0
DA:154,0
DA:156,0
DA:157,0
DA:158,0
DA:159,0
LF:73
LH:0
end_of_record
TN:
SF:/home/kuzz/ImageMagickFuzzing/delegate_libraries/brotli-1.2.0/c/enc/static_dict.c
FN:20,24,AddMatch
FN:26,34,DictMatchLength
FN:36,69,IsMatch
FN:497,533,BrotliFindAllStaticDictionaryMatches
FN:72,493,BrotliFindAllStaticDictionaryMatchesFor
FNDA:0,AddMatch
FNDA:0,DictMatchLength
FNDA:0,IsMatch
FNDA:0,BrotliFindAllStaticDictionaryMatches
FNDA:0,BrotliFindAllStaticDictionaryMatchesFor
FNF:5
FNH:0
DA:20,0
DA:22,0
DA:23,0
DA:24,0
DA:26,0
DA:31,0
DA:32,0
DA:33,0
DA:34,0
DA:36,0
DA:38,0
DA:39,0
DA:41,0
DA:42,0
DA:43,0
DA:44,0
DA:46,0
DA:47,0
DA:48,0
DA:51,0
DA:58,0
DA:59,0
DA:60,0
DA:61,0
DA:62,0
DA:63,0
DA:65,0
DA:66,0
DA:67,0
DA:68,0
DA:69,0
DA:72,0
DA:75,0
DA:93,0
DA:94,0
DA:95,0
DA:96,0
DA:97,0
DA:98,0
DA:99,0
DA:100,0
DA:101,0
DA:102,0
DA:103,0
DA:104,0
DA:105,0
DA:106,0
DA:107,0
DA:108,0
DA:110,0
DA:111,0
DA:112,0
DA:113,0
DA:116,0
DA:117,0
DA:118,0
DA:119,0
DA:120,0
DA:121,0
DA:122,0
DA:123,0
DA:124,0
DA:126,0
DA:127,0
DA:128,0
DA:129,0
DA:130,0
DA:131,0
DA:132,0
DA:133,0
DA:134,0
DA:135,0
DA:136,0
DA:137,0
DA:139,0
DA:141,0
DA:142,0
DA:143,0
DA:144,0
DA:145,0
DA:146,0
DA:147,0
DA:148,0
DA:149,0
DA:150,0
DA:151,0
DA:152,0
DA:153,0
DA:154,0
DA:155,0
DA:156,0
DA:157,0
DA:158,0
DA:159,0
DA:160,0
DA:161,0
DA:162,0
DA:163,0
DA:164,0
DA:165,0
DA:166,0
DA:167,0
DA:168,0
DA:169,0
DA:170,0
DA:171,0
DA:172,0
DA:173,0
DA:174,0
DA:175,0
DA:176,0
DA:177,0
DA:178,0
DA:179,0
DA:180,0
DA:181,0
DA:182,0
DA:183,0
DA:184,0
DA:185,0
DA:186,0
DA:187,0
DA:188,0
DA:189,0
DA:190,0
DA:191,0
DA:192,0
DA:193,0
DA:194,0
DA:195,0
DA:196,0
DA:197,0
DA:198,0
DA:199,0
DA:200,0
DA:201,0
DA:202,0
DA:203,0
DA:204,0
DA:205,0
DA:206,0
DA:207,0
DA:208,0
DA:209,0
DA:210,0
DA:211,0
DA:212,0
DA:213,0
DA:214,0
DA:215,0
DA:216,0
DA:217,0
DA:218,0
DA:219,0
DA:220,0
DA:221,0
DA:222,0
DA:223,0
DA:224,0
DA:225,0
DA:226,0
DA:227,0
DA:228,0
DA:229,0
DA:230,0
DA:231,0
DA:232,0
DA:233,0
DA:234,0
DA:235,0
DA:236,0
DA:237,0
DA:238,0
DA:239,0
DA:240,0
DA:241,0
DA:242,0
DA:243,0
DA:244,0
DA:245,0
DA:246,0
DA:247,0
DA:248,0
DA:249,0
DA:250,0
DA:251,0
DA:252,0
DA:253,0
DA:254,0
DA:255,0
DA:256,0
DA:257,0
DA:258,0
DA:259,0
DA:260,0
DA:261,0
DA:262,0
DA:263,0
DA:264,0
DA:265,0
DA:266,0
DA:267,0
DA:268,0
DA:269,0
DA:270,0
DA:271,0
DA:272,0
DA:273,0
DA:274,0
DA:275,0
DA:276,0
DA:277,0
DA:278,0
DA:279,0
DA:280,0
DA:281,0
DA:282,0
DA:283,0
DA:284,0
DA:285,0
DA:286,0
DA:290,0
DA:291,0
DA:292,0
DA:293,0
DA:294,0
DA:297,0
DA:298,0
DA:299,0
DA:300,0
DA:303,0
DA:304,0
DA:305,0
DA:306,0
DA:307,0
DA:308,0
DA:309,0
DA:310,0
DA:311,0
DA:312,0
DA:313,0
DA:314,0
DA:315,0
DA:316,0
DA:317,0
DA:318,0
DA:319,0
DA:320,0
DA:321,0
DA:322,0
DA:323,0
DA:324,0
DA:325,0
DA:326,0
DA:327,0
DA:328,0
DA:329,0
DA:330,0
DA:331,0
DA:332,0
DA:333,0
DA:334,0
DA:336,0
DA:337,0
DA:338,0
DA:339,0
DA:340,0
DA:341,0
DA:342,0
DA:343,0
DA:344,0
DA:345,0
DA:346,0
DA:347,0
DA:348,0
DA:349,0
DA:350,0
DA:354,0
DA:355,0
DA:356,0
DA:357,0
DA:362,0
DA:363,0
DA:364,0
DA:365,0
DA:366,0
DA:367,0
DA:368,0
DA:369,0
DA:370,0
DA:371,0
DA:372,0
DA:373,0
DA:374,0
DA:375,0
DA:376,0
DA:377,0
DA:378,0
DA:379,0
DA:380,0
DA:381,0
DA:382,0
DA:383,0
DA:384,0
DA:385,0
DA:386,0
DA:390,0
DA:391,0
DA:392,0
DA:393,0
DA:394,0
DA:397,0
DA:398,0
DA:399,0
DA:400,0
DA:403,0
DA:404,0
DA:405,0
DA:406,0
DA:407,0
DA:408,0
DA:409,0
DA:410,0
DA:411,0
DA:412,0
DA:413,0
DA:414,0
DA:415,0
DA:416,0
DA:417,0
DA:418,0
DA:419,0
DA:420,0
DA:421,0
DA:422,0
DA:423,0
DA:424,0
DA:425,0
DA:426,0
DA:427,0
DA:428,0
DA:430,0
DA:431,0
DA:432,0
DA:433,0
DA:434,0
DA:435,0
DA:436,0
DA:437,0
DA:438,0
DA:439,0
DA:440,0
DA:441,0
DA:442,0
DA:443,0
DA:444,0
DA:445,0
DA:446,0
DA:447,0
DA:448,0
DA:449,0
DA:450,0
DA:451,0
DA:452,0
DA:453,0
DA:454,0
DA:455,0
DA:456,0
DA:458,0
DA:459,0
DA:460,0
DA:461,0
DA:462,0
DA:463,0
DA:464,0
DA:465,0
DA:466,0
DA:467,0
DA:468,0
DA:469,0
DA:470,0
DA:471,0
DA:472,0
DA:473,0
DA:474,0
DA:475,0
DA:476,0
DA:477,0
DA:478,0
DA:479,0
DA:480,0
DA:481,0
DA:482,0
DA:483,0
DA:484,0
DA:485,0
DA:486,0
DA:487,0
DA:488,0
DA:489,0
DA:490,0
DA:491,0
DA:492,0
DA:493,0
DA:497,0
DA:500,0
DA:501,0
DA:502,0
DA:504,0
DA:505,0
DA:506,0
DA:507,0
DA:508,0
DA:509,0
DA:510,0
DA:512,0
DA:513,0
DA:514,0
DA:516,0
DA:517,0
DA:519,0
DA:520,0
DA:521,0
DA:522,0
DA:523,0
DA:524,0
DA:525,0
DA:527,0
DA:528,0
DA:529,0
DA:530,0
DA:531,0
DA:532,0
DA:533,0
LF:434
LH:0
end_of_record
TN:
SF:/home/kuzz/ImageMagickFuzzing/delegate_libraries/brotli-1.2.0/c/enc/static_init.c
FN:47,49,BrotliEncoderEnsureStaticInit
FNDA:0,BrotliEncoderEnsureStaticInit
FNF:1
FNH:0
DA:47,0
DA:49,0
LF:2
LH:0
end_of_record
TN:
SF:/home/kuzz/ImageMagickFuzzing/delegate_libraries/brotli-1.2.0/c/enc/utf8_util.c
FN:17,65,BrotliParseAsUTF8
FN:68,81,BrotliIsMostlyUTF8
FNDA:0,BrotliParseAsUTF8
FNDA:0,BrotliIsMostlyUTF8
FNF:2
FNH:0
DA:17,0
DA:20,0
DA:21,0
DA:22,0
DA:23,0
DA:25,0
DA:27,0
DA:28,0
DA:29,0
DA:30,0
DA:31,0
DA:32,0
DA:33,0
DA:35,0
DA:37,0
DA:38,0
DA:39,0
DA:40,0
DA:41,0
DA:42,0
DA:43,0
DA:44,0
DA:45,0
DA:47,0
DA:49,0
DA:50,0
DA:51,0
DA:52,0
DA:53,0
DA:54,0
DA:55,0
DA:56,0
DA:57,0
DA:58,0
DA:59,0
DA:61,0
DA:63,0
DA:64,0
DA:65,0
DA:68,0
DA:71,0
DA:72,0
DA:73,0
DA:74,0
DA:75,0
DA:76,0
DA:77,0
DA:78,0
DA:79,0
DA:80,0
DA:81,0
LF:51
LH:0
end_of_record
TN:
SF:/home/kuzz/ImageMagickFuzzing/delegate_libraries/brotli-1.2.0/c/enc/write_bits.h
FN:33,73,BrotliWriteBits
FN:75,80,BrotliWriteBitsPrepareStorage
FNDA:0,BrotliWriteBits
FNDA:0,BrotliWriteBitsPrepareStorage
FNF:2
FNH:0
DA:33,0
DA:49,0
DA:50,0
DA:51,0
DA:52,0
DA:53,0
DA:54,0
DA:73,0
DA:75,0
DA:79,0
DA:80,0
LF:11
LH:0
end_of_record
TN:
SF:/home/kuzz/ImageMagickFuzzing/delegate_libraries/brotli-1.2.0/c/tools/brotli.c
FN:1018,1025,OpenFiles
FN:1027,1065,CloseFiles
FN:1069,1079,InitializeBuffers
FN:1083,1084,HasMoreInput
FN:1087,1098,ProvideInput
FN:1101,1114,WriteOutput
FN:1116,1121,ProvideOutput
FN:1123,1128,FlushOutput
FN:1130,1140,PrintBytes
FN:1142,1148,PrintFileProcessingProgress
FN:1150,1164,PrettyDecoderErrorString
FN:1166,1176,OnMetadataStart
FN:1178,1196,OnMetadataChunk
FN:1198,1215,InitDecoder
FN:1217,1313,DecompressFile
FN:1315,1336,DecompressFiles
FN:1338,1393,CompressFile
FN:1395,1459,CompressFiles
FN:1461,1559,main
FN:182,225,ParseBase64
FN:228,243,ParseInt
FN:246,252,FileName
FN:255,265,CheckAlias
FN:267,710,ParseParams
FN:712,717,PrintVersion
FN:719,774,PrintHelp
FN:776,777,PrintablePath
FN:780,793,OpenInputFile
FN:795,817,OpenOutputFile
FN:819,834,FileSize
FN:836,850,CopyTimeStat
FN:855,880,CopyStat
FN:884,943,ReadDictionary
FN:945,1016,NextFile
FNDA:0,OpenFiles
FNDA:0,CloseFiles
FNDA:0,InitializeBuffers
FNDA:0,HasMoreInput
FNDA:0,ProvideInput
FNDA:0,WriteOutput
FNDA:0,ProvideOutput
FNDA:0,FlushOutput
FNDA:0,PrintBytes
FNDA:0,PrintFileProcessingProgress
FNDA:0,PrettyDecoderErrorString
FNDA:0,OnMetadataStart
FNDA:0,OnMetadataChunk
FNDA:0,InitDecoder
FNDA:0,DecompressFile
FNDA:0,DecompressFiles
FNDA:0,CompressFile
FNDA:0,CompressFiles
FNDA:0,main
FNDA:0,ParseBase64
FNDA:0,ParseInt
FNDA:0,FileName
FNDA:0,CheckAlias
FNDA:0,ParseParams
FNDA:0,PrintVersion
FNDA:0,PrintHelp
FNDA:0,PrintablePath
FNDA:0,OpenInputFile
FNDA:0,OpenOutputFile
FNDA:0,FileSize
FNDA:0,CopyTimeStat
FNDA:0,CopyStat
FNDA:0,ReadDictionary
FNDA:0,NextFile
FNF:34
FNH:0
DA:182,0
DA:183,0
DA:184,0
DA:185,0
DA:186,0
DA:187,0
DA:188,0
DA:189,0
DA:190,0
DA:191,0
DA:192,0
DA:193,0
DA:194,0
DA:196,0
DA:197,0
DA:198,0
DA:200,0
DA:201,0
DA:202,0
DA:203,0
DA:204,0
DA:205,0
DA:206,0
DA:207,0
DA:208,0
DA:209,0
DA:210,0
DA:211,0
DA:212,0
DA:214,0
DA:215,0
DA:216,0
DA:217,0
DA:218,0
DA:219,0
DA:220,0
DA:221,0
DA:222,0
DA:223,0
DA:224,0
DA:225,0
DA:228,0
DA:229,0
DA:230,0
DA:231,0
DA:232,0
DA:233,0
DA:234,0
DA:235,0
DA:236,0
DA:237,0
DA:238,0
DA:239,0
DA:240,0
DA:241,0
DA:242,0
DA:243,0
DA:246,0
DA:247,0
DA:248,0
DA:249,0
DA:250,0
DA:251,0
DA:252,0
DA:255,0
DA:257,0
DA:258,0
DA:260,0
DA:261,0
DA:262,0
DA:263,0
DA:264,0
DA:265,0
DA:267,0
DA:268,0
DA:269,0
DA:270,0
DA:271,0
DA:272,0
DA:273,0
DA:274,0
DA:275,0
DA:276,0
DA:277,0
DA:278,0
DA:279,0
DA:280,0
DA:281,0
DA:282,0
DA:283,0
DA:284,0
DA:286,0
DA:287,0
DA:288,0
DA:289,0
DA:290,0
DA:291,0
DA:292,0
DA:293,0
DA:294,0
DA:295,0
DA:296,0
DA:298,0
DA:299,0
DA:302,0
DA:304,0
DA:305,0
DA:306,0
DA:313,0
DA:314,0
DA:315,0
DA:319,0
DA:320,0
DA:321,0
DA:322,0
DA:326,0
DA:329,0
DA:330,0
DA:331,0
DA:335,0
DA:336,0
DA:337,0
DA:338,0
DA:339,0
DA:340,0
DA:341,0
DA:342,0
DA:344,0
DA:345,0
DA:346,0
DA:347,0
DA:348,0
DA:349,0
DA:350,0
DA:352,0
DA:353,0
DA:354,0
DA:355,0
DA:356,0
DA:357,0
DA:358,0
DA:360,0
DA:361,0
DA:362,0
DA:363,0
DA:364,0
DA:365,0
DA:366,0
DA:368,0
DA:369,0
DA:370,0
DA:372,0
DA:373,0
DA:374,0
DA:375,0
DA:376,0
DA:378,0
DA:379,0
DA:380,0
DA:381,0
DA:382,0
DA:383,0
DA:384,0
DA:386,0
DA:387,0
DA:388,0
DA:389,0
DA:390,0
DA:391,0
DA:393,0
DA:394,0
DA:395,0
DA:396,0
DA:397,0
DA:398,0
DA:399,0
DA:401,0
DA:402,0
DA:403,0
DA:404,0
DA:405,0
DA:406,0
DA:407,0
DA:409,0
DA:410,0
DA:411,0
DA:412,0
DA:413,0
DA:414,0
DA:416,0
DA:417,0
DA:418,0
DA:419,0
DA:421,0
DA:422,0
DA:423,0
DA:424,0
DA:425,0
DA:427,0
DA:428,0
DA:429,0
DA:432,0
DA:433,0
DA:434,0
DA:435,0
DA:437,0
DA:438,0
DA:439,0
DA:441,0
DA:442,0
DA:443,0
DA:444,0
DA:446,0
DA:447,0
DA:448,0
DA:449,0
DA:450,0
DA:452,0
DA:453,0
DA:454,0
DA:455,0
DA:456,0
DA:458,0
DA:459,0
DA:460,0
DA:461,0
DA:462,0
DA:464,0
DA:465,0
DA:466,0
DA:467,0
DA:469,0
DA:470,0
DA:471,0
DA:472,0
DA:473,0
DA:475,0
DA:476,0
DA:478,0
DA:479,0
DA:481,0
DA:482,0
DA:483,0
DA:484,0
DA:486,0
DA:487,0
DA:488,0
DA:489,0
DA:491,0
DA:492,0
DA:493,0
DA:494,0
DA:495,0
DA:497,0
DA:498,0
DA:499,0
DA:500,0
DA:501,0
DA:503,0
DA:504,0
DA:505,0
DA:506,0
DA:507,0
DA:508,0
DA:509,0
DA:510,0
DA:511,0
DA:512,0
DA:514,0
DA:515,0
DA:516,0
DA:517,0
DA:518,0
DA:519,0
DA:521,0
DA:522,0
DA:523,0
DA:524,0
DA:525,0
DA:526,0
DA:527,0
DA:529,0
DA:530,0
DA:531,0
DA:532,0
DA:533,0
DA:534,0
DA:536,0
DA:537,0
DA:539,0
DA:540,0
DA:541,0
DA:542,0
DA:543,0
DA:545,0
DA:546,0
DA:547,0
DA:548,0
DA:549,0
DA:550,0
DA:552,0
DA:553,0
DA:554,0
DA:555,0
DA:556,0
DA:558,0
DA:559,0
DA:560,0
DA:561,0
DA:562,0
DA:563,0
DA:565,0
DA:566,0
DA:567,0
DA:568,0
DA:569,0
DA:570,0
DA:571,0
DA:573,0
DA:574,0
DA:575,0
DA:576,0
DA:577,0
DA:578,0
DA:580,0
DA:581,0
DA:582,0
DA:583,0
DA:584,0
DA:585,0
DA:587,0
DA:588,0
DA:590,0
DA:593,0
DA:594,0
DA:595,0
DA:596,0
DA:597,0
DA:599,0
DA:600,0
DA:601,0
DA:602,0
DA:603,0
DA:604,0
DA:606,0
DA:607,0
DA:608,0
DA:609,0
DA:611,0
DA:612,0
DA:613,0
DA:614,0
DA:615,0
DA:617,0
DA:618,0
DA:619,0
DA:620,0
DA:621,0
DA:623,0
DA:624,0
DA:625,0
DA:626,0
DA:627,0
DA:629,0
DA:630,0
DA:632,0
DA:633,0
DA:635,0
DA:637,0
DA:638,0
DA:639,0
DA:641,0
DA:642,0
DA:643,0
DA:644,0
DA:645,0
DA:647,0
DA:648,0
DA:650,0
DA:651,0
DA:653,0
DA:654,0
DA:655,0
DA:657,0
DA:659,0
DA:660,0
DA:661,0
DA:662,0
DA:663,0
DA:665,0
DA:666,0
DA:667,0
DA:668,0
DA:669,0
DA:671,0
DA:672,0
DA:673,0
DA:674,0
DA:676,0
DA:677,0
DA:678,0
DA:679,0
DA:680,0
DA:682,0
DA:684,0
DA:686,0
DA:687,0
DA:688,0
DA:689,0
DA:691,0
DA:692,0
DA:693,0
DA:694,0
DA:695,0
DA:696,0
DA:697,0
DA:699,0
DA:700,0
DA:702,0
DA:703,0
DA:705,0
DA:706,0
DA:709,0
DA:710,0
DA:712,0
DA:713,0
DA:714,0
DA:715,0
DA:716,0
DA:717,0
DA:719,0
DA:720,0
DA:722,0
DA:724,0
DA:725,0
DA:732,0
DA:738,0
DA:741,0
DA:744,0
DA:749,0
DA:756,0
DA:762,0
DA:765,0
DA:768,0
DA:774,0
DA:776,0
DA:777,0
DA:780,0
DA:781,0
DA:782,0
DA:783,0
DA:784,0
DA:786,0
DA:787,0
DA:788,0
DA:789,0
DA:790,0
DA:792,0
DA:793,0
DA:795,0
DA:797,0
DA:798,0
DA:799,0
DA:800,0
DA:801,0
DA:803,0
DA:805,0
DA:806,0
DA:807,0
DA:808,0
DA:810,0
DA:811,0
DA:812,0
DA:813,0
DA:814,0
DA:816,0
DA:817,0
DA:819,0
DA:820,0
DA:821,0
DA:822,0
DA:823,0
DA:825,0
DA:826,0
DA:827,0
DA:829,0
DA:830,0
DA:831,0
DA:833,0
DA:834,0
DA:836,0
DA:838,0
DA:839,0
DA:840,0
DA:841,0
DA:842,0
DA:843,0
DA:850,0
DA:855,0
DA:856,0
DA:857,0
DA:858,0
DA:859,0
DA:861,0
DA:862,0
DA:864,0
DA:865,0
DA:866,0
DA:867,0
DA:868,0
DA:869,0
DA:870,0
DA:871,0
DA:872,0
DA:873,0
DA:874,0
DA:875,0
DA:876,0
DA:877,0
DA:878,0
DA:879,0
DA:880,0
DA:884,0
DA:887,0
DA:888,0
DA:889,0
DA:890,0
DA:892,0
DA:893,0
DA:894,0
DA:895,0
DA:896,0
DA:897,0
DA:900,0
DA:901,0
DA:902,0
DA:903,0
DA:904,0
DA:905,0
DA:908,0
DA:909,0
DA:910,0
DA:911,0
DA:912,0
DA:914,0
DA:916,0
DA:917,0
DA:918,0
DA:919,0
DA:920,0
DA:922,0
DA:923,0
DA:924,0
DA:925,0
DA:926,0
DA:927,0
DA:928,0
DA:930,0
DA:931,0
DA:932,0
DA:933,0
DA:934,0
DA:935,0
DA:936,0
DA:937,0
DA:938,0
DA:939,0
DA:941,0
DA:942,0
DA:943,0
DA:945,0
DA:946,0
DA:947,0
DA:950,0
DA:952,0
DA:955,0
DA:956,0
DA:957,0
DA:959,0
DA:960,0
DA:964,0
DA:965,0
DA:966,0
DA:970,0
DA:973,0
DA:974,0
DA:976,0
DA:977,0
DA:978,0
DA:979,0
DA:982,0
DA:983,0
DA:984,0
DA:986,0
DA:987,0
DA:989,0
DA:990,0
DA:992,0
DA:993,0
DA:994,0
DA:995,0
DA:996,0
DA:997,0
DA:998,0
DA:999,0
DA:1000,0
DA:1001,0
DA:1003,0
DA:1004,0
DA:1005,0
DA:1006,0
DA:1007,0
DA:1008,0
DA:1010,0
DA:1011,0
DA:1012,0
DA:1013,0
DA:1014,0
DA:1016,0
DA:1018,0
DA:1019,0
DA:1020,0
DA:1021,0
DA:1022,0
DA:1023,0
DA:1024,0
DA:1025,0
DA:1027,0
DA:1029,0
DA:1030,0
DA:1031,0
DA:1032,0
DA:1033,0
DA:1034,0
DA:1035,0
DA:1036,0
DA:1037,0
DA:1038,0
DA:1039,0
DA:1040,0
DA:1043,0
DA:1044,0
DA:1045,0
DA:1046,0
DA:1048,0
DA:1049,0
DA:1050,0
DA:1051,0
DA:1052,0
DA:1053,0
DA:1054,0
DA:1055,0
DA:1056,0
DA:1057,0
DA:1058,0
DA:1059,0
DA:1061,0
DA:1062,0
DA:1064,0
DA:1065,0
DA:1069,0
DA:1070,0
DA:1071,0
DA:1072,0
DA:1073,0
DA:1074,0
DA:1075,0
DA:1076,0
DA:1077,0
DA:1078,0
DA:1079,0
DA:1083,0
DA:1084,0
DA:1087,0
DA:1088,0
DA:1089,0
DA:1090,0
DA:1091,0
DA:1092,0
DA:1093,0
DA:1094,0
DA:1095,0
DA:1097,0
DA:1098,0
DA:1101,0
DA:1102,0
DA:1103,0
DA:1104,0
DA:1105,0
DA:1107,0
DA:1108,0
DA:1109,0
DA:1110,0
DA:1111,0
DA:1113,0
DA:1114,0
DA:1116,0
DA:1117,0
DA:1118,0
DA:1119,0
DA:1120,0
DA:1121,0
DA:1123,0
DA:1124,0
DA:1125,0
DA:1126,0
DA:1127,0
DA:1128,0
DA:1130,0
DA:1131,0
DA:1132,0
DA:1133,0
DA:1134,0
DA:1135,0
DA:1136,0
DA:1137,0
DA:1138,0
DA:1140,0
DA:1142,0
DA:1143,0
DA:1144,0
DA:1145,0
DA:1146,0
DA:1147,0
DA:1148,0
DA:1150,0
DA:1154,0
DA:1155,0
DA:1156,0
DA:1157,0
DA:1158,0
DA:1159,0
DA:1160,0
DA:1161,0
DA:1162,0
DA:1163,0
DA:1164,0
DA:1166,0
DA:1167,0
DA:1168,0
DA:1169,0
DA:1170,0
DA:1171,0
DA:1173,0
DA:1174,0
DA:1175,0
DA:1176,0
DA:1178,0
DA:1179,0
DA:1180,0
DA:1181,0
DA:1182,0
DA:1183,0
DA:1184,0
DA:1185,0
DA:1187,0
DA:1188,0
DA:1189,0
DA:1191,0
DA:1192,0
DA:1193,0
DA:1194,0
DA:1195,0
DA:1196,0
DA:1198,0
DA:1199,0
DA:1200,0
DA:1201,0
DA:1202,0
DA:1207,0
DA:1208,0
DA:1209,0
DA:1210,0
DA:1211,0
DA:1212,0
DA:1213,0
DA:1214,0
DA:1215,0
DA:1217,0
DA:1218,0
DA:1219,0
DA:1220,0
DA:1221,0
DA:1222,0
DA:1223,0
DA:1224,0
DA:1225,0
DA:1228,0
DA:1229,0
DA:1231,0
DA:1232,0
DA:1233,0
DA:1234,0
DA:1235,0
DA:1236,0
DA:1237,0
DA:1239,0
DA:1240,0
DA:1241,0
DA:1242,0
DA:1243,0
DA:1244,0
DA:1245,0
DA:1246,0
DA:1248,0
DA:1249,0
DA:1250,0
DA:1251,0
DA:1252,0
DA:1253,0
DA:1254,0
DA:1255,0
DA:1256,0
DA:1257,0
DA:1258,0
DA:1259,0
DA:1260,0
DA:1261,0
DA:1262,0
DA:1263,0
DA:1264,0
DA:1265,0
DA:1266,0
DA:1267,0
DA:1268,0
DA:1269,0
DA:1270,0
DA:1271,0
DA:1272,0
DA:1273,0
DA:1274,0
DA:1275,0
DA:1276,0
DA:1277,0
DA:1278,0
DA:1279,0
DA:1280,0
DA:1282,0
DA:1283,0
DA:1284,0
DA:1285,0
DA:1286,0
DA:1287,0
DA:1288,0
DA:1290,0
DA:1291,0
DA:1292,0
DA:1293,0
DA:1294,0
DA:1295,0
DA:1296,0
DA:1297,0
DA:1299,0
DA:1300,0
DA:1301,0
DA:1302,0
DA:1303,0
DA:1304,0
DA:1305,0
DA:1306,0
DA:1307,0
DA:1310,0
DA:1311,0
DA:1313,0
DA:1315,0
DA:1316,0
DA:1317,0
DA:1318,0
DA:1319,0
DA:1320,0
DA:1321,0
DA:1322,0
DA:1323,0
DA:1324,0
DA:1325,0
DA:1326,0
DA:1327,0
DA:1328,0
DA:1329,0
DA:1330,0
DA:1331,0
DA:1332,0
DA:1333,0
DA:1334,0
DA:1335,0
DA:1336,0
DA:1338,0
DA:1339,0
DA:1340,0
DA:1341,0
DA:1342,0
DA:1343,0
DA:1344,0
DA:1345,0
DA:1346,0
DA:1348,0
DA:1349,0
DA:1350,0
DA:1351,0
DA:1352,0
DA:1355,0
DA:1357,0
DA:1358,0
DA:1359,0
DA:1361,0
DA:1362,0
DA:1363,0
DA:1364,0
DA:1366,0
DA:1367,0
DA:1368,0
DA:1369,0
DA:1370,0
DA:1372,0
DA:1373,0
DA:1374,0
DA:1378,0
DA:1379,0
DA:1380,0
DA:1382,0
DA:1383,0
DA:1384,0
DA:1385,0
DA:1386,0
DA:1387,0
DA:1388,0
DA:1389,0
DA:1390,0
DA:1393,0
DA:1395,0
DA:1396,0
DA:1397,0
DA:1398,0
DA:1399,0
DA:1400,0
DA:1401,0
DA:1402,0
DA:1403,0
DA:1405,0
DA:1406,0
DA:1407,0
DA:1410,0
DA:1411,0
DA:1412,0
DA:1413,0
DA:1414,0
DA:1415,0
DA:1417,0
DA:1419,0
DA:1420,0
DA:1421,0
DA:1422,0
DA:1423,0
DA:1424,0
DA:1426,0
DA:1427,0
DA:1428,0
DA:1429,0
DA:1430,0
DA:1431,0
DA:1432,0
DA:1433,0
DA:1434,0
DA:1435,0
DA:1436,0
DA:1437,0
DA:1438,0
DA:1439,0
DA:1440,0
DA:1441,0
DA:1442,0
DA:1443,0
DA:1444,0
DA:1445,0
DA:1446,0
DA:1447,0
DA:1448,0
DA:1449,0
DA:1450,0
DA:1451,0
DA:1452,0
DA:1453,0
DA:1454,0
DA:1455,0
DA:1456,0
DA:1457,0
DA:1458,0
DA:1459,0
DA:1461,0
DA:1462,0
DA:1463,0
DA:1464,0
DA:1465,0
DA:1467,0
DA:1468,0
DA:1469,0
DA:1470,0
DA:1471,0
DA:1472,0
DA:1473,0
DA:1474,0
DA:1475,0
DA:1476,0
DA:1477,0
DA:1478,0
DA:1479,0
DA:1480,0
DA:1481,0
DA:1482,0
DA:1483,0
DA:1484,0
DA:1485,0
DA:1487,0
DA:1488,0
DA:1489,0
DA:1490,0
DA:1491,0
DA:1492,0
DA:1493,0
DA:1494,0
DA:1495,0
DA:1496,0
DA:1497,0
DA:1498,0
DA:1499,0
DA:1500,0
DA:1501,0
DA:1503,0
DA:1505,0
DA:1506,0
DA:1507,0
DA:1508,0
DA:1509,0
DA:1510,0
DA:1511,0
DA:1512,0
DA:1513,0
DA:1514,0
DA:1515,0
DA:1516,0
DA:1517,0
DA:1518,0
DA:1520,0
DA:1521,0
DA:1523,0
DA:1525,0
DA:1530,0
DA:1531,0
DA:1534,0
DA:1535,0
DA:1539,0
DA:1540,0
DA:1543,0
DA:1545,0
DA:1546,0
DA:1547,0
DA:1550,0
DA:1552,0
DA:1553,0
DA:1554,0
DA:1555,0
DA:1557,0
DA:1558,0
DA:1559,0
LF:1064
LH:0
end_of_record
