TN:
SF:/home/kuzz/ImageMagickFuzzing/delegate_libraries/libdeflate-1.25/build/CMakeFiles/3.28.3/CompilerIdC/CMakeCCompilerId.c
FN:853,878,main
FNDA:0,main
FNF:1
FNH:0
DA:853,0
DA:856,0
DA:857,0
DA:858,0
DA:859,0
DA:861,0
DA:875,0
DA:876,0
DA:877,0
DA:878,0
LF:10
LH:0
end_of_record
TN:
SF:/home/kuzz/ImageMagickFuzzing/delegate_libraries/libdeflate-1.25/common_defs.h
FN:343,346,bswap16
FN:355,358,bswap32
FN:463,463,load_u16_unaligned
FN:463,463,store_u16_unaligned
FN:464,464,load_u32_unaligned
FN:464,464,store_u32_unaligned
FN:465,465,load_u64_unaligned
FN:465,465,store_u64_unaligned
FN:466,466,load_machine_word_t_unaligned
FN:466,466,store_machine_word_t_unaligned
FN:476,479,get_unaligned_le16
FN:485,488,get_unaligned_be16
FN:494,497,get_unaligned_le32
FN:504,507,get_unaligned_be32
FN:514,517,get_unaligned_le64
FN:526,532,get_unaligned_leword
FN:538,546,put_unaligned_le16
FN:549,557,put_unaligned_be16
FN:560,570,put_unaligned_le32
FN:573,583,put_unaligned_be32
FN:586,600,put_unaligned_le64
FN:603,610,put_unaligned_leword
FN:623,626,bsr32
FN:696,699,bsf64
FN:715,721,bsfw
FNDA:108,bswap16
FNDA:3,bswap32
FNDA:120,load_u16_unaligned
FNDA:0,store_u16_unaligned
FNDA:3,load_u32_unaligned
FNDA:0,store_u32_unaligned
FNDA:3273,load_u64_unaligned
FNDA:0,store_u64_unaligned
FNDA:2445,load_machine_word_t_unaligned
FNDA:2893,store_machine_word_t_unaligned
FNDA:12,get_unaligned_le16
FNDA:108,get_unaligned_be16
FNDA:0,get_unaligned_le32
FNDA:3,get_unaligned_be32
FNDA:3273,get_unaligned_le64
FNDA:3273,get_unaligned_leword
FNDA:0,put_unaligned_le16
FNDA:0,put_unaligned_be16
FNDA:0,put_unaligned_le32
FNDA:0,put_unaligned_be32
FNDA:0,put_unaligned_le64
FNDA:0,put_unaligned_leword
FNDA:21109,bsr32
FNDA:0,bsf64
FNDA:0,bsfw
FNF:25
FNH:13
DA:343,108
DA:346,108
DA:355,3
DA:358,3
DA:463,120
DA:464,3
DA:465,3273
DA:466,5338
DA:476,12
DA:479,12
DA:485,108
DA:488,108
DA:494,0
DA:497,0
DA:504,3
DA:507,3
DA:514,3273
DA:517,3273
DA:526,3273
DA:532,3273
DA:538,0
DA:541,0
DA:546,0
DA:549,0
DA:552,0
DA:557,0
DA:560,0
DA:563,0
DA:570,0
DA:573,0
DA:576,0
DA:583,0
DA:586,0
DA:589,0
DA:600,0
DA:603,0
DA:609,0
DA:610,0
DA:623,21109
DA:626,21109
DA:696,0
DA:699,0
DA:715,0
DA:721,0
LF:44
LH:20
end_of_record
TN:
SF:/home/kuzz/ImageMagickFuzzing/delegate_libraries/libdeflate-1.25/lib/adler32.c
FN:106,119,adler32_generic
FN:141,150,dispatch_adler32
FN:157,162,libdeflate_adler32
FNDA:0,adler32_generic
FNDA:2,dispatch_adler32
FNDA:3,libdeflate_adler32
FNF:3
FNH:2
DA:106,0
DA:108,0
DA:109,0
DA:111,0
DA:112,0
DA:114,0
DA:115,0
DA:116,0
DA:118,0
DA:119,0
DA:141,2
DA:143,2
DA:145,2
DA:146,0
DA:148,2
DA:149,4
DA:150,2
DA:157,3
DA:159,3
DA:160,1
DA:161,2
DA:162,3
LF:22
LH:11
end_of_record
TN:
SF:/home/kuzz/ImageMagickFuzzing/delegate_libraries/libdeflate-1.25/lib/bt_matchfinder.h
FN:105,111,bt_matchfinder_init
FN:114,119,bt_matchfinder_slide_window
FN:122,124,bt_left_child
FN:128,130,bt_right_child
FN:141,262,bt_matchfinder_advance_one_byte
FN:297,313,bt_matchfinder_get_matches
FN:324,340,bt_matchfinder_skip_byte
FNDA:0,bt_matchfinder_init
FNDA:0,bt_matchfinder_slide_window
FNDA:0,bt_left_child
FNDA:0,bt_right_child
FNDA:0,bt_matchfinder_advance_one_byte
FNDA:0,bt_matchfinder_get_matches
FNDA:0,bt_matchfinder_skip_byte
FNF:7
FNH:0
DA:105,0
DA:110,0
DA:111,0
DA:114,0
DA:118,0
DA:119,0
DA:122,0
DA:124,0
DA:128,0
DA:130,0
DA:141,0
DA:151,0
DA:152,0
DA:153,0
DA:154,0
DA:155,0
DA:156,0
DA:157,0
DA:159,0
DA:161,0
DA:162,0
DA:163,0
DA:164,0
DA:165,0
DA:170,0
DA:172,0
DA:173,0
DA:175,0
DA:176,0
DA:177,0
DA:178,0
DA:180,0
DA:181,0
DA:183,0
DA:184,0
DA:186,0
DA:187,0
DA:188,0
DA:189,0
DA:190,0
DA:191,0
DA:192,0
DA:194,0
DA:195,0
DA:197,0
DA:198,0
DA:199,0
DA:200,0
DA:202,0
DA:204,0
DA:205,0
DA:207,0
DA:208,0
DA:210,0
DA:211,0
DA:212,0
DA:213,0
DA:216,0
DA:217,0
DA:218,0
DA:220,0
DA:221,0
DA:223,0
DA:224,0
DA:225,0
DA:226,0
DA:227,0
DA:228,0
DA:229,0
DA:230,0
DA:231,0
DA:232,0
DA:233,0
DA:234,0
DA:235,0
DA:237,0
DA:238,0
DA:240,0
DA:241,0
DA:242,0
DA:243,0
DA:244,0
DA:245,0
DA:246,0
DA:247,0
DA:248,0
DA:249,0
DA:250,0
DA:251,0
DA:252,0
DA:253,0
DA:256,0
DA:257,0
DA:258,0
DA:259,0
DA:262,0
DA:297,0
DA:306,0
DA:307,0
DA:308,0
DA:309,0
DA:310,0
DA:311,0
DA:312,0
DA:313,0
DA:324,0
DA:331,0
DA:332,0
DA:333,0
DA:334,0
DA:335,0
DA:336,0
DA:337,0
DA:340,0
LF:114
LH:0
end_of_record
TN:
SF:/home/kuzz/ImageMagickFuzzing/delegate_libraries/libdeflate-1.25/lib/cpu_features_common.h
FN:86,90,disable_cpu_features_for_testing
FNDA:104,disable_cpu_features_for_testing
FNF:1
FNH:1
DA:86,104
DA:90,104
LF:2
LH:2
end_of_record
TN:
SF:/home/kuzz/ImageMagickFuzzing/delegate_libraries/libdeflate-1.25/lib/crc32.c
FN:177,204,crc32_slice8
FN:212,219,crc32_slice1
FN:241,250,dispatch_crc32
FN:257,262,libdeflate_crc32
FNDA:0,crc32_slice8
FNDA:0,crc32_slice1
FNDA:0,dispatch_crc32
FNDA:0,libdeflate_crc32
FNF:4
FNH:0
DA:177,0
DA:179,0
DA:180,0
DA:182,0
DA:183,0
DA:185,0
DA:186,0
DA:187,0
DA:188,0
DA:190,0
DA:191,0
DA:192,0
DA:193,0
DA:194,0
DA:195,0
DA:196,0
DA:197,0
DA:198,0
DA:200,0
DA:201,0
DA:203,0
DA:204,0
DA:212,0
DA:214,0
DA:216,0
DA:217,0
DA:218,0
DA:219,0
DA:241,0
DA:243,0
DA:245,0
DA:246,0
DA:248,0
DA:249,0
DA:250,0
DA:257,0
DA:259,0
DA:260,0
DA:261,0
DA:262,0
LF:40
LH:0
end_of_record
TN:
SF:/home/kuzz/ImageMagickFuzzing/delegate_libraries/libdeflate-1.25/lib/decompress_template.h
FN:45,772,deflate_decompress_bmi2
FN:45,772,deflate_decompress_default
FNDA:104,deflate_decompress_bmi2
FNDA:0,deflate_decompress_default
FNF:2
FNH:1
DA:45,104
DA:50,104
DA:51,104
DA:52,208
DA:53,104
DA:56,104
DA:57,104
DA:58,208
DA:59,104
DA:60,104
DA:61,104
DA:62,104
DA:63,104
DA:65,104
DA:66,104
DA:67,104
DA:68,104
DA:69,104
DA:70,104
DA:77,265
DA:80,171
DA:83,171
DA:85,171
DA:94,44
DA:95,44
DA:100,44
DA:103,44
DA:106,44
DA:108,44
DA:119,44
DA:120,44
DA:121,44
DA:122,44
DA:123,73
DA:124,43
DA:125,43
DA:126,374
DA:127,374
DA:128,374
DA:129,374
DA:130,374
DA:144,443
DA:145,400
DA:148,43
DA:151,37
DA:152,37
DA:153,5106
DA:154,5106
DA:155,5106
DA:157,5106
DA:158,374
DA:167,10182
DA:168,5091
DA:169,5091
DA:170,5091
DA:171,5091
DA:173,5091
DA:175,4805
DA:176,4805
DA:200,286
DA:202,115
DA:203,113
DA:205,113
DA:206,113
DA:207,113
DA:208,113
DA:209,113
DA:210,113
DA:211,113
DA:212,113
DA:213,113
DA:214,113
DA:215,284
DA:218,112
DA:219,112
DA:220,112
DA:221,112
DA:222,112
DA:223,112
DA:224,112
DA:225,112
DA:226,112
DA:227,112
DA:228,112
DA:229,112
DA:230,112
DA:231,112
DA:232,112
DA:235,59
DA:236,59
DA:237,59
DA:238,118
DA:239,59
DA:240,59
DA:242,5106
DA:245,20
DA:247,171
DA:248,9
DA:255,9
DA:264,9
DA:265,9
DA:266,7
DA:267,7
DA:268,7
DA:269,7
DA:271,7
DA:272,6
DA:273,6
DA:274,6
DA:276,6
DA:277,2
DA:278,1
DA:279,1
DA:281,1
DA:282,1
DA:283,1
DA:285,1
DA:287,9
DA:288,118
DA:290,118
DA:302,117
DA:303,117
DA:305,117
DA:306,51
DA:308,66
DA:313,9570
DA:314,9504
DA:315,7458
DA:316,7392
DA:317,1650
DA:318,1584
DA:319,594
DA:320,528
DA:322,2178
DA:323,2112
DA:325,66
DA:326,66
DA:327,118
DA:331,79
DA:332,74
DA:334,124
DA:344,124
DA:345,34
DA:346,90
DA:347,90
DA:348,90
DA:349,2310
DA:350,2310
DA:351,2310
DA:358,2310
DA:359,2310
DA:360,2310
DA:366,2310
DA:390,2074
DA:391,2074
DA:392,2074
DA:393,2074
DA:394,2074
DA:395,2074
DA:396,2074
DA:398,2045
DA:399,2045
DA:400,2045
DA:401,2045
DA:402,2045
DA:403,2045
DA:404,2045
DA:411,2015
DA:412,2015
DA:413,2015
DA:414,2015
DA:415,2015
DA:417,30
DA:435,59
DA:442,295
DA:445,51
DA:446,51
DA:453,0
DA:454,0
DA:455,0
DA:456,0
DA:457,0
DA:472,0
DA:474,0
DA:475,0
DA:476,0
DA:477,0
DA:478,0
DA:480,0
DA:481,0
DA:483,0
DA:495,244
DA:496,244
DA:505,244
DA:513,244
DA:515,0
DA:517,0
DA:518,0
DA:519,0
DA:520,0
DA:521,0
DA:522,244
DA:524,7
DA:543,244
DA:544,244
DA:545,244
DA:546,244
DA:547,244
DA:550,244
DA:551,231
DA:552,231
DA:553,231
DA:571,231
DA:572,231
DA:590,231
DA:591,143
DA:592,143
DA:593,143
DA:594,143
DA:595,143
DA:596,143
DA:597,143
DA:598,143
DA:599,143
DA:600,143
DA:601,143
DA:602,143
DA:603,143
DA:604,143
DA:605,143
DA:606,331
DA:607,188
DA:608,188
DA:609,188
DA:610,188
DA:611,188
DA:612,188
DA:613,188
DA:614,188
DA:615,188
DA:616,188
DA:617,188
DA:618,188
DA:619,188
DA:620,188
DA:621,188
DA:623,231
DA:624,35
DA:630,35
DA:631,35
DA:632,35
DA:633,35
DA:634,35
DA:635,35
DA:636,35
DA:637,35
DA:638,35
DA:639,112
DA:640,77
DA:641,77
DA:642,77
DA:643,77
DA:644,77
DA:645,77
DA:646,77
DA:647,77
DA:649,35
DA:650,53
DA:651,53
DA:652,53
DA:653,53
DA:654,53
DA:655,53
DA:656,53
DA:657,342
DA:658,342
DA:659,342
DA:660,342
DA:661,342
DA:662,342
DA:663,342
DA:671,2310
DA:681,221
DA:682,1035
DA:683,1035
DA:684,1035
DA:686,1769
DA:687,1030
DA:688,1030
DA:689,1030
DA:690,1030
DA:691,1030
DA:692,0
DA:693,0
DA:694,0
DA:695,0
DA:696,0
DA:697,0
DA:698,1030
DA:699,1030
DA:700,821
DA:701,7
DA:702,814
DA:703,814
DA:705,209
DA:706,38
DA:707,171
DA:708,171
DA:709,3
DA:713,168
DA:714,168
DA:715,0
DA:716,0
DA:717,0
DA:718,0
DA:721,0
DA:722,168
DA:723,168
DA:724,168
DA:725,168
DA:727,168
DA:728,161
DA:729,161
DA:730,161
DA:733,161
DA:734,161
DA:735,161
DA:736,7505
DA:737,7505
DA:738,1035
DA:743,90
DA:744,70
DA:748,20
DA:754,20
DA:757,7
DA:759,7
DA:761,7
DA:762,7
DA:765,7
DA:766,0
DA:767,0
DA:768,7
DA:769,4
DA:771,3
DA:772,146
LF:345
LH:312
end_of_record
TN:
SF:/home/kuzz/ImageMagickFuzzing/delegate_libraries/libdeflate-1.25/lib/deflate_compress.c
FN:1023,1091,compute_length_counts
FN:1145,1150,reverse_codeword
FN:1178,1216,gen_codewords
FN:1319,1396,deflate_make_huffman_code
FN:1403,1406,deflate_reset_symbol_frequencies
FN:1415,1429,deflate_make_huffman_codes
FN:1433,1450,deflate_init_static_codes
FN:1454,1480,deflate_get_offset_slot
FN:1483,1557,deflate_compute_precode_items
FN:1571,1631,deflate_precompute_huffman_header
FN:1639,1658,deflate_compute_full_len_codewords
FN:1707,2038,deflate_flush_block
FN:193,232,check_buildtime_parameters
FN:2041,2051,deflate_finish_block
FN:2093,2103,init_block_split_stats
FN:2110,2114,observe_literal
FN:2121,2126,observe_match
FN:2129,2139,merge_new_observations
FN:2142,2197,do_end_block_check
FN:2200,2206,ready_to_check_block
FN:2210,2218,should_end_block
FN:2223,2228,deflate_begin_sequences
FN:2231,2241,deflate_choose_literal
FN:2244,2264,deflate_choose_match
FN:2271,2277,adjust_max_and_nice_len
FN:2296,2327,choose_min_match_len
FN:2330,2353,calculate_min_match_len
FN:2360,2378,recalculate_min_match_len
FN:2381,2387,choose_max_block_end
FN:2393,2443,deflate_compress_none
FN:2452,2523,deflate_compress_fastest
FN:2529,2602,deflate_compress_greedy
FN:2605,2808,deflate_compress_lazy_generic
FN:2816,2821,deflate_compress_lazy
FN:2829,2834,deflate_compress_lazy2
FN:2844,2868,deflate_tally_item_list
FN:2871,2882,deflate_choose_all_literals
FN:2890,2921,deflate_compute_true_cost
FN:2925,2957,deflate_set_costs_from_codes
FN:3109,3160,deflate_choose_default_litlen_costs
FN:3163,3169,deflate_default_length_cost
FN:3172,3183,deflate_default_offset_slot_cost
FN:3187,3205,deflate_set_default_costs
FN:3208,3220,deflate_adjust_cost
FN:3223,3245,deflate_adjust_costs_impl
FN:3257,3296,deflate_adjust_costs
FN:3299,3311,deflate_set_initial_costs
FN:3328,3399,deflate_find_min_cost_path
FN:3417,3530,deflate_optimize_and_flush_block
FN:3533,3539,deflate_near_optimal_init_stats
FN:3542,3551,deflate_near_optimal_merge_stats
FN:3559,3566,deflate_near_optimal_save_stats
FN:3569,3577,deflate_near_optimal_clear_old_stats
FN:3593,3849,deflate_compress_near_optimal
FN:3853,3868,deflate_init_offset_slot_full
FN:3873,4011,libdeflate_alloc_compressor_ex
FN:4015,4020,libdeflate_alloc_compressor
FN:4024,4065,libdeflate_deflate_compress
FN:4068,4072,libdeflate_free_compressor
FN:4075,4077,libdeflate_get_compression_level
FN:4081,4128,libdeflate_deflate_compress_bound
FN:760,777,heapify_subtree
FN:784,790,heapify_array
FN:799,813,heap_sort
FN:847,906,sort_symbols
FN:940,995,build_tree
FNDA:0,compute_length_counts
FNDA:0,reverse_codeword
FNDA:0,gen_codewords
FNDA:0,deflate_make_huffman_code
FNDA:0,deflate_reset_symbol_frequencies
FNDA:0,deflate_make_huffman_codes
FNDA:0,deflate_init_static_codes
FNDA:0,deflate_get_offset_slot
FNDA:0,deflate_compute_precode_items
FNDA:0,deflate_precompute_huffman_header
FNDA:0,deflate_compute_full_len_codewords
FNDA:0,deflate_flush_block
FNDA:0,check_buildtime_parameters
FNDA:0,deflate_finish_block
FNDA:0,init_block_split_stats
FNDA:0,observe_literal
FNDA:0,observe_match
FNDA:0,merge_new_observations
FNDA:0,do_end_block_check
FNDA:0,ready_to_check_block
FNDA:0,should_end_block
FNDA:0,deflate_begin_sequences
FNDA:0,deflate_choose_literal
FNDA:0,deflate_choose_match
FNDA:0,adjust_max_and_nice_len
FNDA:0,choose_min_match_len
FNDA:0,calculate_min_match_len
FNDA:0,recalculate_min_match_len
FNDA:0,choose_max_block_end
FNDA:0,deflate_compress_none
FNDA:0,deflate_compress_fastest
FNDA:0,deflate_compress_greedy
FNDA:0,deflate_compress_lazy_generic
FNDA:0,deflate_compress_lazy
FNDA:0,deflate_compress_lazy2
FNDA:0,deflate_tally_item_list
FNDA:0,deflate_choose_all_literals
FNDA:0,deflate_compute_true_cost
FNDA:0,deflate_set_costs_from_codes
FNDA:0,deflate_choose_default_litlen_costs
FNDA:0,deflate_default_length_cost
FNDA:0,deflate_default_offset_slot_cost
FNDA:0,deflate_set_default_costs
FNDA:0,deflate_adjust_cost
FNDA:0,deflate_adjust_costs_impl
FNDA:0,deflate_adjust_costs
FNDA:0,deflate_set_initial_costs
FNDA:0,deflate_find_min_cost_path
FNDA:0,deflate_optimize_and_flush_block
FNDA:0,deflate_near_optimal_init_stats
FNDA:0,deflate_near_optimal_merge_stats
FNDA:0,deflate_near_optimal_save_stats
FNDA:0,deflate_near_optimal_clear_old_stats
FNDA:0,deflate_compress_near_optimal
FNDA:0,deflate_init_offset_slot_full
FNDA:0,libdeflate_alloc_compressor_ex
FNDA:0,libdeflate_alloc_compressor
FNDA:0,libdeflate_deflate_compress
FNDA:0,libdeflate_free_compressor
FNDA:0,libdeflate_get_compression_level
FNDA:982,libdeflate_deflate_compress_bound
FNDA:0,heapify_subtree
FNDA:0,heapify_array
FNDA:0,heap_sort
FNDA:0,sort_symbols
FNDA:0,build_tree
FNF:66
FNH:1
DA:193,0
DA:232,0
DA:760,0
DA:762,0
DA:763,0
DA:764,0
DA:766,0
DA:767,0
DA:768,0
DA:769,0
DA:770,0
DA:771,0
DA:772,0
DA:773,0
DA:774,0
DA:776,0
DA:777,0
DA:784,0
DA:786,0
DA:788,0
DA:789,0
DA:790,0
DA:799,0
DA:801,0
DA:803,0
DA:805,0
DA:806,0
DA:808,0
DA:809,0
DA:810,0
DA:811,0
DA:812,0
DA:813,0
DA:847,0
DA:849,0
DA:850,0
DA:851,0
DA:852,0
DA:853,0
DA:865,0
DA:867,0
DA:870,0
DA:871,0
DA:878,0
DA:879,0
DA:880,0
DA:882,0
DA:883,0
DA:884,0
DA:890,0
DA:891,0
DA:893,0
DA:894,0
DA:895,0
DA:896,0
DA:897,0
DA:899,0
DA:902,0
DA:903,0
DA:905,0
DA:906,0
DA:940,0
DA:942,0
DA:945,0
DA:951,0
DA:954,0
DA:956,0
DA:957,0
DA:968,0
DA:969,0
DA:971,0
DA:972,0
DA:973,0
DA:974,0
DA:975,0
DA:977,0
DA:978,0
DA:979,0
DA:980,0
DA:981,0
DA:982,0
DA:984,0
DA:985,0
DA:986,0
DA:987,0
DA:989,0
DA:994,0
DA:995,0
DA:1023,0
DA:1026,0
DA:1027,0
DA:1051,0
DA:1052,0
DA:1053,0
DA:1056,0
DA:1058,0
DA:1062,0
DA:1063,0
DA:1064,0
DA:1070,0
DA:1077,0
DA:1078,0
DA:1079,0
DA:1080,0
DA:1081,0
DA:1082,0
DA:1088,0
DA:1089,0
DA:1090,0
DA:1091,0
DA:1145,0
DA:1148,0
DA:1149,0
DA:1150,0
DA:1178,0
DA:1181,0
DA:1182,0
DA:1183,0
DA:1184,0
DA:1192,0
DA:1193,0
DA:1195,0
DA:1196,0
DA:1197,0
DA:1205,0
DA:1206,0
DA:1207,0
DA:1208,0
DA:1209,0
DA:1211,0
DA:1213,0
DA:1214,0
DA:1215,0
DA:1216,0
DA:1319,0
DA:1322,0
DA:1323,0
DA:1334,0
DA:1369,0
DA:1370,0
DA:1371,0
DA:1373,0
DA:1374,0
DA:1375,0
DA:1376,0
DA:1378,0
DA:1386,0
DA:1389,0
DA:1391,0
DA:1392,0
DA:1394,0
DA:1395,0
DA:1396,0
DA:1403,0
DA:1405,0
DA:1406,0
DA:1415,0
DA:1418,0
DA:1420,0
DA:1421,0
DA:1422,0
DA:1424,0
DA:1426,0
DA:1427,0
DA:1428,0
DA:1429,0
DA:1433,0
DA:1435,0
DA:1437,0
DA:1438,0
DA:1439,0
DA:1440,0
DA:1441,0
DA:1442,0
DA:1443,0
DA:1444,0
DA:1446,0
DA:1447,0
DA:1449,0
DA:1450,0
DA:1454,0
DA:1475,0
DA:1477,0
DA:1479,0
DA:1480,0
DA:1483,0
DA:1486,0
DA:1487,0
DA:1488,0
DA:1489,0
DA:1490,0
DA:1492,0
DA:1495,0
DA:1496,0
DA:1497,0
DA:1501,0
DA:1504,0
DA:1505,0
DA:1506,0
DA:1507,0
DA:1509,0
DA:1513,0
DA:1514,0
DA:1516,0
DA:1517,0
DA:1518,0
DA:1522,0
DA:1523,0
DA:1525,0
DA:1526,0
DA:1527,0
DA:1528,0
DA:1529,0
DA:1534,0
DA:1535,0
DA:1536,0
DA:1537,0
DA:1538,0
DA:1539,0
DA:1541,0
DA:1542,0
DA:1543,0
DA:1544,0
DA:1545,0
DA:1549,0
DA:1550,0
DA:1551,0
DA:1552,0
DA:1554,0
DA:1556,0
DA:1557,0
DA:1571,0
DA:1575,0
DA:1576,0
DA:1577,0
DA:1578,0
DA:1579,0
DA:1581,0
DA:1582,0
DA:1583,0
DA:1584,0
DA:1585,0
DA:1594,0
DA:1595,0
DA:1596,0
DA:1597,0
DA:1598,0
DA:1604,0
DA:1605,0
DA:1606,0
DA:1607,0
DA:1608,0
DA:1609,0
DA:1612,0
DA:1614,0
DA:1615,0
DA:1618,0
DA:1619,0
DA:1620,0
DA:1621,0
DA:1622,0
DA:1623,0
DA:1626,0
DA:1627,0
DA:1628,0
DA:1629,0
DA:1630,0
DA:1631,0
DA:1639,0
DA:1642,0
DA:1647,0
DA:1648,0
DA:1649,0
DA:1650,0
DA:1652,0
DA:1653,0
DA:1654,0
DA:1655,0
DA:1656,0
DA:1657,0
DA:1658,0
DA:1707,0
DA:1721,0
DA:1722,0
DA:1723,0
DA:1724,0
DA:1725,0
DA:1726,0
DA:1727,0
DA:1732,0
DA:1733,0
DA:1734,0
DA:1735,0
DA:1736,0
DA:1737,0
DA:1739,0
DA:1741,0
DA:1742,0
DA:1743,0
DA:1744,0
DA:1745,0
DA:1748,0
DA:1751,0
DA:1752,0
DA:1753,0
DA:1755,0
DA:1756,0
DA:1757,0
DA:1760,0
DA:1761,0
DA:1762,0
DA:1763,0
DA:1764,0
DA:1765,0
DA:1766,0
DA:1767,0
DA:1768,0
DA:1769,0
DA:1772,0
DA:1773,0
DA:1776,0
DA:1777,0
DA:1778,0
DA:1779,0
DA:1780,0
DA:1782,0
DA:1783,0
DA:1784,0
DA:1785,0
DA:1786,0
DA:1789,0
DA:1790,0
DA:1792,0
DA:1793,0
DA:1794,0
DA:1795,0
DA:1798,0
DA:1799,0
DA:1800,0
DA:1801,0
DA:1808,0
DA:1811,0
DA:1812,0
DA:1813,0
DA:1820,0
DA:1827,0
DA:1828,0
DA:1829,0
DA:1831,0
DA:1832,0
DA:1833,0
DA:1834,0
DA:1836,0
DA:1843,0
DA:1844,0
DA:1845,0
DA:1846,0
DA:1847,0
DA:1849,0
DA:1850,0
DA:1851,0
DA:1852,0
DA:1853,0
DA:1854,0
DA:1855,0
DA:1856,0
DA:1858,0
DA:1861,0
DA:1863,0
DA:1864,0
DA:1865,0
DA:1866,0
DA:1867,0
DA:1868,0
DA:1869,0
DA:1870,0
DA:1871,0
DA:1875,0
DA:1877,0
DA:1878,0
DA:1879,0
DA:1880,0
DA:1881,0
DA:1890,0
DA:1891,0
DA:1892,0
DA:1893,0
DA:1894,0
DA:1895,0
DA:1896,0
DA:1897,0
DA:1898,0
DA:1899,0
DA:1915,0
DA:1916,0
DA:1917,0
DA:1918,0
DA:1920,0
DA:1922,0
DA:1924,0
DA:1925,0
DA:1926,0
DA:1929,0
DA:1930,0
DA:1932,0
DA:1934,0
DA:1935,0
DA:1936,0
DA:1937,0
DA:1938,0
DA:1939,0
DA:1940,0
DA:1942,0
DA:1944,0
DA:1946,0
DA:1947,0
DA:1949,0
DA:1952,0
DA:1953,0
DA:1954,0
DA:1958,0
DA:1960,0
DA:1961,0
DA:1963,0
DA:1965,0
DA:1969,0
DA:1970,0
DA:1971,0
DA:1973,0
DA:1974,0
DA:1976,0
DA:1977,0
DA:1979,0
DA:1980,0
DA:1982,0
DA:1983,0
DA:1984,0
DA:1985,0
DA:1986,0
DA:1988,0
DA:1989,0
DA:1990,0
DA:1992,0
DA:1993,0
DA:1994,0
DA:1996,0
DA:1997,0
DA:1998,0
DA:1999,0
DA:2009,0
DA:2010,0
DA:2011,0
DA:2015,0
DA:2017,0
DA:2018,0
DA:2019,0
DA:2022,0
DA:2023,0
DA:2025,0
DA:2027,0
DA:2034,0
DA:2035,0
DA:2036,0
DA:2037,0
DA:2038,0
DA:2041,0
DA:2047,0
DA:2048,0
DA:2049,0
DA:2050,0
DA:2051,0
DA:2093,0
DA:2095,0
DA:2097,0
DA:2098,0
DA:2099,0
DA:2100,0
DA:2101,0
DA:2102,0
DA:2103,0
DA:2110,0
DA:2112,0
DA:2113,0
DA:2114,0
DA:2121,0
DA:2123,0
DA:2124,0
DA:2125,0
DA:2126,0
DA:2129,0
DA:2131,0
DA:2133,0
DA:2134,0
DA:2135,0
DA:2136,0
DA:2137,0
DA:2138,0
DA:2139,0
DA:2142,0
DA:2144,0
DA:2155,0
DA:2156,0
DA:2157,0
DA:2158,0
DA:2160,0
DA:2161,0
DA:2162,0
DA:2163,0
DA:2164,0
DA:2165,0
DA:2166,0
DA:2168,0
DA:2169,0
DA:2171,0
DA:2172,0
DA:2179,0
DA:2180,0
DA:2187,0
DA:2188,0
DA:2191,0
DA:2192,0
DA:2193,0
DA:2194,0
DA:2195,0
DA:2196,0
DA:2197,0
DA:2200,0
DA:2204,0
DA:2205,0
DA:2206,0
DA:2210,0
DA:2214,0
DA:2215,0
DA:2217,0
DA:2218,0
DA:2223,0
DA:2226,0
DA:2227,0
DA:2228,0
DA:2231,0
DA:2234,0
DA:2236,0
DA:2237,0
DA:2240,0
DA:2241,0
DA:2244,0
DA:2248,0
DA:2249,0
DA:2250,0
DA:2252,0
DA:2253,0
DA:2254,0
DA:2255,0
DA:2257,0
DA:2258,0
DA:2259,0
DA:2261,0
DA:2262,0
DA:2263,0
DA:2264,0
DA:2271,0
DA:2273,0
DA:2274,0
DA:2275,0
DA:2276,0
DA:2277,0
DA:2296,0
DA:2307,0
DA:2312,0
DA:2313,0
DA:2314,0
DA:2318,0
DA:2319,0
DA:2320,0
DA:2321,0
DA:2322,0
DA:2324,0
DA:2325,0
DA:2326,0
DA:2327,0
DA:2330,0
DA:2332,0
DA:2333,0
DA:2334,0
DA:2340,0
DA:2341,0
DA:2347,0
DA:2348,0
DA:2349,0
DA:2350,0
DA:2351,0
DA:2352,0
DA:2353,0
DA:2360,0
DA:2363,0
DA:2364,0
DA:2365,0
DA:2366,0
DA:2368,0
DA:2369,0
DA:2371,0
DA:2373,0
DA:2374,0
DA:2375,0
DA:2376,0
DA:2377,0
DA:2378,0
DA:2381,0
DA:2384,0
DA:2385,0
DA:2386,0
DA:2387,0
DA:2393,0
DA:2396,0
DA:2397,0
DA:2398,0
DA:2399,0
DA:2406,0
DA:2407,0
DA:2408,0
DA:2410,0
DA:2412,0
DA:2413,0
DA:2416,0
DA:2417,0
DA:2418,0
DA:2420,0
DA:2421,0
DA:2422,0
DA:2423,0
DA:2424,0
DA:2425,0
DA:2430,0
DA:2433,0
DA:2434,0
DA:2435,0
DA:2436,0
DA:2437,0
DA:2438,0
DA:2439,0
DA:2440,0
DA:2442,0
DA:2443,0
DA:2452,0
DA:2456,0
DA:2457,0
DA:2458,0
DA:2459,0
DA:2460,0
DA:2461,0
DA:2463,0
DA:2465,0
DA:2468,0
DA:2469,0
DA:2470,0
DA:2471,0
DA:2473,0
DA:2475,0
DA:2476,0
DA:2477,0
DA:2478,0
DA:2480,0
DA:2481,0
DA:2482,0
DA:2483,0
DA:2484,0
DA:2485,0
DA:2486,0
DA:2487,0
DA:2489,0
DA:2490,0
DA:2491,0
DA:2493,0
DA:2494,0
DA:2495,0
DA:2498,0
DA:2500,0
DA:2502,0
DA:2504,0
DA:2505,0
DA:2506,0
DA:2508,0
DA:2509,0
DA:2511,0
DA:2512,0
DA:2516,0
DA:2517,0
DA:2519,0
DA:2520,0
DA:2521,0
DA:2522,0
DA:2523,0
DA:2529,0
DA:2533,0
DA:2534,0
DA:2535,0
DA:2536,0
DA:2537,0
DA:2538,0
DA:2540,0
DA:2542,0
DA:2545,0
DA:2546,0
DA:2547,0
DA:2548,0
DA:2549,0
DA:2551,0
DA:2552,0
DA:2553,0
DA:2554,0
DA:2555,0
DA:2556,0
DA:2557,0
DA:2558,0
DA:2560,0
DA:2561,0
DA:2562,0
DA:2563,0
DA:2565,0
DA:2566,0
DA:2567,0
DA:2568,0
DA:2569,0
DA:2570,0
DA:2573,0
DA:2574,0
DA:2575,0
DA:2577,0
DA:2579,0
DA:2581,0
DA:2582,0
DA:2583,0
DA:2584,0
DA:2585,0
DA:2586,0
DA:2588,0
DA:2589,0
DA:2593,0
DA:2594,0
DA:2595,0
DA:2596,0
DA:2598,0
DA:2599,0
DA:2600,0
DA:2601,0
DA:2602,0
DA:2605,0
DA:2609,0
DA:2610,0
DA:2611,0
DA:2612,0
DA:2613,0
DA:2614,0
DA:2616,0
DA:2618,0
DA:2621,0
DA:2622,0
DA:2623,0
DA:2624,0
DA:2625,0
DA:2626,0
DA:2627,0
DA:2629,0
DA:2630,0
DA:2631,0
DA:2632,0
DA:2633,0
DA:2634,0
DA:2635,0
DA:2636,0
DA:2637,0
DA:2638,0
DA:2644,0
DA:2645,0
DA:2646,0
DA:2647,0
DA:2648,0
DA:2649,0
DA:2651,0
DA:2654,0
DA:2655,0
DA:2656,0
DA:2657,0
DA:2659,0
DA:2660,0
DA:2661,0
DA:2662,0
DA:2663,0
DA:2664,0
DA:2666,0
DA:2667,0
DA:2668,0
DA:2670,0
DA:2671,0
DA:2672,0
DA:2674,0
DA:2681,0
DA:2682,0
DA:2684,0
DA:2686,0
DA:2687,0
DA:2688,0
DA:2689,0
DA:2690,0
DA:2691,0
DA:2710,0
DA:2711,0
DA:2712,0
DA:2713,0
DA:2715,0
DA:2716,0
DA:2717,0
DA:2718,0
DA:2719,0
DA:2720,0
DA:2722,0
DA:2723,0
DA:2724,0
DA:2725,0
DA:2731,0
DA:2732,0
DA:2733,0
DA:2734,0
DA:2735,0
DA:2738,0
DA:2740,0
DA:2741,0
DA:2742,0
DA:2743,0
DA:2745,0
DA:2746,0
DA:2747,0
DA:2748,0
DA:2749,0
DA:2750,0
DA:2752,0
DA:2753,0
DA:2754,0
DA:2755,0
DA:2760,0
DA:2761,0
DA:2762,0
DA:2763,0
DA:2764,0
DA:2765,0
DA:2766,0
DA:2772,0
DA:2774,0
DA:2775,0
DA:2777,0
DA:2778,0
DA:2779,0
DA:2780,0
DA:2781,0
DA:2782,0
DA:2783,0
DA:2788,0
DA:2790,0
DA:2792,0
DA:2793,0
DA:2794,0
DA:2795,0
DA:2796,0
DA:2799,0
DA:2800,0
DA:2801,0
DA:2802,0
DA:2804,0
DA:2805,0
DA:2806,0
DA:2807,0
DA:2808,0
DA:2816,0
DA:2820,0
DA:2821,0
DA:2829,0
DA:2833,0
DA:2834,0
DA:2844,0
DA:2846,0
DA:2847,0
DA:2848,0
DA:2850,0
DA:2851,0
DA:2852,0
DA:2854,0
DA:2856,0
DA:2857,0
DA:2859,0
DA:2860,0
DA:2861,0
DA:2863,0
DA:2864,0
DA:2867,0
DA:2868,0
DA:2871,0
DA:2874,0
DA:2876,0
DA:2877,0
DA:2878,0
DA:2879,0
DA:2881,0
DA:2882,0
DA:2890,0
DA:2892,0
DA:2893,0
DA:2895,0
DA:2897,0
DA:2898,0
DA:2900,0
DA:2901,0
DA:2902,0
DA:2903,0
DA:2904,0
DA:2905,0
DA:2907,0
DA:2908,0
DA:2910,0
DA:2911,0
DA:2912,0
DA:2913,0
DA:2914,0
DA:2916,0
DA:2917,0
DA:2918,0
DA:2919,0
DA:2920,0
DA:2921,0
DA:2925,0
DA:2928,0
DA:2931,0
DA:2932,0
DA:2933,0
DA:2935,0
DA:2936,0
DA:2939,0
DA:2940,0
DA:2941,0
DA:2942,0
DA:2943,0
DA:2945,0
DA:2946,0
DA:2947,0
DA:2950,0
DA:2951,0
DA:2952,0
DA:2954,0
DA:2955,0
DA:2956,0
DA:2957,0
DA:3109,0
DA:3113,0
DA:3114,0
DA:3115,0
DA:3116,0
DA:3117,0
DA:3120,0
DA:3122,0
DA:3123,0
DA:3124,0
DA:3125,0
DA:3126,0
DA:3127,0
DA:3128,0
DA:3129,0
DA:3130,0
DA:3140,0
DA:3141,0
DA:3142,0
DA:3143,0
DA:3144,0
DA:3145,0
DA:3146,0
DA:3147,0
DA:3149,0
DA:3150,0
DA:3151,0
DA:3152,0
DA:3154,0
DA:3157,0
DA:3158,0
DA:3159,0
DA:3160,0
DA:3163,0
DA:3165,0
DA:3166,0
DA:3168,0
DA:3169,0
DA:3172,0
DA:3174,0
DA:3180,0
DA:3182,0
DA:3183,0
DA:3187,0
DA:3190,0
DA:3193,0
DA:3194,0
DA:3197,0
DA:3198,0
DA:3199,0
DA:3202,0
DA:3203,0
DA:3204,0
DA:3205,0
DA:3208,0
DA:3210,0
DA:3212,0
DA:3213,0
DA:3214,0
DA:3215,0
DA:3216,0
DA:3219,0
DA:3220,0
DA:3223,0
DA:3226,0
DA:3229,0
DA:3230,0
DA:3231,0
DA:3234,0
DA:3235,0
DA:3236,0
DA:3237,0
DA:3238,0
DA:3241,0
DA:3242,0
DA:3243,0
DA:3244,0
DA:3245,0
DA:3257,0
DA:3260,0
DA:3261,0
DA:3262,0
DA:3274,0
DA:3275,0
DA:3276,0
DA:3277,0
DA:3278,0
DA:3280,0
DA:3281,0
DA:3282,0
DA:3283,0
DA:3285,0
DA:3287,0
DA:3288,0
DA:3289,0
DA:3290,0
DA:3291,0
DA:3292,0
DA:3293,0
DA:3295,0
DA:3296,0
DA:3299,0
DA:3303,0
DA:3305,0
DA:3307,0
DA:3308,0
DA:3310,0
DA:3311,0
DA:3328,0
DA:3332,0
DA:3333,0
DA:3334,0
DA:3336,0
DA:3337,0
DA:3338,0
DA:3339,0
DA:3340,0
DA:3342,0
DA:3343,0
DA:3345,0
DA:3346,0
DA:3349,0
DA:3350,0
DA:3351,0
DA:3354,0
DA:3355,0
DA:3356,0
DA:3357,0
DA:3358,0
DA:3359,0
DA:3360,0
DA:3372,0
DA:3373,0
DA:3374,0
DA:3375,0
DA:3376,0
DA:3377,0
DA:3378,0
DA:3379,0
DA:3380,0
DA:3381,0
DA:3382,0
DA:3383,0
DA:3384,0
DA:3385,0
DA:3386,0
DA:3388,0
DA:3389,0
DA:3390,0
DA:3391,0
DA:3392,0
DA:3393,0
DA:3394,0
DA:3396,0
DA:3397,0
DA:3398,0
DA:3399,0
DA:3417,0
DA:3424,0
DA:3425,0
DA:3426,0
DA:3427,0
DA:3428,0
DA:3429,0
DA:3430,0
DA:3431,0
DA:3438,0
DA:3439,0
DA:3445,0
DA:3446,0
DA:3447,0
DA:3448,0
DA:3455,0
DA:3457,0
DA:3459,0
DA:3460,0
DA:3461,0
DA:3462,0
DA:3465,0
DA:3466,0
DA:3469,0
DA:3471,0
DA:3476,0
DA:3484,0
DA:3490,0
DA:3491,0
DA:3492,0
DA:3494,0
DA:3497,0
DA:3500,0
DA:3502,0
DA:3504,0
DA:3505,0
DA:3506,0
DA:3508,0
DA:3509,0
DA:3510,0
DA:3511,0
DA:3512,0
DA:3513,0
DA:3515,0
DA:3516,0
DA:3518,0
DA:3519,0
DA:3524,0
DA:3525,0
DA:3526,0
DA:3527,0
DA:3528,0
DA:3529,0
DA:3530,0
DA:3533,0
DA:3535,0
DA:3536,0
DA:3538,0
DA:3539,0
DA:3542,0
DA:3544,0
DA:3546,0
DA:3547,0
DA:3548,0
DA:3549,0
DA:3550,0
DA:3551,0
DA:3559,0
DA:3561,0
DA:3563,0
DA:3564,0
DA:3565,0
DA:3566,0
DA:3569,0
DA:3571,0
DA:3573,0
DA:3574,0
DA:3575,0
DA:3576,0
DA:3577,0
DA:3593,0
DA:3597,0
DA:3598,0
DA:3599,0
DA:3600,0
DA:3601,0
DA:3602,0
DA:3603,0
DA:3604,0
DA:3605,0
DA:3606,0
DA:3607,0
DA:3609,0
DA:3610,0
DA:3612,0
DA:3614,0
DA:3615,0
DA:3616,0
DA:3617,0
DA:3618,0
DA:3619,0
DA:3632,0
DA:3633,0
DA:3635,0
DA:3636,0
DA:3637,0
DA:3638,0
DA:3648,0
DA:3649,0
DA:3650,0
DA:3651,0
DA:3654,0
DA:3655,0
DA:3656,0
DA:3657,0
DA:3658,0
DA:3659,0
DA:3677,0
DA:3678,0
DA:3679,0
DA:3680,0
DA:3681,0
DA:3682,0
DA:3683,0
DA:3684,0
DA:3685,0
DA:3686,0
DA:3687,0
DA:3688,0
DA:3689,0
DA:3690,0
DA:3691,0
DA:3692,0
DA:3693,0
DA:3694,0
DA:3695,0
DA:3696,0
DA:3697,0
DA:3698,0
DA:3699,0
DA:3700,0
DA:3701,0
DA:3702,0
DA:3704,0
DA:3706,0
DA:3707,0
DA:3708,0
DA:3709,0
DA:3723,0
DA:3724,0
DA:3725,0
DA:3726,0
DA:3727,0
DA:3728,0
DA:3729,0
DA:3730,0
DA:3731,0
DA:3732,0
DA:3733,0
DA:3735,0
DA:3736,0
DA:3738,0
DA:3739,0
DA:3741,0
DA:3742,0
DA:3743,0
DA:3744,0
DA:3745,0
DA:3746,0
DA:3747,0
DA:3748,0
DA:3749,0
DA:3750,0
DA:3751,0
DA:3752,0
DA:3753,0
DA:3754,0
DA:3756,0
DA:3757,0
DA:3759,0
DA:3760,0
DA:3761,0
DA:3763,0
DA:3764,0
DA:3765,0
DA:3766,0
DA:3768,0
DA:3769,0
DA:3770,0
DA:3771,0
DA:3774,0
DA:3775,0
DA:3776,0
DA:3782,0
DA:3797,0
DA:3798,0
DA:3799,0
DA:3800,0
DA:3801,0
DA:3802,0
DA:3803,0
DA:3806,0
DA:3807,0
DA:3808,0
DA:3809,0
DA:3810,0
DA:3812,0
DA:3813,0
DA:3814,0
DA:3815,0
DA:3817,0
DA:3818,0
DA:3819,0
DA:3820,0
DA:3825,0
DA:3826,0
DA:3827,0
DA:3833,0
DA:3834,0
DA:3835,0
DA:3837,0
DA:3838,0
DA:3839,0
DA:3840,0
DA:3841,0
DA:3843,0
DA:3844,0
DA:3845,0
DA:3846,0
DA:3847,0
DA:3848,0
DA:3849,0
DA:3853,0
DA:3855,0
DA:3856,0
DA:3857,0
DA:3859,0
DA:3860,0
DA:3861,0
DA:3862,0
DA:3863,0
DA:3864,0
DA:3865,0
DA:3866,0
DA:3867,0
DA:3868,0
DA:3873,0
DA:3876,0
DA:3877,0
DA:3879,0
DA:3885,0
DA:3886,0
DA:3888,0
DA:3889,0
DA:3892,0
DA:3893,0
DA:3897,0
DA:3898,0
DA:3899,0
DA:3900,0
DA:3903,0
DA:3904,0
DA:3905,0
DA:3906,0
DA:3907,0
DA:3908,0
DA:3909,0
DA:3910,0
DA:3912,0
DA:3918,0
DA:3920,0
DA:3922,0
DA:3923,0
DA:3924,0
DA:3926,0
DA:3928,0
DA:3929,0
DA:3931,0
DA:3932,0
DA:3933,0
DA:3934,0
DA:3936,0
DA:3937,0
DA:3938,0
DA:3939,0
DA:3941,0
DA:3942,0
DA:3943,0
DA:3944,0
DA:3946,0
DA:3947,0
DA:3948,0
DA:3949,0
DA:3951,0
DA:3952,0
DA:3953,0
DA:3954,0
DA:3956,0
DA:3957,0
DA:3958,0
DA:3959,0
DA:3961,0
DA:3962,0
DA:3963,0
DA:3964,0
DA:3969,0
DA:3970,0
DA:3971,0
DA:3972,0
DA:3975,0
DA:3976,0
DA:3977,0
DA:3978,0
DA:3979,0
DA:3980,0
DA:3981,0
DA:3982,0
DA:3983,0
DA:3985,0
DA:3986,0
DA:3987,0
DA:3988,0
DA:3989,0
DA:3990,0
DA:3991,0
DA:3992,0
DA:3993,0
DA:3994,0
DA:3996,0
DA:3997,0
DA:3998,0
DA:3999,0
DA:4000,0
DA:4001,0
DA:4002,0
DA:4003,0
DA:4004,0
DA:4008,0
DA:4010,0
DA:4011,0
DA:4015,0
DA:4020,0
DA:4024,0
DA:4028,0
DA:4034,0
DA:4035,0
DA:4036,0
DA:4039,0
DA:4040,0
DA:4041,0
DA:4042,0
DA:4043,0
DA:4046,0
DA:4049,0
DA:4050,0
DA:4057,0
DA:4058,0
DA:4059,0
DA:4060,0
DA:4061,0
DA:4064,0
DA:4065,0
DA:4068,0
DA:4070,0
DA:4071,0
DA:4072,0
DA:4075,0
DA:4077,0
DA:4081,982
DA:4084,982
DA:4117,982
DA:4127,1964
DA:4128,982
LF:1480
LH:5
end_of_record
TN:
SF:/home/kuzz/ImageMagickFuzzing/delegate_libraries/libdeflate-1.25/lib/deflate_decompress.c
FN:1008,1022,build_precode_decode_table
FN:1028,1044,build_litlen_decode_table
FN:1049,1064,build_offset_decode_table
FN:1106,1119,dispatch_decomp
FN:1134,1141,libdeflate_deflate_decompress_ex
FN:1145,1152,libdeflate_deflate_decompress
FN:1156,1192,libdeflate_alloc_decompressor_ex
FN:1195,1200,libdeflate_alloc_decompressor
FN:1204,1208,libdeflate_free_decompressor
FN:388,390,make_decode_table_entry
FN:722,1004,build_decode_table
FNDA:43,build_precode_decode_table
FNDA:74,build_litlen_decode_table
FNDA:79,build_offset_decode_table
FNDA:104,dispatch_decomp
FNDA:104,libdeflate_deflate_decompress_ex
FNDA:0,libdeflate_deflate_decompress
FNDA:110,libdeflate_alloc_decompressor_ex
FNDA:0,libdeflate_alloc_decompressor
FNDA:110,libdeflate_free_decompressor
FNDA:21293,make_decode_table_entry
FNDA:196,build_decode_table
FNF:11
FNH:9
DA:388,21293
DA:390,21293
DA:722,196
DA:731,196
DA:732,196
DA:733,196
DA:734,196
DA:735,196
DA:736,196
DA:737,196
DA:738,196
DA:739,196
DA:740,196
DA:741,196
DA:744,2988
DA:745,2792
DA:746,24365
DA:747,24169
DA:753,1649
DA:754,1453
DA:755,196
DA:756,74
DA:757,74
DA:758,74
DA:774,196
DA:775,196
DA:776,196
DA:777,1143
DA:778,947
DA:779,947
DA:780,947
DA:781,196
DA:783,24365
DA:784,24169
DA:786,196
DA:800,196
DA:801,3
DA:804,193
DA:805,38
DA:806,38
DA:841,38
DA:842,25
DA:843,25
DA:844,13
DA:845,4
DA:846,9
DA:847,4
DA:849,29
DA:850,3883
DA:851,3854
DA:852,29
DA:853,38
DA:879,155
DA:880,155
DA:881,818
DA:882,663
DA:883,155
DA:884,368
DA:886,368
DA:887,21264
DA:890,21264
DA:891,42528
DA:892,21264
DA:894,21264
DA:896,406
DA:897,502
DA:898,251
DA:899,251
DA:901,251
DA:902,251
DA:903,155
DA:920,21109
DA:921,21109
DA:922,21109
DA:923,21264
DA:926,213
DA:927,214
DA:928,428
DA:929,214
DA:930,214
DA:931,214
DA:932,214
DA:933,214
DA:937,0
DA:938,0
DA:939,0
DA:940,0
DA:941,0
DA:942,0
DA:943,0
DA:944,0
DA:950,0
DA:951,0
DA:952,0
DA:964,0
DA:965,0
DA:966,0
DA:967,0
DA:968,0
DA:969,0
DA:971,0
DA:977,0
DA:978,0
DA:979,0
DA:980,0
DA:981,0
DA:982,0
DA:985,0
DA:986,0
DA:987,0
DA:988,0
DA:989,0
DA:990,0
DA:991,0
DA:992,0
DA:995,0
DA:996,0
DA:997,0
DA:998,0
DA:999,0
DA:1000,0
DA:1001,0
DA:1002,0
DA:1003,0
DA:1004,196
DA:1008,43
DA:1016,86
DA:1017,43
DA:1022,43
DA:1028,74
DA:1037,148
DA:1038,74
DA:1039,74
DA:1043,74
DA:1044,74
DA:1049,79
DA:1058,158
DA:1059,79
DA:1060,79
DA:1064,79
DA:1106,104
DA:1111,104
DA:1113,104
DA:1114,0
DA:1116,104
DA:1117,312
DA:1118,104
DA:1119,104
DA:1134,104
DA:1140,208
DA:1141,104
DA:1145,0
DA:1150,0
DA:1151,0
DA:1152,0
DA:1156,110
DA:1158,110
DA:1164,110
DA:1165,0
DA:1167,110
DA:1168,0
DA:1169,110
DA:1170,0
DA:1188,110
DA:1189,110
DA:1190,110
DA:1191,110
DA:1192,110
DA:1195,0
DA:1200,0
DA:1204,110
DA:1206,110
DA:1207,110
DA:1208,110
LF:174
LH:123
end_of_record
TN:
SF:/home/kuzz/ImageMagickFuzzing/delegate_libraries/libdeflate-1.25/lib/gzip_compress.c
FN:32,82,libdeflate_gzip_compress
FN:85,89,libdeflate_gzip_compress_bound
FNDA:0,libdeflate_gzip_compress
FNDA:0,libdeflate_gzip_compress_bound
FNF:2
FNH:0
DA:32,0
DA:36,0
DA:37,0
DA:38,0
DA:39,0
DA:41,0
DA:42,0
DA:45,0
DA:47,0
DA:49,0
DA:51,0
DA:53,0
DA:54,0
DA:56,0
DA:57,0
DA:58,0
DA:59,0
DA:60,0
DA:61,0
DA:62,0
DA:64,0
DA:67,0
DA:68,0
DA:69,0
DA:70,0
DA:71,0
DA:74,0
DA:75,0
DA:78,0
DA:79,0
DA:81,0
DA:82,0
DA:85,0
DA:88,0
DA:89,0
LF:35
LH:0
end_of_record
TN:
SF:/home/kuzz/ImageMagickFuzzing/delegate_libraries/libdeflate-1.25/lib/gzip_decompress.c
FN:136,143,libdeflate_gzip_decompress
FN:32,133,libdeflate_gzip_decompress_ex
FNDA:0,libdeflate_gzip_decompress
FNDA:0,libdeflate_gzip_decompress_ex
FNF:2
FNH:0
DA:32,0
DA:38,0
DA:39,0
DA:40,0
DA:41,0
DA:42,0
DA:43,0
DA:45,0
DA:46,0
DA:49,0
DA:50,0
DA:52,0
DA:53,0
DA:55,0
DA:56,0
DA:57,0
DA:59,0
DA:61,0
DA:63,0
DA:65,0
DA:66,0
DA:69,0
DA:70,0
DA:71,0
DA:73,0
DA:74,0
DA:76,0
DA:77,0
DA:80,0
DA:81,0
DA:83,0
DA:84,0
DA:85,0
DA:88,0
DA:89,0
DA:91,0
DA:92,0
DA:93,0
DA:96,0
DA:97,0
DA:98,0
DA:99,0
DA:100,0
DA:103,0
DA:104,0
DA:105,0
DA:107,0
DA:108,0
DA:109,0
DA:111,0
DA:112,0
DA:114,0
DA:116,0
DA:119,0
DA:120,0
DA:121,0
DA:122,0
DA:125,0
DA:126,0
DA:127,0
DA:129,0
DA:130,0
DA:132,0
DA:133,0
DA:136,0
DA:141,0
DA:142,0
DA:143,0
LF:68
LH:0
end_of_record
TN:
SF:/home/kuzz/ImageMagickFuzzing/delegate_libraries/libdeflate-1.25/lib/hc_matchfinder.h
FN:135,141,hc_matchfinder_init
FN:144,149,hc_matchfinder_slide_window
FN:183,338,hc_matchfinder_longest_match
FN:361,399,hc_matchfinder_skip_bytes
FNDA:0,hc_matchfinder_init
FNDA:0,hc_matchfinder_slide_window
FNDA:0,hc_matchfinder_longest_match
FNDA:0,hc_matchfinder_skip_bytes
FNF:4
FNH:0
DA:135,0
DA:140,0
DA:141,0
DA:144,0
DA:148,0
DA:149,0
DA:183,0
DA:193,0
DA:194,0
DA:195,0
DA:196,0
DA:197,0
DA:198,0
DA:199,0
DA:200,0
DA:201,0
DA:202,0
DA:203,0
DA:205,0
DA:206,0
DA:207,0
DA:208,0
DA:209,0
DA:211,0
DA:212,0
DA:214,0
DA:215,0
DA:218,0
DA:219,0
DA:222,0
DA:223,0
DA:227,0
DA:231,0
DA:232,0
DA:235,0
DA:236,0
DA:237,0
DA:238,0
DA:239,0
DA:241,0
DA:245,0
DA:246,0
DA:248,0
DA:250,0
DA:251,0
DA:252,0
DA:253,0
DA:254,0
DA:255,0
DA:256,0
DA:260,0
DA:261,0
DA:263,0
DA:265,0
DA:267,0
DA:268,0
DA:271,0
DA:272,0
DA:273,0
DA:277,0
DA:278,0
DA:279,0
DA:280,0
DA:281,0
DA:282,0
DA:283,0
DA:284,0
DA:285,0
DA:286,0
DA:291,0
DA:292,0
DA:293,0
DA:301,0
DA:302,0
DA:303,0
DA:304,0
DA:308,0
DA:311,0
DA:312,0
DA:313,0
DA:317,0
DA:321,0
DA:322,0
DA:324,0
DA:325,0
DA:326,0
DA:327,0
DA:328,0
DA:331,0
DA:332,0
DA:333,0
DA:336,0
DA:337,0
DA:338,0
DA:361,0
DA:368,0
DA:369,0
DA:370,0
DA:371,0
DA:373,0
DA:374,0
DA:376,0
DA:377,0
DA:378,0
DA:379,0
DA:380,0
DA:381,0
DA:382,0
DA:383,0
DA:384,0
DA:385,0
DA:386,0
DA:387,0
DA:389,0
DA:390,0
DA:391,0
DA:392,0
DA:393,0
DA:395,0
DA:396,0
DA:397,0
DA:398,0
DA:399,0
LF:123
LH:0
end_of_record
TN:
SF:/home/kuzz/ImageMagickFuzzing/delegate_libraries/libdeflate-1.25/lib/ht_matchfinder.h
FN:198,232,ht_matchfinder_skip_bytes
FN:63,68,ht_matchfinder_init
FN:71,74,ht_matchfinder_slide_window
FN:78,195,ht_matchfinder_longest_match
FNDA:0,ht_matchfinder_skip_bytes
FNDA:0,ht_matchfinder_init
FNDA:0,ht_matchfinder_slide_window
FNDA:0,ht_matchfinder_longest_match
FNF:4
FNH:0
DA:63,0
DA:67,0
DA:68,0
DA:71,0
DA:73,0
DA:74,0
DA:78,0
DA:86,0
DA:87,0
DA:88,0
DA:89,0
DA:90,0
DA:91,0
DA:92,0
DA:93,0
DA:94,0
DA:96,0
DA:97,0
DA:106,0
DA:107,0
DA:108,0
DA:109,0
DA:110,0
DA:111,0
DA:112,0
DA:114,0
DA:116,0
DA:118,0
DA:119,0
DA:137,0
DA:138,0
DA:139,0
DA:140,0
DA:141,0
DA:143,0
DA:144,0
DA:145,0
DA:147,0
DA:148,0
DA:149,0
DA:150,0
DA:151,0
DA:152,0
DA:153,0
DA:154,0
DA:155,0
DA:156,0
DA:157,0
DA:158,0
DA:159,0
DA:160,0
DA:161,0
DA:162,0
DA:163,0
DA:164,0
DA:165,0
DA:166,0
DA:167,0
DA:168,0
DA:169,0
DA:193,0
DA:194,0
DA:195,0
DA:198,0
DA:205,0
DA:206,0
DA:207,0
DA:208,0
DA:210,0
DA:211,0
DA:213,0
DA:214,0
DA:215,0
DA:216,0
DA:217,0
DA:219,0
DA:220,0
DA:221,0
DA:222,0
DA:223,0
DA:225,0
DA:227,0
DA:228,0
DA:230,0
DA:231,0
DA:232,0
LF:86
LH:0
end_of_record
TN:
SF:/home/kuzz/ImageMagickFuzzing/delegate_libraries/libdeflate-1.25/lib/matchfinder_common.h
FN:169,171,lz_hash
FN:179,222,lz_extend
FN:21,24,loaded_u32_to_u24
FN:35,38,load_u24_unaligned
FNDA:0,lz_hash
FNDA:0,lz_extend
FNDA:0,loaded_u32_to_u24
FNDA:0,load_u24_unaligned
FNF:4
FNH:0
DA:21,0
DA:24,0
DA:35,0
DA:38,0
DA:169,0
DA:171,0
DA:179,0
DA:182,0
DA:183,0
DA:187,0
DA:196,0
DA:197,0
DA:198,0
DA:199,0
DA:201,0
DA:203,0
DA:204,0
DA:205,0
DA:206,0
DA:207,0
DA:208,0
DA:212,0
DA:213,0
DA:214,0
DA:218,0
DA:221,0
DA:222,0
LF:27
LH:0
end_of_record
TN:
SF:/home/kuzz/ImageMagickFuzzing/delegate_libraries/libdeflate-1.25/lib/utils.c
FN:41,53,libdeflate_aligned_malloc
FN:56,59,libdeflate_aligned_free
FN:62,67,libdeflate_set_memory_allocator
FNDA:0,libdeflate_aligned_malloc
FNDA:0,libdeflate_aligned_free
FNDA:0,libdeflate_set_memory_allocator
FNF:3
FNH:0
DA:41,0
DA:44,0
DA:46,0
DA:47,0
DA:49,0
DA:50,0
DA:51,0
DA:52,0
DA:53,0
DA:56,0
DA:58,0
DA:59,0
DA:62,0
DA:65,0
DA:66,0
DA:67,0
LF:16
LH:0
end_of_record
TN:
SF:/home/kuzz/ImageMagickFuzzing/delegate_libraries/libdeflate-1.25/lib/x86/adler32_impl.h
FN:105,132,arch_select_adler32_func
FNDA:2,arch_select_adler32_func
FNF:1
FNH:1
DA:105,2
DA:107,2
DA:110,2
DA:111,0
DA:112,0
DA:115,2
DA:116,0
DA:117,0
DA:120,2
DA:121,0
DA:124,2
DA:125,2
DA:129,0
DA:132,2
LF:14
LH:8
end_of_record
TN:
SF:/home/kuzz/ImageMagickFuzzing/delegate_libraries/libdeflate-1.25/lib/x86/adler32_template.h
FN:135,179,reduce_to_32bits_avx2
FN:135,179,reduce_to_32bits_avx2_vnni
FN:135,179,reduce_to_32bits_avx512_vl256_vnni
FN:135,179,reduce_to_32bits_avx512_vl512_vnni
FN:135,179,reduce_to_32bits_sse2
FN:183,492,adler32_x86_avx2
FN:183,492,adler32_x86_avx2_vnni
FN:183,492,adler32_x86_avx512_vl256_vnni
FN:183,492,adler32_x86_avx512_vl512_vnni
FN:183,492,adler32_x86_sse2
FNDA:1,reduce_to_32bits_avx2
FNDA:0,reduce_to_32bits_avx2_vnni
FNDA:0,reduce_to_32bits_avx512_vl256_vnni
FNDA:0,reduce_to_32bits_avx512_vl512_vnni
FNDA:0,reduce_to_32bits_sse2
FNDA:2,adler32_x86_avx2
FNDA:0,adler32_x86_avx2_vnni
FNDA:0,adler32_x86_avx512_vl256_vnni
FNDA:0,adler32_x86_avx512_vl512_vnni
FNDA:0,adler32_x86_sse2
FNF:10
FNH:2
DA:135,1
DA:137,1
DA:140,0
DA:141,0
DA:145,1
DA:147,1
DA:148,1
DA:151,0
DA:152,0
DA:153,0
DA:154,0
DA:157,2
DA:158,1
DA:159,2
DA:160,1
DA:161,1
DA:171,0
DA:173,1
DA:174,1
DA:175,1
DA:177,1
DA:178,1
DA:179,1
DA:183,2
DA:197,0
DA:219,2
DA:220,2
DA:221,2
DA:222,2
DA:224,2
DA:225,2
DA:226,2
DA:232,2
DA:233,0
DA:234,0
DA:235,0
DA:236,0
DA:237,0
DA:238,0
DA:239,0
DA:240,0
DA:253,0
DA:258,0
DA:259,0
DA:260,0
DA:261,0
DA:263,0
DA:264,0
DA:266,0
DA:267,0
DA:268,0
DA:269,0
DA:270,0
DA:271,0
DA:272,0
DA:273,0
DA:274,0
DA:275,0
DA:276,0
DA:277,0
DA:279,0
DA:280,0
DA:281,0
DA:282,0
DA:283,0
DA:295,0
DA:296,0
DA:297,0
DA:298,0
DA:300,0
DA:301,0
DA:302,0
DA:303,0
DA:305,0
DA:306,0
DA:307,0
DA:308,0
DA:321,0
DA:322,0
DA:323,0
DA:334,0
DA:335,0
DA:336,0
DA:338,0
DA:339,0
DA:343,0
DA:346,0
DA:347,0
DA:348,0
DA:350,0
DA:351,0
DA:352,0
DA:353,0
DA:354,0
DA:355,0
DA:356,0
DA:357,0
DA:358,0
DA:359,0
DA:361,0
DA:363,0
DA:365,0
DA:366,0
DA:367,0
DA:368,0
DA:369,0
DA:370,0
DA:371,0
DA:372,0
DA:373,0
DA:379,0
DA:381,0
DA:382,0
DA:384,0
DA:385,0
DA:386,0
DA:387,0
DA:389,0
DA:390,0
DA:391,0
DA:392,0
DA:416,3
DA:425,1
DA:427,1
DA:429,1
DA:430,1
DA:431,1
DA:432,1
DA:433,1
DA:434,1
DA:435,1
DA:436,1
DA:438,1
DA:440,1
DA:441,15
DA:442,15
DA:444,15
DA:445,15
DA:447,15
DA:449,15
DA:451,15
DA:453,15
DA:468,15
DA:469,15
DA:470,15
DA:477,1
DA:482,1
DA:483,1
DA:488,10
DA:489,1
DA:491,4
DA:492,2
LF:152
LH:56
end_of_record
TN:
SF:/home/kuzz/ImageMagickFuzzing/delegate_libraries/libdeflate-1.25/lib/x86/cpu_features.c
FN:118,137,allow_512bit_vectors
FN:140,211,libdeflate_init_x86_cpu_features
FN:36,50,cpuid
FN:54,73,read_xcr
FN:92,108,os_supports_avx512
FNDA:0,allow_512bit_vectors
FNDA:104,libdeflate_init_x86_cpu_features
FNDA:416,cpuid
FNDA:104,read_xcr
FNDA:104,os_supports_avx512
FNF:5
FNH:4
DA:36,416
DA:47,832
DA:48,416
DA:50,416
DA:54,104
DA:59,104
DA:68,104
DA:69,104
DA:71,208
DA:73,104
DA:92,104
DA:108,104
DA:118,0
DA:123,0
DA:124,0
DA:125,0
DA:126,0
DA:127,0
DA:134,0
DA:136,0
DA:137,0
DA:140,104
DA:142,104
DA:143,104
DA:144,104
DA:145,104
DA:146,104
DA:147,104
DA:150,208
DA:151,104
DA:152,104
DA:153,0
DA:156,104
DA:157,104
DA:158,104
DA:159,104
DA:160,104
DA:161,104
DA:162,104
DA:163,104
DA:164,104
DA:170,104
DA:171,104
DA:172,104
DA:173,104
DA:174,104
DA:175,104
DA:177,104
DA:178,0
DA:181,104
DA:182,104
DA:183,104
DA:184,104
DA:185,104
DA:186,104
DA:187,104
DA:188,0
DA:189,104
DA:190,104
DA:191,0
DA:192,0
DA:193,0
DA:194,0
DA:195,0
DA:196,0
DA:197,0
DA:198,0
DA:199,0
DA:202,104
DA:203,104
DA:204,0
DA:207,104
DA:210,104
DA:211,104
LF:74
LH:52
end_of_record
TN:
SF:/home/kuzz/ImageMagickFuzzing/delegate_libraries/libdeflate-1.25/lib/x86/cpu_features.h
FN:60,64,get_x86_cpu_features
FNDA:106,get_x86_cpu_features
FNF:1
FNH:1
DA:60,106
DA:62,106
DA:63,104
DA:64,106
LF:4
LH:4
end_of_record
TN:
SF:/home/kuzz/ImageMagickFuzzing/delegate_libraries/libdeflate-1.25/lib/x86/crc32_impl.h
FN:127,156,arch_select_crc32_func
FNDA:0,arch_select_crc32_func
FNF:1
FNH:0
DA:127,0
DA:129,0
DA:132,0
DA:133,0
DA:134,0
DA:135,0
DA:138,0
DA:139,0
DA:140,0
DA:143,0
DA:144,0
DA:145,0
DA:148,0
DA:149,0
DA:152,0
DA:153,0
DA:155,0
DA:156,0
LF:18
LH:0
end_of_record
TN:
SF:/home/kuzz/ImageMagickFuzzing/delegate_libraries/libdeflate-1.25/lib/x86/crc32_pclmul_template.h
FN:106,110,fold_vec128_pclmulqdq
FN:106,110,fold_vec128_pclmulqdq_avx
FN:106,110,fold_vec128_vpclmulqdq_avx2
FN:106,110,fold_vec128_vpclmulqdq_avx512_vl256
FN:106,110,fold_vec128_vpclmulqdq_avx512_vl512
FN:117,130,fold_vec256_vpclmulqdq_avx2
FN:117,130,fold_vec256_vpclmulqdq_avx512_vl256
FN:117,130,fold_vec256_vpclmulqdq_avx512_vl512
FN:139,142,fold_vec512_vpclmulqdq_avx512_vl512
FN:160,180,fold_lessthan16bytes_pclmulqdq
FN:160,180,fold_lessthan16bytes_pclmulqdq_avx
FN:160,180,fold_lessthan16bytes_vpclmulqdq_avx2
FN:160,180,fold_lessthan16bytes_vpclmulqdq_avx512_vl256
FN:160,180,fold_lessthan16bytes_vpclmulqdq_avx512_vl512
FN:184,408,crc32_x86_pclmulqdq
FN:184,408,crc32_x86_pclmulqdq_avx
FN:184,408,crc32_x86_vpclmulqdq_avx2
FN:184,408,crc32_x86_vpclmulqdq_avx512_vl256
FN:184,408,crc32_x86_vpclmulqdq_avx512_vl512
FNDA:0,fold_vec128_pclmulqdq
FNDA:0,fold_vec128_pclmulqdq_avx
FNDA:0,fold_vec128_vpclmulqdq_avx2
FNDA:0,fold_vec128_vpclmulqdq_avx512_vl256
FNDA:0,fold_vec128_vpclmulqdq_avx512_vl512
FNDA:0,fold_vec256_vpclmulqdq_avx2
FNDA:0,fold_vec256_vpclmulqdq_avx512_vl256
FNDA:0,fold_vec256_vpclmulqdq_avx512_vl512
FNDA:0,fold_vec512_vpclmulqdq_avx512_vl512
FNDA:0,fold_lessthan16bytes_pclmulqdq
FNDA:0,fold_lessthan16bytes_pclmulqdq_avx
FNDA:0,fold_lessthan16bytes_vpclmulqdq_avx2
FNDA:0,fold_lessthan16bytes_vpclmulqdq_avx512_vl256
FNDA:0,fold_lessthan16bytes_vpclmulqdq_avx512_vl512
FNDA:0,crc32_x86_pclmulqdq
FNDA:0,crc32_x86_pclmulqdq_avx
FNDA:0,crc32_x86_vpclmulqdq_avx2
FNDA:0,crc32_x86_vpclmulqdq_avx512_vl256
FNDA:0,crc32_x86_vpclmulqdq_avx512_vl512
FNF:19
FNH:0
DA:106,0
DA:108,0
DA:109,0
DA:110,0
DA:117,0
DA:121,0
DA:127,0
DA:128,0
DA:129,0
DA:130,0
DA:139,0
DA:142,0
DA:160,0
DA:163,0
DA:164,0
DA:165,0
DA:168,0
DA:174,0
DA:175,0
DA:177,0
DA:179,0
DA:180,0
DA:184,0
DA:194,0
DA:195,0
DA:196,0
DA:197,0
DA:198,0
DA:199,0
DA:200,0
DA:201,0
DA:202,0
DA:203,0
DA:205,0
DA:206,0
DA:208,0
DA:210,0
DA:211,0
DA:221,0
DA:222,0
DA:223,0
DA:224,0
DA:225,0
DA:227,0
DA:235,0
DA:236,0
DA:237,0
DA:238,0
DA:239,0
DA:240,0
DA:241,0
DA:242,0
DA:243,0
DA:244,0
DA:246,0
DA:247,0
DA:248,0
DA:249,0
DA:251,0
DA:252,0
DA:253,0
DA:254,0
DA:256,0
DA:257,0
DA:258,0
DA:259,0
DA:267,0
DA:268,0
DA:270,0
DA:271,0
DA:272,0
DA:273,0
DA:274,0
DA:275,0
DA:276,0
DA:277,0
DA:278,0
DA:279,0
DA:280,0
DA:281,0
DA:282,0
DA:283,0
DA:285,0
DA:287,0
DA:289,0
DA:290,0
DA:292,0
DA:293,0
DA:294,0
DA:296,0
DA:297,0
DA:298,0
DA:299,0
DA:300,0
DA:301,0
DA:302,0
DA:303,0
DA:310,0
DA:311,0
DA:312,0
DA:313,0
DA:314,0
DA:315,0
DA:316,0
DA:317,0
DA:318,0
DA:319,0
DA:320,0
DA:324,0
DA:325,0
DA:326,0
DA:327,0
DA:328,0
DA:329,0
DA:330,0
DA:331,0
DA:332,0
DA:333,0
DA:334,0
DA:337,0
DA:338,0
DA:339,0
DA:340,0
DA:341,0
DA:342,0
DA:343,0
DA:346,0
DA:347,0
DA:348,0
DA:349,0
DA:350,0
DA:357,0
DA:361,0
DA:363,0
DA:364,0
DA:366,0
DA:367,0
DA:368,0
DA:369,0
DA:370,0
DA:371,0
DA:372,0
DA:373,0
DA:375,0
DA:376,0
DA:377,0
DA:378,0
DA:379,0
DA:380,0
DA:381,0
DA:382,0
DA:385,0
DA:388,0
DA:389,0
DA:402,0
DA:403,0
DA:404,0
DA:405,0
DA:406,0
DA:407,0
DA:408,0
LF:161
LH:0
end_of_record
TN:
SF:/home/kuzz/ImageMagickFuzzing/delegate_libraries/libdeflate-1.25/lib/x86/decompress_impl.h
FN:46,53,arch_select_decompress_func
FNDA:104,arch_select_decompress_func
FNF:1
FNH:1
DA:46,104
DA:49,104
DA:50,104
DA:52,0
DA:53,104
LF:5
LH:4
end_of_record
TN:
SF:/home/kuzz/ImageMagickFuzzing/delegate_libraries/libdeflate-1.25/lib/x86/matchfinder_impl.h
FN:100,118,matchfinder_rebase_sse2
FN:79,96,matchfinder_init_sse2
FNDA:0,matchfinder_rebase_sse2
FNDA:0,matchfinder_init_sse2
FNF:2
FNH:0
DA:79,0
DA:81,0
DA:82,0
DA:88,0
DA:89,0
DA:90,0
DA:91,0
DA:92,0
DA:93,0
DA:94,0
DA:95,0
DA:96,0
DA:100,0
DA:102,0
DA:103,0
DA:109,0
DA:111,0
DA:112,0
DA:113,0
DA:114,0
DA:115,0
DA:116,0
DA:117,0
DA:118,0
LF:24
LH:0
end_of_record
TN:
SF:/home/kuzz/ImageMagickFuzzing/delegate_libraries/libdeflate-1.25/lib/zlib_compress.c
FN:32,74,libdeflate_zlib_compress
FN:77,81,libdeflate_zlib_compress_bound
FNDA:0,libdeflate_zlib_compress
FNDA:982,libdeflate_zlib_compress_bound
FNF:2
FNH:1
DA:32,0
DA:36,0
DA:37,0
DA:38,0
DA:39,0
DA:40,0
DA:42,0
DA:43,0
DA:46,0
DA:47,0
DA:48,0
DA:49,0
DA:50,0
DA:51,0
DA:52,0
DA:53,0
DA:55,0
DA:56,0
DA:57,0
DA:59,0
DA:60,0
DA:63,0
DA:64,0
DA:65,0
DA:66,0
DA:67,0
DA:70,0
DA:71,0
DA:73,0
DA:74,0
DA:77,982
DA:80,982
DA:81,982
LF:33
LH:3
end_of_record
TN:
SF:/home/kuzz/ImageMagickFuzzing/delegate_libraries/libdeflate-1.25/lib/zlib_decompress.c
FN:32,93,libdeflate_zlib_decompress_ex
FN:96,103,libdeflate_zlib_decompress
FNDA:110,libdeflate_zlib_decompress_ex
FNDA:0,libdeflate_zlib_decompress
FNF:2
FNH:1
DA:32,110
DA:38,110
DA:39,110
DA:40,110
DA:41,110
DA:42,110
DA:43,110
DA:45,110
DA:46,2
DA:49,108
DA:50,108
DA:53,108
DA:54,1
DA:57,107
DA:58,3
DA:61,104
DA:62,0
DA:65,104
DA:66,0
DA:69,208
DA:70,104
DA:71,104
DA:72,104
DA:73,104
DA:74,101
DA:76,3
DA:77,0
DA:79,3
DA:81,3
DA:84,6
DA:85,3
DA:86,3
DA:87,0
DA:89,0
DA:90,0
DA:92,0
DA:93,110
DA:96,0
DA:101,0
DA:102,0
DA:103,0
LF:41
LH:30
end_of_record
